In flexiblehubs_1jobPoolSubjsCC parameters CHUNKLEN=30
Starting stage 4 **Calculate statistics** at 2021-06-11 23:06:09.840425
        subject         net1   net2   MeanBVC
0      CC110033          FPN    CON  0.295304
1      CC110033          FPN    SAN  0.285518
2      CC110033          FPN    VAN  0.265508
3      CC110033          FPN    DAN  0.276387
4      CC110033          FPN    DMN  0.270316
...         ...          ...    ...       ...
70835  CC723395  Whole Brain    DMN  0.181887
70836  CC723395  Whole Brain  Motor  0.182980
70837  CC723395  Whole Brain   Aud.  0.183183
70838  CC723395  Whole Brain   Vis.  0.185357
70839  CC723395  Whole Brain  Subc.  0.177907

[70840 rows x 4 columns]
       subject         net2   MeanBVC
0     CC110033         Aud.  0.208266
1     CC110033          CON  0.195429
2     CC110033          DAN  0.188578
3     CC110033          DMN  0.194185
4     CC110033          FPN  0.197316
...        ...          ...       ...
7079  CC723395          SAN  0.192963
7080  CC723395        Subc.  0.195339
7081  CC723395          VAN  0.196191
7082  CC723395         Vis.  0.201797
7083  CC723395  Whole Brain  0.198066

[7084 rows x 3 columns]
Anova results for BVC
              df    sum_sq   mean_sq          F         PR(>F)
C(net2)     10.0  0.051986  0.005199  81.843203  5.183836e-160
Residual  7073.0  0.449274  0.000064        NaN            NaN
T-test results for BVC
Test Multiple Comparison ttest_rel 
FWER=0.05 method=Holm
alphacSidak=0.00, alphacBonf=0.001
==================================================
group1    group2     stat   pval  pval_corr reject
--------------------------------------------------
  Aud.         CON 13.9984    0.0       0.0   True
  Aud.         DAN 12.4647    0.0       0.0   True
  Aud.         DMN  9.2697    0.0       0.0   True
  Aud.         FPN   16.28    0.0       0.0   True
  Aud.       Motor 19.3239    0.0       0.0   True
  Aud.         SAN 20.8677    0.0       0.0   True
  Aud.       Subc.  15.346    0.0       0.0   True
  Aud.         VAN  16.162    0.0       0.0   True
  Aud.        Vis. 14.4487    0.0       0.0   True
  Aud. Whole Brain 22.3623    0.0       0.0   True
   CON         DAN -1.7225 0.0855      0.94  False
   CON         DMN -8.8754    0.0       0.0   True
   CON         FPN   1.201 0.2302       1.0  False
   CON       Motor  6.3677    0.0       0.0   True
   CON         SAN   4.824    0.0       0.0   True
   CON       Subc.  3.6233 0.0003    0.0072   True
   CON         VAN  2.6233 0.0089    0.1337  False
   CON        Vis. -0.3734  0.709       1.0  False
   CON Whole Brain  1.1762   0.24       1.0  False
   DAN         DMN -6.2618    0.0       0.0   True
   DAN         FPN  3.0563 0.0023     0.042   True
   DAN       Motor  6.8403    0.0       0.0   True
   DAN         SAN  5.7451    0.0       0.0   True
   DAN       Subc.  5.0217    0.0       0.0   True
   DAN         VAN  5.8051    0.0       0.0   True
   DAN        Vis.  1.6559 0.0982    0.9823  False
   DAN Whole Brain  3.5612 0.0004    0.0087   True
   DMN         FPN 13.8373    0.0       0.0   True
   DMN       Motor 17.1025    0.0       0.0   True
   DMN         SAN   16.42    0.0       0.0   True
   DMN       Subc. 12.7405    0.0       0.0   True
   DMN         VAN 10.6795    0.0       0.0   True
   DMN        Vis. 11.6698    0.0       0.0   True
   DMN Whole Brain 26.1128    0.0       0.0   True
   FPN       Motor  5.3632    0.0       0.0   True
   FPN         SAN  3.3298 0.0009    0.0184   True
   FPN       Subc.  3.2289 0.0013    0.0248   True
   FPN         VAN  2.0458 0.0412    0.5354  False
   FPN        Vis.  -2.303 0.0216    0.3023  False
   FPN Whole Brain -0.5251 0.5997       1.0  False
 Motor         SAN -1.9789 0.0483    0.5791  False
 Motor       Subc. -1.4018 0.1615       1.0  False
 Motor         VAN -1.5717 0.1165       1.0  False
 Motor        Vis. -7.7044    0.0       0.0   True
 Motor Whole Brain -8.0864    0.0       0.0   True
   SAN       Subc.  0.4328 0.6653       1.0  False
   SAN         VAN -0.1823 0.8554       1.0  False
   SAN        Vis. -4.7516    0.0    0.0001   True
   SAN Whole Brain -4.9584    0.0       0.0   True
 Subc.         VAN -0.4925 0.6225       1.0  False
 Subc.        Vis. -7.2237    0.0       0.0   True
 Subc. Whole Brain -4.3592    0.0    0.0004   True
   VAN        Vis. -3.3615 0.0008    0.0172   True
   VAN Whole Brain -2.7132 0.0068    0.1095  False
  Vis. Whole Brain  2.7417 0.0063    0.1068  False
--------------------------------------------------
Figure saved as RainViolinPlotBVCcorr.png
Figure saved as ViolinPlotBVCcorr.png
Figure saved as BarPlotBVCcorr.png
        subject         net1         net2   MeanGVC
0      CC110033          FPN          FPN  0.245995
1      CC110033          FPN          CON  0.295304
2      CC110033          FPN          SAN  0.285518
3      CC110033          FPN          VAN  0.265508
4      CC110033          FPN          DAN  0.276387
...         ...          ...          ...       ...
77919  CC723395  Whole Brain        Motor  0.182980
77920  CC723395  Whole Brain         Aud.  0.183183
77921  CC723395  Whole Brain         Vis.  0.185357
77922  CC723395  Whole Brain        Subc.  0.177907
77923  CC723395  Whole Brain  Whole Brain  0.182036

[77924 rows x 4 columns]
       subject         net2   MeanGVC
0     CC110033         Aud.  0.209635
1     CC110033          CON  0.191012
2     CC110033          DAN  0.188146
3     CC110033          DMN  0.193170
4     CC110033          FPN  0.195422
...        ...          ...       ...
7079  CC723395          SAN  0.191947
7080  CC723395        Subc.  0.193303
7081  CC723395          VAN  0.195838
7082  CC723395         Vis.  0.201433
7083  CC723395  Whole Brain  0.197682

[7084 rows x 3 columns]
Anova results for GVC
              df    sum_sq   mean_sq          F         PR(>F)
C(net2)     10.0  0.081403  0.008140  110.63669  1.359342e-214
Residual  7073.0  0.520412  0.000074        NaN            NaN
T-test results for GVC
Test Multiple Comparison ttest_rel 
FWER=0.05 method=Holm
alphacSidak=0.00, alphacBonf=0.001
===================================================
group1    group2     stat    pval  pval_corr reject
---------------------------------------------------
  Aud.         CON  17.6943    0.0       0.0   True
  Aud.         DAN  13.7733    0.0       0.0   True
  Aud.         DMN  10.1735    0.0       0.0   True
  Aud.         FPN  18.9088    0.0       0.0   True
  Aud.       Motor  21.8978    0.0       0.0   True
  Aud.         SAN  23.0997    0.0       0.0   True
  Aud.       Subc.  18.9523    0.0       0.0   True
  Aud.         VAN  17.5012    0.0       0.0   True
  Aud.        Vis.  14.8021    0.0       0.0   True
  Aud. Whole Brain  21.2923    0.0       0.0   True
   CON         DAN  -3.5878 0.0004    0.0057   True
   CON         DMN -12.2687    0.0       0.0   True
   CON         FPN   0.3362 0.7368       1.0  False
   CON       Motor   5.1783    0.0       0.0   True
   CON         SAN   3.0807 0.0022    0.0301   True
   CON       Subc.   4.3609    0.0    0.0003   True
   CON         VAN    1.017 0.3096       1.0  False
   CON        Vis.  -3.3039  0.001    0.0151   True
   CON Whole Brain  -4.4409    0.0    0.0002   True
   DAN         DMN  -6.8464    0.0       0.0   True
   DAN         FPN   4.3488    0.0    0.0003   True
   DAN       Motor   7.7941    0.0       0.0   True
   DAN         SAN   6.4308    0.0       0.0   True
   DAN       Subc.   7.5005    0.0       0.0   True
   DAN         VAN   5.7776    0.0       0.0   True
   DAN        Vis.   1.0258 0.3054       1.0  False
   DAN Whole Brain   1.3154 0.1889       1.0  False
   DMN         FPN  16.7192    0.0       0.0   True
   DMN       Motor  19.6934    0.0       0.0   True
   DMN         SAN  18.2968    0.0       0.0   True
   DMN       Subc.   16.622    0.0       0.0   True
   DMN         VAN  11.2684    0.0       0.0   True
   DMN        Vis.  11.3958    0.0       0.0   True
   DMN Whole Brain  22.5487    0.0       0.0   True
   FPN       Motor   5.0093    0.0       0.0   True
   FPN         SAN   2.5548 0.0109    0.1302  False
   FPN       Subc.   4.9454    0.0       0.0   True
   FPN         VAN   0.8816 0.3783       1.0  False
   FPN        Vis.  -5.3351    0.0       0.0   True
   FPN Whole Brain  -6.8493    0.0       0.0   True
 Motor         SAN  -2.3096 0.0212     0.191  False
 Motor       Subc.   0.7312 0.4649       1.0  False
 Motor         VAN  -2.3872 0.0173    0.1726  False
 Motor        Vis. -10.1461    0.0       0.0   True
 Motor Whole Brain -13.6927    0.0       0.0   True
   SAN       Subc.   2.5067 0.0124    0.1367  False
   SAN         VAN  -0.8236 0.4105       1.0  False
   SAN        Vis.  -6.3397    0.0       0.0   True
   SAN Whole Brain  -9.3708    0.0       0.0   True
 Subc.         VAN   -2.633 0.0087    0.1127  False
 Subc.        Vis.  -13.528    0.0       0.0   True
 Subc. Whole Brain -10.7801    0.0       0.0   True
   VAN        Vis.  -3.8765 0.0001     0.002   True
   VAN Whole Brain  -4.5382    0.0    0.0001   True
  Vis. Whole Brain   0.0844 0.9328       1.0  False
---------------------------------------------------
