In flexiblehubs_1jobPoolSubjsCC parameters CHUNKLEN=60
Starting stage 4 **Calculate statistics** at 2021-05-12 10:36:16.177143
        subject         net1   net2   MeanBVC
0      CC110033          FPN    CON  0.241143
1      CC110033          FPN    SAN  0.217497
2      CC110033          FPN    VAN  0.246212
3      CC110033          FPN    DAN  0.248682
4      CC110033          FPN    DMN  0.243532
...         ...          ...    ...       ...
70835  CC723395  Whole Brain    DMN  0.143709
70836  CC723395  Whole Brain  Motor  0.162237
70837  CC723395  Whole Brain   Aud.  0.129091
70838  CC723395  Whole Brain   Vis.  0.153667
70839  CC723395  Whole Brain  Subc.  0.145580

[70840 rows x 4 columns]
       subject         net2   MeanBVC
0     CC110033         Aud.  0.160985
1     CC110033          CON  0.153669
2     CC110033          DAN  0.165975
3     CC110033          DMN  0.164747
4     CC110033          FPN  0.178512
...        ...          ...       ...
7079  CC723395          SAN  0.158259
7080  CC723395        Subc.  0.173529
7081  CC723395          VAN  0.140878
7082  CC723395         Vis.  0.180426
7083  CC723395  Whole Brain  0.172070

[7084 rows x 3 columns]
Anova results for BVC
              df    sum_sq   mean_sq           F  PR(>F)
C(net2)     10.0  0.811634  0.081163  238.242568     0.0
Residual  7073.0  2.409597  0.000341         NaN     NaN
T-test results for BVC
Test Multiple Comparison ttest_rel 
FWER=0.05 method=Holm
alphacSidak=0.00, alphacBonf=0.001
===================================================
group1    group2     stat    pval  pval_corr reject
---------------------------------------------------
  Aud.         CON  14.5664    0.0       0.0   True
  Aud.         DAN  34.5057    0.0       0.0   True
  Aud.         DMN  12.6703    0.0       0.0   True
  Aud.         FPN   6.2974    0.0       0.0   True
  Aud.       Motor  -3.3824 0.0008    0.0069   True
  Aud.         SAN  14.2079    0.0       0.0   True
  Aud.       Subc.   16.611    0.0       0.0   True
  Aud.         VAN  16.4136    0.0       0.0   True
  Aud.        Vis.  17.8868    0.0       0.0   True
  Aud. Whole Brain   14.901    0.0       0.0   True
   CON         DAN  14.8909    0.0       0.0   True
   CON         DMN  -7.8516    0.0       0.0   True
   CON         FPN -11.5924    0.0       0.0   True
   CON       Motor -19.0499    0.0       0.0   True
   CON         SAN  -2.1425 0.0325    0.1443  False
   CON       Subc.   2.0632 0.0395    0.1443  False
   CON         VAN   3.3577 0.0008    0.0069   True
   CON        Vis.   0.7811  0.435     0.435  False
   CON Whole Brain  -7.3253    0.0       0.0   True
   DAN         DMN -28.1191    0.0       0.0   True
   DAN         FPN -25.7483    0.0       0.0   True
   DAN       Motor -34.6809    0.0       0.0   True
   DAN         SAN -18.6749    0.0       0.0   True
   DAN       Subc.   -13.59    0.0       0.0   True
   DAN         VAN -11.7081    0.0       0.0   True
   DAN        Vis. -16.6782    0.0       0.0   True
   DAN Whole Brain -28.5195    0.0       0.0   True
   DMN         FPN  -5.8707    0.0       0.0   True
   DMN       Motor -15.8273    0.0       0.0   True
   DMN         SAN   7.1567    0.0       0.0   True
   DMN       Subc.  10.7177    0.0       0.0   True
   DMN         VAN   8.8898    0.0       0.0   True
   DMN        Vis.  12.9925    0.0       0.0   True
   DMN Whole Brain   4.3253    0.0    0.0002   True
   FPN       Motor -10.7029    0.0       0.0   True
   FPN         SAN  11.0353    0.0       0.0   True
   FPN       Subc.  12.6771    0.0       0.0   True
   FPN         VAN  10.1296    0.0       0.0   True
   FPN        Vis.   15.566    0.0       0.0   True
   FPN Whole Brain   9.2507    0.0       0.0   True
 Motor         SAN   18.049    0.0       0.0   True
 Motor       Subc.  20.8957    0.0       0.0   True
 Motor         VAN  17.6075    0.0       0.0   True
 Motor        Vis.  22.7491    0.0       0.0   True
 Motor Whole Brain   21.783    0.0       0.0   True
   SAN       Subc.   3.9087 0.0001     0.001   True
   SAN         VAN    4.651    0.0       0.0   True
   SAN        Vis.   2.8948 0.0039    0.0235   True
   SAN Whole Brain  -6.0826    0.0       0.0   True
 Subc.         VAN   2.0652 0.0393    0.1443  False
 Subc.        Vis.  -2.1903 0.0289    0.1443  False
 Subc. Whole Brain -10.2842    0.0       0.0   True
   VAN        Vis.  -3.1862 0.0015    0.0106   True
   VAN Whole Brain  -8.2092    0.0       0.0   True
  Vis. Whole Brain -13.2459    0.0       0.0   True
---------------------------------------------------
