In flexiblehubs_1jobPoolSubjsCC parameters CHUNKLEN=15
Starting stage 4 **Calculate statistics** at 2021-05-12 10:19:26.307821
        subject         net1   net2   MeanBVC
0      CC110033          FPN    CON  0.383304
1      CC110033          FPN    SAN  0.417547
2      CC110033          FPN    VAN  0.443781
3      CC110033          FPN    DAN  0.495590
4      CC110033          FPN    DMN  0.460436
...         ...          ...    ...       ...
70835  CC723395  Whole Brain    DMN  0.334174
70836  CC723395  Whole Brain  Motor  0.381302
70837  CC723395  Whole Brain   Aud.  0.306924
70838  CC723395  Whole Brain   Vis.  0.348213
70839  CC723395  Whole Brain  Subc.  0.333479

[70840 rows x 4 columns]
       subject         net2   MeanBVC
0     CC110033         Aud.  0.396569
1     CC110033          CON  0.275467
2     CC110033          DAN  0.395209
3     CC110033          DMN  0.369089
4     CC110033          FPN  0.352634
...        ...          ...       ...
7079  CC723395          SAN  0.338664
7080  CC723395        Subc.  0.365743
7081  CC723395          VAN  0.271664
7082  CC723395         Vis.  0.379132
7083  CC723395  Whole Brain  0.365668

[7084 rows x 3 columns]
Anova results for BVC
              df    sum_sq   mean_sq           F  PR(>F)
C(net2)     10.0  3.855549  0.385555  339.467528     0.0
Residual  7073.0  8.033256  0.001136         NaN     NaN
T-test results for BVC
Test Multiple Comparison ttest_rel 
FWER=0.05 method=Holm
alphacSidak=0.00, alphacBonf=0.001
===================================================
group1    group2     stat    pval  pval_corr reject
---------------------------------------------------
  Aud.         CON  17.7626    0.0       0.0   True
  Aud.         DAN   42.405    0.0       0.0   True
  Aud.         DMN  14.3903    0.0       0.0   True
  Aud.         FPN  10.5152    0.0       0.0   True
  Aud.       Motor  -2.0019 0.0457    0.1372  False
  Aud.         SAN  18.7259    0.0       0.0   True
  Aud.       Subc.  14.5993    0.0       0.0   True
  Aud.         VAN  24.3494    0.0       0.0   True
  Aud.        Vis.  17.7389    0.0       0.0   True
  Aud. Whole Brain  18.6793    0.0       0.0   True
   CON         DAN  16.2222    0.0       0.0   True
   CON         DMN  -11.281    0.0       0.0   True
   CON         FPN -11.9286    0.0       0.0   True
   CON       Motor -21.4497    0.0       0.0   True
   CON         SAN   -1.423 0.1552    0.3104  False
   CON       Subc.  -4.6461    0.0       0.0   True
   CON         VAN   6.7986    0.0       0.0   True
   CON        Vis.  -3.8059 0.0002    0.0012   True
   CON Whole Brain   -9.478    0.0       0.0   True
   DAN         DMN -33.9321    0.0       0.0   True
   DAN         FPN   -26.72    0.0       0.0   True
   DAN       Motor -41.0157    0.0       0.0   True
   DAN         SAN -20.1904    0.0       0.0   True
   DAN       Subc. -21.0196    0.0       0.0   True
   DAN         VAN  -9.2967    0.0       0.0   True
   DAN        Vis. -21.2493    0.0       0.0   True
   DAN Whole Brain -32.6852    0.0       0.0   True
   DMN         FPN  -1.0548 0.2919    0.3104  False
   DMN       Motor -15.8452    0.0       0.0   True
   DMN         SAN  12.2446    0.0       0.0   True
   DMN       Subc.   6.4842    0.0       0.0   True
   DMN         VAN   15.384    0.0       0.0   True
   DMN        Vis.  11.3803    0.0       0.0   True
   DMN Whole Brain   9.0424    0.0       0.0   True
   FPN       Motor -13.1279    0.0       0.0   True
   FPN         SAN  11.9341    0.0       0.0   True
   FPN       Subc.   5.8948    0.0       0.0   True
   FPN         VAN  13.5647    0.0       0.0   True
   FPN        Vis.   10.264    0.0       0.0   True
   FPN Whole Brain   6.0174    0.0       0.0   True
 Motor         SAN  21.1409    0.0       0.0   True
 Motor       Subc.  18.2179    0.0       0.0   True
 Motor         VAN  24.9915    0.0       0.0   True
 Motor        Vis.  21.4579    0.0       0.0   True
 Motor Whole Brain  24.2367    0.0       0.0   True
   SAN       Subc.  -3.6985 0.0002    0.0016   True
   SAN         VAN   8.3057    0.0       0.0   True
   SAN        Vis.  -2.6328 0.0087    0.0434   True
   SAN Whole Brain  -9.7236    0.0       0.0   True
 Subc.         VAN   9.7184    0.0       0.0   True
 Subc.        Vis.   2.2046 0.0278    0.1113  False
 Subc. Whole Brain   -3.425 0.0007    0.0039   True
   VAN        Vis.   -9.369    0.0       0.0   True
   VAN Whole Brain -14.0571    0.0       0.0   True
  Vis. Whole Brain  -8.0872    0.0       0.0   True
---------------------------------------------------
Figure saved as ViolinPlotBVC.png
Figure saved as BarPlotBVC.png
Figure saved as JitterPlotBVC.png
Figure saved as RaincloudPlotBVC.png
        subject         net1         net2   MeanGVC
0      CC110033          FPN          FPN  0.402163
1      CC110033          FPN          CON  0.383304
2      CC110033          FPN          SAN  0.417547
3      CC110033          FPN          VAN  0.443781
4      CC110033          FPN          DAN  0.495590
...         ...          ...          ...       ...
77919  CC723395  Whole Brain        Motor  0.381302
77920  CC723395  Whole Brain         Aud.  0.306924
77921  CC723395  Whole Brain         Vis.  0.348213
77922  CC723395  Whole Brain        Subc.  0.333479
77923  CC723395  Whole Brain  Whole Brain  0.335769

[77924 rows x 4 columns]
       subject         net2   MeanGVC
0     CC110033         Aud.  0.394563
1     CC110033          CON  0.274622
2     CC110033          DAN  0.395107
3     CC110033          DMN  0.367276
4     CC110033          FPN  0.349626
...        ...          ...       ...
7079  CC723395          SAN  0.335567
7080  CC723395        Subc.  0.358695
7081  CC723395          VAN  0.277679
7082  CC723395         Vis.  0.377169
7083  CC723395  Whole Brain  0.364127

[7084 rows x 3 columns]
Anova results for GVC
              df    sum_sq   mean_sq           F  PR(>F)
C(net2)     10.0  3.383240  0.338324  347.959614     0.0
Residual  7073.0  6.877136  0.000972         NaN     NaN
T-test results for GVC
Test Multiple Comparison ttest_rel 
FWER=0.05 method=Holm
alphacSidak=0.00, alphacBonf=0.001
===================================================
group1    group2     stat    pval  pval_corr reject
---------------------------------------------------
  Aud.         CON  19.8791    0.0       0.0   True
  Aud.         DAN  43.6624    0.0       0.0   True
  Aud.         DMN  15.7214    0.0       0.0   True
  Aud.         FPN  12.1509    0.0       0.0   True
  Aud.       Motor   0.5341 0.5935       1.0  False
  Aud.         SAN  21.1705    0.0       0.0   True
  Aud.       Subc.  17.6938    0.0       0.0   True
  Aud.         VAN  25.6609    0.0       0.0   True
  Aud.        Vis.  19.1617    0.0       0.0   True
  Aud. Whole Brain  20.1247    0.0       0.0   True
   CON         DAN  15.7451    0.0       0.0   True
   CON         DMN  -12.766    0.0       0.0   True
   CON         FPN -12.2665    0.0       0.0   True
   CON       Motor -21.1276    0.0       0.0   True
   CON         SAN  -1.0098  0.313       1.0  False
   CON       Subc.  -3.4787 0.0005    0.0032   True
   CON         VAN   6.7364    0.0       0.0   True
   CON        Vis.  -4.8486    0.0       0.0   True
   CON Whole Brain  -11.188    0.0       0.0   True
   DAN         DMN -34.7273    0.0       0.0   True
   DAN         FPN -26.2231    0.0       0.0   True
   DAN       Motor -40.2762    0.0       0.0   True
   DAN         SAN -19.4252    0.0       0.0   True
   DAN       Subc.  -19.701    0.0       0.0   True
   DAN         VAN  -8.5084    0.0       0.0   True
   DAN        Vis. -21.5575    0.0       0.0   True
   DAN Whole Brain -33.6962    0.0       0.0   True
   DMN         FPN   0.2915 0.7708       1.0  False
   DMN       Motor -13.9104    0.0       0.0   True
   DMN         SAN  14.4461    0.0       0.0   True
   DMN       Subc.   9.4994    0.0       0.0   True
   DMN         VAN  16.0694    0.0       0.0   True
   DMN        Vis.  11.9304    0.0       0.0   True
   DMN Whole Brain    8.887    0.0       0.0   True
   FPN       Motor  -12.197    0.0       0.0   True
   FPN         SAN  12.6358    0.0       0.0   True
   FPN       Subc.   7.3602    0.0       0.0   True
   FPN         VAN  13.5198    0.0       0.0   True
   FPN        Vis.   9.4141    0.0       0.0   True
   FPN Whole Brain   4.2826    0.0    0.0002   True
 Motor         SAN  21.0415    0.0       0.0   True
 Motor       Subc.  18.9096    0.0       0.0   True
 Motor         VAN  24.4072    0.0       0.0   True
 Motor        Vis.  20.0906    0.0       0.0   True
 Motor Whole Brain  21.8263    0.0       0.0   True
   SAN       Subc.  -2.8179  0.005    0.0249   True
   SAN         VAN   8.0535    0.0       0.0   True
   SAN        Vis.  -4.1197    0.0    0.0003   True
   SAN Whole Brain -12.2777    0.0       0.0   True
 Subc.         VAN   8.9861    0.0       0.0   True
 Subc.        Vis.  -0.9059 0.3653       1.0  False
 Subc. Whole Brain  -6.8405    0.0       0.0   True
   VAN        Vis.  -9.8251    0.0       0.0   True
   VAN Whole Brain -14.8622    0.0       0.0   True
  Vis. Whole Brain  -8.8085    0.0       0.0   True
---------------------------------------------------
Figure saved as RaincloudPlotBVC.png
Figure saved as ViolinPlotGVC15.png
Figure saved as BarPlotGVC15.png
Figure saved as JitterPlotGVC.png
