In flexiblehubs_1jobPoolSubjsCC parameters CHUNKLEN=90
Starting stage 4 **Calculate statistics** at 2021-05-12 10:36:21.392646
        subject         net1   net2   MeanBVC
0      CC110033          FPN    CON  0.089711
1      CC110033          FPN    SAN  0.096134
2      CC110033          FPN    VAN  0.108698
3      CC110033          FPN    DAN  0.118440
4      CC110033          FPN    DMN  0.114216
...         ...          ...    ...       ...
70835  CC723395  Whole Brain    DMN  0.115516
70836  CC723395  Whole Brain  Motor  0.125256
70837  CC723395  Whole Brain   Aud.  0.110193
70838  CC723395  Whole Brain   Vis.  0.115418
70839  CC723395  Whole Brain  Subc.  0.109661

[70840 rows x 4 columns]
       subject         net2   MeanBVC
0     CC110033         Aud.  0.139333
1     CC110033          CON  0.100579
2     CC110033          DAN  0.139024
3     CC110033          DMN  0.129325
4     CC110033          FPN  0.125550
...        ...          ...       ...
7079  CC723395          SAN  0.115028
7080  CC723395        Subc.  0.127862
7081  CC723395          VAN  0.103436
7082  CC723395         Vis.  0.130482
7083  CC723395  Whole Brain  0.127994

[7084 rows x 3 columns]
Anova results for BVC
              df    sum_sq   mean_sq           F  PR(>F)
C(net2)     10.0  0.461974  0.046197  193.847305     0.0
Residual  7073.0  1.685628  0.000238         NaN     NaN
T-test results for BVC
Test Multiple Comparison ttest_rel 
FWER=0.05 method=Holm
alphacSidak=0.00, alphacBonf=0.001
===================================================
group1    group2     stat    pval  pval_corr reject
---------------------------------------------------
  Aud.         CON  13.8711    0.0       0.0   True
  Aud.         DAN  29.5531    0.0       0.0   True
  Aud.         DMN  10.0238    0.0       0.0   True
  Aud.         FPN   4.7151    0.0       0.0   True
  Aud.       Motor  -4.2993    0.0    0.0002   True
  Aud.         SAN  11.2751    0.0       0.0   True
  Aud.       Subc.  15.7256    0.0       0.0   True
  Aud.         VAN  11.8773    0.0       0.0   True
  Aud.        Vis.  15.2584    0.0       0.0   True
  Aud. Whole Brain  11.7284    0.0       0.0   True
   CON         DAN  12.2049    0.0       0.0   True
   CON         DMN  -9.0419    0.0       0.0   True
   CON         FPN -13.1709    0.0       0.0   True
   CON       Motor -19.8156    0.0       0.0   True
   CON         SAN  -4.8588    0.0       0.0   True
   CON       Subc.   1.4253 0.1545    0.7727  False
   CON         VAN   0.3138 0.7538       1.0  False
   CON        Vis.  -1.4001  0.162    0.7727  False
   CON Whole Brain  -9.3115    0.0       0.0   True
   DAN         DMN -24.3734    0.0       0.0   True
   DAN         FPN -23.5944    0.0       0.0   True
   DAN       Motor -30.8183    0.0       0.0   True
   DAN         SAN -17.5204    0.0       0.0   True
   DAN       Subc. -11.6565    0.0       0.0   True
   DAN         VAN -12.6233    0.0       0.0   True
   DAN        Vis. -15.3674    0.0       0.0   True
   DAN Whole Brain -25.5631    0.0       0.0   True
   DMN         FPN  -5.8002    0.0       0.0   True
   DMN       Motor -15.2211    0.0       0.0   True
   DMN         SAN   4.9407    0.0       0.0   True
   DMN       Subc.   11.044    0.0       0.0   True
   DMN         VAN   5.8339    0.0       0.0   True
   DMN        Vis.  10.9989    0.0       0.0   True
   DMN Whole Brain    2.662  0.008    0.0478   True
   FPN       Motor -10.4616    0.0       0.0   True
   FPN         SAN   9.1426    0.0       0.0   True
   FPN       Subc.  13.0973    0.0       0.0   True
   FPN         VAN   7.3504    0.0       0.0   True
   FPN        Vis.  13.8328    0.0       0.0   True
   FPN Whole Brain   8.3367    0.0       0.0   True
 Motor         SAN  16.5292    0.0       0.0   True
 Motor       Subc.  20.8977    0.0       0.0   True
 Motor         VAN  14.5031    0.0       0.0   True
 Motor        Vis.  21.0544    0.0       0.0   True
 Motor Whole Brain  20.2498    0.0       0.0   True
   SAN       Subc.   5.6502    0.0       0.0   True
   SAN         VAN   2.8255 0.0049    0.0341   True
   SAN        Vis.   3.2825 0.0011    0.0087   True
   SAN Whole Brain    -4.43    0.0    0.0001   True
 Subc.         VAN  -0.5227 0.6014       1.0  False
 Subc.        Vis.  -3.8283 0.0001    0.0013   True
 Subc. Whole Brain -11.4505    0.0       0.0   True
   VAN        Vis.   -1.137  0.256    0.7727  False
   VAN Whole Brain  -5.3992    0.0       0.0   True
  Vis. Whole Brain -11.8237    0.0       0.0   True
---------------------------------------------------
