Traceback (most recent call last):
  File "/camcan/FPNflexiblehubs/FPNflexiblehubs/flexiblehubsrunPoolSubjsCC.py", line 45, in <module>
    studyforrest.stage4_analysis(chunklen, corr=0)
  File "/camcan/FPNflexiblehubs/FPNflexiblehubs/PoolSubjs.py", line 203, in stage4_analysis
    ax = sns.swarmplot(x="net2", y="MeanBVC", data=dfmean, edgecolor="white", width=3)
  File "/camcan/anaconda3/envs/chiara_env/lib/python3.8/site-packages/seaborn/_decorators.py", line 46, in inner_f
    return f(**kwargs)
  File "/camcan/anaconda3/envs/chiara_env/lib/python3.8/site-packages/seaborn/categorical.py", line 3006, in swarmplot
    plotter.plot(ax, kwargs)
  File "/camcan/anaconda3/envs/chiara_env/lib/python3.8/site-packages/seaborn/categorical.py", line 1420, in plot
    self.draw_swarmplot(ax, kws)
  File "/camcan/anaconda3/envs/chiara_env/lib/python3.8/site-packages/seaborn/categorical.py", line 1376, in draw_swarmplot
    points = ax.scatter(cat_pos, swarm_data, s=s, **kws)
  File "/camcan/anaconda3/envs/chiara_env/lib/python3.8/site-packages/matplotlib/__init__.py", line 1431, in inner
    return func(ax, *map(sanitize_sequence, args), **kwargs)
  File "/camcan/anaconda3/envs/chiara_env/lib/python3.8/site-packages/matplotlib/cbook/deprecation.py", line 411, in wrapper
    return func(*inner_args, **inner_kwargs)
  File "/camcan/anaconda3/envs/chiara_env/lib/python3.8/site-packages/matplotlib/axes/_axes.py", line 4498, in scatter
    collection.update(kwargs)
  File "/camcan/anaconda3/envs/chiara_env/lib/python3.8/site-packages/matplotlib/artist.py", line 996, in update
    raise AttributeError(f"{type(self).__name__!r} object "
AttributeError: 'PathCollection' object has no property 'width'
