In flexiblehubs_1jobPoolSubjsCC parameters CHUNKLEN=90
Starting stage 4 **Calculate statistics** at 2021-05-11 10:16:02.133770
        subject         net1   net2   MeanBVC
0      CC110033          FPN    CON  0.089711
1      CC110033          FPN    SAN  0.096134
2      CC110033          FPN    VAN  0.108698
3      CC110033          FPN    DAN  0.118440
4      CC110033          FPN    DMN  0.114216
...         ...          ...    ...       ...
70835  CC723395  Whole Brain    DMN  0.115516
70836  CC723395  Whole Brain  Motor  0.125256
70837  CC723395  Whole Brain   Aud.  0.110193
70838  CC723395  Whole Brain   Vis.  0.115418
70839  CC723395  Whole Brain  Subc.  0.109661

[70840 rows x 4 columns]
       subject         net2   MeanBVC
0     CC110033         Aud.  0.139333
1     CC110033          CON  0.100579
2     CC110033          DAN  0.139024
3     CC110033          DMN  0.129325
4     CC110033          FPN  0.125550
...        ...          ...       ...
7079  CC723395          SAN  0.115028
7080  CC723395        Subc.  0.127862
7081  CC723395          VAN  0.103436
7082  CC723395         Vis.  0.130482
7083  CC723395  Whole Brain  0.127994

[7084 rows x 3 columns]
Anova results for BVC
              df    sum_sq   mean_sq           F  PR(>F)
C(net2)     10.0  0.461974  0.046197  193.847305     0.0
Residual  7073.0  1.685628  0.000238         NaN     NaN
T-test results for BVC
Test Multiple Comparison ttest_rel 
FWER=0.05 method=Holm
alphacSidak=0.00, alphacBonf=0.001
===================================================
group1    group2     stat    pval  pval_corr reject
---------------------------------------------------
  Aud.         CON  13.8711    0.0       0.0   True
  Aud.         DAN  29.5531    0.0       0.0   True
  Aud.         DMN  10.0238    0.0       0.0   True
  Aud.         FPN   4.7151    0.0       0.0   True
  Aud.       Motor  -4.2993    0.0    0.0002   True
  Aud.         SAN  11.2751    0.0       0.0   True
  Aud.       Subc.  15.7256    0.0       0.0   True
  Aud.         VAN  11.8773    0.0       0.0   True
  Aud.        Vis.  15.2584    0.0       0.0   True
  Aud. Whole Brain  11.7284    0.0       0.0   True
   CON         DAN  12.2049    0.0       0.0   True
   CON         DMN  -9.0419    0.0       0.0   True
   CON         FPN -13.1709    0.0       0.0   True
   CON       Motor -19.8156    0.0       0.0   True
   CON         SAN  -4.8588    0.0       0.0   True
   CON       Subc.   1.4253 0.1545    0.7727  False
   CON         VAN   0.3138 0.7538       1.0  False
   CON        Vis.  -1.4001  0.162    0.7727  False
   CON Whole Brain  -9.3115    0.0       0.0   True
   DAN         DMN -24.3734    0.0       0.0   True
   DAN         FPN -23.5944    0.0       0.0   True
   DAN       Motor -30.8183    0.0       0.0   True
   DAN         SAN -17.5204    0.0       0.0   True
   DAN       Subc. -11.6565    0.0       0.0   True
   DAN         VAN -12.6233    0.0       0.0   True
   DAN        Vis. -15.3674    0.0       0.0   True
   DAN Whole Brain -25.5631    0.0       0.0   True
   DMN         FPN  -5.8002    0.0       0.0   True
   DMN       Motor -15.2211    0.0       0.0   True
   DMN         SAN   4.9407    0.0       0.0   True
   DMN       Subc.   11.044    0.0       0.0   True
   DMN         VAN   5.8339    0.0       0.0   True
   DMN        Vis.  10.9989    0.0       0.0   True
   DMN Whole Brain    2.662  0.008    0.0478   True
   FPN       Motor -10.4616    0.0       0.0   True
   FPN         SAN   9.1426    0.0       0.0   True
   FPN       Subc.  13.0973    0.0       0.0   True
   FPN         VAN   7.3504    0.0       0.0   True
   FPN        Vis.  13.8328    0.0       0.0   True
   FPN Whole Brain   8.3367    0.0       0.0   True
 Motor         SAN  16.5292    0.0       0.0   True
 Motor       Subc.  20.8977    0.0       0.0   True
 Motor         VAN  14.5031    0.0       0.0   True
 Motor        Vis.  21.0544    0.0       0.0   True
 Motor Whole Brain  20.2498    0.0       0.0   True
   SAN       Subc.   5.6502    0.0       0.0   True
   SAN         VAN   2.8255 0.0049    0.0341   True
   SAN        Vis.   3.2825 0.0011    0.0087   True
   SAN Whole Brain    -4.43    0.0    0.0001   True
 Subc.         VAN  -0.5227 0.6014       1.0  False
 Subc.        Vis.  -3.8283 0.0001    0.0013   True
 Subc. Whole Brain -11.4505    0.0       0.0   True
   VAN        Vis.   -1.137  0.256    0.7727  False
   VAN Whole Brain  -5.3992    0.0       0.0   True
  Vis. Whole Brain -11.8237    0.0       0.0   True
---------------------------------------------------
Figure saved as ViolinPlotBVC.png
Figure saved as BarPlotBVC.png
        subject         net1         net2   MeanGVC
0      CC110033          FPN          FPN  0.123345
1      CC110033          FPN          CON  0.089711
2      CC110033          FPN          SAN  0.096134
3      CC110033          FPN          VAN  0.108698
4      CC110033          FPN          DAN  0.118440
...         ...          ...          ...       ...
77919  CC723395  Whole Brain        Motor  0.125256
77920  CC723395  Whole Brain         Aud.  0.110193
77921  CC723395  Whole Brain         Vis.  0.115418
77922  CC723395  Whole Brain        Subc.  0.109661
77923  CC723395  Whole Brain  Whole Brain  0.112352

[77924 rows x 4 columns]
       subject         net2   MeanGVC
0     CC110033         Aud.  0.141155
1     CC110033          CON  0.100088
2     CC110033          DAN  0.141260
3     CC110033          DMN  0.129101
4     CC110033          FPN  0.126933
...        ...          ...       ...
7079  CC723395          SAN  0.114268
7080  CC723395        Subc.  0.124175
7081  CC723395          VAN  0.104972
7082  CC723395         Vis.  0.131142
7083  CC723395  Whole Brain  0.127792

[7084 rows x 3 columns]
Anova results for GVC
              df    sum_sq   mean_sq           F  PR(>F)
C(net2)     10.0  0.385839  0.038584  175.459365     0.0
Residual  7073.0  1.555370  0.000220         NaN     NaN
T-test results for GVC
Test Multiple Comparison ttest_rel 
FWER=0.05 method=Holm
alphacSidak=0.00, alphacBonf=0.001
===================================================
group1    group2     stat    pval  pval_corr reject
---------------------------------------------------
  Aud.         CON  17.4882    0.0       0.0   True
  Aud.         DAN  28.7888    0.0       0.0   True
  Aud.         DMN  12.6515    0.0       0.0   True
  Aud.         FPN   7.8323    0.0       0.0   True
  Aud.       Motor  -0.0939 0.9252       1.0  False
  Aud.         SAN  14.6298    0.0       0.0   True
  Aud.       Subc.  20.5256    0.0       0.0   True
  Aud.         VAN  12.2355    0.0       0.0   True
  Aud.        Vis.  18.7239    0.0       0.0   True
  Aud. Whole Brain  15.1187    0.0       0.0   True
   CON         DAN   8.8811    0.0       0.0   True
   CON         DMN -10.9105    0.0       0.0   True
   CON         FPN -13.5346    0.0       0.0   True
   CON       Motor -19.0384    0.0       0.0   True
   CON         SAN  -5.1229    0.0       0.0   True
   CON       Subc.   2.7416 0.0063    0.0377   True
   CON         VAN  -1.5089 0.1318    0.5272  False
   CON        Vis.  -1.9686 0.0494    0.2471  False
   CON Whole Brain -11.0445    0.0       0.0   True
   DAN         DMN -21.4926    0.0       0.0   True
   DAN         FPN -20.4385    0.0       0.0   True
   DAN       Motor -26.6049    0.0       0.0   True
   DAN         SAN  -13.851    0.0       0.0   True
   DAN       Subc.  -7.0635    0.0       0.0   True
   DAN         VAN -11.3143    0.0       0.0   True
   DAN        Vis. -11.9355    0.0       0.0   True
   DAN Whole Brain -22.1407    0.0       0.0   True
   DMN         FPN  -4.0324 0.0001    0.0007   True
   DMN       Motor -12.3053    0.0       0.0   True
   DMN         SAN   6.6062    0.0       0.0   True
   DMN       Subc.  14.4956    0.0       0.0   True
   DMN         VAN   4.6762    0.0       0.0   True
   DMN        Vis.   12.429    0.0       0.0   True
   DMN Whole Brain   3.7391 0.0002    0.0018   True
   FPN       Motor  -8.7341    0.0       0.0   True
   FPN         SAN   9.2363    0.0       0.0   True
   FPN       Subc.   14.851    0.0       0.0   True
   FPN         VAN   5.6801    0.0       0.0   True
   FPN        Vis.  13.5073    0.0       0.0   True
   FPN Whole Brain    6.902    0.0       0.0   True
 Motor         SAN  15.1513    0.0       0.0   True
 Motor       Subc.  21.1752    0.0       0.0   True
 Motor         VAN  11.6452    0.0       0.0   True
 Motor        Vis.  19.3548    0.0       0.0   True
 Motor Whole Brain  17.3546    0.0       0.0   True
   SAN       Subc.   7.1393    0.0       0.0   True
   SAN         VAN   1.0462 0.2959    0.8876  False
   SAN        Vis.   2.9129 0.0037    0.0259   True
   SAN Whole Brain  -5.7782    0.0       0.0   True
 Subc.         VAN  -3.1198 0.0019    0.0151   True
 Subc.        Vis.  -6.4485    0.0       0.0   True
 Subc. Whole Brain -14.9502    0.0       0.0   True
   VAN        Vis.   0.5205 0.6029       1.0  False
   VAN Whole Brain  -3.9464 0.0001    0.0009   True
  Vis. Whole Brain -12.9977    0.0       0.0   True
---------------------------------------------------
Figure saved as ViolinPlotGVC90.png
Figure saved as BarPlotGVC90.png
