In flexiblehubs_1jobPoolSubjsSF parameters CHUNKLEN=90
Empty DataFrame
Columns: [subject, net1, net2, MeanBVC]
Index: []
Empty DataFrame
Columns: [subject, net1, net2, MeanGVC]
Index: []
Starting stage 3 ** Assign ROIs to networks ** for subject sub-01, chunklen 90 at 2021-05-12 16:39:53.266659
             0            1    ...          276          277
0    1.14446e-15     0.205579  ...     0.285828      0.27962
1       0.199021  5.41164e-16  ...     0.216211     0.152839
2       0.222252     0.254309  ...     0.205426     0.226302
3       0.237629     0.185038  ...     0.275955     0.295049
4       0.254951     0.154453  ...     0.264327     0.209863
..           ...          ...  ...          ...          ...
273      0.20652     0.269201  ...     0.196002     0.193573
274     0.211853     0.199887  ...      0.22583     0.217861
275     0.226875     0.198124  ...     0.196432      0.21186
276     0.278146     0.216995  ...  3.70146e-16     0.296686
277     0.286284     0.161378  ...     0.298757  7.35914e-16

[278 rows x 278 columns]
Starting stage 3 ** Assign ROIs to networks ** for subject sub-02, chunklen 90 at 2021-05-12 16:39:59.237568
             0            1    ...          276          277
0    4.62539e-16     0.127194  ...     0.248328     0.245837
1        0.14244  7.87385e-16  ...     0.170942      0.17778
2       0.197764     0.341902  ...     0.191967     0.247427
3       0.198615     0.202294  ...     0.195331     0.167142
4       0.330399      0.14446  ...     0.215377      0.18959
..           ...          ...  ...          ...          ...
273     0.153927     0.331115  ...     0.161989      0.20299
274     0.182081     0.190841  ...     0.204763     0.215793
275      0.11327     0.129719  ...     0.115417     0.127009
276       0.2486     0.157243  ...  1.76651e-15     0.199458
277     0.249283     0.159432  ...     0.210905  8.96052e-16

[278 rows x 278 columns]
Starting stage 3 ** Assign ROIs to networks ** for subject sub-03, chunklen 90 at 2021-05-12 16:40:05.247133
             0           1    ...          276          277
0    3.95123e-16    0.311423  ...     0.320445     0.265765
1       0.317986  1.0396e-15  ...     0.333585     0.216121
2       0.306241     0.31519  ...      0.28337     0.215999
3       0.330641    0.260063  ...     0.308082     0.219494
4       0.399614    0.250825  ...     0.320048     0.276788
..           ...         ...  ...          ...          ...
273     0.317403    0.348459  ...     0.313586     0.213242
274     0.294756     0.22102  ...     0.243566     0.229117
275     0.352324    0.258781  ...     0.282329     0.268575
276     0.326821    0.346108  ...  7.80353e-16     0.255791
277     0.271561    0.224348  ...     0.253431  8.34842e-16

[278 rows x 278 columns]
Starting stage 3 ** Assign ROIs to networks ** for subject sub-04, chunklen 90 at 2021-05-12 16:40:11.593451
             0            1    ...          276          277
0    1.30269e-15     0.286901  ...     0.344456       0.2936
1       0.298123  2.85019e-16  ...     0.371738     0.262687
2       0.236015     0.337828  ...     0.278492      0.25399
3       0.368888      0.36844  ...     0.383162     0.269395
4       0.434186     0.287048  ...     0.339093     0.249695
..           ...          ...  ...          ...          ...
273     0.251722     0.332959  ...     0.285971     0.240715
274     0.263982     0.294417  ...      0.30403       0.1719
275     0.329622     0.335891  ...     0.331111     0.271247
276     0.319499     0.353253  ...  1.57034e-15     0.232302
277     0.295173     0.254502  ...     0.255159  1.65958e-15

[278 rows x 278 columns]
Starting stage 3 ** Assign ROIs to networks ** for subject sub-05, chunklen 90 at 2021-05-12 16:40:17.806327
             0            1    ...          276          277
0    4.86638e-16     0.166277  ...     0.141092     0.136024
1       0.164278  2.79608e-16  ...     0.309152      0.36694
2       0.187662     0.388508  ...     0.260173     0.370573
3       0.201117     0.415877  ...     0.341037     0.328207
4       0.212802     0.245983  ...     0.145156     0.262609
..           ...          ...  ...          ...          ...
273     0.190434     0.375089  ...      0.25344     0.361228
274     0.165243     0.110887  ...     0.144957     0.117658
275     0.227179     0.238977  ...     0.221509     0.183702
276     0.149691     0.301701  ...  1.22546e-15     0.223364
277     0.132357     0.377796  ...     0.227229  1.01105e-15

[278 rows x 278 columns]
Starting stage 3 ** Assign ROIs to networks ** for subject sub-06, chunklen 90 at 2021-05-12 16:40:23.848232
             0            1    ...          276          277
0    5.33013e-16     0.250906  ...     0.284397     0.340753
1       0.236112  4.54446e-16  ...     0.208224     0.187874
2        0.26869     0.344427  ...     0.209521     0.211449
3          0.348     0.257236  ...     0.273619     0.316277
4        0.35164     0.207682  ...      0.30967      0.30861
..           ...          ...  ...          ...          ...
273     0.271329     0.323072  ...     0.197641      0.21951
274     0.345443     0.231207  ...      0.26404     0.321275
275      0.26447     0.232535  ...     0.241062       0.2581
276     0.281986     0.214437  ...  5.34872e-16     0.299097
277     0.348868     0.206723  ...     0.299664  7.49565e-16

[278 rows x 278 columns]
Starting stage 3 ** Assign ROIs to networks ** for subject sub-09, chunklen 90 at 2021-05-12 16:40:29.675557
             0            1    ...         276          277
0    1.30233e-15     0.162105  ...    0.229191     0.150571
1       0.169453  9.10158e-16  ...    0.145526     0.197896
2       0.238182     0.306041  ...    0.218097     0.192589
3       0.285197     0.148433  ...    0.268555     0.170706
4       0.360171     0.165551  ...     0.22772     0.256045
..           ...          ...  ...         ...          ...
273     0.242237     0.326541  ...    0.203162     0.198023
274     0.170748     0.210165  ...    0.187283      0.15847
275     0.234318     0.193213  ...    0.164938      0.13393
276     0.234457     0.154214  ...  8.8248e-16     0.257998
277     0.142924     0.194349  ...    0.249713  9.87326e-16

[278 rows x 278 columns]
Starting stage 3 ** Assign ROIs to networks ** for subject sub-10, chunklen 90 at 2021-05-12 16:40:35.704374
             0            1    ...          276          277
0    4.61199e-16     0.188343  ...     0.235419     0.317738
1       0.189997  6.13335e-16  ...     0.218001     0.222408
2       0.242942     0.320008  ...     0.210407     0.217176
3       0.147694     0.172935  ...     0.155063     0.155439
4       0.323384     0.155123  ...     0.227058     0.227621
..           ...          ...  ...          ...          ...
273     0.196657     0.328962  ...     0.189982     0.212556
274     0.179975     0.288332  ...      0.15623     0.188858
275     0.230768     0.161241  ...     0.166465     0.177328
276     0.227289      0.21552  ...  1.05078e-15     0.305034
277     0.308128     0.191518  ...     0.305016  7.44744e-16

[278 rows x 278 columns]
Starting stage 3 ** Assign ROIs to networks ** for subject sub-14, chunklen 90 at 2021-05-12 16:40:41.735317
             0            1    ...          276          277
0    5.92518e-16      0.19777  ...     0.225489     0.210286
1        0.21504  8.81396e-16  ...     0.248628      0.20231
2       0.248384     0.290339  ...     0.271157     0.235981
3       0.177502     0.228118  ...     0.317212     0.254412
4       0.317982     0.153744  ...     0.255467     0.263292
..           ...          ...  ...          ...          ...
273     0.191272     0.264813  ...     0.234541     0.194609
274     0.171382     0.226612  ...     0.231303     0.180904
275      0.24505     0.208118  ...     0.226587     0.162313
276     0.241729     0.258752  ...  5.76171e-16     0.296625
277     0.209636     0.181356  ...     0.305713  1.18906e-15

[278 rows x 278 columns]
Starting stage 3 ** Assign ROIs to networks ** for subject sub-15, chunklen 90 at 2021-05-12 16:40:47.806699
             0            1    ...          276          277
0    8.72899e-16     0.181242  ...      0.21228     0.229677
1       0.160833  9.87225e-16  ...     0.129859     0.207888
2       0.141199     0.300563  ...     0.130903     0.179412
3        0.25984     0.240221  ...     0.204573     0.195375
4        0.38664     0.139785  ...     0.216548     0.214544
..           ...          ...  ...          ...          ...
273     0.193019     0.325193  ...     0.197959     0.201837
274     0.203029     0.262253  ...     0.169223     0.210602
275     0.230887     0.197157  ...     0.156666     0.193699
276     0.193842     0.129036  ...  1.10194e-15     0.192912
277     0.222267     0.206731  ...     0.204138  7.92268e-16

[278 rows x 278 columns]
Starting stage 3 ** Assign ROIs to networks ** for subject sub-16, chunklen 90 at 2021-05-12 16:40:53.879569
            0            1    ...          276          277
0    6.4685e-16     0.234327  ...     0.308718     0.271567
1       0.23743  8.83369e-16  ...      0.30555     0.245014
2      0.231754     0.284411  ...     0.263051     0.236903
3      0.301109     0.245052  ...     0.280597     0.274264
4      0.391489     0.198051  ...     0.263185     0.247474
..          ...          ...  ...          ...          ...
273    0.205963      0.25696  ...     0.254126     0.212499
274    0.201896     0.243274  ...     0.205776      0.17049
275    0.283649     0.215419  ...     0.253232     0.204525
276    0.288341     0.300355  ...  8.02883e-16     0.272827
277    0.271337     0.228703  ...      0.27326  1.01785e-15

[278 rows x 278 columns]
Starting stage 3 ** Assign ROIs to networks ** for subject sub-17, chunklen 90 at 2021-05-12 16:40:59.917934
             0            1    ...          276          277
0    8.88558e-16     0.188009  ...     0.220754     0.269264
1        0.18286  1.48878e-15  ...     0.222858     0.178522
2       0.201004      0.24381  ...     0.220642     0.231592
3       0.193008     0.188879  ...     0.228088     0.220292
4       0.367006     0.161512  ...     0.222653      0.24705
..           ...          ...  ...          ...          ...
273     0.188583      0.23722  ...     0.217035     0.237697
274     0.162298     0.181792  ...     0.179558     0.178444
275     0.324257     0.157547  ...     0.130154     0.231475
276     0.212866     0.213032  ...  6.61431e-16     0.264215
277     0.246786     0.159537  ...     0.246177  8.82394e-16

[278 rows x 278 columns]
Starting stage 3 ** Assign ROIs to networks ** for subject sub-18, chunklen 90 at 2021-05-12 16:41:05.952818
             0            1    ...          276          277
0    8.72605e-16      0.18729  ...     0.192305     0.184623
1       0.182019  8.05593e-16  ...     0.179926     0.154921
2       0.211557      0.28171  ...     0.189537     0.179695
3       0.241103     0.174914  ...     0.185398     0.209553
4       0.307398       0.1147  ...     0.186774     0.219473
..           ...          ...  ...          ...          ...
273     0.229067     0.284924  ...     0.215033     0.204949
274     0.165038     0.196318  ...     0.234288     0.245265
275     0.307355      0.16002  ...      0.20317     0.192703
276     0.180035     0.181519  ...  1.21355e-15     0.295697
277     0.173813     0.128582  ...     0.296337  8.19119e-16

[278 rows x 278 columns]
Starting stage 3 ** Assign ROIs to networks ** for subject sub-19, chunklen 90 at 2021-05-12 16:41:11.970726
             0            1    ...          276          277
0    1.29624e-15     0.213188  ...     0.219133     0.289018
1       0.208332  1.47014e-15  ...     0.197295     0.172329
2       0.246479     0.285749  ...     0.183189     0.185852
3       0.270658     0.197896  ...      0.23979     0.288108
4       0.288294     0.110545  ...     0.256692     0.287632
..           ...          ...  ...          ...          ...
273     0.275559     0.254228  ...     0.215609     0.252503
274      0.22199     0.155293  ...     0.177354     0.215742
275     0.191641     0.130667  ...     0.131292     0.169247
276     0.202952     0.201956  ...  1.30168e-15     0.286649
277     0.277328     0.170308  ...     0.295108  7.05917e-16

[278 rows x 278 columns]
Starting stage 3 ** Assign ROIs to networks ** for subject sub-20, chunklen 90 at 2021-05-12 16:41:18.011088
            0            1    ...          276          277
0    7.6693e-16     0.169238  ...     0.290232      0.32027
1      0.177165  3.40023e-16  ...     0.262194      0.23147
2      0.227731     0.268973  ...     0.254578     0.221995
3      0.238322     0.228118  ...     0.273295     0.204886
4      0.269052     0.132091  ...     0.314011     0.244303
..          ...          ...  ...          ...          ...
273    0.223694     0.291219  ...      0.25502     0.228939
274    0.148357     0.186896  ...      0.16676     0.170929
275    0.172078     0.213706  ...     0.259985     0.193408
276    0.295287     0.274531  ...  1.51368e-15     0.326957
277    0.328652     0.216881  ...     0.342482  1.45077e-15

[278 rows x 278 columns]
     subject         net1   net2   MeanBVC
0     sub-01          FPN    CON  0.183537
1     sub-01          FPN    SAN  0.184970
2     sub-01          FPN    VAN  0.180694
3     sub-01          FPN    DAN  0.187622
4     sub-01          FPN    DMN  0.185475
...      ...          ...    ...       ...
1645  sub-20  Whole Brain    DMN  0.202113
1646  sub-20  Whole Brain  Motor  0.203154
1647  sub-20  Whole Brain   Aud.  0.207019
1648  sub-20  Whole Brain   Vis.  0.196679
1649  sub-20  Whole Brain  Subc.  0.206605

[1650 rows x 4 columns]
     subject         net1         net2   MeanGVC
0     sub-01          FPN          FPN  0.173511
1     sub-01          FPN          CON  0.183537
2     sub-01          FPN          SAN  0.184970
3     sub-01          FPN          VAN  0.180694
4     sub-01          FPN          DAN  0.187622
...      ...          ...          ...       ...
1810  sub-20  Whole Brain        Motor  0.203154
1811  sub-20  Whole Brain         Aud.  0.207019
1812  sub-20  Whole Brain         Vis.  0.196679
1813  sub-20  Whole Brain        Subc.  0.206605
1814  sub-20  Whole Brain  Whole Brain  0.203405

[1815 rows x 4 columns]
Starting stage 4 **Calculate statistics** at 2021-05-12 16:41:24.085342
     subject         net1   net2   MeanBVC
0     sub-01          FPN    CON  0.183537
1     sub-01          FPN    SAN  0.184970
2     sub-01          FPN    VAN  0.180694
3     sub-01          FPN    DAN  0.187622
4     sub-01          FPN    DMN  0.185475
...      ...          ...    ...       ...
1645  sub-20  Whole Brain    DMN  0.202113
1646  sub-20  Whole Brain  Motor  0.203154
1647  sub-20  Whole Brain   Aud.  0.207019
1648  sub-20  Whole Brain   Vis.  0.196679
1649  sub-20  Whole Brain  Subc.  0.206605

[1650 rows x 4 columns]
    subject         net2   MeanBVC
0    sub-01         Aud.  0.207200
1    sub-01          CON  0.205111
2    sub-01          DAN  0.204254
3    sub-01          DMN  0.205821
4    sub-01          FPN  0.200663
..      ...          ...       ...
160  sub-20          SAN  0.207537
161  sub-20        Subc.  0.206446
162  sub-20          VAN  0.209679
163  sub-20         Vis.  0.196706
164  sub-20  Whole Brain  0.203114

[165 rows x 3 columns]
Anova results for BVC
             df    sum_sq   mean_sq         F        PR(>F)
C(net2)    10.0  0.000805  0.000081  6.608683  1.753371e-08
Residual  154.0  0.001877  0.000012       NaN           NaN
T-test results for BVC
Test Multiple Comparison ttest_rel 
FWER=0.05 method=Holm
alphacSidak=0.00, alphacBonf=0.001
==================================================
group1    group2     stat   pval  pval_corr reject
--------------------------------------------------
  Aud.         CON  4.5347 0.0005    0.0234   True
  Aud.         DAN  0.6832 0.5057       1.0  False
  Aud.         DMN  2.3866 0.0317       1.0  False
  Aud.         FPN  3.5753  0.003    0.1278  False
  Aud.       Motor  2.7033 0.0171    0.6515  False
  Aud.         SAN  1.6459  0.122       1.0  False
  Aud.       Subc.  2.4339 0.0289    0.9834  False
  Aud.         VAN  1.8933 0.0792       1.0  False
  Aud.        Vis.  4.8143 0.0003     0.014   True
  Aud. Whole Brain  3.5578 0.0032    0.1292  False
   CON         DAN -2.7398  0.016    0.6225  False
   CON         DMN  -2.096 0.0547       1.0  False
   CON         FPN  1.5785 0.1368       1.0  False
   CON       Motor -0.4689 0.6464       1.0  False
   CON         SAN -0.9113 0.3776       1.0  False
   CON       Subc. -0.6184 0.5463       1.0  False
   CON         VAN  0.2612 0.7977       1.0  False
   CON        Vis.  3.4021 0.0043    0.1718  False
   CON Whole Brain   0.149 0.8837       1.0  False
   DAN         DMN  1.3875  0.187       1.0  False
   DAN         FPN  4.3756 0.0006    0.0311   True
   DAN       Motor  2.2659 0.0398       1.0  False
   DAN         SAN  1.4139 0.1793       1.0  False
   DAN       Subc.  1.5717 0.1383       1.0  False
   DAN         VAN   2.084  0.056       1.0  False
   DAN        Vis.  6.8559    0.0    0.0004   True
   DAN Whole Brain  3.6486 0.0026    0.1132  False
   DMN         FPN  3.6829 0.0025    0.1082  False
   DMN       Motor   1.403 0.1824       1.0  False
   DMN         SAN  0.3376 0.7407       1.0  False
   DMN       Subc.  0.7746 0.4515       1.0  False
   DMN         VAN  1.2495  0.232       1.0  False
   DMN        Vis.  6.1227    0.0    0.0014   True
   DMN Whole Brain  3.9906 0.0013    0.0617  False
   FPN       Motor -2.5883 0.0215    0.7726  False
   FPN         SAN -4.0277 0.0012    0.0586  False
   FPN       Subc. -2.5123 0.0249    0.8703  False
   FPN         VAN -1.2517 0.2312       1.0  False
   FPN        Vis.  1.6879 0.1136       1.0  False
   FPN Whole Brain -2.6615 0.0186    0.6884  False
 Motor         SAN  -0.626 0.5414       1.0  False
 Motor       Subc.  -0.341 0.7382       1.0  False
 Motor         VAN   0.643 0.5306       1.0  False
 Motor        Vis.  4.2391 0.0008    0.0396   True
 Motor Whole Brain  1.1522 0.2685       1.0  False
   SAN       Subc.  0.3546 0.7282       1.0  False
   SAN         VAN  1.1872 0.2549       1.0  False
   SAN        Vis.  5.0969 0.0002    0.0085   True
   SAN Whole Brain  1.6682 0.1175       1.0  False
 Subc.         VAN   0.676 0.5101       1.0  False
 Subc.        Vis.   3.815 0.0019    0.0852  False
 Subc. Whole Brain  1.1297 0.2776       1.0  False
   VAN        Vis.  1.9208 0.0754       1.0  False
   VAN Whole Brain -0.2804 0.7833       1.0  False
  Vis. Whole Brain -5.6945 0.0001    0.0029   True
--------------------------------------------------
Figure saved as ViolinPlotBVC.png
Figure saved as BarPlotBVC.png
Figure saved as JitterPlotBVC.png
Figure saved as RaincloudPlotBVC.png
     subject         net1         net2   MeanGVC
0     sub-01          FPN          FPN  0.173511
1     sub-01          FPN          CON  0.183537
2     sub-01          FPN          SAN  0.184970
3     sub-01          FPN          VAN  0.180694
4     sub-01          FPN          DAN  0.187622
...      ...          ...          ...       ...
1810  sub-20  Whole Brain        Motor  0.203154
1811  sub-20  Whole Brain         Aud.  0.207019
1812  sub-20  Whole Brain         Vis.  0.196679
1813  sub-20  Whole Brain        Subc.  0.206605
1814  sub-20  Whole Brain  Whole Brain  0.203405

[1815 rows x 4 columns]
    subject         net2   MeanGVC
0    sub-01         Aud.  0.205489
1    sub-01          CON  0.203742
2    sub-01          DAN  0.203275
3    sub-01          DMN  0.205696
4    sub-01          FPN  0.199390
..      ...          ...       ...
160  sub-20          SAN  0.206500
161  sub-20        Subc.  0.205851
162  sub-20          VAN  0.207027
163  sub-20         Vis.  0.195799
164  sub-20  Whole Brain  0.203091

[165 rows x 3 columns]
Anova results for GVC
             df    sum_sq   mean_sq         F        PR(>F)
C(net2)    10.0  0.000876  0.000088  6.019741  1.099669e-07
Residual  154.0  0.002240  0.000015       NaN           NaN
T-test results for GVC
Test Multiple Comparison ttest_rel 
FWER=0.05 method=Holm
alphacSidak=0.00, alphacBonf=0.001
==================================================
group1    group2     stat   pval  pval_corr reject
--------------------------------------------------
  Aud.         CON  3.5793  0.003    0.1359  False
  Aud.         DAN  0.2837 0.7808       1.0  False
  Aud.         DMN  0.9143  0.376       1.0  False
  Aud.         FPN  3.1228 0.0075    0.3069  False
  Aud.       Motor  1.8266 0.0891       1.0  False
  Aud.         SAN  1.1367 0.2747       1.0  False
  Aud.       Subc.  1.8833 0.0806       1.0  False
  Aud.         VAN  2.0389 0.0608       1.0  False
  Aud.        Vis.  3.7905  0.002    0.0914  False
  Aud. Whole Brain  2.0041 0.0648       1.0  False
   CON         DAN -2.5996  0.021    0.7921  False
   CON         DMN -3.1455 0.0072    0.3045  False
   CON         FPN  1.5098 0.1533       1.0  False
   CON       Motor -0.8224 0.4246       1.0  False
   CON         SAN  -1.029 0.3209       1.0  False
   CON       Subc. -0.6726 0.5122       1.0  False
   CON         VAN   0.696 0.4978       1.0  False
   CON        Vis.  2.6032 0.0208    0.7921  False
   CON Whole Brain -1.1069  0.287       1.0  False
   DAN         DMN  0.5551 0.5876       1.0  False
   DAN         FPN  4.2247 0.0008    0.0416   True
   DAN       Motor  1.8519 0.0852       1.0  False
   DAN         SAN  1.1976 0.2509       1.0  False
   DAN       Subc.  1.5024 0.1552       1.0  False
   DAN         VAN  2.6536 0.0189    0.7369  False
   DAN        Vis.  6.0572    0.0    0.0016   True
   DAN Whole Brain  2.3523 0.0338       1.0  False
   DMN         FPN  4.4901 0.0005    0.0259   True
   DMN       Motor  2.0549  0.059       1.0  False
   DMN         SAN  1.0132 0.3281       1.0  False
   DMN       Subc.   1.585 0.1353       1.0  False
   DMN         VAN  2.3719 0.0326       1.0  False
   DMN        Vis.  6.1417    0.0    0.0014   True
   DMN Whole Brain  3.5156 0.0034    0.1508  False
   FPN       Motor -2.9735 0.0101    0.4027  False
   FPN         SAN -4.3578 0.0007    0.0328   True
   FPN       Subc. -2.4582 0.0276    0.9937  False
   FPN         VAN -0.5709 0.5771       1.0  False
   FPN        Vis.  0.9066   0.38       1.0  False
   FPN Whole Brain -3.9252 0.0015    0.0716  False
 Motor         SAN -0.4585 0.6536       1.0  False
 Motor       Subc.  0.0696 0.9455       1.0  False
 Motor         VAN  1.4629 0.1656       1.0  False
 Motor        Vis.  4.0192 0.0013    0.0608  False
 Motor Whole Brain -0.1099 0.9141       1.0  False
   SAN       Subc.  0.4642 0.6496       1.0  False
   SAN         VAN  2.0106  0.064       1.0  False
   SAN        Vis.   4.598 0.0004    0.0215   True
   SAN Whole Brain   0.538  0.599       1.0  False
 Subc.         VAN  1.1756 0.2594       1.0  False
 Subc.        Vis.  3.1508 0.0071    0.3045  False
 Subc. Whole Brain -0.1387 0.8917       1.0  False
   VAN        Vis.  0.9585 0.3541       1.0  False
   VAN Whole Brain -1.6204 0.1275       1.0  False
  Vis. Whole Brain -6.0639    0.0    0.0016   True
--------------------------------------------------
Figure saved as RaincloudPlotBVC.png
Figure saved as ViolinPlotGVC90.png
Figure saved as BarPlotGVC90.png
Figure saved as JitterPlotGVC.png
