In flexiblehubs_1job parameters CHUNKLEN=120
Empty DataFrame
Columns: [subject, net1, net2, MeanBVC]
Index: []
Empty DataFrame
Columns: [subject, net1, net2, MeanGVC]
Index: []
Starting stage 3 ** Assign ROIs to networks ** for subject sub-01, chunklen 120 at 2020-12-28 17:16:23.480735
[[None 0.12734604843715536 0.12136887743808639 ... None None
  0.12449659594668532]
 [0.12734604843715536 None 0.1568804818853507 ... None None
  0.11257171431546792]
 [0.12136887743808637 0.1568804818853507 None ... None None
  0.11439520620171585]
 ...
 [None None None ... None None None]
 [None None None ... None None None]
 [0.12449659594668532 0.11257171431546792 0.11439520620171587 ... None
  None None]]
          0         1         2         3    ...   274   275   276        277
0        None  0.127346  0.121369  0.118955  ...  None  None  None   0.124497
1    0.127346      None   0.15688   0.12355  ...  None  None  None   0.112572
2    0.121369   0.15688      None   0.13082  ...  None  None  None   0.114395
3    0.118955   0.12355   0.13082      None  ...  None  None  None   0.088844
4     0.13218  0.170216  0.121815  0.149557  ...  None  None  None  0.0975932
..        ...       ...       ...       ...  ...   ...   ...   ...        ...
273      None      None      None      None  ...  None  None  None       None
274      None      None      None      None  ...  None  None  None       None
275      None      None      None      None  ...  None  None  None       None
276      None      None      None      None  ...  None  None  None       None
277  0.124497  0.112572  0.114395  0.088844  ...  None  None  None       None

[278 rows x 278 columns]
Starting stage 3 ** Assign ROIs to networks ** for subject sub-02, chunklen 120 at 2020-12-28 17:16:29.367186
[[None 0.1411822617295657 0.14620216176941667 ... None None
  0.12652653937613098]
 [0.14118226172956572 None 0.14309044315761604 ... None None
  0.1524813047627929]
 [0.1462021617694167 0.14309044315761604 None ... None None
  0.13570810837035097]
 ...
 [None None None ... None None None]
 [None None None ... None None None]
 [0.12652653937613098 0.1524813047627929 0.13570810837035097 ... None
  None None]]
           0          1         2          3    ...   274   275   276        277
0         None   0.141182  0.146202   0.148851  ...  None  None  None   0.126527
1     0.141182       None   0.14309   0.164151  ...  None  None  None   0.152481
2     0.146202    0.14309      None   0.134266  ...  None  None  None   0.135708
3     0.148851   0.164151  0.134266       None  ...  None  None  None  0.0933349
4    0.0847096  0.0861273   0.12235   0.163914  ...  None  None  None   0.145862
..         ...        ...       ...        ...  ...   ...   ...   ...        ...
273   0.216071   0.312677  0.194615   0.137895  ...  None  None  None   0.174422
274       None       None      None       None  ...  None  None  None       None
275       None       None      None       None  ...  None  None  None       None
276       None       None      None       None  ...  None  None  None       None
277   0.126527   0.152481  0.135708  0.0933349  ...  None  None  None       None

[278 rows x 278 columns]
Starting stage 3 ** Assign ROIs to networks ** for subject sub-03, chunklen 120 at 2020-12-28 17:16:35.283415
[[None 0.09776104550874062 0.1524627750504031 ... 0.21273437564736253
  0.1153141461853267 0.11971880670017342]
 [0.09776104550874062 None 0.11993269528753904 ... 0.1543496891682299
  0.11420629803727482 0.12338170841772415]
 [0.1524627750504031 0.11993269528753904 None ... 0.12731445515270629
  0.1584812064619579 0.11705637782904267]
 ...
 [0.21273437564736253 0.1543496891682299 0.12731445515270629 ... None
  0.26582348668933214 0.21960053779714783]
 [0.1153141461853267 0.11420629803727482 0.1584812064619579 ...
  0.2658234866893321 None 0.18982376005733043]
 [0.11971880670017343 0.12338170841772414 0.11705637782904267 ...
  0.2196005377971478 0.18982376005733043 None]]
          0         1          2    ...       275        276        277
0        None  0.097761   0.152463  ...  0.212734   0.115314   0.119719
1    0.097761      None   0.119933  ...   0.15435   0.114206   0.123382
2    0.152463  0.119933       None  ...  0.127314   0.158481   0.117056
3    0.132536  0.109697  0.0837722  ...  0.110823  0.0892176  0.0844222
4     0.11719  0.143865    0.13761  ...  0.109378   0.130142   0.136755
..        ...       ...        ...  ...       ...        ...        ...
273  0.118205  0.109061   0.141097  ...  0.305407   0.343788   0.233511
274  0.153862  0.126394   0.130923  ...  0.262196   0.247966   0.275097
275  0.212734   0.15435   0.127314  ...      None   0.265823   0.219601
276  0.115314  0.114206   0.158481  ...  0.265823       None   0.189824
277  0.119719  0.123382   0.117056  ...  0.219601   0.189824       None

[278 rows x 278 columns]
Starting stage 3 ** Assign ROIs to networks ** for subject sub-04, chunklen 120 at 2020-12-28 17:16:41.293438
[[None 0.13508557241907973 0.10832309528501669 ... 0.16095268022668852
  None 0.11669308438716332]
 [0.13508557241907973 None 0.0971207647623773 ... 0.10341406462510302
  None 0.09468011672751243]
 [0.10832309528501669 0.09712076476237731 None ... 0.10120540401210405
  None 0.07477190423716908]
 ...
 [0.1609526802266885 0.10341406462510302 0.10120540401210405 ... None
  None 0.22333896499755906]
 [None None None ... None None None]
 [0.11669308438716332 0.09468011672751243 0.07477190423716906 ...
  0.22333896499755906 None None]]
          0          1          2    ...        275   276        277
0        None   0.135086   0.108323  ...   0.160953  None   0.116693
1    0.135086       None  0.0971208  ...   0.103414  None  0.0946801
2    0.108323  0.0971208       None  ...   0.101205  None  0.0747719
3    0.115911   0.113599  0.0625125  ...  0.0790535  None  0.0360399
4    0.153394   0.141363   0.154517  ...    0.10976  None   0.138713
..        ...        ...        ...  ...        ...   ...        ...
273  0.218303   0.113414   0.168061  ...   0.234354  None   0.257583
274  0.258443   0.159717   0.203231  ...   0.276094  None   0.255443
275  0.160953   0.103414   0.101205  ...       None  None   0.223339
276      None       None       None  ...       None  None       None
277  0.116693  0.0946801  0.0747719  ...   0.223339  None       None

[278 rows x 278 columns]
Starting stage 3 ** Assign ROIs to networks ** for subject sub-05, chunklen 120 at 2020-12-28 17:16:47.287583
[[None 0.06366764665261199 0.05414460007226122 ... 0.22150155934026652
  0.4157217217944338 0.1784028712167195]
 [0.06366764665261199 None 0.07704166973108238 ... 0.15418670963416672
  0.45178111250619163 0.14048455372441604]
 [0.05414460007226122 0.07704166973108241 None ... 0.166862423874669
  0.4504063295609974 0.15088056007336245]
 ...
 [0.22150155934026652 0.1541867096341667 0.166862423874669 ... None
  0.647054817710974 0.10795586747571022]
 [0.4157217217944338 0.45178111250619163 0.4504063295609974 ...
  0.647054817710974 None 0.12818755649071398]
 [0.17840287121671947 0.14048455372441604 0.15088056007336245 ...
  0.10795586747571022 0.12818755649071398 None]]
           0          1          2    ...       275       276        277
0         None  0.0636676  0.0541446  ...  0.221502  0.415722   0.178403
1    0.0636676       None  0.0770417  ...  0.154187  0.451781   0.140485
2    0.0541446  0.0770417       None  ...  0.166862  0.450406   0.150881
3     0.133456   0.149944    0.15384  ...  0.281386  0.120175  0.0978065
4    0.0860327  0.0733297  0.0745555  ...  0.173595  0.486316    0.12909
..         ...        ...        ...  ...       ...       ...        ...
273     0.1474   0.197184   0.250347  ...   0.56688   0.41904    0.17497
274    0.12959   0.112619  0.0815832  ...  0.322115  0.607283   0.144979
275   0.221502   0.154187   0.166862  ...      None  0.647055   0.107956
276   0.415722   0.451781   0.450406  ...  0.647055      None   0.128188
277   0.178403   0.140485   0.150881  ...  0.107956  0.128188       None

[278 rows x 278 columns]
Starting stage 3 ** Assign ROIs to networks ** for subject sub-06, chunklen 120 at 2020-12-28 17:16:53.295950
[[None 0.08018135110285739 0.1358103573334769 ... None None
  0.1558783109416885]
 [0.0801813511028574 None 0.18523944763111988 ... None None
  0.1681079719659492]
 [0.1358103573334769 0.1852394476311199 None ... None None
  0.1637644925523152]
 ...
 [None None None ... None None None]
 [None None None ... None None None]
 [0.1558783109416885 0.1681079719659492 0.1637644925523152 ... None None
  None]]
           0          1         2         3    ...   274   275   276       277
0         None  0.0801814   0.13581  0.193567  ...  None  None  None  0.155878
1    0.0801814       None  0.185239  0.216955  ...  None  None  None  0.168108
2      0.13581   0.185239      None  0.112203  ...  None  None  None  0.163764
3     0.193567   0.216955  0.112203      None  ...  None  None  None  0.139255
4     0.151989   0.168746  0.206462  0.178643  ...  None  None  None  0.209149
..         ...        ...       ...       ...  ...   ...   ...   ...       ...
273       None       None      None      None  ...  None  None  None      None
274       None       None      None      None  ...  None  None  None      None
275       None       None      None      None  ...  None  None  None      None
276       None       None      None      None  ...  None  None  None      None
277   0.155878   0.168108  0.163764  0.139255  ...  None  None  None      None

[278 rows x 278 columns]
Starting stage 3 ** Assign ROIs to networks ** for subject sub-09, chunklen 120 at 2020-12-28 17:16:59.086197
[[None 0.16694777606349356 0.1644645060364491 ... 0.2415469568779601 None
  0.17847141182256293]
 [0.16694777606349356 None 0.12941442966348293 ... 0.235316934683997 None
  0.17905107119582167]
 [0.1644645060364491 0.12941442966348293 None ... 0.14893186131497566
  None 0.11744578694285253]
 ...
 [0.2415469568779601 0.235316934683997 0.14893186131497566 ... None None
  0.10752212795175785]
 [None None None ... None None None]
 [0.17847141182256293 0.17905107119582167 0.11744578694285251 ...
  0.10752212795175786 None None]]
          0         1          2    ...        275   276        277
0        None  0.166948   0.164465  ...   0.241547  None   0.178471
1    0.166948      None   0.129414  ...   0.235317  None   0.179051
2    0.164465  0.129414       None  ...   0.148932  None   0.117446
3    0.104731  0.158646   0.097633  ...  0.0939517  None  0.0898771
4    0.148217  0.121204    0.13645  ...   0.243722  None   0.147859
..        ...       ...        ...  ...        ...   ...        ...
273  0.119736  0.139906  0.0967685  ...   0.500849  None   0.176608
274  0.188147   0.13749  0.0951867  ...   0.282967  None   0.161912
275  0.241547  0.235317   0.148932  ...       None  None   0.107522
276      None      None       None  ...       None  None       None
277  0.178471  0.179051   0.117446  ...   0.107522  None       None

[278 rows x 278 columns]
Starting stage 3 ** Assign ROIs to networks ** for subject sub-10, chunklen 120 at 2020-12-28 17:17:05.055129
[[None 0.20422367358122637 0.14048532815257864 ... 0.14876926812191335
  0.11103029802526942 0.1669165709520514]
 [0.2042236735812264 None 0.13954562202115112 ... 0.1701378197915837
  0.14086177196559724 0.1802435742404591]
 [0.14048532815257864 0.13954562202115112 None ... 0.10345914357973854
  0.09914340199330278 0.12854599059457397]
 ...
 [0.14876926812191335 0.1701378197915837 0.10345914357973854 ... None
  0.22136435954606348 0.17290241322681882]
 [0.11103029802526942 0.14086177196559724 0.09914340199330277 ...
  0.22136435954606345 None 0.23993587445154346]
 [0.1669165709520514 0.1802435742404591 0.12854599059457397 ...
  0.17290241322681882 0.23993587445154346 None]]
          0          1          2    ...        275        276        277
0        None   0.204224   0.140485  ...   0.148769    0.11103   0.166917
1    0.204224       None   0.139546  ...   0.170138   0.140862   0.180244
2    0.140485   0.139546       None  ...   0.103459  0.0991434   0.128546
3    0.149572   0.210781   0.137808  ...  0.0945471   0.110476  0.0921588
4    0.166492  0.0734212   0.114279  ...   0.224192   0.195124   0.179281
..        ...        ...        ...  ...        ...        ...        ...
273  0.166218   0.150447   0.137397  ...    0.44073   0.370036   0.133322
274  0.117916   0.151329   0.145002  ...   0.361891   0.383977   0.164686
275  0.148769   0.170138   0.103459  ...       None   0.221364   0.172902
276   0.11103   0.140862  0.0991434  ...   0.221364       None   0.239936
277  0.166917   0.180244   0.128546  ...   0.172902   0.239936       None

[278 rows x 278 columns]
Starting stage 3 ** Assign ROIs to networks ** for subject sub-14, chunklen 120 at 2020-12-28 17:17:11.049120
[[None 0.19351285525904002 0.11028628473056235 ... 0.1968687259321633
  0.13424930167006172 0.12162548027644067]
 [0.19351285525904002 None 0.14420408028057208 ... 0.18178682476397878
  0.17346649912331932 0.16733173255761333]
 [0.11028628473056236 0.14420408028057208 None ... 0.11568702473808058
  0.10772749112671763 0.12664695862105727]
 ...
 [0.1968687259321633 0.18178682476397873 0.11568702473808058 ... None
  0.2629575791639319 0.1390262970565247]
 [0.13424930167006172 0.17346649912331932 0.10772749112671764 ...
  0.2629575791639319 None 0.1324486024432655]
 [0.12162548027644067 0.16733173255761333 0.12664695862105727 ...
  0.1390262970565247 0.1324486024432655 None]]
          0          1         2    ...       275        276        277
0        None   0.193513  0.110286  ...  0.196869   0.134249   0.121625
1    0.193513       None  0.144204  ...  0.181787   0.173466   0.167332
2    0.110286   0.144204      None  ...  0.115687   0.107727   0.126647
3    0.121354   0.180127  0.116431  ...  0.098057  0.0812005   0.066147
4     0.16709   0.125901  0.127252  ...  0.172987   0.152312   0.110218
..        ...        ...       ...  ...       ...        ...        ...
273  0.104598  0.0882492  0.116071  ...  0.324093    0.36033  0.0930237
274   0.11594   0.124746  0.129353  ...  0.339219   0.408355   0.180181
275  0.196869   0.181787  0.115687  ...      None   0.262958   0.139026
276  0.134249   0.173466  0.107727  ...  0.262958       None   0.132449
277  0.121625   0.167332  0.126647  ...  0.139026   0.132449       None

[278 rows x 278 columns]
Starting stage 3 ** Assign ROIs to networks ** for subject sub-15, chunklen 120 at 2020-12-28 17:17:17.072392
[[None 0.13441905080643335 0.12918940158462777 ... 0.1183227237289754
  None 0.1283768449341366]
 [0.13441905080643338 None 0.11260444148243787 ... 0.10519190264564997
  None 0.09687437913367543]
 [0.12918940158462777 0.11260444148243788 None ... 0.15358426596051428
  None 0.10164334655199883]
 ...
 [0.1183227237289754 0.10519190264564997 0.15358426596051428 ... None
  None 0.18475691839943614]
 [None None None ... None None None]
 [0.1283768449341366 0.09687437913367543 0.10164334655199884 ...
  0.18475691839943614 None None]]
           0          1         2    ...       275   276        277
0         None   0.134419  0.129189  ...  0.118323  None   0.128377
1     0.134419       None  0.112604  ...  0.105192  None  0.0968744
2     0.129189   0.112604      None  ...  0.153584  None   0.101643
3      0.12051   0.120316  0.124701  ...  0.223901  None   0.049871
4    0.0794225  0.0936961   0.13841  ...  0.140456  None   0.123617
..         ...        ...       ...  ...       ...   ...        ...
273   0.111992  0.0921062  0.112531  ...   0.33807  None   0.175159
274   0.135444   0.139911  0.092772  ...  0.428121  None   0.138237
275   0.118323   0.105192  0.153584  ...      None  None   0.184757
276       None       None      None  ...      None  None       None
277   0.128377  0.0968744  0.101643  ...  0.184757  None       None

[278 rows x 278 columns]
Starting stage 3 ** Assign ROIs to networks ** for subject sub-16, chunklen 120 at 2020-12-28 17:17:23.022148
[[None 0.27586974178643103 0.19191905140410784 ... 0.3376488189431728
  0.1524678128197453 0.16339674278551855]
 [0.27586974178643103 None 0.22166252723763955 ... 0.21465716210356103
  0.12128481171007811 0.15580201208543273]
 [0.19191905140410784 0.22166252723763957 None ... 0.18848191595106414
  0.12502231259364402 0.14568314757018314]
 ...
 [0.3376488189431728 0.21465716210356103 0.18848191595106414 ... None
  0.3749826073180756 0.2079830681383149]
 [0.15246781281974528 0.12128481171007811 0.12502231259364402 ...
  0.3749826073180756 None 0.22167239641524]
 [0.16339674278551855 0.15580201208543273 0.1456831475701831 ...
  0.2079830681383149 0.22167239641523998 None]]
          0         1         2    ...       275       276        277
0        None   0.27587  0.191919  ...  0.337649  0.152468   0.163397
1     0.27587      None  0.221663  ...  0.214657  0.121285   0.155802
2    0.191919  0.221663      None  ...  0.188482  0.125022   0.145683
3    0.167484  0.137469  0.122316  ...  0.122905  0.119752  0.0810273
4    0.228963  0.220381  0.150977  ...  0.219453  0.124906   0.167359
..        ...       ...       ...  ...       ...       ...        ...
273  0.123852  0.154783  0.170164  ...   0.39605  0.449762   0.151751
274  0.115191  0.172024  0.114436  ...   0.37564  0.311221   0.225654
275  0.337649  0.214657  0.188482  ...      None  0.374983   0.207983
276  0.152468  0.121285  0.125022  ...  0.374983      None   0.221672
277  0.163397  0.155802  0.145683  ...  0.207983  0.221672       None

[278 rows x 278 columns]
Starting stage 3 ** Assign ROIs to networks ** for subject sub-17, chunklen 120 at 2020-12-28 17:17:29.057212
[[None 0.25053487725701235 0.1778361112111196 ... 0.1321081644201179
  0.09657960086606227 0.1467664449899635]
 [0.25053487725701235 None 0.16277391857777887 ... 0.1805470134722237
  0.20380109436816965 0.1426551303932258]
 [0.17783611121111959 0.16277391857777884 None ... 0.12496891006257312
  0.19225255956118856 0.1875658437595349]
 ...
 [0.1321081644201179 0.18054701347222368 0.12496891006257312 ... None
  0.27248153994240704 0.1442694643544732]
 [0.09657960086606225 0.20380109436816965 0.19225255956118856 ...
  0.27248153994240704 None 0.1785676965803417]
 [0.1467664449899635 0.1426551303932258 0.1875658437595349 ...
  0.1442694643544732 0.17856769658034166 None]]
           0         1         2    ...       275        276       277
0         None  0.250535  0.177836  ...  0.132108  0.0965796  0.146766
1     0.250535      None  0.162774  ...  0.180547   0.203801  0.142655
2     0.177836  0.162774      None  ...  0.124969   0.192253  0.187566
3     0.167903  0.162691  0.171376  ...  0.136355   0.122072  0.105799
4       0.2231  0.200388  0.200702  ...  0.229144   0.233872  0.139855
..         ...       ...       ...  ...       ...        ...       ...
273   0.125225  0.149941  0.198751  ...  0.429069   0.428537   0.15783
274   0.162891  0.204445  0.191048  ...  0.433783   0.294125  0.238676
275   0.132108  0.180547  0.124969  ...      None   0.272482  0.144269
276  0.0965796  0.203801  0.192253  ...  0.272482       None  0.178568
277   0.146766  0.142655  0.187566  ...  0.144269   0.178568      None

[278 rows x 278 columns]
Starting stage 3 ** Assign ROIs to networks ** for subject sub-18, chunklen 120 at 2020-12-28 17:17:35.074299
[[None 0.12188821617851607 0.11544415540355016 ... 0.20159360466349394
  0.1625964511593336 0.15652342782517967]
 [0.12188821617851607 None 0.10919478076328 ... 0.161249795772237
  0.1677554216408066 0.13295011632639847]
 [0.11544415540355016 0.10919478076327999 None ... 0.09186282748015505
  0.06931486768581552 0.08863859626819502]
 ...
 [0.20159360466349394 0.16124979577223697 0.09186282748015505 ... None
  0.22095835194209767 0.12350104258367528]
 [0.1625964511593336 0.16775542164080656 0.06931486768581552 ...
  0.22095835194209767 None 0.11744073937657974]
 [0.15652342782517967 0.13295011632639847 0.08863859626819501 ...
  0.12350104258367528 0.11744073937657974 None]]
          0          1          2    ...        275        276        277
0        None   0.121888   0.115444  ...   0.201594   0.162596   0.156523
1    0.121888       None   0.109195  ...    0.16125   0.167755    0.13295
2    0.115444   0.109195       None  ...  0.0918628  0.0693149  0.0886386
3    0.109527    0.14506  0.0980778  ...  0.0922882    0.14404  0.0792543
4     0.12374   0.113068   0.101804  ...   0.185496    0.17291  0.0928561
..        ...        ...        ...  ...        ...        ...        ...
273  0.133846  0.0857224  0.0749126  ...   0.289293   0.255617    0.10121
274  0.101976  0.0866788  0.0872755  ...   0.324397   0.330353   0.221586
275  0.201594    0.16125  0.0918628  ...       None   0.220958   0.123501
276  0.162596   0.167755  0.0693149  ...   0.220958       None   0.117441
277  0.156523    0.13295  0.0886386  ...   0.123501   0.117441       None

[278 rows x 278 columns]
Starting stage 3 ** Assign ROIs to networks ** for subject sub-19, chunklen 120 at 2020-12-28 17:17:41.085435
[[None 0.09223879004856496 0.14780064829974487 ... 0.08847441019107191
  0.13507791517770218 0.11050596434041218]
 [0.09223879004856496 None 0.11502867609626521 ... 0.08906365714409134
  0.08720961821978367 0.1102138465082159]
 [0.14780064829974487 0.1150286760962652 None ... 0.08881666534877687
  0.1438889656921327 0.12786703688305492]
 ...
 [0.0884744101910719 0.08906365714409134 0.08881666534877684 ... None
  0.22572195998166353 0.13480526348791042]
 [0.13507791517770218 0.08720961821978368 0.1438889656921327 ...
  0.22572195998166353 None 0.22609249698667996]
 [0.11050596434041218 0.1102138465082159 0.12786703688305492 ...
  0.13480526348791042 0.22609249698668 None]]
           0          1          2    ...        275        276       277
0         None  0.0922388   0.147801  ...  0.0884744   0.135078  0.110506
1    0.0922388       None   0.115029  ...  0.0890637  0.0872096  0.110214
2     0.147801   0.115029       None  ...  0.0888167   0.143889  0.127867
3     0.118938   0.110707   0.112998  ...    0.05866  0.0824633  0.118427
4    0.0905414  0.0939729   0.135401  ...   0.155095   0.180738  0.160764
..         ...        ...        ...  ...        ...        ...       ...
273   0.111197   0.112621   0.155916  ...   0.376624   0.342511  0.182837
274   0.104524  0.0838948   0.132953  ...   0.436155    0.42888  0.177747
275  0.0884744  0.0890637  0.0888167  ...       None   0.225722  0.134805
276   0.135078  0.0872096   0.143889  ...   0.225722       None  0.226092
277   0.110506   0.110214   0.127867  ...   0.134805   0.226092      None

[278 rows x 278 columns]
Starting stage 3 ** Assign ROIs to networks ** for subject sub-20, chunklen 120 at 2020-12-28 17:17:47.072465
[[None 0.1699903344514641 0.1844650679376285 ... 0.23139817889941222
  0.18089747626168534 0.14361274584493736]
 [0.1699903344514641 None 0.2140653782744022 ... 0.23001335362398068
  0.18417946167415203 0.11374648275707377]
 [0.1844650679376285 0.2140653782744022 None ... 0.22662796316708228
  0.13574163178104795 0.12642044235878316]
 ...
 [0.23139817889941225 0.23001335362398068 0.22662796316708228 ... None
  0.3843866921931168 0.24346913211276383]
 [0.18089747626168534 0.18417946167415203 0.13574163178104795 ...
  0.3843866921931168 None 0.24547350417854255]
 [0.14361274584493736 0.11374648275707377 0.12642044235878316 ...
  0.24346913211276383 0.24547350417854255 None]]
           0         1         2    ...       275        276       277
0         None   0.16999  0.184465  ...  0.231398   0.180897  0.143613
1      0.16999      None  0.214065  ...  0.230013   0.184179  0.113746
2     0.184465  0.214065      None  ...  0.226628   0.135742   0.12642
3     0.144616   0.20094  0.115311  ...  0.240686  0.0886443  0.121965
4     0.177635  0.105557   0.20385  ...  0.205914   0.207656  0.136308
..         ...       ...       ...  ...       ...        ...       ...
273  0.0871048  0.119675  0.145239  ...  0.421273   0.417386  0.150179
274    0.13021  0.120303  0.160858  ...  0.409911   0.350372  0.113523
275   0.231398  0.230013  0.226628  ...      None   0.384387  0.243469
276   0.180897  0.184179  0.135742  ...  0.384387       None  0.245474
277   0.143613  0.113746   0.12642  ...  0.243469   0.245474      None

[278 rows x 278 columns]
     subject         net1   net2   MeanBVC
0     sub-01          FPN    CON  0.328686
1     sub-01          FPN    SAN  0.339974
2     sub-01          FPN    VAN  0.329673
3     sub-01          FPN    DAN  0.327714
4     sub-01          FPN    DMN  0.339152
...      ...          ...    ...       ...
1645  sub-20  Whole Brain    DMN  0.354502
1646  sub-20  Whole Brain  Motor  0.330368
1647  sub-20  Whole Brain   Aud.  0.310644
1648  sub-20  Whole Brain   Vis.  0.330244
1649  sub-20  Whole Brain  Subc.  0.356251

[1650 rows x 4 columns]
     subject         net1         net2   MeanGVC
0     sub-01          FPN          FPN  0.320440
1     sub-01          FPN          CON  0.328686
2     sub-01          FPN          SAN  0.339974
3     sub-01          FPN          VAN  0.329673
4     sub-01          FPN          DAN  0.327714
...      ...          ...          ...       ...
1810  sub-20  Whole Brain        Motor  0.330368
1811  sub-20  Whole Brain         Aud.  0.310644
1812  sub-20  Whole Brain         Vis.  0.330244
1813  sub-20  Whole Brain        Subc.  0.356251
1814  sub-20  Whole Brain  Whole Brain  0.346737

[1815 rows x 4 columns]
Starting stage 4 **Calculate statistics** at 2020-12-28 17:17:53.121084
     subject         net1   net2   MeanBVC
0     sub-01          FPN    CON  0.328686
1     sub-01          FPN    SAN  0.339974
2     sub-01          FPN    VAN  0.329673
3     sub-01          FPN    DAN  0.327714
4     sub-01          FPN    DMN  0.339152
...      ...          ...    ...       ...
1645  sub-20  Whole Brain    DMN  0.354502
1646  sub-20  Whole Brain  Motor  0.330368
1647  sub-20  Whole Brain   Aud.  0.310644
1648  sub-20  Whole Brain   Vis.  0.330244
1649  sub-20  Whole Brain  Subc.  0.356251

[1650 rows x 4 columns]
    subject         net2   MeanBVC
0    sub-01         Aud.  0.309516
1    sub-01          CON  0.335187
2    sub-01          DAN  0.332856
3    sub-01          DMN  0.348339
4    sub-01          FPN  0.325279
..      ...          ...       ...
160  sub-20          SAN  0.341149
161  sub-20        Subc.  0.347547
162  sub-20          VAN  0.341981
163  sub-20         Vis.  0.336733
164  sub-20  Whole Brain  0.337648

[165 rows x 3 columns]
Anova results for BVC
             df    sum_sq   mean_sq          F        PR(>F)
C(net2)    10.0  0.011335  0.001133  19.707254  4.776501e-23
Residual  154.0  0.008858  0.000058        NaN           NaN
T-test results for BVC
Test Multiple Comparison ttest_rel 
FWER=0.05 method=Holm
alphacSidak=0.00, alphacBonf=0.001
==================================================
group1    group2     stat   pval  pval_corr reject
--------------------------------------------------
  Aud.         CON -4.1584  0.001    0.0309   True
  Aud.         DAN -6.8681    0.0    0.0004   True
  Aud.         DMN -4.2957 0.0007    0.0251   True
  Aud.         FPN -2.5531  0.023    0.5055  False
  Aud.       Motor -3.0207 0.0092    0.2292  False
  Aud.         SAN  -6.296    0.0     0.001   True
  Aud.       Subc. -6.5506    0.0    0.0007   True
  Aud.         VAN -5.5581 0.0001     0.003   True
  Aud.        Vis. -5.6718 0.0001    0.0025   True
  Aud. Whole Brain -5.7073 0.0001    0.0024   True
   CON         DAN  -4.626 0.0004    0.0141   True
   CON         DMN -3.3662 0.0046    0.1338  False
   CON         FPN  3.2964 0.0053    0.1431  False
   CON       Motor  3.3618 0.0047    0.1338  False
   CON         SAN -2.3408 0.0346    0.7259  False
   CON       Subc. -4.2793 0.0008    0.0252   True
   CON         VAN -2.6432 0.0193    0.4435  False
   CON        Vis. -6.5188    0.0    0.0007   True
   CON Whole Brain   -5.21 0.0001    0.0052   True
   DAN         DMN  0.3993 0.6957       1.0  False
   DAN         FPN  7.1905    0.0    0.0003   True
   DAN       Motor  7.3238    0.0    0.0002   True
   DAN         SAN  0.6378 0.5339       1.0  False
   DAN       Subc. -1.8013 0.0932       1.0  False
   DAN         VAN  0.3807 0.7091       1.0  False
   DAN        Vis. -0.8625 0.4029       1.0  False
   DAN Whole Brain  1.9756 0.0682       1.0  False
   DMN         FPN  4.5175 0.0005    0.0169   True
   DMN       Motor   3.894 0.0016    0.0502  False
   DMN         SAN  0.1835 0.8571       1.0  False
   DMN       Subc. -2.0849 0.0559       1.0  False
   DMN         VAN  0.0081 0.9936       1.0  False
   DMN        Vis. -1.3163 0.2092       1.0  False
   DMN Whole Brain  0.7843  0.446       1.0  False
   FPN       Motor -0.5232  0.609       1.0  False
   FPN         SAN -6.1551    0.0    0.0012   True
   FPN       Subc. -6.0925    0.0    0.0013   True
   FPN         VAN -5.1792 0.0001    0.0053   True
   FPN        Vis. -5.4978 0.0001    0.0032   True
   FPN Whole Brain -6.7336    0.0    0.0005   True
 Motor         SAN -5.2683 0.0001    0.0048   True
 Motor       Subc. -4.8189 0.0003    0.0101   True
 Motor         VAN -3.7575 0.0021    0.0636  False
 Motor        Vis. -5.8971    0.0    0.0018   True
 Motor Whole Brain -5.7882    0.0    0.0021   True
   SAN       Subc. -1.8172 0.0906       1.0  False
   SAN         VAN -0.2044  0.841       1.0  False
   SAN        Vis. -0.9313 0.3675       1.0  False
   SAN Whole Brain  0.3464 0.7342       1.0  False
 Subc.         VAN  1.9754 0.0683       1.0  False
 Subc.        Vis.  1.4475 0.1698       1.0  False
 Subc. Whole Brain  3.2843 0.0054    0.1431  False
   VAN        Vis. -0.9524  0.357       1.0  False
   VAN Whole Brain  0.5758 0.5739       1.0  False
  Vis. Whole Brain  2.6932 0.0175    0.4197  False
--------------------------------------------------
Figure saved as ViolinPlotBVCcorr.png
Figure saved as BarPlotBVCcorr.png
     subject         net1         net2   MeanGVC
0     sub-01          FPN          FPN  0.320440
1     sub-01          FPN          CON  0.328686
2     sub-01          FPN          SAN  0.339974
3     sub-01          FPN          VAN  0.329673
4     sub-01          FPN          DAN  0.327714
...      ...          ...          ...       ...
1810  sub-20  Whole Brain        Motor  0.330368
1811  sub-20  Whole Brain         Aud.  0.310644
1812  sub-20  Whole Brain         Vis.  0.330244
1813  sub-20  Whole Brain        Subc.  0.356251
1814  sub-20  Whole Brain  Whole Brain  0.346737

[1815 rows x 4 columns]
    subject         net2   MeanGVC
0    sub-01         Aud.  0.304754
1    sub-01          CON  0.333111
2    sub-01          DAN  0.329606
3    sub-01          DMN  0.346940
4    sub-01          FPN  0.321807
..      ...          ...       ...
160  sub-20          SAN  0.337758
161  sub-20        Subc.  0.347173
162  sub-20          VAN  0.338167
163  sub-20         Vis.  0.328449
164  sub-20  Whole Brain  0.339998

[165 rows x 3 columns]
Anova results for GVC
             df    sum_sq   mean_sq          F        PR(>F)
C(net2)    10.0  0.015769  0.001577  22.022972  4.199440e-25
Residual  154.0  0.011027  0.000072        NaN           NaN
T-test results for GVC
Test Multiple Comparison ttest_rel 
FWER=0.05 method=Holm
alphacSidak=0.00, alphacBonf=0.001
==================================================
group1    group2     stat   pval  pval_corr reject
--------------------------------------------------
  Aud.         CON -4.6397 0.0004    0.0134   True
  Aud.         DAN  -7.068    0.0    0.0003   True
  Aud.         DMN -4.6618 0.0004    0.0132   True
  Aud.         FPN -3.1885 0.0066    0.1708  False
  Aud.       Motor   -3.49 0.0036    0.0974  False
  Aud.         SAN -7.0088    0.0    0.0003   True
  Aud.       Subc. -6.9227    0.0    0.0004   True
  Aud.         VAN  -6.077    0.0    0.0013   True
  Aud.        Vis. -6.0144    0.0    0.0014   True
  Aud. Whole Brain -6.0583    0.0    0.0013   True
   CON         DAN -3.8898 0.0016     0.049   True
   CON         DMN -3.1807 0.0067    0.1708  False
   CON         FPN  3.7176 0.0023    0.0666  False
   CON       Motor  4.1962 0.0009    0.0296   True
   CON         SAN -1.4899 0.1584       1.0  False
   CON       Subc. -3.9742 0.0014    0.0429   True
   CON         VAN -1.4227 0.1767       1.0  False
   CON        Vis.  -4.081 0.0011    0.0359   True
   CON Whole Brain -6.0895    0.0    0.0013   True
   DAN         DMN  0.0238 0.9813       1.0  False
   DAN         FPN  8.0588    0.0    0.0001   True
   DAN       Motor  8.1022    0.0    0.0001   True
   DAN         SAN  0.9189 0.3737       1.0  False
   DAN       Subc. -2.0255 0.0623       1.0  False
   DAN         VAN  0.9873 0.3402       1.0  False
   DAN        Vis.  1.0029 0.3329       1.0  False
   DAN Whole Brain  0.1912 0.8511       1.0  False
   DMN         FPN   4.733 0.0003    0.0119   True
   DMN       Motor  4.2912 0.0007    0.0254   True
   DMN         SAN  0.5894  0.565       1.0  False
   DMN       Subc. -1.9168 0.0759       1.0  False
   DMN         VAN  0.7228 0.4817       1.0  False
   DMN        Vis.  0.6729  0.512       1.0  False
   DMN Whole Brain  0.0978 0.9235       1.0  False
   FPN       Motor -0.6156  0.548       1.0  False
   FPN         SAN  -5.919    0.0    0.0016   True
   FPN       Subc. -6.5611    0.0    0.0006   True
   FPN         VAN -5.3008 0.0001    0.0046   True
   FPN        Vis. -5.2428 0.0001    0.0049   True
   FPN Whole Brain -7.0644    0.0    0.0003   True
 Motor         SAN -5.2935 0.0001    0.0046   True
 Motor       Subc. -5.0909 0.0002    0.0062   True
 Motor         VAN    -3.7 0.0024    0.0666  False
 Motor        Vis. -6.0579    0.0    0.0013   True
 Motor Whole Brain -6.7869    0.0    0.0004   True
   SAN       Subc. -2.0447 0.0602       1.0  False
   SAN         VAN  0.1258 0.9017       1.0  False
   SAN        Vis. -0.2098 0.8368       1.0  False
   SAN Whole Brain -0.7425 0.4701       1.0  False
 Subc.         VAN  2.5319 0.0239    0.5267  False
 Subc.        Vis.  2.6801 0.0179    0.4306  False
 Subc. Whole Brain  2.5657 0.0224    0.5157  False
   VAN        Vis. -0.3889 0.7032       1.0  False
   VAN Whole Brain -0.8781 0.3947       1.0  False
  Vis. Whole Brain -1.0993 0.2902       1.0  False
--------------------------------------------------
Figure saved as ViolinPlotGVCcorr120.png
