In flexiblehubs_1jobPoolSubjsSF parameters CHUNKLEN=15
Starting stage 4 **Calculate statistics** at 2021-06-09 12:07:55.766286
     subject         net1   net2   MeanBVC
0     sub-01          FPN    CON  0.396427
1     sub-01          FPN    SAN  0.395287
2     sub-01          FPN    VAN  0.398061
3     sub-01          FPN    DAN  0.395528
4     sub-01          FPN    DMN  0.393401
...      ...          ...    ...       ...
1645  sub-20  Whole Brain    DMN  0.414903
1646  sub-20  Whole Brain  Motor  0.442006
1647  sub-20  Whole Brain   Aud.  0.416457
1648  sub-20  Whole Brain   Vis.  0.428558
1649  sub-20  Whole Brain  Subc.  0.427768

[1650 rows x 4 columns]
    subject         net2   MeanBVC
0    sub-01         Aud.  0.423478
1    sub-01          CON  0.421450
2    sub-01          DAN  0.418837
3    sub-01          DMN  0.419410
4    sub-01          FPN  0.412883
..      ...          ...       ...
160  sub-20          SAN  0.426756
161  sub-20        Subc.  0.417256
162  sub-20          VAN  0.428214
163  sub-20         Vis.  0.418550
164  sub-20  Whole Brain  0.418427

[165 rows x 3 columns]
Anova results for BVC
             df    sum_sq   mean_sq         F        PR(>F)
C(net2)    10.0  0.002477  0.000248  5.535636  5.070949e-07
Residual  154.0  0.006892  0.000045       NaN           NaN
T-test results for BVC
Test Multiple Comparison ttest_rel 
FWER=0.05 method=Holm
alphacSidak=0.00, alphacBonf=0.001
==================================================
group1    group2     stat   pval  pval_corr reject
--------------------------------------------------
  Aud.         CON  2.8032 0.0141    0.5637  False
  Aud.         DAN -2.7679 0.0151     0.589  False
  Aud.         DMN  1.3759 0.1905       1.0  False
  Aud.         FPN -0.1487 0.8839       1.0  False
  Aud.       Motor -2.3816  0.032    0.9912  False
  Aud.         SAN -1.8704 0.0825       1.0  False
  Aud.       Subc. -0.1397 0.8909       1.0  False
  Aud.         VAN -2.6653 0.0185    0.7017  False
  Aud.        Vis. -0.2387 0.8148       1.0  False
  Aud. Whole Brain -0.5271 0.6063       1.0  False
   CON         DAN -3.7992  0.002    0.1036  False
   CON         DMN  -2.467 0.0271    0.8957  False
   CON         FPN -1.0182 0.3259       1.0  False
   CON       Motor -3.4912 0.0036    0.1691  False
   CON         SAN -3.2515 0.0058    0.2608  False
   CON       Subc.  -1.356 0.1966       1.0  False
   CON         VAN -3.7915  0.002    0.1036  False
   CON        Vis. -2.1781  0.047       1.0  False
   CON Whole Brain -2.5316  0.024    0.8865  False
   DAN         DMN  3.4664 0.0038    0.1738  False
   DAN         FPN  3.8669 0.0017    0.0923  False
   DAN       Motor  1.3596 0.1955       1.0  False
   DAN         SAN  2.1582 0.0488       1.0  False
   DAN       Subc.  3.5158 0.0034    0.1644  False
   DAN         VAN -0.5215 0.6102       1.0  False
   DAN        Vis.  3.7983  0.002    0.1036  False
   DAN Whole Brain  4.3247 0.0007    0.0385   True
   DMN         FPN  -0.533 0.6024       1.0  False
   DMN       Motor -3.2236 0.0061    0.2696  False
   DMN         SAN -2.9675 0.0102     0.438  False
   DMN       Subc.  -0.684 0.5052       1.0  False
   DMN         VAN -3.6698 0.0025    0.1262  False
   DMN        Vis. -1.1788 0.2581       1.0  False
   DMN Whole Brain  -1.838 0.0874       1.0  False
   FPN       Motor -1.5096 0.1534       1.0  False
   FPN         SAN -0.9702 0.3484       1.0  False
   FPN       Subc.  0.0997  0.922       1.0  False
   FPN         VAN  -2.056 0.0589       1.0  False
   FPN        Vis.  0.0156 0.9878       1.0  False
   FPN Whole Brain -0.0857 0.9329       1.0  False
 Motor         SAN  1.0431 0.3146       1.0  False
 Motor       Subc.  2.5134 0.0248    0.8934  False
 Motor         VAN -1.3414 0.2011       1.0  False
 Motor        Vis.   2.455 0.0278    0.8957  False
 Motor Whole Brain  3.6332 0.0027     0.133  False
   SAN       Subc.  1.4421 0.1713       1.0  False
   SAN         VAN -2.1483 0.0497       1.0  False
   SAN        Vis.  1.9381  0.073       1.0  False
   SAN Whole Brain  2.5039 0.0253    0.8934  False
 Subc.         VAN -2.4853 0.0262    0.8934  False
 Subc.        Vis. -0.0704 0.9448       1.0  False
 Subc. Whole Brain -0.2603 0.7985       1.0  False
   VAN        Vis.  2.8498 0.0129    0.5271  False
   VAN Whole Brain  2.9535 0.0105    0.4399  False
  Vis. Whole Brain -0.2438 0.8109       1.0  False
--------------------------------------------------
Figure saved as RainViolinPlotBVCreg.png
Figure saved as LineViolinPlotBVCreg.png
Figure saved as ViolinPlotBVC.png
Figure saved as BarPlotBVC.png
     subject         net1         net2   MeanGVC
0     sub-01          FPN          FPN  0.369709
1     sub-01          FPN          CON  0.396427
2     sub-01          FPN          SAN  0.395287
3     sub-01          FPN          VAN  0.398061
4     sub-01          FPN          DAN  0.395528
...      ...          ...          ...       ...
1810  sub-20  Whole Brain        Motor  0.442006
1811  sub-20  Whole Brain         Aud.  0.416457
1812  sub-20  Whole Brain         Vis.  0.428558
1813  sub-20  Whole Brain        Subc.  0.427768
1814  sub-20  Whole Brain  Whole Brain  0.429963

[1815 rows x 4 columns]
    subject         net2   MeanGVC
0    sub-01         Aud.  0.420305
1    sub-01          CON  0.418565
2    sub-01          DAN  0.416490
3    sub-01          DMN  0.418878
4    sub-01          FPN  0.410196
..      ...          ...       ...
160  sub-20          SAN  0.425250
161  sub-20        Subc.  0.415539
162  sub-20          VAN  0.422653
163  sub-20         Vis.  0.416902
164  sub-20  Whole Brain  0.418437

[165 rows x 3 columns]
Anova results for GVC
             df    sum_sq   mean_sq         F   PR(>F)
C(net2)    10.0  0.002127  0.000213  4.396408  0.00002
Residual  154.0  0.007450  0.000048       NaN      NaN
T-test results for GVC
Test Multiple Comparison ttest_rel 
FWER=0.05 method=Holm
alphacSidak=0.00, alphacBonf=0.001
==================================================
group1    group2     stat   pval  pval_corr reject
--------------------------------------------------
  Aud.         CON  2.4057 0.0305       1.0  False
  Aud.         DAN -3.0074 0.0094     0.433  False
  Aud.         DMN -0.7814 0.4476       1.0  False
  Aud.         FPN -0.3033 0.7661       1.0  False
  Aud.       Motor -2.9904 0.0097    0.4381  False
  Aud.         SAN -2.4825 0.0263       1.0  False
  Aud.       Subc. -0.5633 0.5821       1.0  False
  Aud.         VAN -2.0648  0.058       1.0  False
  Aud.        Vis. -0.8144  0.429       1.0  False
  Aud. Whole Brain -2.3881 0.0316       1.0  False
   CON         DAN -3.9493 0.0015    0.0741  False
   CON         DMN -4.8168 0.0003    0.0151   True
   CON         FPN -1.1355 0.2752       1.0  False
   CON       Motor -3.9623 0.0014    0.0737  False
   CON         SAN -3.7261 0.0023    0.1129  False
   CON       Subc. -1.6187 0.1278       1.0  False
   CON         VAN -3.1284 0.0074    0.3479  False
   CON        Vis. -2.8012 0.0141    0.5942  False
   CON Whole Brain -4.1549  0.001    0.0525  False
   DAN         DMN  2.8574 0.0127    0.5446  False
   DAN         FPN   3.996 0.0013    0.0703  False
   DAN       Motor   1.012 0.3287       1.0  False
   DAN         SAN   1.811 0.0916       1.0  False
   DAN       Subc.  3.3421 0.0048    0.2323  False
   DAN         VAN   0.222 0.8276       1.0  False
   DAN        Vis.  3.3574 0.0047      0.23  False
   DAN Whole Brain  2.9534 0.0105    0.4609  False
   DMN         FPN -0.0791 0.9381       1.0  False
   DMN       Motor -2.7676 0.0151    0.6197  False
   DMN         SAN -2.3676 0.0328       1.0  False
   DMN       Subc. -0.1816 0.8585       1.0  False
   DMN         VAN -2.2167 0.0437       1.0  False
   DMN        Vis. -0.6163 0.5476       1.0  False
   DMN Whole Brain -2.3969 0.0311       1.0  False
   FPN       Motor -1.7831 0.0963       1.0  False
   FPN         SAN  -1.249 0.2322       1.0  False
   FPN       Subc. -0.0724 0.9433       1.0  False
   FPN         VAN -1.4574 0.1671       1.0  False
   FPN        Vis. -0.2525 0.8044       1.0  False
   FPN Whole Brain -0.9762 0.3455       1.0  False
 Motor         SAN  1.0132 0.3281       1.0  False
 Motor       Subc.   2.729 0.0163    0.6522  False
 Motor         VAN -0.3262 0.7491       1.0  False
 Motor        Vis.  2.4025 0.0307       1.0  False
 Motor Whole Brain  2.3088 0.0367       1.0  False
   SAN       Subc.  1.5951  0.133       1.0  False
   SAN         VAN -0.9614 0.3526       1.0  False
   SAN        Vis.   1.849 0.0857       1.0  False
   SAN Whole Brain  0.9689  0.349       1.0  False
 Subc.         VAN -1.6498 0.1212       1.0  False
 Subc.        Vis. -0.2012 0.8435       1.0  False
 Subc. Whole Brain -1.3189 0.2084       1.0  False
   VAN        Vis.  1.7325 0.1051       1.0  False
   VAN Whole Brain  1.2709 0.2245       1.0  False
  Vis. Whole Brain -1.5779 0.1369       1.0  False
--------------------------------------------------
Figure saved as RainViolinPlotGVC.png
Figure saved as LineViolinPlotGVC.png
Figure saved as ViolinPlotGVC15.png
Figure saved as BarPlotGVC15.png
