In flexiblehubs_1jobPoolSubjsSF parameters CHUNKLEN=60
Starting stage 4 **Calculate statistics** at 2021-01-07 19:08:07.636521
     subject         net1   net2   MeanBVC
0     sub-01          FPN    CON  0.281375
1     sub-01          FPN    SAN  0.287609
2     sub-01          FPN    VAN  0.278443
3     sub-01          FPN    DAN  0.281246
4     sub-01          FPN    DMN  0.290628
...      ...          ...    ...       ...
1645  sub-20  Whole Brain    DMN  0.308938
1646  sub-20  Whole Brain  Motor  0.296740
1647  sub-20  Whole Brain   Aud.  0.288015
1648  sub-20  Whole Brain   Vis.  0.294173
1649  sub-20  Whole Brain  Subc.  0.306204

[1650 rows x 4 columns]
    subject         net2   MeanBVC
0    sub-01         Aud.  0.280211
1    sub-01          CON  0.293626
2    sub-01          DAN  0.290982
3    sub-01          DMN  0.303198
4    sub-01          FPN  0.288030
..      ...          ...       ...
160  sub-20          SAN  0.295739
161  sub-20        Subc.  0.296381
162  sub-20          VAN  0.298386
163  sub-20         Vis.  0.297946
164  sub-20  Whole Brain  0.294892

[165 rows x 3 columns]
Anova results for BVC
             df    sum_sq   mean_sq          F        PR(>F)
C(net2)    10.0  0.002824  0.000282  10.858255  7.495793e-14
Residual  154.0  0.004005  0.000026        NaN           NaN
T-test results for BVC
Test Multiple Comparison ttest_rel 
FWER=0.05 method=Holm
alphacSidak=0.00, alphacBonf=0.001
==================================================
group1    group2     stat   pval  pval_corr reject
--------------------------------------------------
  Aud.         CON -1.9986 0.0655       1.0  False
  Aud.         DAN -4.8993 0.0002    0.0117   True
  Aud.         DMN -3.1621 0.0069    0.2146  False
  Aud.         FPN -1.4206 0.1773       1.0  False
  Aud.       Motor -1.4196 0.1776       1.0  False
  Aud.         SAN -3.9587 0.0014    0.0557  False
  Aud.       Subc. -4.2975 0.0007    0.0324   True
  Aud.         VAN -3.9332 0.0015    0.0557  False
  Aud.        Vis.   -4.32 0.0007    0.0318   True
  Aud. Whole Brain -3.9982 0.0013    0.0541  False
   CON         DAN -3.9708 0.0014    0.0557  False
   CON         DMN  -3.962 0.0014    0.0557  False
   CON         FPN  1.5883 0.1345       1.0  False
   CON       Motor  1.1848 0.2558       1.0  False
   CON         SAN -2.8081  0.014    0.3908  False
   CON       Subc. -2.9051 0.0115    0.3344  False
   CON         VAN  -3.528 0.0033    0.1137  False
   CON        Vis. -6.3445    0.0     0.001   True
   CON Whole Brain -4.7892 0.0003    0.0138   True
   DAN         DMN  0.0218 0.9829       1.0  False
   DAN         FPN  6.0778    0.0    0.0015   True
   DAN       Motor  4.9536 0.0002    0.0108   True
   DAN         SAN  1.0371 0.3173       1.0  False
   DAN       Subc. -0.3328 0.7442       1.0  False
   DAN         VAN  0.3791 0.7103       1.0  False
   DAN        Vis.  -2.078 0.0566       1.0  False
   DAN Whole Brain  1.6317  0.125       1.0  False
   DMN         FPN  3.9126 0.0016    0.0563  False
   DMN       Motor  3.1863 0.0066    0.2111  False
   DMN         SAN  0.7423 0.4702       1.0  False
   DMN       Subc. -0.3226 0.7518       1.0  False
   DMN         VAN  0.3052 0.7647       1.0  False
   DMN        Vis. -2.4173 0.0299    0.7765  False
   DMN Whole Brain  1.0842 0.2966       1.0  False
   FPN       Motor -0.3192 0.7543       1.0  False
   FPN         SAN -4.4416 0.0006    0.0257   True
   FPN       Subc. -4.2574 0.0008    0.0343   True
   FPN         VAN -4.4993 0.0005    0.0235   True
   FPN        Vis. -5.4967 0.0001    0.0041   True
   FPN Whole Brain -6.1039    0.0    0.0015   True
 Motor         SAN -3.4661 0.0038    0.1248  False
 Motor       Subc.  -2.745 0.0158    0.4266  False
 Motor         VAN  -2.922 0.0111    0.3344  False
 Motor        Vis. -4.9028 0.0002    0.0117   True
 Motor Whole Brain -4.0681 0.0012    0.0484   True
   SAN       Subc.  -1.014 0.3278       1.0  False
   SAN         VAN -0.5047 0.6216       1.0  False
   SAN        Vis. -2.0294 0.0619       1.0  False
   SAN Whole Brain -0.1869 0.8544       1.0  False
 Subc.         VAN  0.6266  0.541       1.0  False
 Subc.        Vis. -0.8687 0.3996       1.0  False
 Subc. Whole Brain   1.227   0.24       1.0  False
   VAN        Vis. -1.9568 0.0706       1.0  False
   VAN Whole Brain  0.5144  0.615       1.0  False
  Vis. Whole Brain  3.6915 0.0024    0.0846  False
--------------------------------------------------
Figure saved as ViolinPlotBVCcorr.png
Figure saved as BarPlotBVCcorr.png
     subject         net1         net2   MeanGVC
0     sub-01          FPN          FPN  0.277929
1     sub-01          FPN          CON  0.281375
2     sub-01          FPN          SAN  0.287609
3     sub-01          FPN          VAN  0.278443
4     sub-01          FPN          DAN  0.281246
...      ...          ...          ...       ...
1810  sub-20  Whole Brain        Motor  0.296740
1811  sub-20  Whole Brain         Aud.  0.288015
1812  sub-20  Whole Brain         Vis.  0.294173
1813  sub-20  Whole Brain        Subc.  0.306204
1814  sub-20  Whole Brain  Whole Brain  0.305073

[1815 rows x 4 columns]
    subject         net2   MeanGVC
0    sub-01         Aud.  0.277097
1    sub-01          CON  0.291984
2    sub-01          DAN  0.288445
3    sub-01          DMN  0.302029
4    sub-01          FPN  0.285449
..      ...          ...       ...
160  sub-20          SAN  0.292855
161  sub-20        Subc.  0.295976
162  sub-20          VAN  0.295450
163  sub-20         Vis.  0.291278
164  sub-20  Whole Brain  0.296740

[165 rows x 3 columns]
Anova results for GVC
             df    sum_sq   mean_sq          F        PR(>F)
C(net2)    10.0  0.004060  0.000406  12.626886  6.908276e-16
Residual  154.0  0.004951  0.000032        NaN           NaN
T-test results for GVC
Test Multiple Comparison ttest_rel 
FWER=0.05 method=Holm
alphacSidak=0.00, alphacBonf=0.001
==================================================
group1    group2     stat   pval  pval_corr reject
--------------------------------------------------
  Aud.         CON  -2.806  0.014    0.4204  False
  Aud.         DAN -5.2801 0.0001    0.0059   True
  Aud.         DMN -3.6707 0.0025    0.0907  False
  Aud.         FPN -2.2584 0.0404       1.0  False
  Aud.       Motor -2.0865 0.0557       1.0  False
  Aud.         SAN -4.6488 0.0004    0.0156   True
  Aud.       Subc. -4.9488 0.0002    0.0103   True
  Aud.         VAN -4.5427 0.0005    0.0184   True
  Aud.        Vis. -4.6551 0.0004    0.0156   True
  Aud. Whole Brain -4.6774 0.0004    0.0153   True
   CON         DAN -3.4653 0.0038     0.125  False
   CON         DMN -3.7169 0.0023    0.0851  False
   CON         FPN  2.1558  0.049       1.0  False
   CON       Motor  1.9076 0.0772       1.0  False
   CON         SAN -1.6894 0.1133       1.0  False
   CON       Subc. -2.6858 0.0177    0.5145  False
   CON         VAN  -2.046   0.06       1.0  False
   CON        Vis. -4.8015 0.0003    0.0127   True
   CON Whole Brain -5.3908 0.0001    0.0049   True
   DAN         DMN -0.3325 0.7444       1.0  False
   DAN         FPN  6.6992    0.0    0.0006   True
   DAN       Motor  5.5198 0.0001     0.004   True
   DAN         SAN  1.4258 0.1758       1.0  False
   DAN       Subc. -0.6302 0.5387       1.0  False
   DAN         VAN  1.1787 0.2582       1.0  False
   DAN        Vis.  0.0332 0.9739       1.0  False
   DAN Whole Brain -0.3372  0.741       1.0  False
   DMN         FPN  4.1574  0.001    0.0377   True
   DMN       Motor  3.5987 0.0029    0.1017  False
   DMN         SAN  1.1686 0.2621       1.0  False
   DMN       Subc.  -0.321 0.7529       1.0  False
   DMN         VAN  1.1466 0.2708       1.0  False
   DMN        Vis.  0.4501 0.6595       1.0  False
   DMN Whole Brain  0.2642 0.7955       1.0  False
   FPN       Motor -0.3907 0.7019       1.0  False
   FPN         SAN  -4.096 0.0011    0.0414   True
   FPN       Subc.  -4.867 0.0002    0.0117   True
   FPN         VAN -4.7546 0.0003    0.0135   True
   FPN        Vis. -5.2875 0.0001    0.0059   True
   FPN Whole Brain -6.4448    0.0    0.0008   True
 Motor         SAN -3.4972 0.0036    0.1209  False
 Motor       Subc. -3.0792 0.0082    0.2612  False
 Motor         VAN   -2.84 0.0131    0.4063  False
 Motor        Vis. -4.8361 0.0003    0.0121   True
 Motor Whole Brain -5.1916 0.0001    0.0067   True
   SAN       Subc.   -1.43 0.1747       1.0  False
   SAN         VAN -0.1712 0.8666       1.0  False
   SAN        Vis. -1.2206 0.2424       1.0  False
   SAN Whole Brain -1.5261 0.1492       1.0  False
 Subc.         VAN  1.5276 0.1489       1.0  False
 Subc.        Vis.  0.6917 0.5004       1.0  False
 Subc. Whole Brain  0.5819 0.5699       1.0  False
   VAN        Vis. -1.2636  0.227       1.0  False
   VAN Whole Brain -1.3871 0.1871       1.0  False
  Vis. Whole Brain  -0.443 0.6645       1.0  False
--------------------------------------------------
Figure saved as ViolinPlotGVCcorr60.png
