In flexiblehubs_1jobPoolSubjsSF parameters CHUNKLEN=60
Empty DataFrame
Columns: [subject, net1, net2, MeanBVC]
Index: []
Empty DataFrame
Columns: [subject, net1, net2, MeanGVC]
Index: []
Starting stage 3 ** Assign ROIs to networks ** for subject sub-01, chunklen 60 at 2021-05-25 12:01:25.013616
[[None 0.15928055518454154 0.14740858812143254 ... None None
  0.18424741541578046]
 [0.15928055518454154 None 0.1947079559175498 ... None None
  0.16132291746134536]
 [0.14740858812143254 0.19470795591754977 None ... None None
  0.15352112417152922]
 ...
 [None None None ... None None None]
 [None None None ... None None None]
 [0.18424741541578044 0.16132291746134536 0.15352112417152922 ... None
  None None]]
          0         1         2         3    ...   274   275   276       277
0        None  0.159281  0.147409  0.177364  ...  None  None  None  0.184247
1    0.159281      None  0.194708  0.171736  ...  None  None  None  0.161323
2    0.147409  0.194708      None  0.146654  ...  None  None  None  0.153521
3    0.177364  0.171736  0.146654      None  ...  None  None  None  0.144697
4    0.157473  0.193445  0.179039  0.197288  ...  None  None  None  0.159112
..        ...       ...       ...       ...  ...   ...   ...   ...       ...
273      None      None      None      None  ...  None  None  None      None
274      None      None      None      None  ...  None  None  None      None
275      None      None      None      None  ...  None  None  None      None
276      None      None      None      None  ...  None  None  None      None
277  0.184247  0.161323  0.153521  0.144697  ...  None  None  None      None

[278 rows x 278 columns]
Starting stage 3 ** Assign ROIs to networks ** for subject sub-02, chunklen 60 at 2021-05-25 12:01:30.845025
[[None 0.15066381356191305 0.1914608675065837 ... None None
  0.1817713667777331]
 [0.15066381356191305 None 0.1666560178042119 ... None None
  0.19154308702917372]
 [0.19146086750658367 0.1666560178042119 None ... None None
  0.16647846969972252]
 ...
 [None None None ... None None None]
 [None None None ... None None None]
 [0.18177136677773306 0.19154308702917372 0.16647846969972252 ... None
  None None]]
          0          1         2         3    ...   274   275   276       277
0        None   0.150664  0.191461  0.203754  ...  None  None  None  0.181771
1    0.150664       None  0.166656  0.210546  ...  None  None  None  0.191543
2    0.191461   0.166656      None  0.175992  ...  None  None  None  0.166478
3    0.203754   0.210546  0.175992      None  ...  None  None  None  0.115376
4    0.110516  0.0938573  0.180227  0.246089  ...  None  None  None  0.200709
..        ...        ...       ...       ...  ...   ...   ...   ...       ...
273  0.230811   0.293094  0.235291  0.190125  ...  None  None  None  0.161308
274      None       None      None      None  ...  None  None  None      None
275      None       None      None      None  ...  None  None  None      None
276      None       None      None      None  ...  None  None  None      None
277  0.181771   0.191543  0.166478  0.115376  ...  None  None  None      None

[278 rows x 278 columns]
Starting stage 3 ** Assign ROIs to networks ** for subject sub-03, chunklen 60 at 2021-05-25 12:01:36.738295
[[None 0.14178514511070564 0.18622251301236958 ... 0.17877461256781893
  0.14387992081030407 0.14409106221906487]
 [0.14178514511070564 None 0.17454582803623372 ... 0.18130353610211294
  0.16033212372237263 0.15072173621932528]
 [0.18622251301236958 0.1745458280362337 None ... 0.1547586895513424
  0.20290964824446162 0.1281467851395138]
 ...
 [0.17877461256781893 0.18130353610211294 0.1547586895513424 ... None
  0.22619787821633705 0.17983487641354598]
 [0.14387992081030407 0.16033212372237265 0.20290964824446162 ...
  0.22619787821633705 None 0.16786676558613686]
 [0.1440910622190649 0.1507217362193253 0.12814678513951377 ...
  0.17983487641354598 0.1678667655861369 None]]
          0         1         2    ...       275       276       277
0        None  0.141785  0.186223  ...  0.178775   0.14388  0.144091
1    0.141785      None  0.174546  ...  0.181304  0.160332  0.150722
2    0.186223  0.174546      None  ...  0.154759   0.20291  0.128147
3    0.187661  0.157662  0.119033  ...  0.139833  0.137118  0.102527
4    0.125225  0.177991  0.197204  ...  0.183122  0.192167  0.156523
..        ...       ...       ...  ...       ...       ...       ...
273  0.162949  0.192078  0.192797  ...  0.281088  0.326336  0.235378
274  0.176727  0.199672  0.185293  ...  0.249535  0.219375  0.224641
275  0.178775  0.181304  0.154759  ...      None  0.226198  0.179835
276   0.14388  0.160332   0.20291  ...  0.226198      None  0.167867
277  0.144091  0.150722  0.128147  ...  0.179835  0.167867      None

[278 rows x 278 columns]
Starting stage 3 ** Assign ROIs to networks ** for subject sub-04, chunklen 60 at 2021-05-25 12:01:42.707688
[[None 0.13373295465712984 0.1293130451196317 ... 0.14943943720447847
  None 0.14595829338074762]
 [0.13373295465712984 None 0.12167024584192593 ... 0.1351023935506526
  None 0.12133024487658761]
 [0.12931304511963174 0.12167024584192591 None ... 0.12289837656035427
  None 0.08621274811510844]
 ...
 [0.14943943720447847 0.1351023935506526 0.12289837656035428 ... None
  None 0.1803361919901603]
 [None None None ... None None None]
 [0.14595829338074762 0.12133024487658761 0.08621274811510846 ...
  0.1803361919901603 None None]]
          0         1          2    ...       275   276        277
0        None  0.133733   0.129313  ...  0.149439  None   0.145958
1    0.133733      None    0.12167  ...  0.135102  None    0.12133
2    0.129313   0.12167       None  ...  0.122898  None  0.0862127
3    0.162099   0.15626    0.07538  ...  0.136359  None  0.0439856
4    0.161873  0.139987   0.177103  ...  0.164563  None    0.16801
..        ...       ...        ...  ...       ...   ...        ...
273  0.173771  0.145019   0.131181  ...  0.200378  None   0.199779
274  0.196585  0.165289   0.168872  ...  0.246541  None   0.217032
275  0.149439  0.135102   0.122898  ...      None  None   0.180336
276      None      None       None  ...      None  None       None
277  0.145958   0.12133  0.0862127  ...  0.180336  None       None

[278 rows x 278 columns]
Starting stage 3 ** Assign ROIs to networks ** for subject sub-05, chunklen 60 at 2021-05-25 12:01:48.606850
[[None 0.07218148953561883 0.07078653187168932 ... 0.225326879510391
  0.3436995322585265 0.20045036020695248]
 [0.07218148953561883 None 0.0881989600047589 ... 0.17737582891935022
  0.3804011430194461 0.16596779053491112]
 [0.07078653187168933 0.08819896000475891 None ... 0.15507998691995573
  0.38611426820459427 0.18917034307435548]
 ...
 [0.225326879510391 0.17737582891935022 0.15507998691995573 ... None
  0.5058278000051865 0.15054708794792118]
 [0.3436995322585265 0.3804011430194461 0.38611426820459427 ...
  0.5058278000051865 None 0.17274467042694147]
 [0.20045036020695248 0.1659677905349111 0.18917034307435548 ...
  0.15054708794792118 0.17274467042694147 None]]
           0          1          2    ...       275       276       277
0         None  0.0721815  0.0707865  ...  0.225327    0.3437   0.20045
1    0.0721815       None   0.088199  ...  0.177376  0.380401  0.165968
2    0.0707865   0.088199       None  ...   0.15508  0.386114   0.18917
3     0.172731   0.182477   0.199148  ...  0.287201   0.15844  0.138141
4     0.103175   0.083832  0.0903956  ...  0.230503  0.414303   0.15245
..         ...        ...        ...  ...       ...       ...       ...
273   0.160852   0.211709   0.246087  ...   0.43672  0.332779  0.217296
274   0.125609  0.0936984   0.118322  ...  0.266303  0.460597   0.14155
275   0.225327   0.177376    0.15508  ...      None  0.505828  0.150547
276     0.3437   0.380401   0.386114  ...  0.505828      None  0.172745
277    0.20045   0.165968    0.18917  ...  0.150547  0.172745      None

[278 rows x 278 columns]
Starting stage 3 ** Assign ROIs to networks ** for subject sub-06, chunklen 60 at 2021-05-25 12:01:54.580039
[[None 0.10720263634767299 0.19186694834366547 ... None None
  0.2050861794826771]
 [0.10720263634767298 None 0.2330012467814881 ... None None
  0.20065109912768697]
 [0.19186694834366547 0.2330012467814881 None ... None None
  0.20172179540091295]
 ...
 [None None None ... None None None]
 [None None None ... None None None]
 [0.2050861794826771 0.20065109912768697 0.20172179540091295 ... None
  None None]]
          0         1         2         3    ...   274   275   276       277
0        None  0.107203  0.191867  0.233053  ...  None  None  None  0.205086
1    0.107203      None  0.233001  0.274869  ...  None  None  None  0.200651
2    0.191867  0.233001      None   0.14418  ...  None  None  None  0.201722
3    0.233053  0.274869   0.14418      None  ...  None  None  None  0.186387
4    0.182946  0.208567  0.281993  0.260278  ...  None  None  None  0.284953
..        ...       ...       ...       ...  ...   ...   ...   ...       ...
273      None      None      None      None  ...  None  None  None      None
274      None      None      None      None  ...  None  None  None      None
275      None      None      None      None  ...  None  None  None      None
276      None      None      None      None  ...  None  None  None      None
277  0.205086  0.200651  0.201722  0.186387  ...  None  None  None      None

[278 rows x 278 columns]
Starting stage 3 ** Assign ROIs to networks ** for subject sub-09, chunklen 60 at 2021-05-25 12:02:00.296290
[[None 0.17864687636496163 0.2060849922822416 ... 0.26047627686881303
  None 0.22914502732058215]
 [0.17864687636496163 None 0.19852415150660496 ... 0.2680611775408522
  None 0.23608439658956593]
 [0.20608499228224167 0.19852415150660496 None ... 0.18650068853669724
  None 0.1508033701028545]
 ...
 [0.26047627686881303 0.2680611775408522 0.18650068853669727 ... None
  None 0.1408963991102094]
 [None None None ... None None None]
 [0.22914502732058215 0.23608439658956593 0.1508033701028545 ...
  0.1408963991102094 None None]]
          0         1         2         3    ...       274       275   276       277
0        None  0.178647  0.206085  0.206459  ...  0.234065  0.260476  None  0.229145
1    0.178647      None  0.198524  0.234496  ...  0.235067  0.268061  None  0.236084
2    0.206085  0.198524      None  0.144219  ...  0.149547  0.186501  None  0.150803
3    0.206459  0.234496  0.144219      None  ...  0.159615   0.11911  None  0.112202
4     0.20016  0.131898  0.203842  0.223112  ...  0.247529  0.268937  None  0.188833
..        ...       ...       ...       ...  ...       ...       ...   ...       ...
273  0.139067  0.202637  0.183424  0.200725  ...  0.332017   0.38897  None  0.168848
274  0.234065  0.235067  0.149547  0.159615  ...      None   0.23541  None  0.152908
275  0.260476  0.268061  0.186501   0.11911  ...   0.23541      None  None  0.140896
276      None      None      None      None  ...      None      None  None      None
277  0.229145  0.236084  0.150803  0.112202  ...  0.152908  0.140896  None      None

[278 rows x 278 columns]
Starting stage 3 ** Assign ROIs to networks ** for subject sub-10, chunklen 60 at 2021-05-25 12:02:06.200128
[[None 0.22235507912397356 0.1949606387524685 ... 0.1494701988629885
  0.15107824729839778 0.2170646711170111]
 [0.22235507912397356 None 0.18789757046931496 ... 0.20177036947742918
  0.19369557599308992 0.2380436366114551]
 [0.1949606387524685 0.18789757046931496 None ... 0.14654815203961016
  0.17030574187739078 0.17690428428607316]
 ...
 [0.1494701988629885 0.20177036947742918 0.14654815203961016 ... None
  0.19710122413512762 0.15514365031986546]
 [0.15107824729839775 0.19369557599308995 0.17030574187739075 ...
  0.19710122413512762 None 0.19339480647215848]
 [0.2170646711170111 0.2380436366114551 0.17690428428607316 ...
  0.15514365031986546 0.19339480647215848 None]]
          0          1         2    ...       275       276       277
0        None   0.222355  0.194961  ...   0.14947  0.151078  0.217065
1    0.222355       None  0.187898  ...   0.20177  0.193696  0.238044
2    0.194961   0.187898      None  ...  0.146548  0.170306  0.176904
3    0.219353   0.263063  0.178138  ...  0.154645  0.167769  0.125951
4    0.183485  0.0925821  0.165471  ...  0.255894  0.245858  0.234761
..        ...        ...       ...  ...       ...       ...       ...
273  0.158077   0.186256  0.197502  ...  0.360585  0.322023  0.201152
274  0.207839   0.202757  0.185655  ...  0.297553  0.312068  0.164032
275   0.14947    0.20177  0.146548  ...      None  0.197101  0.155144
276  0.151078   0.193696  0.170306  ...  0.197101      None  0.193395
277  0.217065   0.238044  0.176904  ...  0.155144  0.193395      None

[278 rows x 278 columns]
Starting stage 3 ** Assign ROIs to networks ** for subject sub-14, chunklen 60 at 2021-05-25 12:02:12.155085
[[None 0.21942827975380855 0.13502362137900276 ... 0.2222697436907849
  0.2088329379646107 0.17473810760193376]
 [0.21942827975380857 None 0.20697748504122712 ... 0.21726566905176206
  0.22417549333042505 0.18664129384615663]
 [0.13502362137900276 0.20697748504122712 None ... 0.1489286921704869
  0.16484165144339466 0.1665719268550758]
 ...
 [0.2222697436907849 0.21726566905176206 0.1489286921704869 ... None
  0.24844388538443068 0.16856213392878042]
 [0.2088329379646107 0.22417549333042505 0.16484165144339466 ...
  0.2484438853844307 None 0.16666148160982636]
 [0.17473810760193376 0.18664129384615663 0.1665719268550758 ...
  0.16856213392878042 0.16666148160982636 None]]
          0         1         2    ...       275       276       277
0        None  0.219428  0.135024  ...   0.22227  0.208833  0.174738
1    0.219428      None  0.206977  ...  0.217266  0.224175  0.186641
2    0.135024  0.206977      None  ...  0.148929  0.164842  0.166572
3    0.184982  0.202711  0.177529  ...  0.162531  0.131049  0.115357
4     0.19651  0.143211  0.167451  ...  0.208043  0.191765  0.172837
..        ...       ...       ...  ...       ...       ...       ...
273  0.160849  0.184793  0.163841  ...  0.289361  0.300038  0.188005
274  0.171335  0.159813  0.187973  ...  0.291213  0.350775  0.186046
275   0.22227  0.217266  0.148929  ...      None  0.248444  0.168562
276  0.208833  0.224175  0.164842  ...  0.248444      None  0.166661
277  0.174738  0.186641  0.166572  ...  0.168562  0.166661      None

[278 rows x 278 columns]
Starting stage 3 ** Assign ROIs to networks ** for subject sub-15, chunklen 60 at 2021-05-25 12:02:18.103245
[[None 0.15213903854706964 0.15955379415540122 ... 0.1587194957265512
  None 0.1694710613587268]
 [0.15213903854706964 None 0.1609109492032601 ... 0.14062061392054265
  None 0.14326634874363706]
 [0.15955379415540122 0.1609109492032601 None ... 0.21390246945998345
  None 0.1307502705504523]
 ...
 [0.1587194957265512 0.14062061392054265 0.21390246945998348 ... None
  None 0.20989640470710846]
 [None None None ... None None None]
 [0.1694710613587268 0.14326634874363706 0.13075027055045232 ...
  0.20989640470710844 None None]]
          0         1         2    ...       275   276        277
0        None  0.152139  0.159554  ...  0.158719  None   0.169471
1    0.152139      None  0.160911  ...  0.140621  None   0.143266
2    0.159554  0.160911      None  ...  0.213902  None    0.13075
3    0.170976  0.187741  0.152581  ...  0.274411  None  0.0704469
4    0.117179   0.11682   0.17383  ...  0.196527  None   0.144315
..        ...       ...       ...  ...       ...   ...        ...
273  0.173482  0.132319  0.152235  ...  0.290756  None   0.177527
274  0.200792  0.196603  0.167034  ...  0.387601  None   0.142896
275  0.158719  0.140621  0.213902  ...      None  None   0.209896
276      None      None      None  ...      None  None       None
277  0.169471  0.143266   0.13075  ...  0.209896  None       None

[278 rows x 278 columns]
Starting stage 3 ** Assign ROIs to networks ** for subject sub-16, chunklen 60 at 2021-05-25 12:02:23.998656
[[None 0.2936755534004226 0.2450920977191083 ... 0.3673225406888093
  0.2041288712212094 0.2097040285559211]
 [0.2936755534004226 None 0.28076948072131047 ... 0.29013312840345834
  0.17513920540829528 0.22092995097276238]
 [0.2450920977191083 0.28076948072131047 None ... 0.28315805351708073
  0.15862046232984087 0.170138268037218]
 ...
 [0.3673225406888093 0.29013312840345834 0.28315805351708073 ... None
  0.320843849629968 0.23588410883340796]
 [0.2041288712212094 0.17513920540829528 0.15862046232984087 ...
  0.320843849629968 None 0.20727013212975473]
 [0.20970402855592107 0.22092995097276238 0.170138268037218 ...
  0.23588410883340796 0.20727013212975473 None]]
          0         1         2    ...       275       276       277
0        None  0.293676  0.245092  ...  0.367323  0.204129  0.209704
1    0.293676      None  0.280769  ...  0.290133  0.175139   0.22093
2    0.245092  0.280769      None  ...  0.283158   0.15862  0.170138
3    0.214244  0.205856   0.15231  ...  0.220397  0.166314  0.101949
4    0.253181  0.255156  0.226982  ...  0.260649   0.20459  0.229442
..        ...       ...       ...  ...       ...       ...       ...
273  0.157323  0.201122  0.250562  ...  0.342366  0.380338  0.179205
274  0.195929   0.21681  0.207443  ...    0.3419  0.297904  0.216385
275  0.367323  0.290133  0.283158  ...      None  0.320844  0.235884
276  0.204129  0.175139   0.15862  ...  0.320844      None   0.20727
277  0.209704   0.22093  0.170138  ...  0.235884   0.20727      None

[278 rows x 278 columns]
Starting stage 3 ** Assign ROIs to networks ** for subject sub-17, chunklen 60 at 2021-05-25 12:02:29.957521
[[None 0.26605383305971725 0.19673303787593777 ... 0.1654554127460177
  0.1404619020896185 0.1818821039931996]
 [0.2660538330597173 None 0.1901331974855977 ... 0.22636865033170114
  0.2289713069742156 0.17621704500591345]
 [0.19673303787593777 0.1901331974855977 None ... 0.18787085427151196
  0.24162665495785365 0.21144469664573973]
 ...
 [0.16545541274601766 0.22636865033170114 0.18787085427151196 ... None
  0.23740898969112736 0.16130746852259856]
 [0.1404619020896185 0.22897130697421564 0.24162665495785365 ...
  0.23740898969112736 None 0.1685467428350477]
 [0.1818821039931996 0.17621704500591345 0.21144469664573973 ...
  0.16130746852259858 0.1685467428350477 None]]
          0         1         2    ...       275       276       277
0        None  0.266054  0.196733  ...  0.165455  0.140462  0.181882
1    0.266054      None  0.190133  ...  0.226369  0.228971  0.176217
2    0.196733  0.190133      None  ...  0.187871  0.241627  0.211445
3    0.182644  0.197364  0.203986  ...  0.201936  0.174666  0.115274
4    0.242291  0.219795  0.244317  ...  0.281713  0.244911  0.192027
..        ...       ...       ...  ...       ...       ...       ...
273  0.175134  0.188618  0.259121  ...  0.365054  0.369817  0.195631
274  0.195393  0.237794  0.229358  ...  0.362538  0.245011   0.18232
275  0.165455  0.226369  0.187871  ...      None  0.237409  0.161307
276  0.140462  0.228971  0.241627  ...  0.237409      None  0.168547
277  0.181882  0.176217  0.211445  ...  0.161307  0.168547      None

[278 rows x 278 columns]
Starting stage 3 ** Assign ROIs to networks ** for subject sub-18, chunklen 60 at 2021-05-25 12:02:35.958674
[[None 0.14750793265467765 0.1610754866636731 ... 0.2533137971662183
  0.2074019084157278 0.22108472039916807]
 [0.1475079326546776 None 0.1499805002567192 ... 0.22136137369366377
  0.21082296102761747 0.21345788028056245]
 [0.1610754866636731 0.1499805002567192 None ... 0.15833206598337188
  0.11228505287389397 0.1266460536781777]
 ...
 [0.2533137971662183 0.22136137369366377 0.15833206598337188 ... None
  0.18854340349578733 0.16072468684440425]
 [0.20740190841572778 0.21082296102761747 0.11228505287389398 ...
  0.18854340349578735 None 0.1346254094709012]
 [0.22108472039916807 0.21345788028056248 0.1266460536781777 ...
  0.16072468684440425 0.13462540947090118 None]]
          0         1         2    ...       275       276       277
0        None  0.147508  0.161075  ...  0.253314  0.207402  0.221085
1    0.147508      None  0.149981  ...  0.221361  0.210823  0.213458
2    0.161075  0.149981      None  ...  0.158332  0.112285  0.126646
3    0.166403  0.195243  0.121068  ...  0.130618  0.157313  0.119661
4    0.166475  0.144387  0.151721  ...  0.238567  0.225784  0.138754
..        ...       ...       ...  ...       ...       ...       ...
273  0.191173  0.136959  0.127735  ...  0.251926  0.212052  0.172569
274   0.18947   0.17039  0.130113  ...  0.274124  0.278891  0.187888
275  0.253314  0.221361  0.158332  ...      None  0.188543  0.160725
276  0.207402  0.210823  0.112285  ...  0.188543      None  0.134625
277  0.221085  0.213458  0.126646  ...  0.160725  0.134625      None

[278 rows x 278 columns]
Starting stage 3 ** Assign ROIs to networks ** for subject sub-19, chunklen 60 at 2021-05-25 12:02:41.918691
[[None 0.12734573722923292 0.16358427870703185 ... 0.10971889753472894
  0.16792757108121076 0.1454830372513486]
 [0.12734573722923292 None 0.1568574508622641 ... 0.18506718638524003
  0.16969335065120922 0.16211087945514166]
 [0.16358427870703185 0.1568574508622641 None ... 0.1492085018263882
  0.16567376041932946 0.15815621630517582]
 ...
 [0.10971889753472894 0.18506718638524003 0.14920850182638823 ... None
  0.2270341058306187 0.16366030287966057]
 [0.16792757108121076 0.16969335065120922 0.16567376041932944 ...
  0.2270341058306187 None 0.20140801352061097]
 [0.1454830372513486 0.16211087945514166 0.15815621630517582 ...
  0.16366030287966057 0.20140801352061097 None]]
          0         1         2    ...       275       276       277
0        None  0.127346  0.163584  ...  0.109719  0.167928  0.145483
1    0.127346      None  0.156857  ...  0.185067  0.169693  0.162111
2    0.163584  0.156857      None  ...  0.149209  0.165674  0.158156
3    0.151359  0.166779  0.151394  ...  0.148519  0.127668  0.149207
4     0.13189  0.113688  0.196821  ...   0.21178  0.253115  0.218956
..        ...       ...       ...  ...       ...       ...       ...
273  0.151578  0.157538  0.203829  ...  0.328361  0.317232  0.181077
274  0.157986  0.138915  0.211342  ...  0.357458  0.379165  0.216623
275  0.109719  0.185067  0.149209  ...      None  0.227034   0.16366
276  0.167928  0.169693  0.165674  ...  0.227034      None  0.201408
277  0.145483  0.162111  0.158156  ...   0.16366  0.201408      None

[278 rows x 278 columns]
Starting stage 3 ** Assign ROIs to networks ** for subject sub-20, chunklen 60 at 2021-05-25 12:02:47.845574
[[None 0.19270790238689714 0.22686308109170436 ... 0.26403925233400904
  0.2032673163635777 0.18632554943686616]
 [0.19270790238689717 None 0.23393669450974466 ... 0.2825046362144116
  0.23382449652168177 0.1545939772564068]
 [0.22686308109170433 0.23393669450974466 None ... 0.2665873837832021
  0.19775124297098037 0.1658009140280141]
 ...
 [0.2640392523340091 0.2825046362144116 0.2665873837832021 ... None
  0.3544539829901848 0.2719073627069736]
 [0.20326731636357767 0.23382449652168177 0.19775124297098037 ...
  0.3544539829901848 None 0.19672021305973889]
 [0.18632554943686616 0.1545939772564068 0.1658009140280141 ...
  0.2719073627069736 0.19672021305973889 None]]
          0         1         2    ...       275       276       277
0        None  0.192708  0.226863  ...  0.264039  0.203267  0.186326
1    0.192708      None  0.233937  ...  0.282505  0.233824  0.154594
2    0.226863  0.233937      None  ...  0.266587  0.197751  0.165801
3    0.193453  0.230252  0.154164  ...  0.268272  0.183129  0.169724
4     0.20094  0.142303  0.219658  ...  0.275697  0.270529  0.173368
..        ...       ...       ...  ...       ...       ...       ...
273   0.12635  0.179464  0.207611  ...  0.349736  0.367321  0.240999
274  0.129153   0.14722   0.18791  ...  0.352942  0.291673  0.168676
275  0.264039  0.282505  0.266587  ...      None  0.354454  0.271907
276  0.203267  0.233824  0.197751  ...  0.354454      None   0.19672
277  0.186326  0.154594  0.165801  ...  0.271907   0.19672      None

[278 rows x 278 columns]
     subject         net1   net2   MeanBVC
0     sub-01          FPN    CON  0.281375
1     sub-01          FPN    SAN  0.287609
2     sub-01          FPN    VAN  0.278443
3     sub-01          FPN    DAN  0.281246
4     sub-01          FPN    DMN  0.290628
...      ...          ...    ...       ...
1645  sub-20  Whole Brain    DMN  0.308938
1646  sub-20  Whole Brain  Motor  0.296740
1647  sub-20  Whole Brain   Aud.  0.288015
1648  sub-20  Whole Brain   Vis.  0.294173
1649  sub-20  Whole Brain  Subc.  0.306204

[1650 rows x 4 columns]
     subject         net1         net2   MeanGVC
0     sub-01          FPN          FPN  0.277929
1     sub-01          FPN          CON  0.281375
2     sub-01          FPN          SAN  0.287609
3     sub-01          FPN          VAN  0.278443
4     sub-01          FPN          DAN  0.281246
...      ...          ...          ...       ...
1810  sub-20  Whole Brain        Motor  0.296740
1811  sub-20  Whole Brain         Aud.  0.288015
1812  sub-20  Whole Brain         Vis.  0.294173
1813  sub-20  Whole Brain        Subc.  0.306204
1814  sub-20  Whole Brain  Whole Brain  0.305073

[1815 rows x 4 columns]
Starting stage 4 **Calculate statistics** at 2021-05-25 12:02:53.855326
     subject         net1   net2   MeanBVC
0     sub-01          FPN    CON  0.281375
1     sub-01          FPN    SAN  0.287609
2     sub-01          FPN    VAN  0.278443
3     sub-01          FPN    DAN  0.281246
4     sub-01          FPN    DMN  0.290628
...      ...          ...    ...       ...
1645  sub-20  Whole Brain    DMN  0.308938
1646  sub-20  Whole Brain  Motor  0.296740
1647  sub-20  Whole Brain   Aud.  0.288015
1648  sub-20  Whole Brain   Vis.  0.294173
1649  sub-20  Whole Brain  Subc.  0.306204

[1650 rows x 4 columns]
    subject         net2   MeanBVC
0    sub-01         Aud.  0.280211
1    sub-01          CON  0.293626
2    sub-01          DAN  0.290982
3    sub-01          DMN  0.303198
4    sub-01          FPN  0.288030
..      ...          ...       ...
160  sub-20          SAN  0.295739
161  sub-20        Subc.  0.296381
162  sub-20          VAN  0.298386
163  sub-20         Vis.  0.297946
164  sub-20  Whole Brain  0.294892

[165 rows x 3 columns]
Anova results for BVC
             df    sum_sq   mean_sq          F        PR(>F)
C(net2)    10.0  0.002824  0.000282  10.858255  7.495793e-14
Residual  154.0  0.004005  0.000026        NaN           NaN
T-test results for BVC
Test Multiple Comparison ttest_rel 
FWER=0.05 method=Holm
alphacSidak=0.00, alphacBonf=0.001
==================================================
group1    group2     stat   pval  pval_corr reject
--------------------------------------------------
  Aud.         CON -1.9986 0.0655       1.0  False
  Aud.         DAN -4.8993 0.0002    0.0117   True
  Aud.         DMN -3.1621 0.0069    0.2146  False
  Aud.         FPN -1.4206 0.1773       1.0  False
  Aud.       Motor -1.4196 0.1776       1.0  False
  Aud.         SAN -3.9587 0.0014    0.0557  False
  Aud.       Subc. -4.2975 0.0007    0.0324   True
  Aud.         VAN -3.9332 0.0015    0.0557  False
  Aud.        Vis.   -4.32 0.0007    0.0318   True
  Aud. Whole Brain -3.9982 0.0013    0.0541  False
   CON         DAN -3.9708 0.0014    0.0557  False
   CON         DMN  -3.962 0.0014    0.0557  False
   CON         FPN  1.5883 0.1345       1.0  False
   CON       Motor  1.1848 0.2558       1.0  False
   CON         SAN -2.8081  0.014    0.3908  False
   CON       Subc. -2.9051 0.0115    0.3344  False
   CON         VAN  -3.528 0.0033    0.1137  False
   CON        Vis. -6.3445    0.0     0.001   True
   CON Whole Brain -4.7892 0.0003    0.0138   True
   DAN         DMN  0.0218 0.9829       1.0  False
   DAN         FPN  6.0778    0.0    0.0015   True
   DAN       Motor  4.9536 0.0002    0.0108   True
   DAN         SAN  1.0371 0.3173       1.0  False
   DAN       Subc. -0.3328 0.7442       1.0  False
   DAN         VAN  0.3791 0.7103       1.0  False
   DAN        Vis.  -2.078 0.0566       1.0  False
   DAN Whole Brain  1.6317  0.125       1.0  False
   DMN         FPN  3.9126 0.0016    0.0563  False
   DMN       Motor  3.1863 0.0066    0.2111  False
   DMN         SAN  0.7423 0.4702       1.0  False
   DMN       Subc. -0.3226 0.7518       1.0  False
   DMN         VAN  0.3052 0.7647       1.0  False
   DMN        Vis. -2.4173 0.0299    0.7765  False
   DMN Whole Brain  1.0842 0.2966       1.0  False
   FPN       Motor -0.3192 0.7543       1.0  False
   FPN         SAN -4.4416 0.0006    0.0257   True
   FPN       Subc. -4.2574 0.0008    0.0343   True
   FPN         VAN -4.4993 0.0005    0.0235   True
   FPN        Vis. -5.4967 0.0001    0.0041   True
   FPN Whole Brain -6.1039    0.0    0.0015   True
 Motor         SAN -3.4661 0.0038    0.1248  False
 Motor       Subc.  -2.745 0.0158    0.4266  False
 Motor         VAN  -2.922 0.0111    0.3344  False
 Motor        Vis. -4.9028 0.0002    0.0117   True
 Motor Whole Brain -4.0681 0.0012    0.0484   True
   SAN       Subc.  -1.014 0.3278       1.0  False
   SAN         VAN -0.5047 0.6216       1.0  False
   SAN        Vis. -2.0294 0.0619       1.0  False
   SAN Whole Brain -0.1869 0.8544       1.0  False
 Subc.         VAN  0.6266  0.541       1.0  False
 Subc.        Vis. -0.8687 0.3996       1.0  False
 Subc. Whole Brain   1.227   0.24       1.0  False
   VAN        Vis. -1.9568 0.0706       1.0  False
   VAN Whole Brain  0.5144  0.615       1.0  False
  Vis. Whole Brain  3.6915 0.0024    0.0846  False
--------------------------------------------------
