In flexiblehubs_1jobPoolSubjsSF parameters CHUNKLEN=120
Empty DataFrame
Columns: [subject, net1, net2, MeanBVC]
Index: []
Empty DataFrame
Columns: [subject, net1, net2, MeanGVC]
Index: []
Starting stage 3 ** Assign ROIs to networks ** for subject sub-01, chunklen 120 at 2021-05-12 16:39:55.900977
            0            1            2    ...          275         276          277
0    7.7877e-16     0.177235     0.168117  ...     0.211413    0.268508     0.276926
1      0.176152  2.92358e-16     0.206567  ...     0.164182     0.20031     0.134847
2      0.191971     0.228878  4.70645e-16  ...     0.241405     0.18755      0.19807
3      0.217349      0.14528     0.143009  ...     0.142366    0.246635     0.277971
4      0.242643     0.124047     0.113263  ...     0.116549    0.238268     0.194062
..          ...          ...          ...  ...          ...         ...          ...
273    0.196915     0.259301     0.397581  ...        0.272    0.192344      0.18577
274    0.180137     0.175141     0.193305  ...     0.218782    0.190303     0.202243
275    0.219734      0.17537     0.233422  ...  2.29553e-16    0.181368     0.203708
276    0.251665     0.188283     0.139832  ...     0.162815  2.2617e-16     0.270285
277    0.274224     0.131505      0.14971  ...     0.188893    0.279898  2.51066e-16

[278 rows x 278 columns]
Starting stage 3 ** Assign ROIs to networks ** for subject sub-02, chunklen 120 at 2021-05-12 16:40:01.667142
             0            1    ...          276          277
0    2.61427e-16     0.119905  ...      0.23743     0.230636
1        0.10406  1.85642e-16  ...     0.146993     0.154699
2       0.188102      0.31492  ...     0.188474     0.238012
3       0.189696     0.198752  ...     0.188002     0.149474
4       0.324551     0.110632  ...     0.192162     0.175381
..           ...          ...  ...          ...          ...
273     0.125002     0.306055  ...     0.140343     0.168667
274     0.153284     0.176598  ...     0.190646     0.206107
275    0.0939406     0.114134  ...     0.108725     0.106626
276     0.240971     0.146576  ...  6.43548e-16     0.189785
277     0.233243      0.15252  ...     0.195799  6.81026e-16

[278 rows x 278 columns]
Starting stage 3 ** Assign ROIs to networks ** for subject sub-03, chunklen 120 at 2021-05-12 16:40:07.498173
             0            1    ...          276          277
0    3.73807e-16     0.291418  ...     0.292135     0.255288
1       0.298209  2.05871e-16  ...     0.329751     0.210344
2       0.270952      0.30679  ...     0.277256     0.195432
3       0.315134     0.241966  ...     0.285676     0.206437
4       0.393338     0.235231  ...     0.300819     0.276863
..           ...          ...  ...          ...          ...
273     0.278762     0.338613  ...     0.302353     0.204523
274      0.28785      0.20147  ...     0.221035     0.219623
275     0.345897      0.24526  ...     0.254021     0.260932
276     0.289478     0.330682  ...  9.19186e-16     0.227034
277     0.254269     0.213962  ...      0.23118  1.08162e-15

[278 rows x 278 columns]
Starting stage 3 ** Assign ROIs to networks ** for subject sub-04, chunklen 120 at 2021-05-12 16:40:13.347497
             0            1    ...          276          277
0    2.49616e-16     0.273383  ...     0.325397     0.287846
1        0.28521  1.85832e-16  ...     0.367255         0.26
2       0.193141     0.289435  ...     0.244624     0.212444
3       0.364448     0.355631  ...     0.368917      0.26518
4       0.431084     0.274791  ...     0.323318     0.244955
..           ...          ...  ...          ...          ...
273     0.236362     0.314212  ...     0.277031     0.228841
274     0.252758     0.281062  ...     0.287391     0.162234
275     0.327896     0.329619  ...      0.31534     0.266655
276     0.309267     0.352166  ...  4.63299e-16     0.229069
277     0.291776     0.249177  ...      0.25024  5.16229e-16

[278 rows x 278 columns]
Starting stage 3 ** Assign ROIs to networks ** for subject sub-05, chunklen 120 at 2021-05-12 16:40:19.237881
             0            1    ...          276          277
0    1.74685e-16      0.14166  ...      0.11941     0.106141
1       0.150847  6.43146e-16  ...     0.300074     0.361001
2       0.163482     0.382238  ...      0.25112     0.357524
3       0.183018     0.412844  ...     0.336209     0.320956
4       0.196374     0.241186  ...     0.130991     0.250575
..           ...          ...  ...          ...          ...
273     0.155025     0.367946  ...     0.244529     0.351104
274     0.159393     0.108082  ...     0.142431     0.110873
275     0.210534     0.231718  ...      0.20617     0.174519
276     0.128793     0.297105  ...  6.14846e-16     0.222872
277     0.116697     0.375202  ...     0.224267  2.06955e-16

[278 rows x 278 columns]
Starting stage 3 ** Assign ROIs to networks ** for subject sub-06, chunklen 120 at 2021-05-12 16:40:25.108513
             0           1            2    ...          275         276          277
0    3.20682e-16     0.24652     0.262019  ...     0.254733    0.275507      0.33862
1       0.225224  1.7521e-15      0.32386  ...     0.213887    0.195677     0.171922
2       0.271115    0.340211  2.96486e-16  ...     0.234755    0.209779     0.212251
3       0.341139    0.253445      0.23578  ...     0.232314    0.263568     0.303932
4       0.351407     0.19524     0.200439  ...     0.234362    0.301058      0.30078
..           ...         ...          ...  ...          ...         ...          ...
273     0.263081    0.326421     0.442707  ...     0.254518     0.20949     0.221065
274      0.32822    0.220517     0.250229  ...     0.237751    0.251713     0.307643
275     0.256189     0.20623     0.219825  ...  3.54982e-16    0.224759     0.246293
276     0.277204    0.215736     0.209488  ...     0.248373  8.6949e-16     0.303735
277     0.346081    0.182163      0.20417  ...     0.265476    0.299422  2.71943e-16

[278 rows x 278 columns]
Starting stage 3 ** Assign ROIs to networks ** for subject sub-09, chunklen 120 at 2021-05-12 16:40:30.790892
             0            1    ...          276          277
0    4.20267e-16     0.160315  ...     0.216904     0.146043
1       0.147691  4.60479e-16  ...     0.128351     0.190511
2       0.212365     0.294757  ...     0.192984     0.178453
3       0.268756     0.131482  ...     0.263615     0.158214
4       0.350694     0.143525  ...     0.204674     0.239819
..           ...          ...  ...          ...          ...
273      0.21884      0.31147  ...     0.179973     0.181823
274     0.171062     0.200491  ...     0.168968     0.154047
275     0.226949     0.186263  ...     0.148119     0.122048
276       0.2229     0.139838  ...  2.06039e-16     0.251094
277     0.122078     0.181107  ...       0.2389  1.45213e-16

[278 rows x 278 columns]
Starting stage 3 ** Assign ROIs to networks ** for subject sub-10, chunklen 120 at 2021-05-12 16:40:36.672270
           0           1            2    ...          275          276          277
0    1.471e-15    0.176177     0.196365  ...     0.232403     0.235289     0.313936
1     0.170504  2.3964e-16     0.307149  ...     0.160569     0.212288     0.192196
2     0.210839    0.298587  3.07024e-16  ...      0.21875     0.186567     0.184387
3     0.142124    0.157566      0.12995  ...     0.126203     0.145059     0.136933
4       0.3191     0.12883     0.154364  ...     0.243024     0.216969     0.209656
..         ...         ...          ...  ...          ...          ...          ...
273   0.173753    0.329808     0.330827  ...     0.171581     0.179953     0.203153
274    0.15308    0.282884     0.244236  ...     0.126118     0.134847      0.17279
275   0.224002    0.156037      0.21258  ...  2.37023e-16     0.157394     0.169358
276   0.218997    0.210698     0.160693  ...     0.145751  5.97296e-16     0.290857
277   0.300681    0.186847     0.168446  ...     0.159683     0.299743  2.81054e-16

[278 rows x 278 columns]
Starting stage 3 ** Assign ROIs to networks ** for subject sub-14, chunklen 120 at 2021-05-12 16:40:42.568182
             0            1    ...          276          277
0    1.98834e-16     0.180345  ...     0.197523     0.184987
1        0.18434  8.14149e-16  ...     0.240066     0.155197
2       0.200366      0.21666  ...     0.220923     0.180296
3       0.152335      0.20187  ...     0.276053     0.238355
4       0.311399     0.125764  ...     0.220295     0.246536
..           ...          ...  ...          ...          ...
273     0.172215     0.237034  ...     0.209404     0.159416
274     0.141341     0.210629  ...      0.20942     0.162714
275     0.238554     0.199639  ...     0.212761     0.151602
276     0.193245      0.23579  ...  4.99831e-16     0.262854
277     0.180686     0.147264  ...     0.266185  2.12028e-16

[278 rows x 278 columns]
Starting stage 3 ** Assign ROIs to networks ** for subject sub-15, chunklen 120 at 2021-05-12 16:40:48.441068
             0            1    ...         276          277
0    1.96603e-16     0.177114  ...    0.207888     0.211638
1       0.153766  2.24767e-16  ...    0.100397     0.180705
2       0.132499     0.295309  ...    0.110166     0.164738
3       0.253168     0.236341  ...    0.205324     0.186537
4       0.385698     0.115894  ...    0.216477     0.200792
..           ...          ...  ...         ...          ...
273      0.17191     0.308591  ...    0.170707     0.178442
274     0.183309     0.251129  ...    0.152356     0.189823
275     0.219018      0.17834  ...    0.138015     0.175412
276     0.196695     0.100139  ...  1.5591e-15     0.186199
277     0.207499     0.188136  ...     0.19854  2.23305e-16

[278 rows x 278 columns]
Starting stage 3 ** Assign ROIs to networks ** for subject sub-16, chunklen 120 at 2021-05-12 16:40:54.303272
             0            1    ...          276          277
0    2.93504e-16      0.20009  ...     0.272286     0.268985
1       0.201886  2.12814e-16  ...     0.294456       0.2209
2       0.173947     0.236068  ...     0.220256     0.197952
3       0.277139     0.222058  ...     0.216124     0.257878
4       0.390186     0.170961  ...     0.219639     0.245832
..           ...          ...  ...          ...          ...
273     0.166659     0.210727  ...      0.20767     0.187206
274     0.175474     0.188963  ...     0.164254     0.132252
275      0.27992     0.167504  ...     0.213908     0.184706
276     0.234805     0.298169  ...  2.69214e-16     0.209091
277     0.266081     0.214153  ...     0.223988  2.57854e-16

[278 rows x 278 columns]
Starting stage 3 ** Assign ROIs to networks ** for subject sub-17, chunklen 120 at 2021-05-12 16:41:00.217492
             0           1            2    ...          275         276          277
0    2.01104e-16    0.169553     0.211206  ...     0.326699    0.218005      0.26318
1        0.15766  6.8821e-16     0.244747  ...     0.153907    0.211271     0.158553
2       0.148481    0.208619  4.91979e-16  ...     0.151998    0.158003     0.189605
3       0.198522    0.168415     0.139903  ...     0.130555    0.226638     0.201222
4       0.358224    0.149491     0.152361  ...      0.22745    0.218699     0.242216
..           ...         ...          ...  ...          ...         ...          ...
273     0.153448    0.217134     0.435801  ...     0.155725    0.174834     0.213209
274     0.148802    0.173006     0.182562  ...     0.133572    0.155047     0.153765
275     0.313285     0.13929     0.168047  ...  2.41306e-16    0.113201     0.218965
276     0.193418    0.200532     0.177359  ...     0.112439  2.1663e-16     0.245469
277     0.245479    0.143985     0.230426  ...     0.220812    0.244426  3.70551e-16

[278 rows x 278 columns]
Starting stage 3 ** Assign ROIs to networks ** for subject sub-18, chunklen 120 at 2021-05-12 16:41:06.090692
             0            1    ...          276          277
0    3.18515e-16     0.177871  ...     0.181023     0.176951
1        0.15738  1.12645e-15  ...     0.151936     0.128964
2       0.172838     0.263165  ...     0.148157     0.143889
3        0.23187     0.158418  ...     0.176888     0.204973
4       0.300083     0.103894  ...     0.187249     0.222746
..           ...          ...  ...          ...          ...
273     0.171828     0.243083  ...       0.1698     0.163828
274     0.140474     0.179579  ...     0.212189     0.229966
275     0.300848     0.124965  ...      0.18513     0.175854
276      0.15538     0.151913  ...  2.48582e-16     0.286687
277     0.163602     0.110011  ...     0.292839  6.84345e-16

[278 rows x 278 columns]
Starting stage 3 ** Assign ROIs to networks ** for subject sub-19, chunklen 120 at 2021-05-12 16:41:11.973523
             0           1            2    ...          275         276          277
0    2.03866e-16    0.202417     0.224928  ...      0.17747    0.208871     0.289543
1       0.206668  7.0986e-16     0.274219  ...     0.127871    0.183034     0.168149
2       0.234674    0.277717  2.42807e-16  ...      0.20078    0.159457     0.161289
3        0.26516    0.184783     0.181275  ...     0.179034    0.228723     0.287463
4       0.288717    0.114217      0.14097  ...      0.16604     0.25249     0.286952
..           ...         ...          ...  ...          ...         ...          ...
273     0.263739    0.242628       0.3562  ...     0.185289    0.193826     0.240635
274     0.215539     0.13953     0.167017  ...     0.136628    0.156903     0.205919
275     0.183496    0.127416     0.198687  ...  7.62656e-16    0.123904     0.154219
276     0.198043    0.191635      0.15714  ...     0.138704  7.2127e-16     0.289019
277     0.276692    0.169643     0.165935  ...     0.155795     0.29293  1.20392e-15

[278 rows x 278 columns]
Starting stage 3 ** Assign ROIs to networks ** for subject sub-20, chunklen 120 at 2021-05-12 16:41:17.861978
             0            1    ...         276          277
0    2.36589e-16     0.144481  ...     0.22452      0.30935
1       0.149558  3.42669e-16  ...     0.23805     0.210258
2       0.205442     0.245862  ...    0.215437     0.208122
3       0.215667     0.221478  ...    0.317993     0.188744
4       0.261261     0.116665  ...    0.284715     0.237312
..           ...          ...  ...         ...          ...
273     0.189562     0.264251  ...     0.20444     0.196318
274      0.13235     0.181367  ...    0.126293     0.152878
275      0.16072     0.221959  ...     0.25083      0.18555
276     0.300539     0.287177  ...  1.9798e-16     0.325546
277     0.316871     0.202942  ...    0.267954  6.89765e-16

[278 rows x 278 columns]
     subject         net1   net2   MeanBVC
0     sub-01          FPN    CON  0.164434
1     sub-01          FPN    SAN  0.165659
2     sub-01          FPN    VAN  0.161261
3     sub-01          FPN    DAN  0.168342
4     sub-01          FPN    DMN  0.165935
...      ...          ...    ...       ...
1645  sub-20  Whole Brain    DMN  0.183302
1646  sub-20  Whole Brain  Motor  0.184963
1647  sub-20  Whole Brain   Aud.  0.189496
1648  sub-20  Whole Brain   Vis.  0.175977
1649  sub-20  Whole Brain  Subc.  0.187377

[1650 rows x 4 columns]
     subject         net1         net2   MeanGVC
0     sub-01          FPN          FPN  0.155509
1     sub-01          FPN          CON  0.164434
2     sub-01          FPN          SAN  0.165659
3     sub-01          FPN          VAN  0.161261
4     sub-01          FPN          DAN  0.168342
...      ...          ...          ...       ...
1810  sub-20  Whole Brain        Motor  0.184963
1811  sub-20  Whole Brain         Aud.  0.189496
1812  sub-20  Whole Brain         Vis.  0.175977
1813  sub-20  Whole Brain        Subc.  0.187377
1814  sub-20  Whole Brain  Whole Brain  0.184253

[1815 rows x 4 columns]
Starting stage 4 **Calculate statistics** at 2021-05-12 16:41:23.809271
     subject         net1   net2   MeanBVC
0     sub-01          FPN    CON  0.164434
1     sub-01          FPN    SAN  0.165659
2     sub-01          FPN    VAN  0.161261
3     sub-01          FPN    DAN  0.168342
4     sub-01          FPN    DMN  0.165935
...      ...          ...    ...       ...
1645  sub-20  Whole Brain    DMN  0.183302
1646  sub-20  Whole Brain  Motor  0.184963
1647  sub-20  Whole Brain   Aud.  0.189496
1648  sub-20  Whole Brain   Vis.  0.175977
1649  sub-20  Whole Brain  Subc.  0.187377

[1650 rows x 4 columns]
    subject         net2   MeanBVC
0    sub-01         Aud.  0.189442
1    sub-01          CON  0.188474
2    sub-01          DAN  0.187865
3    sub-01          DMN  0.188126
4    sub-01          FPN  0.183762
..      ...          ...       ...
160  sub-20          SAN  0.191446
161  sub-20        Subc.  0.189324
162  sub-20          VAN  0.188548
163  sub-20         Vis.  0.178743
164  sub-20  Whole Brain  0.186398

[165 rows x 3 columns]
Anova results for BVC
             df    sum_sq   mean_sq         F        PR(>F)
C(net2)    10.0  0.000804  0.000080  6.355421  3.848810e-08
Residual  154.0  0.001948  0.000013       NaN           NaN
T-test results for BVC
Test Multiple Comparison ttest_rel 
FWER=0.05 method=Holm
alphacSidak=0.00, alphacBonf=0.001
==================================================
group1    group2     stat   pval  pval_corr reject
--------------------------------------------------
  Aud.         CON  3.1818 0.0067    0.2663  False
  Aud.         DAN  0.9547 0.3559       1.0  False
  Aud.         DMN   2.137 0.0507       1.0  False
  Aud.         FPN  3.5644 0.0031    0.1338  False
  Aud.       Motor  2.7942 0.0143    0.5594  False
  Aud.         SAN  1.5618 0.1407       1.0  False
  Aud.       Subc.   2.611 0.0205    0.7598  False
  Aud.         VAN  1.8496 0.0856       1.0  False
  Aud.        Vis.  4.7688 0.0003    0.0153   True
  Aud. Whole Brain  3.3538 0.0047    0.1986  False
   CON         DAN -1.6722 0.1167       1.0  False
   CON         DMN -1.0319 0.3196       1.0  False
   CON         FPN   1.967 0.0693       1.0  False
   CON       Motor  0.3993 0.6957       1.0  False
   CON         SAN -0.3341 0.7432       1.0  False
   CON       Subc.  0.1627 0.8731       1.0  False
   CON         VAN  0.6183 0.5463       1.0  False
   CON        Vis.  3.8282 0.0018    0.0812  False
   CON Whole Brain  0.8677 0.4002       1.0  False
   DAN         DMN  1.0059 0.3315       1.0  False
   DAN         FPN  4.0374 0.0012    0.0563  False
   DAN       Motor  2.3475 0.0341       1.0  False
   DAN         SAN  1.1374 0.2745       1.0  False
   DAN       Subc.  1.5788 0.1367       1.0  False
   DAN         VAN  1.8249 0.0894       1.0  False
   DAN        Vis.  6.7696    0.0    0.0005   True
   DAN Whole Brain  3.3171 0.0051    0.2085  False
   DMN         FPN  3.8666 0.0017     0.077  False
   DMN       Motor  1.9296 0.0742       1.0  False
   DMN         SAN  0.4275 0.6755       1.0  False
   DMN       Subc.  1.2431 0.2342       1.0  False
   DMN         VAN  1.3437 0.2004       1.0  False
   DMN        Vis.  6.4332    0.0    0.0008   True
   DMN Whole Brain  4.2137 0.0009    0.0425   True
   FPN       Motor  -2.505 0.0252     0.908  False
   FPN         SAN -4.1497  0.001    0.0462   True
   FPN       Subc. -2.4358 0.0288       1.0  False
   FPN         VAN -1.1753 0.2595       1.0  False
   FPN        Vis.  1.9089  0.077       1.0  False
   FPN Whole Brain -2.7941 0.0143    0.5594  False
 Motor         SAN -0.9951 0.3366       1.0  False
 Motor       Subc. -0.3591 0.7249       1.0  False
 Motor         VAN  0.5529 0.5891       1.0  False
 Motor        Vis.  4.5696 0.0004    0.0219   True
 Motor Whole Brain  0.7477  0.467       1.0  False
   SAN       Subc.  0.6342 0.5362       1.0  False
   SAN         VAN  1.2788 0.2218       1.0  False
   SAN        Vis.  5.2458 0.0001    0.0064   True
   SAN Whole Brain  1.7262 0.1063       1.0  False
 Subc.         VAN  0.5835 0.5688       1.0  False
 Subc.        Vis.   4.185 0.0009     0.044   True
 Subc. Whole Brain  0.8773 0.3952       1.0  False
   VAN        Vis.  1.9055 0.0775       1.0  False
   VAN Whole Brain -0.3537 0.7288       1.0  False
  Vis. Whole Brain -6.0314    0.0    0.0016   True
--------------------------------------------------
Figure saved as ViolinPlotBVC.png
Figure saved as BarPlotBVC.png
Figure saved as JitterPlotBVC.png
Figure saved as RaincloudPlotBVC.png
     subject         net1         net2   MeanGVC
0     sub-01          FPN          FPN  0.155509
1     sub-01          FPN          CON  0.164434
2     sub-01          FPN          SAN  0.165659
3     sub-01          FPN          VAN  0.161261
4     sub-01          FPN          DAN  0.168342
...      ...          ...          ...       ...
1810  sub-20  Whole Brain        Motor  0.184963
1811  sub-20  Whole Brain         Aud.  0.189496
1812  sub-20  Whole Brain         Vis.  0.175977
1813  sub-20  Whole Brain        Subc.  0.187377
1814  sub-20  Whole Brain  Whole Brain  0.184253

[1815 rows x 4 columns]
    subject         net2   MeanGVC
0    sub-01         Aud.  0.188157
1    sub-01          CON  0.186948
2    sub-01          DAN  0.186859
3    sub-01          DMN  0.188302
4    sub-01          FPN  0.182524
..      ...          ...       ...
160  sub-20          SAN  0.190712
161  sub-20        Subc.  0.188798
162  sub-20          VAN  0.186086
163  sub-20         Vis.  0.177619
164  sub-20  Whole Brain  0.186354

[165 rows x 3 columns]
Anova results for GVC
             df    sum_sq   mean_sq         F        PR(>F)
C(net2)    10.0  0.000895  0.000090  5.833721  1.974687e-07
Residual  154.0  0.002363  0.000015       NaN           NaN
T-test results for GVC
Test Multiple Comparison ttest_rel 
FWER=0.05 method=Holm
alphacSidak=0.00, alphacBonf=0.001
==================================================
group1    group2     stat   pval  pval_corr reject
--------------------------------------------------
  Aud.         CON  2.6027 0.0209    0.8347  False
  Aud.         DAN  0.6852 0.5044       1.0  False
  Aud.         DMN  0.9352 0.3656       1.0  False
  Aud.         FPN  3.1564  0.007    0.3011  False
  Aud.       Motor  2.0793 0.0565       1.0  False
  Aud.         SAN   1.205 0.2482       1.0  False
  Aud.       Subc.  2.1767 0.0471       1.0  False
  Aud.         VAN  2.0845 0.0559       1.0  False
  Aud.        Vis.   3.861 0.0017    0.0796  False
  Aud. Whole Brain  2.0854 0.0558       1.0  False
   CON         DAN -1.5806 0.1363       1.0  False
   CON         DMN -1.9072 0.0772       1.0  False
   CON         FPN  1.8755 0.0817       1.0  False
   CON       Motor  0.1152 0.9099       1.0  False
   CON         SAN -0.4028 0.6932       1.0  False
   CON       Subc.  0.1069 0.9164       1.0  False
   CON         VAN  1.0915 0.2935       1.0  False
   CON        Vis.   3.093 0.0079    0.3335  False
   CON Whole Brain -0.1459 0.8861       1.0  False
   DAN         DMN  0.1281 0.8999       1.0  False
   DAN         FPN  3.8188 0.0019    0.0846  False
   DAN       Motor  1.9034 0.0778       1.0  False
   DAN         SAN  0.9583 0.3542       1.0  False
   DAN       Subc.  1.4718 0.1632       1.0  False
   DAN         VAN  2.4137 0.0301       1.0  False
   DAN        Vis.  5.9359    0.0    0.0019   True
   DAN Whole Brain  2.0514 0.0594       1.0  False
   DMN         FPN  4.7022 0.0003    0.0177   True
   DMN       Motor  2.5575 0.0228    0.8885  False
   DMN         SAN  1.1282 0.2782       1.0  False
   DMN       Subc.  2.0905 0.0553       1.0  False
   DMN         VAN  2.4679 0.0271       1.0  False
   DMN        Vis.  6.4113    0.0    0.0009   True
   DMN Whole Brain   3.884 0.0017    0.0777  False
   FPN       Motor -2.8449  0.013    0.5321  False
   FPN         SAN  -4.264 0.0008    0.0393   True
   FPN       Subc. -2.3881 0.0316       1.0  False
   FPN         VAN -0.3067 0.7636       1.0  False
   FPN        Vis.  1.1702 0.2615       1.0  False
   FPN Whole Brain -4.0017 0.0013     0.063  False
 Motor         SAN -0.7666  0.456       1.0  False
 Motor       Subc. -0.0106 0.9917       1.0  False
 Motor         VAN  1.4035 0.1823       1.0  False
 Motor        Vis.  4.0515 0.0012    0.0583  False
 Motor Whole Brain -0.5909  0.564       1.0  False
   SAN       Subc.  0.6707 0.5133       1.0  False
   SAN         VAN    2.12 0.0524       1.0  False
   SAN        Vis.  4.5425 0.0005    0.0235   True
   SAN Whole Brain  0.5603 0.5842       1.0  False
 Subc.         VAN  1.1269 0.2787       1.0  False
 Subc.        Vis.  3.3724 0.0046    0.2005  False
 Subc. Whole Brain  -0.383 0.7075       1.0  False
   VAN        Vis.  0.8498 0.4097       1.0  False
   VAN Whole Brain -1.6626 0.1186       1.0  False
  Vis. Whole Brain -6.1437    0.0    0.0014   True
--------------------------------------------------
Figure saved as RaincloudPlotBVC.png
Figure saved as ViolinPlotGVC120.png
Figure saved as BarPlotGVC120.png
Figure saved as JitterPlotGVC.png
