In flexiblehubs_1job parameters CHUNKLEN=30
Empty DataFrame
Columns: [subject, net1, net2, MeanBVC]
Index: []
Empty DataFrame
Columns: [subject, net1, net2, MeanGVC]
Index: []
Starting stage 3 ** Assign ROIs to networks ** for subject sub-01, chunklen 30 at 2020-12-28 17:16:23.481064
[[None 0.2148406007058958 0.205052625415778 ... None None
  0.2415168401087213]
 [0.2148406007058958 None 0.25027973397897035 ... None None
  0.24005125937318147]
 [0.205052625415778 0.25027973397897035 None ... None None
  0.2259941950223675]
 ...
 [None None None ... None None None]
 [None None None ... None None None]
 [0.2415168401087213 0.24005125937318153 0.2259941950223675 ... None None
  None]]
          0         1         2         3    ...   274   275   276       277
0        None  0.214841  0.205053  0.240369  ...  None  None  None  0.241517
1    0.214841      None   0.25028   0.22911  ...  None  None  None  0.240051
2    0.205053   0.25028      None  0.212884  ...  None  None  None  0.225994
3    0.240369   0.22911  0.212884      None  ...  None  None  None  0.215343
4    0.224194  0.213827  0.255705  0.260725  ...  None  None  None  0.222435
..        ...       ...       ...       ...  ...   ...   ...   ...       ...
273      None      None      None      None  ...  None  None  None      None
274      None      None      None      None  ...  None  None  None      None
275      None      None      None      None  ...  None  None  None      None
276      None      None      None      None  ...  None  None  None      None
277  0.241517  0.240051  0.225994  0.215343  ...  None  None  None      None

[278 rows x 278 columns]
Starting stage 3 ** Assign ROIs to networks ** for subject sub-02, chunklen 30 at 2020-12-28 17:16:29.376123
[[None 0.16199462102624254 0.24091536726941604 ... None None
  0.2500589014371716]
 [0.16199462102624254 None 0.1956224163513685 ... None None
  0.22753971460197908]
 [0.24091536726941604 0.1956224163513685 None ... None None
  0.21594051975050632]
 ...
 [None None None ... None None None]
 [None None None ... None None None]
 [0.2500589014371716 0.22753971460197908 0.21594051975050632 ... None
  None None]]
          0          1         2         3    ...   274   275   276       277
0        None   0.161995  0.240915  0.266016  ...  None  None  None  0.250059
1    0.161995       None  0.195622  0.257491  ...  None  None  None   0.22754
2    0.240915   0.195622      None   0.24149  ...  None  None  None  0.215941
3    0.266016   0.257491   0.24149      None  ...  None  None  None   0.15211
4    0.139621  0.0973196  0.226537  0.303024  ...  None  None  None  0.262703
..        ...        ...       ...       ...  ...   ...   ...   ...       ...
273   0.26449   0.300972  0.268446  0.225122  ...  None  None  None  0.183924
274      None       None      None      None  ...  None  None  None      None
275      None       None      None      None  ...  None  None  None      None
276      None       None      None      None  ...  None  None  None      None
277  0.250059    0.22754  0.215941   0.15211  ...  None  None  None      None

[278 rows x 278 columns]
Starting stage 3 ** Assign ROIs to networks ** for subject sub-03, chunklen 30 at 2020-12-28 17:16:35.307837
[[None 0.2019681648162948 0.23655965951416283 ... 0.19152439179631375
  0.18160392608952566 0.1916237677339559]
 [0.2019681648162948 None 0.23927499901231414 ... 0.2160899600309027
  0.20766075328830216 0.20524097467912214]
 [0.23655965951416283 0.23927499901231414 None ... 0.19381261425001184
  0.2531255558527406 0.18026414448252456]
 ...
 [0.19152439179631378 0.2160899600309027 0.19381261425001184 ... None
  0.22145433592767383 0.19747239781039705]
 [0.18160392608952566 0.20766075328830216 0.2531255558527406 ...
  0.22145433592767383 None 0.19394046926716363]
 [0.1916237677339559 0.20524097467912214 0.18026414448252456 ...
  0.19747239781039702 0.19394046926716363 None]]
          0         1         2    ...       275       276       277
0        None  0.201968   0.23656  ...  0.191524  0.181604  0.191624
1    0.201968      None  0.239275  ...   0.21609  0.207661  0.205241
2     0.23656  0.239275      None  ...  0.193813  0.253126  0.180264
3    0.240419  0.214112   0.15715  ...   0.19587  0.185759  0.149469
4    0.167054  0.206346   0.23783  ...  0.229699  0.224793  0.192488
..        ...       ...       ...  ...       ...       ...       ...
273   0.21217  0.243953  0.234832  ...  0.269868  0.306899  0.240456
274  0.205398    0.2315  0.247353  ...  0.266752  0.214479  0.200436
275  0.191524   0.21609  0.193813  ...      None  0.221454  0.197472
276  0.181604  0.207661  0.253126  ...  0.221454      None   0.19394
277  0.191624  0.205241  0.180264  ...  0.197472   0.19394      None

[278 rows x 278 columns]
Starting stage 3 ** Assign ROIs to networks ** for subject sub-04, chunklen 30 at 2020-12-28 17:16:41.326030
[[None 0.1716901498213819 0.1959580187195817 ... 0.17932792584094204 None
  0.20680324257197677]
 [0.1716901498213819 None 0.1822591544759015 ... 0.18480211566151825 None
  0.20903258852917714]
 [0.1959580187195817 0.1822591544759015 None ... 0.1809819023950148 None
  0.1314951306024246]
 ...
 [0.17932792584094204 0.18480211566151825 0.1809819023950148 ... None
  None 0.1851276161117218]
 [None None None ... None None None]
 [0.2068032425719768 0.20903258852917717 0.13149513060242463 ...
  0.1851276161117218 None None]]
          0         1         2         3    ...       274       275   276       277
0        None   0.17169  0.195958  0.242376  ...  0.192122  0.179328  None  0.206803
1     0.17169      None  0.182259  0.231973  ...  0.225387  0.184802  None  0.209033
2    0.195958  0.182259      None  0.129187  ...  0.195201  0.180982  None  0.131495
3    0.242376  0.231973  0.129187      None  ...  0.193784  0.189018  None   0.05785
4    0.204556   0.18647  0.224076  0.252153  ...   0.23973  0.203823  None  0.205345
..        ...       ...       ...       ...  ...       ...       ...   ...       ...
273  0.191877  0.197246   0.18294  0.185044  ...  0.234499   0.21022  None  0.198699
274  0.192122  0.225387  0.195201  0.193784  ...      None  0.247183  None  0.210258
275  0.179328  0.184802  0.180982  0.189018  ...  0.247183      None  None  0.185128
276      None      None      None      None  ...      None      None  None      None
277  0.206803  0.209033  0.131495   0.05785  ...  0.210258  0.185128  None      None

[278 rows x 278 columns]
Starting stage 3 ** Assign ROIs to networks ** for subject sub-05, chunklen 30 at 2020-12-28 17:16:47.343576
[[None 0.1000718771963406 0.08425894263962891 ... 0.2409066487411885
  0.291728660887748 0.24081045183897312]
 [0.1000718771963406 None 0.11703435518131397 ... 0.21121817387796735
  0.32277699895318673 0.20827230458672666]
 [0.08425894263962891 0.11703435518131396 None ... 0.165246777589079
  0.3353715982381832 0.22804762143931342]
 ...
 [0.24090664874118853 0.21121817387796735 0.16524677758907896 ... None
  0.41450848779116506 0.20991765367504023]
 [0.291728660887748 0.32277699895318673 0.3353715982381832 ...
  0.41450848779116506 None 0.22578302753157706]
 [0.2408104518389731 0.2082723045867267 0.2280476214393134 ...
  0.2099176536750402 0.22578302753157706 None]]
           0         1          2    ...       275       276       277
0         None  0.100072  0.0842589  ...  0.240907  0.291729   0.24081
1     0.100072      None   0.117034  ...  0.211218  0.322777  0.208272
2    0.0842589  0.117034       None  ...  0.165247  0.335372  0.228048
3     0.212511  0.230229   0.248422  ...  0.311059  0.180393  0.196816
4     0.131864  0.102941   0.126057  ...  0.255752  0.352619  0.206397
..         ...       ...        ...  ...       ...       ...       ...
273   0.187887  0.231455   0.246226  ...  0.348514  0.274708  0.265851
274   0.164354  0.140986   0.166197  ...   0.25447  0.363007  0.186175
275   0.240907  0.211218   0.165247  ...      None  0.414508  0.209918
276   0.291729  0.322777   0.335372  ...  0.414508      None  0.225783
277    0.24081  0.208272   0.228048  ...  0.209918  0.225783      None

[278 rows x 278 columns]
Starting stage 3 ** Assign ROIs to networks ** for subject sub-06, chunklen 30 at 2020-12-28 17:16:53.394134
[[None 0.14365216500389222 0.21754156800997912 ... None None
  0.2397305523045696]
 [0.14365216500389222 None 0.2964757393015485 ... None None
  0.26803121324878176]
 [0.21754156800997912 0.2964757393015485 None ... None None
  0.2329081455249831]
 ...
 [None None None ... None None None]
 [None None None ... None None None]
 [0.2397305523045696 0.26803121324878176 0.23290814552498312 ... None
  None None]]
          0         1         2         3    ...   274   275   276       277
0        None  0.143652  0.217542  0.266602  ...  None  None  None  0.239731
1    0.143652      None  0.296476  0.326227  ...  None  None  None  0.268031
2    0.217542  0.296476      None  0.170225  ...  None  None  None  0.232908
3    0.266602  0.326227  0.170225      None  ...  None  None  None  0.222799
4    0.231715  0.243756  0.333204  0.316589  ...  None  None  None  0.347771
..        ...       ...       ...       ...  ...   ...   ...   ...       ...
273      None      None      None      None  ...  None  None  None      None
274      None      None      None      None  ...  None  None  None      None
275      None      None      None      None  ...  None  None  None      None
276      None      None      None      None  ...  None  None  None      None
277  0.239731  0.268031  0.232908  0.222799  ...  None  None  None      None

[278 rows x 278 columns]
Starting stage 3 ** Assign ROIs to networks ** for subject sub-09, chunklen 30 at 2020-12-28 17:16:59.183357
[[None 0.22498369017543865 0.23784273680308804 ... 0.30830481259251924
  None 0.25573258589819026]
 [0.22498369017543865 None 0.2562503087576672 ... 0.3245486229723107 None
  0.257657782004721]
 [0.23784273680308804 0.25625030875766713 None ... 0.24436732199336728
  None 0.2159448613229946]
 ...
 [0.3083048125925192 0.3245486229723107 0.24436732199336728 ... None None
  0.24461146041260698]
 [None None None ... None None None]
 [0.25573258589819026 0.257657782004721 0.2159448613229946 ...
  0.244611460412607 None None]]
          0         1         2         3    ...       274       275   276       277
0        None  0.224984  0.237843  0.232387  ...  0.269463  0.308305  None  0.255733
1    0.224984      None   0.25625  0.268446  ...  0.302036  0.324549  None  0.257658
2    0.237843   0.25625      None  0.212339  ...  0.236655  0.244367  None  0.215945
3    0.232387  0.268446  0.212339      None  ...  0.264872  0.193081  None   0.17556
4    0.243571   0.16646  0.269477  0.268152  ...  0.300205  0.304637  None  0.231182
..        ...       ...       ...       ...  ...       ...       ...   ...       ...
273  0.209735  0.270575  0.246974   0.27674  ...  0.327703  0.348168  None  0.208799
274  0.269463  0.302036  0.236655  0.264872  ...      None  0.217918  None  0.250046
275  0.308305  0.324549  0.244367  0.193081  ...  0.217918      None  None  0.244611
276      None      None      None      None  ...      None      None  None      None
277  0.255733  0.257658  0.215945   0.17556  ...  0.250046  0.244611  None      None

[278 rows x 278 columns]
Starting stage 3 ** Assign ROIs to networks ** for subject sub-10, chunklen 30 at 2020-12-28 17:17:05.156729
[[None 0.25495935638658374 0.23870391645929664 ... 0.19727784385836092
  0.21420641620583278 0.2802552399337423]
 [0.25495935638658374 None 0.2590440386691392 ... 0.23673429264498014
  0.24578459668442296 0.28302701431491223]
 [0.23870391645929664 0.2590440386691392 None ... 0.2078657162641
  0.23446179857330626 0.2378934662026637]
 ...
 [0.19727784385836092 0.23673429264498014 0.2078657162641 ... None
  0.2002455009199756 0.17600620667136319]
 [0.2142064162058328 0.24578459668442296 0.23446179857330626 ...
  0.2002455009199756 None 0.1764324419646903]
 [0.2802552399337423 0.28302701431491223 0.2378934662026637 ...
  0.17600620667136319 0.17643244196469032 None]]
          0         1         2    ...       275       276       277
0        None  0.254959  0.238704  ...  0.197278  0.214206  0.280255
1    0.254959      None  0.259044  ...  0.236734  0.245785  0.283027
2    0.238704  0.259044      None  ...  0.207866  0.234462  0.237893
3    0.256847  0.283866  0.244935  ...  0.210022  0.219253  0.182378
4    0.243044  0.149058   0.23203  ...   0.27744  0.279049  0.277886
..        ...       ...       ...  ...       ...       ...       ...
273  0.195249  0.221129  0.241007  ...  0.319916  0.315129  0.263124
274  0.267162  0.262013  0.228942  ...  0.272586  0.282098  0.218308
275  0.197278  0.236734  0.207866  ...      None  0.200246  0.176006
276  0.214206  0.245785  0.234462  ...  0.200246      None  0.176432
277  0.280255  0.283027  0.237893  ...  0.176006  0.176432      None

[278 rows x 278 columns]
Starting stage 3 ** Assign ROIs to networks ** for subject sub-14, chunklen 30 at 2020-12-28 17:17:11.168721
[[None 0.2495047729693786 0.21441189933826046 ... 0.2688695618992003
  0.2605083785427298 0.2445213930368568]
 [0.2495047729693786 None 0.2601337059989624 ... 0.26991326627193474
  0.2583404886816983 0.23422511058850934]
 [0.21441189933826046 0.2601337059989624 None ... 0.20355982369992862
  0.23278111279131652 0.25104851468718303]
 ...
 [0.2688695618992003 0.26991326627193474 0.20355982369992862 ... None
  0.24126596139187806 0.22452074202421776]
 [0.2605083785427298 0.2583404886816983 0.23278111279131652 ...
  0.24126596139187806 None 0.2174252509534017]
 [0.2445213930368568 0.23422511058850934 0.25104851468718303 ...
  0.22452074202421776 0.2174252509534017 None]]
          0         1         2    ...       275       276       277
0        None  0.249505  0.214412  ...   0.26887  0.260508  0.244521
1    0.249505      None  0.260134  ...  0.269913   0.25834  0.234225
2    0.214412  0.260134      None  ...   0.20356  0.232781  0.251049
3    0.245293  0.237858  0.227216  ...  0.215891  0.201288  0.174513
4    0.233658  0.190086   0.25008  ...  0.274459  0.260546  0.219499
..        ...       ...       ...  ...       ...       ...       ...
273  0.222381  0.247024  0.222924  ...  0.304224  0.312716  0.275127
274  0.229712  0.227248  0.267153  ...  0.302092  0.345023  0.223318
275   0.26887  0.269913   0.20356  ...      None  0.241266  0.224521
276  0.260508   0.25834  0.232781  ...  0.241266      None  0.217425
277  0.244521  0.234225  0.251049  ...  0.224521  0.217425      None

[278 rows x 278 columns]
Starting stage 3 ** Assign ROIs to networks ** for subject sub-15, chunklen 30 at 2020-12-28 17:17:17.189132
[[None 0.17728326353592594 0.21361303959377848 ... 0.22844411014986382
  None 0.2332692219142423]
 [0.17728326353592594 None 0.2031055383397903 ... 0.23254970218301524
  None 0.21118458950635674]
 [0.21361303959377848 0.2031055383397903 None ... 0.27197504753684953
  None 0.2051987130477609]
 ...
 [0.22844411014986382 0.23254970218301524 0.27197504753684953 ... None
  None 0.252804454638947]
 [None None None ... None None None]
 [0.2332692219142423 0.2111845895063567 0.20519871304776094 ...
  0.252804454638947 None None]]
          0         1         2         3    ...       274       275   276       277
0        None  0.177283  0.213613  0.228214  ...  0.265783  0.228444  None  0.233269
1    0.177283      None  0.203106  0.228493  ...  0.239281   0.23255  None  0.211185
2    0.213613  0.203106      None  0.215894  ...  0.220305  0.271975  None  0.205199
3    0.228214  0.228493  0.215894      None  ...   0.21365  0.312179  None  0.102157
4      0.1793   0.14798  0.223832  0.252278  ...  0.262953  0.257394  None  0.215878
..        ...       ...       ...       ...  ...       ...       ...   ...       ...
273  0.215151  0.192534  0.207973   0.22373  ...  0.288333  0.277613  None  0.218502
274  0.265783  0.239281  0.220305   0.21365  ...      None  0.363398  None  0.182341
275  0.228444   0.23255  0.271975  0.312179  ...  0.363398      None  None  0.252804
276      None      None      None      None  ...      None      None  None      None
277  0.233269  0.211185  0.205199  0.102157  ...  0.182341  0.252804  None      None

[278 rows x 278 columns]
Starting stage 3 ** Assign ROIs to networks ** for subject sub-16, chunklen 30 at 2020-12-28 17:17:23.146404
[[None 0.3313885193352496 0.2986458589585285 ... 0.3791701079215887
  0.25515475190590065 0.2922214653786912]
 [0.3313885193352496 None 0.32620169343755856 ... 0.3377350262042707
  0.238446359613384 0.2680796621215117]
 [0.2986458589585285 0.32620169343755856 None ... 0.3199810891767561
  0.21875380747351622 0.2438780305090092]
 ...
 [0.3791701079215887 0.3377350262042707 0.3199810891767561 ... None
  0.311936785012909 0.3031544118932781]
 [0.25515475190590065 0.238446359613384 0.21875380747351622 ...
  0.31193678501290895 None 0.225749334712291]
 [0.2922214653786912 0.2680796621215117 0.2438780305090092 ...
  0.3031544118932781 0.225749334712291 None]]
          0         1         2    ...       275       276       277
0        None  0.331389  0.298646  ...   0.37917  0.255155  0.292221
1    0.331389      None  0.326202  ...  0.337735  0.238446   0.26808
2    0.298646  0.326202      None  ...  0.319981  0.218754  0.243878
3    0.282146  0.278707   0.23037  ...  0.290339  0.230271  0.134148
4    0.304698  0.274476  0.317934  ...  0.340641  0.261571  0.292781
..        ...       ...       ...  ...       ...       ...       ...
273  0.227362   0.26725   0.29731  ...  0.339573   0.35147  0.247077
274   0.27326  0.286455  0.309464  ...  0.366961  0.316513  0.261674
275   0.37917  0.337735  0.319981  ...      None  0.311937  0.303154
276  0.255155  0.238446  0.218754  ...  0.311937      None  0.225749
277  0.292221   0.26808  0.243878  ...  0.303154  0.225749      None

[278 rows x 278 columns]
Starting stage 3 ** Assign ROIs to networks ** for subject sub-17, chunklen 30 at 2020-12-28 17:17:29.159107
[[None 0.30090701625505367 0.24450818850954825 ... 0.21371638033843723
  0.20057996436398579 0.23749538975916315]
 [0.30090701625505367 None 0.2668832084489497 ... 0.2968488946893235
  0.2843638532634062 0.24663763765968671]
 [0.24450818850954825 0.2668832084489497 None ... 0.24716264702245402
  0.30678363427840794 0.2824128868014119]
 ...
 [0.21371638033843723 0.2968488946893235 0.24716264702245402 ... None
  0.24147016033866953 0.23200443469277365]
 [0.20057996436398579 0.2843638532634062 0.30678363427840794 ...
  0.24147016033866953 None 0.1930869350970866]
 [0.23749538975916315 0.24663763765968671 0.2824128868014119 ...
  0.23200443469277365 0.1930869350970866 None]]
          0         1         2    ...       275       276       277
0        None  0.300907  0.244508  ...  0.213716   0.20058  0.237495
1    0.300907      None  0.266883  ...  0.296849  0.284364  0.246638
2    0.244508  0.266883      None  ...  0.247163  0.306784  0.282413
3    0.239137  0.274772  0.267279  ...  0.266827  0.228584  0.153484
4    0.290471   0.22092  0.300941  ...  0.306196  0.282722  0.251841
..        ...       ...       ...  ...       ...       ...       ...
273  0.240275  0.270917  0.297447  ...  0.338244  0.348053  0.285548
274   0.23923  0.300776  0.265049  ...  0.334711  0.234652  0.163051
275  0.213716  0.296849  0.247163  ...      None   0.24147  0.232004
276   0.20058  0.284364  0.306784  ...   0.24147      None  0.193087
277  0.237495  0.246638  0.282413  ...  0.232004  0.193087      None

[278 rows x 278 columns]
Starting stage 3 ** Assign ROIs to networks ** for subject sub-18, chunklen 30 at 2020-12-28 17:17:35.170049
[[None 0.19899251775382643 0.20151557909824422 ... 0.2988032090649533
  0.2583035063293789 0.2512632203582987]
 [0.19899251775382643 None 0.22516964907252585 ... 0.2833843334758838
  0.27098878174915325 0.24253895165407177]
 [0.20151557909824422 0.22516964907252585 None ... 0.20558116001878105
  0.17677062998708915 0.19146362230798095]
 ...
 [0.2988032090649533 0.2833843334758838 0.20558116001878105 ... None
  0.19109484418077055 0.21430385023645962]
 [0.2583035063293789 0.2709887817491532 0.17677062998708915 ...
  0.19109484418077055 None 0.19402591288417564]
 [0.2512632203582987 0.24253895165407177 0.19146362230798095 ...
  0.21430385023645962 0.19402591288417564 None]]
          0         1         2    ...       275       276       277
0        None  0.198993  0.201516  ...  0.298803  0.258304  0.251263
1    0.198993      None   0.22517  ...  0.283384  0.270989  0.242539
2    0.201516   0.22517      None  ...  0.205581  0.176771  0.191464
3    0.253402  0.258659  0.179829  ...  0.178409  0.216297  0.174209
4    0.223278  0.190392  0.223015  ...  0.280722  0.275259  0.192064
..        ...       ...       ...  ...       ...       ...       ...
273  0.243863  0.213253  0.206223  ...  0.253127  0.214662  0.224939
274  0.236124  0.215926  0.200773  ...  0.250886  0.261301  0.196454
275  0.298803  0.283384  0.205581  ...      None  0.191095  0.214304
276  0.258304  0.270989  0.176771  ...  0.191095      None  0.194026
277  0.251263  0.242539  0.191464  ...  0.214304  0.194026      None

[278 rows x 278 columns]
Starting stage 3 ** Assign ROIs to networks ** for subject sub-19, chunklen 30 at 2020-12-28 17:17:41.183393
[[None 0.1827777622138059 0.2099137042427491 ... 0.16509999492680477
  0.2329144216430501 0.21715776944958534]
 [0.1827777622138059 None 0.233798469921317 ... 0.2505439301215482
  0.25022153490159377 0.22169283458292494]
 [0.20991370424274913 0.233798469921317 None ... 0.2158967331986482
  0.20848832275662063 0.2077344610668502]
 ...
 [0.16509999492680477 0.2505439301215482 0.2158967331986482 ... None
  0.24199748318565 0.24352819720887453]
 [0.2329144216430501 0.25022153490159377 0.2084883227566206 ...
  0.24199748318565 None 0.22049744683644434]
 [0.21715776944958534 0.22169283458292494 0.2077344610668502 ...
  0.24352819720887453 0.22049744683644434 None]]
          0         1         2    ...       275       276       277
0        None  0.182778  0.209914  ...    0.1651  0.232914  0.217158
1    0.182778      None  0.233798  ...  0.250544  0.250222  0.221693
2    0.209914  0.233798      None  ...  0.215897  0.208488  0.207734
3    0.216934  0.261314  0.208013  ...  0.214108  0.202536  0.190779
4    0.180222  0.154076  0.242051  ...  0.265771  0.299664  0.266644
..        ...       ...       ...  ...       ...       ...       ...
273  0.209021  0.199255  0.277981  ...   0.31275  0.325622  0.230549
274  0.229081  0.213648  0.259025  ...  0.325733  0.351476  0.257833
275    0.1651  0.250544  0.215897  ...      None  0.241997  0.243528
276  0.232914  0.250222  0.208488  ...  0.241997      None  0.220497
277  0.217158  0.221693  0.207734  ...  0.243528  0.220497      None

[278 rows x 278 columns]
Starting stage 3 ** Assign ROIs to networks ** for subject sub-20, chunklen 30 at 2020-12-28 17:17:47.195988
[[None 0.20930672861013905 0.27418055082403625 ... 0.34470813690723595
  0.29248055835763775 0.26961187411126847]
 [0.20930672861013905 None 0.26647469697496834 ... 0.3160359634958185
  0.300775930524945 0.23207123704478325]
 [0.27418055082403625 0.26647469697496834 None ... 0.31389204644819446
  0.2772785745224846 0.24492851394132023]
 ...
 [0.34470813690723595 0.3160359634958185 0.31389204644819446 ... None
  0.3421581394258471 0.29557090372433553]
 [0.29248055835763775 0.300775930524945 0.2772785745224846 ...
  0.3421581394258471 None 0.19679138030181442]
 [0.26961187411126847 0.23207123704478325 0.24492851394132023 ...
  0.29557090372433553 0.19679138030181442 None]]
          0         1         2    ...       275       276       277
0        None  0.209307  0.274181  ...  0.344708  0.292481  0.269612
1    0.209307      None  0.266475  ...  0.316036  0.300776  0.232071
2    0.274181  0.266475      None  ...  0.313892  0.277279  0.244929
3     0.27874  0.303819  0.241629  ...  0.324526  0.248651  0.245974
4    0.243785  0.197476  0.272969  ...  0.325073  0.325569  0.257359
..        ...       ...       ...  ...       ...       ...       ...
273  0.189898    0.2242  0.270547  ...  0.321338  0.346521  0.303502
274   0.19543  0.199924  0.250049  ...  0.362482  0.294978  0.254277
275  0.344708  0.316036  0.313892  ...      None  0.342158  0.295571
276  0.292481  0.300776  0.277279  ...  0.342158      None  0.196791
277  0.269612  0.232071  0.244929  ...  0.295571  0.196791      None

[278 rows x 278 columns]
     subject         net1   net2   MeanBVC
0     sub-01          FPN    CON  0.276538
1     sub-01          FPN    SAN  0.279048
2     sub-01          FPN    VAN  0.269362
3     sub-01          FPN    DAN  0.277012
4     sub-01          FPN    DMN  0.280073
...      ...          ...    ...       ...
1645  sub-20  Whole Brain    DMN  0.300512
1646  sub-20  Whole Brain  Motor  0.299385
1647  sub-20  Whole Brain   Aud.  0.299741
1648  sub-20  Whole Brain   Vis.  0.292487
1649  sub-20  Whole Brain  Subc.  0.290801

[1650 rows x 4 columns]
     subject         net1         net2   MeanGVC
0     sub-01          FPN          FPN  0.273258
1     sub-01          FPN          CON  0.276538
2     sub-01          FPN          SAN  0.279048
3     sub-01          FPN          VAN  0.269362
4     sub-01          FPN          DAN  0.277012
...      ...          ...          ...       ...
1810  sub-20  Whole Brain        Motor  0.299385
1811  sub-20  Whole Brain         Aud.  0.299741
1812  sub-20  Whole Brain         Vis.  0.292487
1813  sub-20  Whole Brain        Subc.  0.290801
1814  sub-20  Whole Brain  Whole Brain  0.300298

[1815 rows x 4 columns]
Starting stage 4 **Calculate statistics** at 2020-12-28 17:17:53.221740
     subject         net1   net2   MeanBVC
0     sub-01          FPN    CON  0.276538
1     sub-01          FPN    SAN  0.279048
2     sub-01          FPN    VAN  0.269362
3     sub-01          FPN    DAN  0.277012
4     sub-01          FPN    DMN  0.280073
...      ...          ...    ...       ...
1645  sub-20  Whole Brain    DMN  0.300512
1646  sub-20  Whole Brain  Motor  0.299385
1647  sub-20  Whole Brain   Aud.  0.299741
1648  sub-20  Whole Brain   Vis.  0.292487
1649  sub-20  Whole Brain  Subc.  0.290801

[1650 rows x 4 columns]
    subject         net2   MeanBVC
0    sub-01         Aud.  0.281714
1    sub-01          CON  0.287605
2    sub-01          DAN  0.285838
3    sub-01          DMN  0.291127
4    sub-01          FPN  0.282422
..      ...          ...       ...
160  sub-20          SAN  0.290170
161  sub-20        Subc.  0.275748
162  sub-20          VAN  0.292893
163  sub-20         Vis.  0.287931
164  sub-20  Whole Brain  0.285790

[165 rows x 3 columns]
Anova results for BVC
             df    sum_sq   mean_sq         F        PR(>F)
C(net2)    10.0  0.000943  0.000094  5.472472  6.197381e-07
Residual  154.0  0.002653  0.000017       NaN           NaN
T-test results for BVC
Test Multiple Comparison ttest_rel 
FWER=0.05 method=Holm
alphacSidak=0.00, alphacBonf=0.001
==================================================
group1    group2     stat   pval  pval_corr reject
--------------------------------------------------
  Aud.         CON  1.2682 0.2254       1.0  False
  Aud.         DAN -1.8867 0.0801       1.0  False
  Aud.         DMN -1.0422  0.315       1.0  False
  Aud.         FPN  0.6741 0.5112       1.0  False
  Aud.       Motor  0.2072 0.8388       1.0  False
  Aud.         SAN -0.3553 0.7277       1.0  False
  Aud.       Subc.  0.9615 0.3526       1.0  False
  Aud.         VAN -1.7528 0.1015       1.0  False
  Aud.        Vis. -2.6605 0.0186     0.727  False
  Aud. Whole Brain -0.7666 0.4561       1.0  False
   CON         DAN -3.4801 0.0037    0.1765  False
   CON         DMN  -3.234  0.006    0.2581  False
   CON         FPN -1.2633 0.2271       1.0  False
   CON       Motor -1.1782 0.2584       1.0  False
   CON         SAN -2.7136 0.0168    0.6721  False
   CON       Subc.  0.0047 0.9963       1.0  False
   CON         VAN -4.0285 0.0012    0.0647  False
   CON        Vis. -4.4351 0.0006    0.0305   True
   CON Whole Brain -3.3627 0.0046    0.2183  False
   DAN         DMN  1.1775 0.2586       1.0  False
   DAN         FPN  3.5108 0.0035    0.1696  False
   DAN       Motor  2.6262 0.0199    0.7575  False
   DAN         SAN  1.8138 0.0912       1.0  False
   DAN       Subc.  2.4507  0.028       1.0  False
   DAN         VAN -0.1726 0.8654       1.0  False
   DAN        Vis. -3.3346 0.0049     0.221  False
   DAN Whole Brain  2.7495 0.0157    0.6421  False
   DMN         FPN  2.2719 0.0394       1.0  False
   DMN       Motor  1.5116 0.1529       1.0  False
   DMN         SAN  0.9751  0.346       1.0  False
   DMN       Subc.  1.9109 0.0767       1.0  False
   DMN         VAN -0.9918 0.3381       1.0  False
   DMN        Vis. -4.6286 0.0004    0.0215   True
   DMN Whole Brain  1.1326 0.2764       1.0  False
   FPN       Motor -0.2871 0.7782       1.0  False
   FPN         SAN -1.1908 0.2535       1.0  False
   FPN       Subc.  0.6843  0.505       1.0  False
   FPN         VAN -3.2986 0.0053    0.2322  False
   FPN        Vis. -4.0498 0.0012    0.0633  False
   FPN Whole Brain  -2.429 0.0292       1.0  False
 Motor         SAN  -0.911 0.3777       1.0  False
 Motor       Subc.  0.6469 0.5281       1.0  False
 Motor         VAN -2.2002 0.0451       1.0  False
 Motor        Vis. -3.6013 0.0029    0.1445  False
 Motor Whole Brain -1.2816 0.2208       1.0  False
   SAN       Subc.  1.2883 0.2185       1.0  False
   SAN         VAN -1.5125 0.1526       1.0  False
   SAN        Vis. -3.1151 0.0076    0.3193  False
   SAN Whole Brain -0.4754 0.6419       1.0  False
 Subc.         VAN -2.0524 0.0593       1.0  False
 Subc.        Vis. -3.3613 0.0047    0.2183  False
 Subc. Whole Brain  -1.813 0.0913       1.0  False
   VAN        Vis. -2.0734 0.0571       1.0  False
   VAN Whole Brain  1.6412  0.123       1.0  False
  Vis. Whole Brain  4.0107 0.0013    0.0657  False
--------------------------------------------------
Figure saved as ViolinPlotBVCcorr.png
Figure saved as BarPlotBVCcorr.png
     subject         net1         net2   MeanGVC
0     sub-01          FPN          FPN  0.273258
1     sub-01          FPN          CON  0.276538
2     sub-01          FPN          SAN  0.279048
3     sub-01          FPN          VAN  0.269362
4     sub-01          FPN          DAN  0.277012
...      ...          ...          ...       ...
1810  sub-20  Whole Brain        Motor  0.299385
1811  sub-20  Whole Brain         Aud.  0.299741
1812  sub-20  Whole Brain         Vis.  0.292487
1813  sub-20  Whole Brain        Subc.  0.290801
1814  sub-20  Whole Brain  Whole Brain  0.300298

[1815 rows x 4 columns]
    subject         net2   MeanGVC
0    sub-01         Aud.  0.279813
1    sub-01          CON  0.286382
2    sub-01          DAN  0.284042
3    sub-01          DMN  0.289936
4    sub-01          FPN  0.280370
..      ...          ...       ...
160  sub-20          SAN  0.287915
161  sub-20        Subc.  0.275027
162  sub-20          VAN  0.290191
163  sub-20         Vis.  0.282549
164  sub-20  Whole Brain  0.287157

[165 rows x 3 columns]
Anova results for GVC
             df    sum_sq   mean_sq         F    PR(>F)
C(net2)    10.0  0.000861  0.000086  4.569658  0.000011
Residual  154.0  0.002901  0.000019       NaN       NaN
T-test results for GVC
Test Multiple Comparison ttest_rel 
FWER=0.05 method=Holm
alphacSidak=0.00, alphacBonf=0.001
==================================================
group1    group2     stat   pval  pval_corr reject
--------------------------------------------------
  Aud.         CON -0.2716 0.7899       1.0  False
  Aud.         DAN -2.8884 0.0119    0.5122  False
  Aud.         DMN -2.1111 0.0532       1.0  False
  Aud.         FPN -0.8026 0.4356       1.0  False
  Aud.       Motor -0.7382 0.4726       1.0  False
  Aud.         SAN -1.1721 0.2607       1.0  False
  Aud.       Subc. -0.2717 0.7898       1.0  False
  Aud.         VAN -2.4517  0.028       1.0  False
  Aud.        Vis. -2.9107 0.0114    0.5016  False
  Aud. Whole Brain -2.5634 0.0225    0.8784  False
   CON         DAN -3.2042 0.0064    0.3056  False
   CON         DMN -3.0188 0.0092    0.4141  False
   CON         FPN -0.3589  0.725       1.0  False
   CON       Motor -0.5825 0.5695       1.0  False
   CON         SAN -1.6485 0.1215       1.0  False
   CON       Subc. -0.0473 0.9629       1.0  False
   CON         VAN  -3.358 0.0047    0.2298  False
   CON        Vis. -3.6472 0.0026    0.1346  False
   CON Whole Brain -3.7676 0.0021    0.1102  False
   DAN         DMN   0.717 0.4852       1.0  False
   DAN         FPN  4.0741 0.0011    0.0615  False
   DAN       Motor  3.1476 0.0071    0.3349  False
   DAN         SAN  2.3927 0.0313       1.0  False
   DAN       Subc.  2.2279 0.0428       1.0  False
   DAN         VAN  0.6646 0.5171       1.0  False
   DAN        Vis. -1.5718 0.1383       1.0  False
   DAN Whole Brain  1.1197 0.2817       1.0  False
   DMN         FPN  2.8231 0.0135    0.5691  False
   DMN       Motor  2.0442 0.0602       1.0  False
   DMN         SAN  1.5917 0.1338       1.0  False
   DMN       Subc.  1.8204 0.0901       1.0  False
   DMN         VAN  0.1656 0.8708       1.0  False
   DMN        Vis. -2.3074 0.0368       1.0  False
   DMN Whole Brain -0.0777 0.9392       1.0  False
   FPN       Motor -0.3331  0.744       1.0  False
   FPN         SAN -1.0516 0.3108       1.0  False
   FPN       Subc.  0.1686 0.8685       1.0  False
   FPN         VAN -3.5113 0.0035    0.1729  False
   FPN        Vis. -3.7089 0.0023    0.1215  False
   FPN Whole Brain -4.1726 0.0009    0.0517  False
 Motor         SAN -0.8336 0.4185       1.0  False
 Motor       Subc.  0.2746 0.7876       1.0  False
 Motor         VAN -2.1065 0.0537       1.0  False
 Motor        Vis. -3.1393 0.0072    0.3349  False
 Motor Whole Brain -2.7332 0.0162     0.663  False
   SAN       Subc.  0.7586 0.4607       1.0  False
   SAN         VAN -1.3255 0.2062       1.0  False
   SAN        Vis. -2.5295 0.0241    0.9141  False
   SAN Whole Brain  -2.235 0.0422       1.0  False
 Subc.         VAN -1.5466 0.1443       1.0  False
 Subc.        Vis. -2.6473 0.0191    0.7652  False
 Subc. Whole Brain -2.0887 0.0555       1.0  False
   VAN        Vis. -1.4414 0.1715       1.0  False
   VAN Whole Brain -0.2489 0.8071       1.0  False
  Vis. Whole Brain  2.2486 0.0412       1.0  False
--------------------------------------------------
Figure saved as ViolinPlotGVCcorr30.png
