In flexiblehubs_1jobPoolSubjsSF parameters CHUNKLEN=60
Empty DataFrame
Columns: [subject, net1, net2, MeanBVC]
Index: []
Empty DataFrame
Columns: [subject, net1, net2, MeanGVC]
Index: []
Starting stage 3 ** Assign ROIs to networks ** for subject sub-01, chunklen 60 at 2021-05-12 16:16:57.727911
             0            1    ...          276          277
0    5.74878e-16      0.23614  ...     0.298426     0.292598
1       0.232167  1.07375e-15  ...     0.232102     0.176242
2       0.266395     0.298816  ...     0.269097     0.280557
3       0.248271     0.202276  ...     0.282088     0.300903
4       0.270698     0.189611  ...     0.270686     0.225908
..           ...          ...  ...          ...          ...
273     0.269601     0.316547  ...     0.275114     0.260966
274     0.249609     0.239469  ...     0.249208     0.244288
275     0.272395     0.237687  ...     0.244005     0.261286
276     0.303789     0.247292  ...  8.03303e-16     0.307235
277     0.298963     0.182866  ...     0.309396  1.28166e-15

[278 rows x 278 columns]
Starting stage 3 ** Assign ROIs to networks ** for subject sub-02, chunklen 60 at 2021-05-12 16:17:03.190552
             0            1    ...          276          277
0    1.08431e-15     0.199306  ...     0.270903     0.266836
1       0.203666  6.54236e-16  ...     0.207722     0.224393
2       0.266301     0.375302  ...      0.26696     0.304097
3        0.22486     0.234759  ...     0.225154     0.193301
4       0.343696     0.191183  ...     0.230541     0.205918
..           ...          ...  ...          ...          ...
273     0.217806     0.341814  ...     0.212834     0.245513
274     0.233319     0.222209  ...     0.231273     0.250409
275     0.176393     0.175004  ...     0.175878     0.180312
276     0.271766     0.206566  ...  9.01465e-16     0.226155
277     0.261672        0.209  ...     0.222496  6.60951e-16

[278 rows x 278 columns]
Starting stage 3 ** Assign ROIs to networks ** for subject sub-03, chunklen 60 at 2021-05-12 16:17:08.700932
             0            1    ...          276          277
0    1.34148e-15     0.327296  ...     0.334759     0.274952
1       0.353918  9.34221e-16  ...     0.361845     0.271802
2       0.348296     0.348363  ...      0.32972     0.279015
3        0.33569     0.280574  ...      0.33197     0.233676
4       0.401649     0.279569  ...     0.339063      0.29278
..           ...          ...  ...          ...          ...
273     0.346708     0.356097  ...     0.341739     0.278675
274     0.321229      0.25788  ...      0.27792     0.253578
275     0.370169     0.288646  ...     0.301803     0.281161
276     0.360748     0.369826  ...  6.19199e-16     0.280459
277     0.283667     0.245386  ...     0.263448  9.62263e-16

[278 rows x 278 columns]
Starting stage 3 ** Assign ROIs to networks ** for subject sub-04, chunklen 60 at 2021-05-12 16:17:14.227500
             0            1    ...          276          277
0    9.14477e-16     0.301014  ...     0.405116     0.301991
1       0.308675  9.79229e-16  ...     0.420531     0.277576
2       0.271113     0.370057  ...     0.338878      0.28975
3       0.372933     0.378511  ...     0.441672     0.281294
4        0.43947     0.305834  ...     0.398625     0.269879
..           ...          ...  ...          ...          ...
273     0.274109     0.351955  ...     0.357964     0.265566
274     0.272749     0.300766  ...     0.359204     0.193578
275     0.337444     0.343576  ...     0.392965     0.279962
276     0.338579     0.382732  ...  1.21694e-15     0.264489
277     0.301758     0.262369  ...     0.294837  6.65881e-16

[278 rows x 278 columns]
Starting stage 3 ** Assign ROIs to networks ** for subject sub-05, chunklen 60 at 2021-05-12 16:17:19.804440
             0            1            2    ...          275          276        277
0    1.10739e-15     0.187406     0.200502  ...     0.237479     0.171328   0.168429
1       0.181958  1.66022e-15     0.407637  ...     0.242186     0.316896   0.385792
2       0.210912     0.396582  8.96003e-16  ...     0.286958      0.27609    0.38821
3       0.219937     0.424098     0.382938  ...     0.248402     0.348829   0.336623
4       0.232574     0.265373     0.259192  ...     0.188902     0.183202   0.282087
..           ...          ...          ...  ...          ...          ...        ...
273      0.21983     0.390773     0.491926  ...     0.292033     0.276009    0.37724
274     0.199444     0.141753     0.155109  ...     0.168292     0.175483   0.149844
275     0.236425     0.249529     0.289018  ...  1.01684e-15     0.233578   0.196904
276     0.175631     0.320243     0.278657  ...     0.228168  2.06559e-15   0.248633
277      0.16118     0.392619     0.395781  ...      0.20268     0.244924  1.119e-15

[278 rows x 278 columns]
Starting stage 3 ** Assign ROIs to networks ** for subject sub-06, chunklen 60 at 2021-05-12 16:17:25.360130
             0            1    ...          276          277
0    1.46819e-15     0.293028  ...     0.326662     0.354131
1       0.268512  9.75437e-16  ...     0.266611     0.228725
2       0.309321     0.360645  ...     0.279778     0.268209
3       0.368015     0.294569  ...     0.310573     0.333522
4       0.364194     0.247123  ...       0.3298     0.316009
..           ...          ...  ...          ...          ...
273     0.315129     0.351738  ...     0.269025      0.27688
274     0.352714     0.255373  ...     0.295764     0.335628
275     0.312654     0.252032  ...     0.264693     0.270409
276      0.33214     0.290339  ...  1.06812e-15     0.338254
277     0.358425       0.2441  ...     0.330794  1.06822e-15

[278 rows x 278 columns]
Starting stage 3 ** Assign ROIs to networks ** for subject sub-09, chunklen 60 at 2021-05-12 16:17:30.706090
             0            1    ...          276          277
0    1.44882e-15     0.241094  ...      0.27069     0.215893
1       0.215137  1.15755e-15  ...     0.209845     0.245442
2       0.278516     0.344184  ...      0.27301     0.252992
3        0.30557     0.191106  ...     0.284255      0.19145
4       0.370997     0.234843  ...     0.259846     0.284901
..           ...          ...  ...          ...          ...
273     0.277954      0.36532  ...     0.269694     0.266578
274     0.235938      0.24554  ...     0.253652      0.20352
275     0.269182     0.226335  ...     0.212401     0.184441
276     0.262422     0.213901  ...  1.33321e-15     0.283952
277     0.172533     0.228835  ...      0.26443  8.65946e-16

[278 rows x 278 columns]
Starting stage 3 ** Assign ROIs to networks ** for subject sub-10, chunklen 60 at 2021-05-12 16:17:36.245003
             0            1            2    ...        275          276          277
0    1.32026e-15     0.224839     0.243556  ...   0.255583     0.256329     0.327313
1        0.22912  1.11458e-15     0.348506  ...   0.235458     0.251517     0.250646
2       0.280669     0.356585  7.72927e-16  ...   0.287071     0.251315     0.251318
3       0.185551     0.203737     0.178663  ...   0.169894     0.173001     0.187009
4        0.34217     0.209346     0.228933  ...   0.270828     0.252362     0.249866
..           ...          ...          ...  ...        ...          ...          ...
273     0.232882     0.355401     0.369924  ...   0.235896     0.236381     0.259528
274     0.221086     0.320258      0.31022  ...   0.204705      0.20925     0.235075
275     0.255367     0.224613     0.263368  ...  7.887e-16     0.201973     0.213179
276     0.249916     0.239454     0.221083  ...   0.200306  9.52057e-16     0.314547
277     0.319615     0.224611     0.216006  ...   0.202353     0.314663  4.65079e-16

[278 rows x 278 columns]
Starting stage 3 ** Assign ROIs to networks ** for subject sub-14, chunklen 60 at 2021-05-12 16:17:41.779412
             0            1    ...          276          277
0    1.00628e-15     0.229105  ...     0.262182     0.243075
1        0.25402  1.27269e-15  ...      0.29749     0.240147
2         0.3001     0.322005  ...      0.29899     0.291955
3       0.203306     0.241871  ...     0.334686     0.276689
4       0.325796     0.201727  ...     0.272808     0.277929
..           ...          ...  ...          ...          ...
273     0.263716     0.297486  ...      0.28244      0.26855
274     0.210456     0.266973  ...     0.247482     0.220468
275     0.267599     0.258584  ...     0.259688     0.219226
276     0.284111     0.301993  ...  1.26941e-15     0.329411
277     0.232645     0.205715  ...     0.332563  1.31507e-15

[278 rows x 278 columns]
Starting stage 3 ** Assign ROIs to networks ** for subject sub-15, chunklen 60 at 2021-05-12 16:17:47.329538
             0           1    ...          276          277
0    8.26646e-16    0.220234  ...       0.2364     0.244604
1       0.192051  1.2836e-15  ...     0.175393     0.218903
2       0.176686    0.320071  ...      0.18201     0.198051
3       0.282378    0.267022  ...     0.225992     0.222769
4       0.397576    0.190515  ...     0.244424     0.239601
..           ...         ...  ...          ...          ...
273     0.237682    0.361129  ...     0.240042     0.237384
274     0.236428    0.280927  ...     0.198173     0.224212
275     0.249918    0.232662  ...      0.17873     0.216357
276     0.209413    0.176204  ...  8.31492e-16     0.216555
277     0.244029    0.231874  ...     0.241335  8.62413e-16

[278 rows x 278 columns]
Starting stage 3 ** Assign ROIs to networks ** for subject sub-16, chunklen 60 at 2021-05-12 16:17:52.875977
             0           1            2    ...         275          276          277
0    9.57053e-16    0.252255     0.250271  ...    0.315829     0.328591     0.290979
1       0.267903  1.2619e-15     0.334655  ...    0.268337     0.339407     0.281987
2       0.280634     0.34479  5.57989e-16  ...    0.306392     0.308833     0.285916
3       0.318983    0.287216     0.297383  ...    0.259013     0.319345      0.29937
4       0.401154    0.224465     0.210348  ...    0.263771     0.295085     0.270195
..           ...         ...          ...  ...         ...          ...          ...
273     0.267187    0.318175     0.467339  ...    0.269181     0.320772     0.262497
274     0.228637    0.257746     0.284149  ...    0.273402     0.234726     0.191451
275     0.326213    0.264335     0.311061  ...  1.2629e-15     0.326467      0.25028
276     0.309116    0.344715     0.345906  ...    0.314834  2.24894e-15     0.288813
277     0.293582    0.262868     0.262568  ...    0.238805      0.29139  5.64648e-16

[278 rows x 278 columns]
Starting stage 3 ** Assign ROIs to networks ** for subject sub-17, chunklen 60 at 2021-05-12 16:17:58.419508
             0            1    ...          276          277
0    1.23362e-15     0.211463  ...     0.239264     0.289626
1       0.215309  1.07354e-15  ...     0.258756     0.217271
2        0.23213     0.270435  ...     0.255359     0.265617
3       0.234773     0.219598  ...     0.247354     0.245804
4       0.381207     0.193133  ...     0.242409     0.268033
..           ...          ...  ...          ...          ...
273     0.235496     0.276158  ...     0.263257      0.27269
274     0.206064     0.214572  ...      0.22472     0.215058
275     0.331127     0.202528  ...     0.192093     0.245521
276     0.233615     0.230232  ...  1.14818e-15     0.285088
277     0.272857     0.173185  ...     0.261275  1.04193e-15

[278 rows x 278 columns]
Starting stage 3 ** Assign ROIs to networks ** for subject sub-18, chunklen 60 at 2021-05-12 16:18:04.027167
             0            1    ...          276          277
0    1.10299e-15     0.247147  ...     0.218262     0.213768
1       0.229632  4.27106e-16  ...     0.217396     0.197974
2       0.262797     0.314478  ...     0.235827     0.237062
3       0.255243     0.220054  ...     0.209706     0.230889
4       0.323726     0.195482  ...     0.214555     0.252793
..           ...          ...  ...          ...          ...
273     0.261357     0.319456  ...     0.249168     0.247225
274     0.200243     0.215303  ...     0.249109     0.263851
275     0.319868     0.206659  ...     0.220177     0.213758
276     0.208922     0.218447  ...  7.94815e-16     0.305109
277     0.193994     0.165745  ...     0.299791  9.09493e-16

[278 rows x 278 columns]
Starting stage 3 ** Assign ROIs to networks ** for subject sub-19, chunklen 60 at 2021-05-12 16:18:09.596945
             0            1    ...          276          277
0    8.45751e-16     0.219816  ...     0.237751     0.311062
1       0.229854  6.64289e-16  ...     0.213771     0.193269
2       0.260196      0.29582  ...     0.199592     0.198552
3       0.283772     0.207097  ...     0.253567     0.300862
4       0.307074     0.147784  ...     0.276841     0.311476
..           ...          ...  ...          ...          ...
273     0.292801     0.267011  ...     0.236773     0.275032
274     0.241258     0.180108  ...     0.201254     0.235281
275     0.220302     0.162502  ...     0.171453     0.206411
276     0.237075     0.232465  ...  8.23606e-16     0.311634
277     0.298304     0.201564  ...     0.309903  9.28818e-16

[278 rows x 278 columns]
Starting stage 3 ** Assign ROIs to networks ** for subject sub-20, chunklen 60 at 2021-05-12 16:18:15.136141
             0            1    ...          276          277
0    9.55837e-16      0.20232  ...     0.305909     0.332876
1       0.200657  9.67578e-16  ...     0.315934     0.251957
2       0.250327     0.304737  ...     0.353175     0.265019
3       0.251497     0.257947  ...     0.391279     0.238319
4       0.290055     0.191635  ...     0.360376      0.26982
..           ...          ...  ...          ...          ...
273     0.249678     0.315268  ...      0.34251     0.255246
274     0.209557     0.221446  ...     0.219231     0.217206
275     0.199973     0.237728  ...     0.348175     0.221544
276     0.365229     0.354861  ...  7.96662e-16     0.390652
277     0.334165     0.243064  ...     0.387202  1.56535e-15

[278 rows x 278 columns]
     subject         net1   net2   MeanBVC
0     sub-01          FPN    CON  0.213403
1     sub-01          FPN    SAN  0.213728
2     sub-01          FPN    VAN  0.212951
3     sub-01          FPN    DAN  0.217830
4     sub-01          FPN    DMN  0.215051
...      ...          ...    ...       ...
1645  sub-20  Whole Brain    DMN  0.236889
1646  sub-20  Whole Brain  Motor  0.241347
1647  sub-20  Whole Brain   Aud.  0.240861
1648  sub-20  Whole Brain   Vis.  0.232718
1649  sub-20  Whole Brain  Subc.  0.241982

[1650 rows x 4 columns]
     subject         net1         net2   MeanGVC
0     sub-01          FPN          FPN  0.202050
1     sub-01          FPN          CON  0.213403
2     sub-01          FPN          SAN  0.213728
3     sub-01          FPN          VAN  0.212951
4     sub-01          FPN          DAN  0.217830
...      ...          ...          ...       ...
1810  sub-20  Whole Brain        Motor  0.241347
1811  sub-20  Whole Brain         Aud.  0.240861
1812  sub-20  Whole Brain         Vis.  0.232718
1813  sub-20  Whole Brain        Subc.  0.241982
1814  sub-20  Whole Brain  Whole Brain  0.239505

[1815 rows x 4 columns]
Starting stage 4 **Calculate statistics** at 2021-05-12 16:18:20.746700
     subject         net1   net2   MeanBVC
0     sub-01          FPN    CON  0.213403
1     sub-01          FPN    SAN  0.213728
2     sub-01          FPN    VAN  0.212951
3     sub-01          FPN    DAN  0.217830
4     sub-01          FPN    DMN  0.215051
...      ...          ...    ...       ...
1645  sub-20  Whole Brain    DMN  0.236889
1646  sub-20  Whole Brain  Motor  0.241347
1647  sub-20  Whole Brain   Aud.  0.240861
1648  sub-20  Whole Brain   Vis.  0.232718
1649  sub-20  Whole Brain  Subc.  0.241982

[1650 rows x 4 columns]
    subject         net2   MeanBVC
0    sub-01         Aud.  0.240768
1    sub-01          CON  0.238008
2    sub-01          DAN  0.238169
3    sub-01          DMN  0.238170
4    sub-01          FPN  0.234699
..      ...          ...       ...
160  sub-20          SAN  0.240755
161  sub-20        Subc.  0.239306
162  sub-20          VAN  0.243707
163  sub-20         Vis.  0.230882
164  sub-20  Whole Brain  0.236809

[165 rows x 3 columns]
Anova results for BVC
             df    sum_sq   mean_sq         F    PR(>F)
C(net2)    10.0  0.000574  0.000057  5.152285  0.000002
Residual  154.0  0.001715  0.000011       NaN       NaN
T-test results for BVC
Test Multiple Comparison ttest_rel 
FWER=0.05 method=Holm
alphacSidak=0.00, alphacBonf=0.001
==================================================
group1    group2     stat   pval  pval_corr reject
--------------------------------------------------
  Aud.         CON  4.7817 0.0003    0.0146   True
  Aud.         DAN  -0.345 0.7352       1.0  False
  Aud.         DMN  2.0233 0.0626       1.0  False
  Aud.         FPN  2.4726 0.0268       1.0  False
  Aud.       Motor  1.3797 0.1893       1.0  False
  Aud.         SAN  1.1631 0.2642       1.0  False
  Aud.       Subc.  1.6701 0.1171       1.0  False
  Aud.         VAN  0.5818   0.57       1.0  False
  Aud.        Vis.  4.3596 0.0007     0.032   True
  Aud. Whole Brain  2.8476 0.0129    0.5552  False
   CON         DAN -3.3214  0.005     0.232  False
   CON         DMN -2.5864 0.0215    0.8832  False
   CON         FPN  0.4892 0.6323       1.0  False
   CON       Motor -2.0057 0.0646       1.0  False
   CON         SAN  -1.514 0.1523       1.0  False
   CON       Subc. -1.0407 0.3156       1.0  False
   CON         VAN    -1.2 0.2501       1.0  False
   CON        Vis.  2.1904 0.0459       1.0  False
   CON Whole Brain  -0.855  0.407       1.0  False
   DAN         DMN   1.918 0.0757       1.0  False
   DAN         FPN  4.1467  0.001    0.0474   True
   DAN       Motor  1.7914 0.0949       1.0  False
   DAN         SAN  1.6262 0.1262       1.0  False
   DAN       Subc.  1.8288 0.0888       1.0  False
   DAN         VAN  0.9875 0.3402       1.0  False
   DAN        Vis.  6.5255    0.0    0.0007   True
   DAN Whole Brain  3.7895  0.002    0.0936  False
   DMN         FPN   2.103  0.054       1.0  False
   DMN       Motor -0.4218 0.6796       1.0  False
   DMN         SAN -0.0765 0.9401       1.0  False
   DMN       Subc.  0.3818 0.7083       1.0  False
   DMN         VAN -0.3289 0.7471       1.0  False
   DMN        Vis.  5.6995 0.0001    0.0029   True
   DMN Whole Brain  2.4196 0.0297       1.0  False
   FPN       Motor -2.3314 0.0352       1.0  False
   FPN         SAN -2.5295 0.0241    0.9623  False
   FPN       Subc. -1.8766 0.0816       1.0  False
   FPN         VAN -2.2701 0.0395       1.0  False
   FPN        Vis.  1.6028 0.1313       1.0  False
   FPN Whole Brain -1.6043  0.131       1.0  False
 Motor         SAN  0.2321 0.8198       1.0  False
 Motor       Subc.  0.8129 0.4299       1.0  False
 Motor         VAN -0.1105 0.9136       1.0  False
 Motor        Vis.  5.0761 0.0002    0.0088   True
 Motor Whole Brain   2.624   0.02    0.8408  False
   SAN       Subc.  0.4137 0.6853       1.0  False
   SAN         VAN -0.3381 0.7403       1.0  False
   SAN        Vis.  4.8201 0.0003    0.0139   True
   SAN Whole Brain  1.6201 0.1275       1.0  False
 Subc.         VAN -0.5075 0.6197       1.0  False
 Subc.        Vis.  3.2223 0.0061    0.2764  False
 Subc. Whole Brain  0.7787 0.4491       1.0  False
   VAN        Vis.  3.1086 0.0077    0.3388  False
   VAN Whole Brain  1.1246 0.2797       1.0  False
  Vis. Whole Brain -5.9324    0.0     0.002   True
--------------------------------------------------
Figure saved as ViolinPlotBVC.png
Figure saved as BarPlotBVC.png
Figure saved as JitterPlotBVC.png
Figure saved as RaincloudPlotBVC.png
     subject         net1         net2   MeanGVC
0     sub-01          FPN          FPN  0.202050
1     sub-01          FPN          CON  0.213403
2     sub-01          FPN          SAN  0.213728
3     sub-01          FPN          VAN  0.212951
4     sub-01          FPN          DAN  0.217830
...      ...          ...          ...       ...
1810  sub-20  Whole Brain        Motor  0.241347
1811  sub-20  Whole Brain         Aud.  0.240861
1812  sub-20  Whole Brain         Vis.  0.232718
1813  sub-20  Whole Brain        Subc.  0.241982
1814  sub-20  Whole Brain  Whole Brain  0.239505

[1815 rows x 4 columns]
    subject         net2   MeanGVC
0    sub-01         Aud.  0.238937
1    sub-01          CON  0.236139
2    sub-01          DAN  0.236950
3    sub-01          DMN  0.238241
4    sub-01          FPN  0.232924
..      ...          ...       ...
160  sub-20          SAN  0.239718
161  sub-20        Subc.  0.238711
162  sub-20          VAN  0.240971
163  sub-20         Vis.  0.229551
164  sub-20  Whole Brain  0.236767

[165 rows x 3 columns]
Anova results for GVC
             df    sum_sq   mean_sq         F    PR(>F)
C(net2)    10.0  0.000590  0.000059  4.369264  0.000021
Residual  154.0  0.002079  0.000013       NaN       NaN
T-test results for GVC
Test Multiple Comparison ttest_rel 
FWER=0.05 method=Holm
alphacSidak=0.00, alphacBonf=0.001
==================================================
group1    group2     stat   pval  pval_corr reject
--------------------------------------------------
  Aud.         CON  3.7482 0.0022    0.1037  False
  Aud.         DAN -0.7634 0.4579       1.0  False
  Aud.         DMN  0.2019 0.8429       1.0  False
  Aud.         FPN  2.0745  0.057       1.0  False
  Aud.       Motor  0.3788 0.7105       1.0  False
  Aud.         SAN  0.4945 0.6286       1.0  False
  Aud.       Subc.   1.121 0.2811       1.0  False
  Aud.         VAN  0.8186 0.4267       1.0  False
  Aud.        Vis.  3.1431 0.0072    0.3307  False
  Aud. Whole Brain  0.9189 0.3737       1.0  False
   CON         DAN -3.3111 0.0051    0.2419  False
   CON         DMN -4.0296 0.0012    0.0609  False
   CON         FPN   0.399 0.6959       1.0  False
   CON       Motor -2.3733 0.0325       1.0  False
   CON         SAN -1.8122 0.0915       1.0  False
   CON       Subc. -1.1952 0.2519       1.0  False
   CON         VAN -0.6875  0.503       1.0  False
   CON        Vis.  1.3503 0.1984       1.0  False
   CON Whole Brain -2.3631 0.0331       1.0  False
   DAN         DMN   1.059 0.3075       1.0  False
   DAN         FPN  4.1151 0.0011    0.0525  False
   DAN       Motor  1.3706 0.1921       1.0  False
   DAN         SAN   1.333 0.2038       1.0  False
   DAN       Subc.    1.76 0.1002       1.0  False
   DAN         VAN  1.6618 0.1188       1.0  False
   DAN        Vis.  5.6738 0.0001     0.003   True
   DAN Whole Brain   2.324 0.0357       1.0  False
   DMN         FPN  2.9069 0.0115    0.4938  False
   DMN       Motor   0.311 0.7604       1.0  False
   DMN         SAN  0.6556 0.5227       1.0  False
   DMN       Subc.  1.1903 0.2537       1.0  False
   DMN         VAN  1.0441 0.3141       1.0  False
   DMN        Vis.  5.8674    0.0    0.0022   True
   DMN Whole Brain  1.7759 0.0975       1.0  False
   FPN       Motor -2.7508 0.0156    0.6561  False
   FPN         SAN -2.9445 0.0107    0.4691  False
   FPN       Subc. -1.8883 0.0799       1.0  False
   FPN         VAN -1.4357 0.1731       1.0  False
   FPN        Vis.  0.9181 0.3741       1.0  False
   FPN Whole Brain -2.9752   0.01    0.4514  False
 Motor         SAN  0.3115   0.76       1.0  False
 Motor       Subc.  1.2534 0.2306       1.0  False
 Motor         VAN  0.7951 0.4398       1.0  False
 Motor        Vis.  4.7241 0.0003     0.017   True
 Motor Whole Brain  1.0504 0.3113       1.0  False
   SAN       Subc.  0.6203  0.545       1.0  False
   SAN         VAN  0.8003 0.4369       1.0  False
   SAN        Vis.  4.4149 0.0006      0.03   True
   SAN Whole Brain  0.3124 0.7594       1.0  False
 Subc.         VAN  0.1692 0.8681       1.0  False
 Subc.        Vis.  2.6698 0.0183    0.7506  False
 Subc. Whole Brain  -0.574 0.5751       1.0  False
   VAN        Vis.  1.9011 0.0781       1.0  False
   VAN Whole Brain -0.5571 0.5862       1.0  False
  Vis. Whole Brain -6.5945    0.0    0.0007   True
--------------------------------------------------
Figure saved as RaincloudPlotBVC.png
Figure saved as ViolinPlotGVC60.png
Figure saved as BarPlotGVC60.png
Figure saved as JitterPlotGVC.png
