In flexiblehubs_1jobPoolSubjsSF parameters CHUNKLEN=90
Empty DataFrame
Columns: [subject, net1, net2, MeanBVC]
Index: []
Empty DataFrame
Columns: [subject, net1, net2, MeanGVC]
Index: []
Starting stage 3 ** Assign ROIs to networks ** for subject sub-01, chunklen 90 at 2021-05-24 22:18:10.545349
[[None 0.15174500608706945 0.13312155067917142 ... None None
  0.14293879354695416]
 [0.15174500608706945 None 0.16851634189659917 ... None None
  0.13336820088059634]
 [0.13312155067917142 0.16851634189659917 None ... None None
  0.12608408901429372]
 ...
 [None None None ... None None None]
 [None None None ... None None None]
 [0.14293879354695416 0.13336820088059634 0.12608408901429372 ... None
  None None]]
          0         1         2         3    ...   274   275   276       277
0        None  0.151745  0.133122  0.143759  ...  None  None  None  0.142939
1    0.151745      None  0.168516  0.149173  ...  None  None  None  0.133368
2    0.133122  0.168516      None  0.129612  ...  None  None  None  0.126084
3    0.143759  0.149173  0.129612      None  ...  None  None  None  0.103416
4    0.124614  0.185989   0.14648  0.160364  ...  None  None  None  0.115801
..        ...       ...       ...       ...  ...   ...   ...   ...       ...
273      None      None      None      None  ...  None  None  None      None
274      None      None      None      None  ...  None  None  None      None
275      None      None      None      None  ...  None  None  None      None
276      None      None      None      None  ...  None  None  None      None
277  0.142939  0.133368  0.126084  0.103416  ...  None  None  None      None

[278 rows x 278 columns]
Starting stage 3 ** Assign ROIs to networks ** for subject sub-02, chunklen 90 at 2021-05-24 22:18:16.401528
[[None 0.13849647066566206 0.1640727206378185 ... None None
  0.1446935951033073]
 [0.13849647066566206 None 0.15997020005122045 ... None None
  0.15750225122435166]
 [0.1640727206378185 0.15997020005122045 None ... None None
  0.13799007606391975]
 ...
 [None None None ... None None None]
 [None None None ... None None None]
 [0.14469359510330732 0.15750225122435166 0.13799007606391978 ... None
  None None]]
           0          1         2          3    ...   274   275   276        277
0         None   0.138496  0.164073   0.173467  ...  None  None  None   0.144694
1     0.138496       None   0.15997   0.178843  ...  None  None  None   0.157502
2     0.164073    0.15997      None   0.160267  ...  None  None  None    0.13799
3     0.173467   0.178843  0.160267       None  ...  None  None  None  0.0963867
4    0.0953665  0.0857931  0.156632   0.196885  ...  None  None  None   0.151549
..         ...        ...       ...        ...  ...   ...   ...   ...        ...
273   0.214014   0.296607  0.210599   0.147763  ...  None  None  None   0.166089
274       None       None      None       None  ...  None  None  None       None
275       None       None      None       None  ...  None  None  None       None
276       None       None      None       None  ...  None  None  None       None
277   0.144694   0.157502   0.13799  0.0963867  ...  None  None  None       None

[278 rows x 278 columns]
Starting stage 3 ** Assign ROIs to networks ** for subject sub-03, chunklen 90 at 2021-05-24 22:18:22.311271
[[None 0.12598506957232877 0.1709696865497707 ... 0.18900796035014988
  0.12099207588873674 0.13910653634241787]
 [0.1259850695723288 None 0.139620366486364 ... 0.16303578797863166
  0.13685104795668024 0.14630908274036689]
 [0.1709696865497707 0.139620366486364 None ... 0.1359073008151218
  0.17447630344325044 0.11158608339758035]
 ...
 [0.18900796035014988 0.16303578797863166 0.1359073008151218 ... None
  0.24916917541236974 0.20236917462011564]
 [0.12099207588873674 0.13685104795668024 0.17447630344325046 ...
  0.24916917541236974 None 0.17889447695607064]
 [0.13910653634241785 0.1463090827403669 0.11158608339758033 ...
  0.20236917462011564 0.17889447695607064 None]]
          0         1         2    ...       275       276        277
0        None  0.125985   0.17097  ...  0.189008  0.120992   0.139107
1    0.125985      None   0.13962  ...  0.163036  0.136851   0.146309
2     0.17097   0.13962      None  ...  0.135907  0.174476   0.111586
3    0.158663  0.136971    0.0865  ...  0.120096   0.10379  0.0890993
4    0.129502  0.186279  0.162208  ...  0.144334  0.151745   0.138002
..        ...       ...       ...  ...       ...       ...        ...
273  0.152402  0.156258  0.138598  ...  0.293879  0.329192   0.225211
274  0.170628  0.156326  0.142763  ...  0.253882  0.229465     0.2471
275  0.189008  0.163036  0.135907  ...      None  0.249169   0.202369
276  0.120992  0.136851  0.174476  ...  0.249169      None   0.178894
277  0.139107  0.146309  0.111586  ...  0.202369  0.178894       None

[278 rows x 278 columns]
Starting stage 3 ** Assign ROIs to networks ** for subject sub-04, chunklen 90 at 2021-05-24 22:18:28.333009
[[None 0.14007457968548878 0.11834666786600666 ... 0.14450300922504739
  None 0.14005246749578762]
 [0.14007457968548878 None 0.09337630764738906 ... 0.10529905648338306
  None 0.09070153585636768]
 [0.11834666786600666 0.09337630764738906 None ... 0.08468265889533383
  None 0.07013597655657232]
 ...
 [0.14450300922504739 0.10529905648338306 0.08468265889533383 ... None
  None 0.2003091624216953]
 [None None None ... None None None]
 [0.14005246749578762 0.09070153585636768 0.07013597655657233 ...
  0.2003091624216953 None None]]
          0          1          2    ...        275   276        277
0        None   0.140075   0.118347  ...   0.144503  None   0.140052
1    0.140075       None  0.0933763  ...   0.105299  None  0.0907015
2    0.118347  0.0933763       None  ...  0.0846827  None   0.070136
3    0.133103   0.111022  0.0495728  ...  0.0836345  None  0.0393554
4    0.171984   0.127443   0.139133  ...   0.127616  None   0.144525
..        ...        ...        ...  ...        ...   ...        ...
273   0.19295   0.106402   0.137029  ...    0.20758  None    0.22935
274  0.236138   0.161998   0.183288  ...   0.254678  None   0.235738
275  0.144503   0.105299  0.0846827  ...       None  None   0.200309
276      None       None       None  ...       None  None       None
277  0.140052  0.0907015   0.070136  ...   0.200309  None       None

[278 rows x 278 columns]
Starting stage 3 ** Assign ROIs to networks ** for subject sub-05, chunklen 90 at 2021-05-24 22:18:34.311919
[[None 0.06534857117182995 0.06216169475371482 ... 0.22530760279760093
  0.38629451132344517 0.18394637771747785]
 [0.06534857117182995 None 0.0743142969193333 ... 0.16869265676555079
  0.4230232015201751 0.14513796493838646]
 [0.06216169475371482 0.07431429691933329 None ... 0.15761012320392118
  0.4245285350035465 0.15870852244453107]
 ...
 [0.22530760279760093 0.16869265676555079 0.1576101232039212 ... None
  0.5767141382814417 0.11452139115887579]
 [0.3862945113234452 0.4230232015201751 0.4245285350035465 ...
  0.5767141382814417 None 0.14582567974585486]
 [0.18394637771747782 0.14513796493838646 0.15870852244453107 ...
  0.1145213911588758 0.14582567974585486 None]]
           0          1          2    ...       275       276       277
0         None  0.0653486  0.0621617  ...  0.225308  0.386295  0.183946
1    0.0653486       None  0.0743143  ...  0.168693  0.423023  0.145138
2    0.0621617  0.0743143       None  ...   0.15761  0.424529  0.158709
3     0.149693    0.15909   0.169692  ...  0.285501  0.133553  0.126667
4     0.092094  0.0706039  0.0812994  ...   0.21331  0.456554  0.139561
..         ...        ...        ...  ...       ...       ...       ...
273   0.150189   0.210001   0.252809  ...  0.508208  0.383849   0.18301
274   0.130038   0.101853  0.0996114  ...  0.290661  0.541696  0.135605
275   0.225308   0.168693    0.15761  ...      None  0.576714  0.114521
276   0.386295   0.423023   0.424529  ...  0.576714      None  0.145826
277   0.183946   0.145138   0.158709  ...  0.114521  0.145826      None

[278 rows x 278 columns]
Starting stage 3 ** Assign ROIs to networks ** for subject sub-06, chunklen 90 at 2021-05-24 22:18:40.344927
[[None 0.09569189376054699 0.15633413470444493 ... None None
  0.17833189574554342]
 [0.095691893760547 None 0.18437600056760928 ... None None
  0.1939207723281572]
 [0.15633413470444493 0.18437600056760928 None ... None None
  0.15483676014507494]
 ...
 [None None None ... None None None]
 [None None None ... None None None]
 [0.17833189574554342 0.1939207723281572 0.15483676014507497 ... None
  None None]]
           0          1         2         3    ...   274   275   276       277
0         None  0.0956919  0.156334  0.220673  ...  None  None  None  0.178332
1    0.0956919       None  0.184376   0.23296  ...  None  None  None  0.193921
2     0.156334   0.184376      None  0.127419  ...  None  None  None  0.154837
3     0.220673    0.23296  0.127419      None  ...  None  None  None   0.15618
4     0.162305   0.171292  0.254144  0.228304  ...  None  None  None  0.257935
..         ...        ...       ...       ...  ...   ...   ...   ...       ...
273       None       None      None      None  ...  None  None  None      None
274       None       None      None      None  ...  None  None  None      None
275       None       None      None      None  ...  None  None  None      None
276       None       None      None      None  ...  None  None  None      None
277   0.178332   0.193921  0.154837   0.15618  ...  None  None  None      None

[278 rows x 278 columns]
Starting stage 3 ** Assign ROIs to networks ** for subject sub-09, chunklen 90 at 2021-05-24 22:18:46.127211
[[None 0.1497107284673653 0.15919346405942478 ... 0.24032107676710696
  None 0.18125828682475045]
 [0.1497107284673653 None 0.14011117297606301 ... 0.24695779769192197
  None 0.20106249867585546]
 [0.15919346405942475 0.14011117297606304 None ... 0.1588288695273303
  None 0.15323545411988193]
 ...
 [0.24032107676710696 0.246957797691922 0.1588288695273303 ... None None
  0.12055092319520108]
 [None None None ... None None None]
 [0.18125828682475045 0.20106249867585546 0.1532354541198819 ...
  0.12055092319520108 None None]]
          0         1         2    ...       275   276        277
0        None  0.149711  0.159193  ...  0.240321  None   0.181258
1    0.149711      None  0.140111  ...  0.246958  None   0.201062
2    0.159193  0.140111      None  ...  0.158829  None   0.153235
3    0.152525  0.175426  0.127534  ...  0.102809  None  0.0969713
4    0.139431  0.129321  0.166923  ...  0.249999  None    0.16545
..        ...       ...       ...  ...       ...   ...        ...
273  0.111118  0.153576  0.139112  ...   0.44915  None   0.174183
274  0.183466  0.173619  0.123996  ...  0.263767  None   0.158189
275  0.240321  0.246958  0.158829  ...      None  None   0.120551
276      None      None      None  ...      None  None       None
277  0.181258  0.201062  0.153235  ...  0.120551  None       None

[278 rows x 278 columns]
Starting stage 3 ** Assign ROIs to networks ** for subject sub-10, chunklen 90 at 2021-05-24 22:18:52.075906
[[None 0.21383969620720078 0.16512123071098816 ... 0.14394364463424672
  0.12597049232515503 0.18536749986418735]
 [0.21383969620720078 None 0.1668923074361281 ... 0.17623230297348244
  0.16460309595466743 0.21751126214676514]
 [0.16512123071098814 0.1668923074361281 None ... 0.12279365943175868
  0.12258413083287588 0.13695598615147692]
 ...
 [0.14394364463424672 0.17623230297348244 0.12279365943175867 ... None
  0.20844372998111832 0.15272365153851503]
 [0.12597049232515503 0.16460309595466743 0.1225841308328759 ...
  0.20844372998111832 None 0.22072887716623235]
 [0.18536749986418738 0.21751126214676514 0.13695598615147692 ...
  0.15272365153851503 0.22072887716623232 None]]
          0          1         2    ...       275       276       277
0        None    0.21384  0.165121  ...  0.143944   0.12597  0.185367
1     0.21384       None  0.166892  ...  0.176232  0.164603  0.217511
2    0.165121   0.166892      None  ...  0.122794  0.122584  0.136956
3    0.165078   0.195158  0.143986  ...   0.10843  0.143664  0.108794
4    0.173589  0.0702883  0.137611  ...   0.23953  0.224085  0.201735
..        ...        ...       ...  ...       ...       ...       ...
273  0.165926   0.174233   0.15747  ...  0.401184  0.340473  0.170928
274    0.1617   0.165783  0.153696  ...  0.331744  0.350317  0.154063
275  0.143944   0.176232  0.122794  ...      None  0.208444  0.152724
276   0.12597   0.164603  0.122584  ...  0.208444      None  0.220729
277  0.185367   0.217511  0.136956  ...  0.152724  0.220729      None

[278 rows x 278 columns]
Starting stage 3 ** Assign ROIs to networks ** for subject sub-14, chunklen 90 at 2021-05-24 22:18:58.089712
[[None 0.21612237861912784 0.12706071779257747 ... 0.1679989795574364
  0.17109331380506843 0.15665417046416802]
 [0.21612237861912784 None 0.17989261620824784 ... 0.19942251776506661
  0.1823668650738134 0.169178524885929]
 [0.12706071779257747 0.17989261620824784 None ... 0.12524015983457212
  0.13014559403590292 0.15153360010199896]
 ...
 [0.1679989795574364 0.19942251776506661 0.1252401598345721 ... None
  0.24055622206267666 0.14488652310477285]
 [0.17109331380506843 0.1823668650738134 0.1301455940359029 ...
  0.24055622206267663 None 0.13107818288963372]
 [0.15665417046416802 0.169178524885929 0.15153360010199896 ...
  0.14488652310477285 0.13107818288963372 None]]
          0         1         2    ...       275       276        277
0        None  0.216122  0.127061  ...  0.167999  0.171093   0.156654
1    0.216122      None  0.179893  ...  0.199423  0.182367   0.169179
2    0.127061  0.179893      None  ...   0.12524  0.130146   0.151534
3    0.149133  0.188223  0.151084  ...  0.122514  0.110529  0.0846377
4    0.175801  0.132445  0.150422  ...  0.205544  0.158342   0.135485
..        ...       ...       ...  ...       ...       ...        ...
273  0.129562  0.146098   0.11777  ...  0.312241  0.331664   0.160054
274  0.125231   0.12631  0.143756  ...  0.324241  0.358724   0.176093
275  0.167999  0.199423   0.12524  ...      None  0.240556   0.144887
276  0.171093  0.182367  0.130146  ...  0.240556      None   0.131078
277  0.156654  0.169179  0.151534  ...  0.144887  0.131078       None

[278 rows x 278 columns]
Starting stage 3 ** Assign ROIs to networks ** for subject sub-15, chunklen 90 at 2021-05-24 22:19:04.111446
[[None 0.14728454903211374 0.14686918349033642 ... 0.14668423973325254
  None 0.14229584318433755]
 [0.14728454903211374 None 0.13805252365942422 ... 0.11725341466542462
  None 0.1351347878110318]
 [0.14686918349033645 0.13805252365942422 None ... 0.1860054335996826
  None 0.10706119333857492]
 ...
 [0.14668423973325254 0.11725341466542462 0.1860054335996826 ... None
  None 0.20158747833150892]
 [None None None ... None None None]
 [0.14229584318433755 0.1351347878110318 0.10706119333857493 ...
  0.20158747833150892 None None]]
          0          1         2    ...       275   276        277
0        None   0.147285  0.146869  ...  0.146684  None   0.142296
1    0.147285       None  0.138053  ...  0.117253  None   0.135135
2    0.146869   0.138053      None  ...  0.186005  None   0.107061
3    0.152478   0.158778  0.127713  ...  0.253483  None  0.0582405
4    0.106415  0.0926418   0.13575  ...  0.155466  None   0.129073
..        ...        ...       ...  ...       ...   ...        ...
273  0.142803   0.110382  0.109285  ...  0.320257  None   0.163639
274  0.170337   0.176533  0.121581  ...  0.410362  None   0.129691
275  0.146684   0.117253  0.186005  ...      None  None   0.201587
276      None       None      None  ...      None  None       None
277  0.142296   0.135135  0.107061  ...  0.201587  None       None

[278 rows x 278 columns]
Starting stage 3 ** Assign ROIs to networks ** for subject sub-16, chunklen 90 at 2021-05-24 22:19:10.082031
[[None 0.278490949558179 0.20831364838491614 ... 0.30129702133264
  0.1666882497524191 0.19842423260937508]
 [0.278490949558179 None 0.2351238133465774 ... 0.2473345287483581
  0.13177412661540985 0.20630074377671562]
 [0.20831364838491614 0.2351238133465774 None ... 0.2276413838797504
  0.13296292260499798 0.16919527516000846]
 ...
 [0.30129702133264 0.24733452874835807 0.2276413838797504 ... None
  0.34444962853700734 0.2133778592457761]
 [0.1666882497524191 0.13177412661540985 0.13296292260499798 ...
  0.3444496285370074 None 0.21192930456385628]
 [0.19842423260937506 0.20630074377671562 0.16919527516000846 ...
  0.2133778592457761 0.21192930456385628 None]]
          0         1         2    ...       275       276       277
0        None  0.278491  0.208314  ...  0.301297  0.166688  0.198424
1    0.278491      None  0.235124  ...  0.247335  0.131774  0.206301
2    0.208314  0.235124      None  ...  0.227641  0.132963  0.169195
3    0.196005  0.172484  0.155132  ...  0.160394   0.12195  0.096412
4    0.227678  0.233148  0.190748  ...  0.244683  0.152328  0.188864
..        ...       ...       ...  ...       ...       ...       ...
273   0.14729  0.175041  0.217391  ...  0.369441  0.422701  0.176737
274  0.150641   0.20095  0.188174  ...  0.362973  0.311067  0.205803
275  0.301297  0.247335  0.227641  ...      None   0.34445  0.213378
276  0.166688  0.131774  0.132963  ...   0.34445      None  0.211929
277  0.198424  0.206301  0.169195  ...  0.213378  0.211929      None

[278 rows x 278 columns]
Starting stage 3 ** Assign ROIs to networks ** for subject sub-17, chunklen 90 at 2021-05-24 22:19:16.112722
[[None 0.2613369518326991 0.19322555697040422 ... 0.14020515555026733
  0.1269695420798305 0.17794101251962866]
 [0.2613369518326991 None 0.16642722145411362 ... 0.20685558258485462
  0.2173357030690791 0.15757807600459986]
 [0.19322555697040425 0.16642722145411362 None ... 0.13918967136457724
  0.22739288542664335 0.1896613808953487]
 ...
 [0.14020515555026736 0.20685558258485462 0.13918967136457724 ... None
  0.2522755080619297 0.15666343538591232]
 [0.1269695420798305 0.2173357030690791 0.22739288542664335 ...
  0.2522755080619297 None 0.1703061164857245]
 [0.17794101251962866 0.15757807600459983 0.1896613808953487 ...
  0.15666343538591232 0.1703061164857245 None]]
          0         1         2    ...       275       276       277
0        None  0.261337  0.193226  ...  0.140205   0.12697  0.177941
1    0.261337      None  0.166427  ...  0.206856  0.217336  0.157578
2    0.193226  0.166427      None  ...   0.13919  0.227393  0.189661
3    0.182653  0.188097  0.169872  ...  0.164798  0.145675  0.108763
4    0.239018  0.206901   0.21617  ...  0.266883  0.244688  0.180913
..        ...       ...       ...  ...       ...       ...       ...
273  0.140968   0.14551  0.220332  ...   0.38875   0.39103  0.172987
274  0.179614   0.21457  0.214203  ...  0.396762  0.272184  0.211375
275  0.140205  0.206856   0.13919  ...      None  0.252276  0.156663
276   0.12697  0.217336  0.227393  ...  0.252276      None  0.170306
277  0.177941  0.157578  0.189661  ...  0.156663  0.170306      None

[278 rows x 278 columns]
Starting stage 3 ** Assign ROIs to networks ** for subject sub-18, chunklen 90 at 2021-05-24 22:19:22.133523
[[None 0.13513071760183262 0.14443900807440221 ... 0.2243719861297868
  0.17866806622570466 0.17953189309700918]
 [0.13513071760183262 None 0.11822051659663453 ... 0.1895757156271414
  0.17843738238707899 0.17270257097276887]
 [0.1444390080744022 0.11822051659663453 None ... 0.10520875594105643
  0.08294211784195153 0.10441225993879229]
 ...
 [0.2243719861297868 0.1895757156271414 0.10520875594105643 ... None
  0.20388428787412474 0.13394477803985558]
 [0.17866806622570466 0.17843738238707899 0.08294211784195152 ...
  0.20388428787412474 None 0.11601700839952744]
 [0.17953189309700918 0.17270257097276887 0.10441225993879226 ...
  0.13394477803985558 0.11601700839952744 None]]
          0         1          2    ...       275        276        277
0        None  0.135131   0.144439  ...  0.224372   0.178668   0.179532
1    0.135131      None   0.118221  ...  0.189576   0.178437   0.172703
2    0.144439  0.118221       None  ...  0.105209  0.0829421   0.104412
3    0.117662  0.171737  0.0936077  ...   0.10684   0.134689  0.0907772
4     0.15133  0.124613   0.126669  ...  0.208539   0.198934   0.102762
..        ...       ...        ...  ...       ...        ...        ...
273  0.172094   0.12135   0.096447  ...   0.27261   0.240338   0.123004
274  0.147482  0.134306   0.105246  ...  0.299813   0.301953   0.200333
275  0.224372  0.189576   0.105209  ...      None   0.203884   0.133945
276  0.178668  0.178437  0.0829421  ...  0.203884       None   0.116017
277  0.179532  0.172703   0.104412  ...  0.133945   0.116017       None

[278 rows x 278 columns]
Starting stage 3 ** Assign ROIs to networks ** for subject sub-19, chunklen 90 at 2021-05-24 22:19:28.126881
[[None 0.09992390332429991 0.15652435757045224 ... 0.09662210445831672
  0.13767227968800508 0.12838052901360833]
 [0.09992390332429991 None 0.15813068009415907 ... 0.12105317887825782
  0.12367395049980046 0.13682842665355277]
 [0.15652435757045224 0.15813068009415907 None ... 0.13998769026277524
  0.15861996420278637 0.14948719225754914]
 ...
 [0.09662210445831672 0.12105317887825782 0.13998769026277522 ... None
  0.2220318160115452 0.1489107920523789]
 [0.13767227968800508 0.12367395049980047 0.15861996420278637 ...
  0.2220318160115452 None 0.20247276548391588]
 [0.12838052901360833 0.13682842665355277 0.14948719225754914 ...
  0.1489107920523789 0.20247276548391588 None]]
           0          1         2    ...        275        276       277
0         None  0.0999239  0.156524  ...  0.0966221   0.137672  0.128381
1    0.0999239       None  0.158131  ...   0.121053   0.123674  0.136828
2     0.156524   0.158131      None  ...   0.139988    0.15862  0.149487
3     0.115465   0.141613   0.14311  ...   0.108112  0.0962191  0.118569
4    0.0911772   0.110109  0.152789  ...   0.176164   0.205956  0.184887
..         ...        ...       ...  ...        ...        ...       ...
273   0.130271   0.114963  0.198814  ...   0.363974   0.341036  0.179875
274   0.132273   0.100985  0.175696  ...   0.393902   0.406843  0.188695
275  0.0966221   0.121053  0.139988  ...       None   0.222032  0.148911
276   0.137672   0.123674   0.15862  ...   0.222032       None  0.202473
277   0.128381   0.136828  0.149487  ...   0.148911   0.202473      None

[278 rows x 278 columns]
Starting stage 3 ** Assign ROIs to networks ** for subject sub-20, chunklen 90 at 2021-05-24 22:19:34.145961
[[None 0.17578551232749745 0.1993704355507046 ... 0.23618902403186734
  0.183116930942593 0.16264875144222937]
 [0.17578551232749742 None 0.1986937595411146 ... 0.2458220898328847
  0.1857781790397673 0.12661509808545615]
 [0.1993704355507046 0.1986937595411146 None ... 0.2542966828180787
  0.16355171944256316 0.1344739987724227]
 ...
 [0.23618902403186734 0.2458220898328847 0.2542966828180787 ... None
  0.35797078778942104 0.25671024426102235]
 [0.183116930942593 0.18577817903976732 0.16355171944256316 ...
  0.35797078778942104 None 0.22513071429531908]
 [0.16264875144222937 0.12661509808545615 0.1344739987724227 ...
  0.25671024426102235 0.22513071429531908 None]]
          0         1         2    ...       275       276       277
0        None  0.175786   0.19937  ...  0.236189  0.183117  0.162649
1    0.175786      None  0.198694  ...  0.245822  0.185778  0.126615
2     0.19937  0.198694      None  ...  0.254297  0.163552  0.134474
3    0.153346  0.205507  0.142616  ...  0.263058  0.123273  0.123806
4    0.159323  0.122802  0.191195  ...   0.25343  0.229109  0.149584
..        ...       ...       ...  ...       ...       ...       ...
273  0.103204   0.13857  0.190191  ...   0.38764  0.400585  0.167141
274  0.128662  0.118647  0.161511  ...  0.378109   0.31541    0.1444
275  0.236189  0.245822  0.254297  ...      None  0.357971   0.25671
276  0.183117  0.185778  0.163552  ...  0.357971      None  0.225131
277  0.162649  0.126615  0.134474  ...   0.25671  0.225131      None

[278 rows x 278 columns]
     subject         net1   net2   MeanBVC
0     sub-01          FPN    CON  0.303395
1     sub-01          FPN    SAN  0.313570
2     sub-01          FPN    VAN  0.306080
3     sub-01          FPN    DAN  0.303167
4     sub-01          FPN    DMN  0.315191
...      ...          ...    ...       ...
1645  sub-20  Whole Brain    DMN  0.333726
1646  sub-20  Whole Brain  Motor  0.313841
1647  sub-20  Whole Brain   Aud.  0.299595
1648  sub-20  Whole Brain   Vis.  0.314617
1649  sub-20  Whole Brain  Subc.  0.335037

[1650 rows x 4 columns]
     subject         net1         net2   MeanGVC
0     sub-01          FPN          FPN  0.298936
1     sub-01          FPN          CON  0.303395
2     sub-01          FPN          SAN  0.313570
3     sub-01          FPN          VAN  0.306080
4     sub-01          FPN          DAN  0.303167
...      ...          ...          ...       ...
1810  sub-20  Whole Brain        Motor  0.313841
1811  sub-20  Whole Brain         Aud.  0.299595
1812  sub-20  Whole Brain         Vis.  0.314617
1813  sub-20  Whole Brain        Subc.  0.335037
1814  sub-20  Whole Brain  Whole Brain  0.327827

[1815 rows x 4 columns]
Starting stage 4 **Calculate statistics** at 2021-05-24 22:19:40.190744
     subject         net1   net2   MeanBVC
0     sub-01          FPN    CON  0.303395
1     sub-01          FPN    SAN  0.313570
2     sub-01          FPN    VAN  0.306080
3     sub-01          FPN    DAN  0.303167
4     sub-01          FPN    DMN  0.315191
...      ...          ...    ...       ...
1645  sub-20  Whole Brain    DMN  0.333726
1646  sub-20  Whole Brain  Motor  0.313841
1647  sub-20  Whole Brain   Aud.  0.299595
1648  sub-20  Whole Brain   Vis.  0.314617
1649  sub-20  Whole Brain  Subc.  0.335037

[1650 rows x 4 columns]
    subject         net2   MeanBVC
0    sub-01         Aud.  0.295138
1    sub-01          CON  0.314702
2    sub-01          DAN  0.311913
3    sub-01          DMN  0.327777
4    sub-01          FPN  0.307788
..      ...          ...       ...
160  sub-20          SAN  0.319354
161  sub-20        Subc.  0.325566
162  sub-20          VAN  0.322822
163  sub-20         Vis.  0.319138
164  sub-20  Whole Brain  0.317549

[165 rows x 3 columns]
Anova results for BVC
             df    sum_sq   mean_sq          F        PR(>F)
C(net2)    10.0  0.006761  0.000676  16.099851  1.399691e-19
Residual  154.0  0.006467  0.000042        NaN           NaN
T-test results for BVC
Test Multiple Comparison ttest_rel 
FWER=0.05 method=Holm
alphacSidak=0.00, alphacBonf=0.001
==================================================
group1    group2     stat   pval  pval_corr reject
--------------------------------------------------
  Aud.         CON -3.2144 0.0062    0.1747  False
  Aud.         DAN -6.2714    0.0     0.001   True
  Aud.         DMN  -3.862 0.0017    0.0552  False
  Aud.         FPN -2.0993 0.0544       1.0  False
  Aud.       Motor -2.2786 0.0389    0.8557  False
  Aud.         SAN -5.3759 0.0001    0.0044   True
  Aud.       Subc. -5.6956 0.0001    0.0027   True
  Aud.         VAN -4.9053 0.0002    0.0093   True
  Aud.        Vis. -5.1772 0.0001    0.0059   True
  Aud. Whole Brain  -5.096 0.0002    0.0067   True
   CON         DAN -4.6718 0.0004    0.0137   True
   CON         DMN -3.9131 0.0016    0.0515  False
   CON         FPN   2.484 0.0263    0.6041  False
   CON       Motor  2.5693 0.0223    0.5567  False
   CON         SAN -2.5242 0.0243    0.5832  False
   CON       Subc. -3.9912 0.0013    0.0455   True
   CON         VAN -3.2863 0.0054    0.1568  False
   CON        Vis. -7.3272    0.0    0.0002   True
   CON Whole Brain -5.5699 0.0001    0.0032   True
   DAN         DMN   0.106 0.9171       1.0  False
   DAN         FPN  6.3992    0.0    0.0009   True
   DAN       Motor  6.4004    0.0    0.0009   True
   DAN         SAN  0.7677 0.4554       1.0  False
   DAN       Subc. -1.4947 0.1572       1.0  False
   DAN         VAN  0.1409 0.8899       1.0  False
   DAN        Vis. -1.3105 0.2111       1.0  False
   DAN Whole Brain  1.5872 0.1348       1.0  False
   DMN         FPN  4.1546  0.001     0.034   True
   DMN       Motor  3.7732 0.0021    0.0638  False
   DMN         SAN   0.488 0.6331       1.0  False
   DMN       Subc.  -1.506 0.1543       1.0  False
   DMN         VAN   0.034 0.9733       1.0  False
   DMN        Vis. -1.5181 0.1512       1.0  False
   DMN Whole Brain  0.9314 0.3674       1.0  False
   FPN       Motor -0.4306 0.6733       1.0  False
   FPN         SAN  -5.362 0.0001    0.0044   True
   FPN       Subc. -5.6968 0.0001    0.0027   True
   FPN         VAN -4.7053 0.0003    0.0132   True
   FPN        Vis. -5.3182 0.0001    0.0047   True
   FPN Whole Brain -6.3512    0.0    0.0009   True
 Motor         SAN -4.6109 0.0004    0.0149   True
 Motor       Subc. -4.2312 0.0008    0.0302   True
 Motor         VAN -3.6326 0.0027    0.0815  False
 Motor        Vis. -5.8454    0.0    0.0021   True
 Motor Whole Brain -5.5379 0.0001    0.0034   True
   SAN       Subc.  -1.691  0.113       1.0  False
   SAN         VAN -0.5047 0.6216       1.0  False
   SAN        Vis. -1.3141 0.2099       1.0  False
   SAN Whole Brain  0.0482 0.9623       1.0  False
 Subc.         VAN  1.5397 0.1459       1.0  False
 Subc.        Vis.  0.6819 0.5064       1.0  False
 Subc. Whole Brain  2.6805 0.0179    0.4661  False
   VAN        Vis. -1.1296 0.2776       1.0  False
   VAN Whole Brain  0.6847 0.5047       1.0  False
  Vis. Whole Brain  2.8905 0.0119    0.3203  False
--------------------------------------------------
