In flexiblehubs_1jobPoolSubjsSF parameters CHUNKLEN=45
Empty DataFrame
Columns: [subject, net1, net2, MeanBVC]
Index: []
Empty DataFrame
Columns: [subject, net1, net2, MeanGVC]
Index: []
Starting stage 3 ** Assign ROIs to networks ** for subject sub-01, chunklen 45 at 2021-05-13 10:27:38.813774
             0            1    ...          276          277
0    6.19217e-16     0.252218  ...     0.317861     0.310988
1       0.253724  1.22449e-15  ...     0.242596     0.212117
2        0.31014      0.33559  ...      0.29762     0.315135
3       0.284759     0.225178  ...     0.316624     0.323143
4       0.288438      0.21591  ...     0.304459     0.255906
..           ...          ...  ...          ...          ...
273     0.305307     0.339332  ...     0.289349     0.286227
274     0.274051     0.263169  ...     0.268778     0.264309
275     0.282843     0.257317  ...     0.242608     0.256394
276     0.336589     0.267772  ...  8.86085e-16     0.334855
277     0.323004     0.215059  ...     0.319384  1.17297e-15

[278 rows x 278 columns]
Starting stage 3 ** Assign ROIs to networks ** for subject sub-02, chunklen 45 at 2021-05-13 10:27:44.674136
            0            1    ...          276          277
0    1.1041e-15     0.220806  ...     0.285293     0.280777
1      0.225425  1.43538e-15  ...     0.222334     0.245021
2       0.29691     0.426025  ...     0.296189     0.333096
3      0.247935     0.251896  ...      0.25118     0.223818
4       0.35519     0.224591  ...     0.258063     0.233431
..          ...          ...  ...          ...          ...
273    0.251656      0.38753  ...     0.248009     0.283818
274    0.248802     0.250867  ...     0.266759      0.27405
275    0.222677     0.227005  ...      0.21439      0.21205
276    0.272452     0.212545  ...  9.34895e-16     0.246768
277    0.272819     0.227728  ...     0.252247  1.36968e-15

[278 rows x 278 columns]
Starting stage 3 ** Assign ROIs to networks ** for subject sub-03, chunklen 45 at 2021-05-13 10:27:50.602299
             0            1    ...          276          277
0    1.30109e-15     0.344605  ...     0.361659      0.29407
1       0.366999  1.49942e-15  ...     0.387347     0.285311
2       0.377347      0.36456  ...     0.346512     0.306193
3        0.35325     0.304896  ...     0.355891     0.256446
4       0.409543     0.304598  ...     0.358169     0.311969
..           ...          ...  ...          ...          ...
273      0.39112     0.381715  ...     0.381729      0.31262
274     0.324781     0.278484  ...     0.294547     0.270731
275     0.382225     0.314353  ...     0.338082     0.305669
276     0.386107     0.399917  ...  9.47298e-16     0.311722
277     0.294006     0.261448  ...     0.282161  1.39679e-15

[278 rows x 278 columns]
Starting stage 3 ** Assign ROIs to networks ** for subject sub-04, chunklen 45 at 2021-05-13 10:27:56.570456
             0            1    ...          276          277
0    7.95668e-16     0.310779  ...     0.402805     0.307709
1       0.328288  1.09007e-15  ...     0.421932      0.29682
2       0.310726     0.412205  ...     0.372328     0.327338
3       0.381175     0.390911  ...      0.44259     0.289353
4       0.441489     0.317573  ...     0.392303     0.275386
..           ...          ...  ...          ...          ...
273     0.318441     0.390927  ...      0.37065     0.313172
274     0.286825     0.312573  ...     0.355858     0.218644
275     0.344577     0.361449  ...     0.387097     0.291115
276     0.346143     0.383056  ...  1.02706e-15     0.266074
277     0.308535     0.277975  ...     0.305172  1.17579e-15

[278 rows x 278 columns]
Starting stage 3 ** Assign ROIs to networks ** for subject sub-05, chunklen 45 at 2021-05-13 10:28:02.585220
             0            1    ...         276          277
0    8.67221e-16     0.197911  ...    0.184314     0.178515
1       0.201755  9.92577e-16  ...    0.337398     0.397246
2        0.23089      0.40819  ...     0.29665     0.401823
3       0.230973     0.432714  ...    0.370648     0.347941
4       0.259113     0.278879  ...    0.217407     0.300035
..           ...          ...  ...         ...          ...
273     0.239778     0.397156  ...     0.28817     0.391952
274     0.223391     0.169062  ...    0.202347     0.174632
275     0.262401     0.265052  ...    0.256614     0.213746
276     0.209565     0.337565  ...  1.2181e-15     0.270088
277     0.186799      0.40505  ...    0.271599  7.76279e-16

[278 rows x 278 columns]
Starting stage 3 ** Assign ROIs to networks ** for subject sub-06, chunklen 45 at 2021-05-13 10:28:08.616950
             0            1    ...          276          277
0    1.11752e-15     0.303611  ...     0.364711     0.354957
1       0.257727  1.53732e-15  ...     0.295185      0.22906
2       0.340164     0.372253  ...     0.317658      0.28871
3       0.392424     0.293908  ...     0.331797     0.340253
4       0.381064       0.2532  ...     0.360037      0.32356
..           ...          ...  ...          ...          ...
273     0.342701     0.359879  ...     0.298417      0.29533
274      0.38647      0.27296  ...     0.320255     0.343835
275     0.346492     0.275428  ...     0.294915     0.289673
276     0.349194     0.310901  ...  1.94737e-15     0.350857
277     0.365512     0.260566  ...     0.346471  1.30146e-15

[278 rows x 278 columns]
Starting stage 3 ** Assign ROIs to networks ** for subject sub-09, chunklen 45 at 2021-05-13 10:28:14.417422
             0            1    ...          276          277
0    9.40725e-16     0.256324  ...       0.2978     0.254921
1       0.230977  1.33939e-15  ...     0.237877     0.264932
2       0.322464     0.391484  ...     0.326564     0.317696
3       0.333012     0.221014  ...     0.294768      0.23478
4       0.375946     0.247109  ...     0.284362     0.318323
..           ...          ...  ...          ...          ...
273     0.306269     0.389616  ...     0.294383     0.304061
274     0.271498      0.29102  ...     0.273742     0.250262
275     0.297587     0.264523  ...     0.259883     0.247264
276     0.294675     0.249613  ...  1.16468e-15     0.306106
277     0.214601      0.25157  ...     0.275726  9.44112e-16

[278 rows x 278 columns]
Starting stage 3 ** Assign ROIs to networks ** for subject sub-10, chunklen 45 at 2021-05-13 10:28:20.401403
             0            1    ...         276          277
0    1.23516e-15     0.264779  ...    0.281252     0.340052
1        0.27449  9.97835e-16  ...     0.27914      0.28934
2       0.307037     0.366449  ...    0.289598     0.281287
3       0.210875     0.215407  ...     0.20331     0.208399
4       0.360691     0.237678  ...    0.282131     0.280627
..           ...          ...  ...         ...          ...
273     0.260696     0.364527  ...    0.260966     0.273067
274     0.258294      0.33676  ...    0.243527     0.267614
275     0.283886       0.2535  ...    0.236728     0.240835
276     0.277214     0.259028  ...  1.1001e-15     0.332245
277      0.33371       0.2669  ...    0.330921  1.16715e-15

[278 rows x 278 columns]
Starting stage 3 ** Assign ROIs to networks ** for subject sub-14, chunklen 45 at 2021-05-13 10:28:26.372397
             0            1    ...          276          277
0    9.61625e-16     0.249894  ...     0.274343     0.256578
1       0.279693  9.04044e-16  ...     0.327969     0.285775
2       0.353837     0.378465  ...      0.37244     0.340858
3       0.244882     0.288173  ...     0.384157     0.291659
4       0.338031     0.223643  ...      0.30968     0.294761
..           ...          ...  ...          ...          ...
273     0.308012     0.334565  ...     0.330331     0.310206
274     0.251665     0.292823  ...     0.281473      0.25788
275     0.287734     0.275237  ...     0.281615     0.243855
276     0.315291     0.342461  ...  9.97111e-16     0.353215
277     0.262917     0.260808  ...     0.372859  8.56869e-16

[278 rows x 278 columns]
Starting stage 3 ** Assign ROIs to networks ** for subject sub-15, chunklen 45 at 2021-05-13 10:28:32.336845
             0            1    ...          276          277
0    8.73104e-16     0.248209  ...     0.255567     0.266668
1       0.232269  9.31574e-16  ...     0.213296     0.258309
2       0.216302     0.335938  ...     0.199628     0.226967
3        0.29603     0.291529  ...     0.246738     0.246547
4       0.404711     0.213672  ...     0.272513     0.263223
..           ...          ...  ...          ...          ...
273     0.306762     0.387599  ...     0.290007     0.297311
274     0.265453     0.290376  ...     0.210349     0.247949
275     0.276291     0.264807  ...     0.213858     0.238405
276     0.244611     0.213398  ...  7.16236e-16     0.244929
277     0.253284     0.248794  ...     0.245789  1.17211e-15

[278 rows x 278 columns]
Starting stage 3 ** Assign ROIs to networks ** for subject sub-16, chunklen 45 at 2021-05-13 10:28:38.321406
            0            1            2    ...          275          276         277
0    1.7461e-15     0.340907     0.307413  ...     0.336743     0.406753    0.301841
1      0.332756  7.25975e-16      0.37853  ...     0.330274     0.380694    0.333852
2      0.347128     0.386377  1.17381e-15  ...     0.375084     0.370564    0.343397
3      0.341119     0.342808     0.328665  ...     0.322659     0.371442    0.307946
4      0.415318     0.323178     0.281255  ...     0.305069     0.366423     0.28465
..          ...          ...          ...  ...          ...          ...         ...
273    0.334099      0.36157     0.471198  ...     0.347991     0.385432    0.321001
274    0.261955     0.312399     0.298436  ...     0.318198     0.301153    0.238405
275    0.343772     0.309449     0.369356  ...  7.27417e-16     0.378776     0.28875
276    0.378963      0.38862     0.394288  ...     0.385691  1.21934e-15    0.354113
277    0.306589     0.319854     0.313304  ...     0.275664     0.343496  9.0245e-16

[278 rows x 278 columns]
Starting stage 3 ** Assign ROIs to networks ** for subject sub-17, chunklen 45 at 2021-05-13 10:28:44.317971
             0            1    ...          276          277
0    1.35309e-15     0.269068  ...     0.282674     0.317715
1       0.259489  1.20014e-15  ...     0.279594     0.257921
2       0.283368     0.306743  ...      0.30281      0.29826
3       0.261902     0.247762  ...     0.266432     0.270168
4       0.387342     0.249642  ...     0.285669     0.301329
..           ...          ...  ...          ...          ...
273     0.291954      0.30676  ...     0.305112     0.304366
274      0.26354     0.247803  ...     0.256746     0.239289
275     0.360486     0.237446  ...     0.228714     0.278265
276     0.264396     0.259744  ...  1.36858e-15     0.295657
277      0.29961     0.213763  ...     0.272141  1.01448e-15

[278 rows x 278 columns]
Starting stage 3 ** Assign ROIs to networks ** for subject sub-18, chunklen 45 at 2021-05-13 10:28:50.312488
             0            1    ...          276          277
0    1.11896e-15     0.289694  ...      0.23726       0.2349
1       0.259119  1.30313e-15  ...     0.247506     0.230432
2       0.298238     0.346222  ...     0.285728      0.28496
3        0.27463     0.265211  ...     0.236725     0.247183
4         0.3393     0.256046  ...     0.245866     0.270018
..           ...          ...  ...          ...          ...
273     0.335242     0.377401  ...     0.324804     0.318571
274     0.235274      0.24326  ...     0.263928     0.282071
275     0.332254     0.257327  ...     0.250285     0.247075
276     0.228544     0.246693  ...  1.00705e-15     0.317368
277     0.210271      0.19986  ...      0.31224  7.76246e-16

[278 rows x 278 columns]
Starting stage 3 ** Assign ROIs to networks ** for subject sub-19, chunklen 45 at 2021-05-13 10:28:56.297232
             0            1           2    ...         275         276          277
0    1.24571e-15     0.245309    0.287018  ...    0.256351    0.271339     0.320092
1       0.236727  1.20987e-15     0.30622  ...    0.194858    0.233603      0.20624
2       0.295604     0.323439  1.3461e-15  ...    0.274066    0.255607     0.242614
3        0.29459     0.231281    0.232032  ...     0.25453    0.272053     0.315537
4        0.31072     0.170285    0.206349  ...    0.237373     0.28984     0.311775
..           ...          ...         ...  ...         ...         ...          ...
273     0.320607     0.293938    0.383125  ...    0.267052     0.27514     0.294892
274     0.257961     0.208231    0.228911  ...    0.224424     0.23135     0.249593
275     0.246531     0.193726    0.256372  ...  1.0372e-15    0.199137     0.235941
276     0.255805     0.259107    0.238315  ...    0.217239  9.7541e-16     0.317278
277     0.305508     0.218882    0.227124  ...    0.240259    0.321406  1.11718e-15

[278 rows x 278 columns]
Starting stage 3 ** Assign ROIs to networks ** for subject sub-20, chunklen 45 at 2021-05-13 10:29:02.269316
             0            1    ...          276          277
0    8.60415e-16      0.24966  ...     0.462979     0.345977
1       0.240295  9.19614e-16  ...     0.379991     0.282966
2       0.308136     0.336126  ...     0.455565     0.306938
3       0.282588     0.278657  ...     0.471453      0.26286
4       0.304089     0.230764  ...     0.456925     0.295018
..           ...          ...  ...          ...          ...
273      0.30508      0.34935  ...     0.437246     0.306193
274     0.240247     0.247102  ...     0.306311     0.242861
275     0.252405     0.266218  ...      0.42996       0.2555
276      0.39072     0.367647  ...  1.28947e-15     0.402115
277     0.345709     0.276107  ...     0.461172  1.47168e-15

[278 rows x 278 columns]
     subject         net1   net2   MeanBVC
0     sub-01          FPN    CON  0.241211
1     sub-01          FPN    SAN  0.241168
2     sub-01          FPN    VAN  0.240747
3     sub-01          FPN    DAN  0.243310
4     sub-01          FPN    DMN  0.242254
...      ...          ...    ...       ...
1645  sub-20  Whole Brain    DMN  0.267358
1646  sub-20  Whole Brain  Motor  0.275531
1647  sub-20  Whole Brain   Aud.  0.271137
1648  sub-20  Whole Brain   Vis.  0.265894
1649  sub-20  Whole Brain  Subc.  0.274130

[1650 rows x 4 columns]
     subject         net1         net2   MeanGVC
0     sub-01          FPN          FPN  0.227652
1     sub-01          FPN          CON  0.241211
2     sub-01          FPN          SAN  0.241168
3     sub-01          FPN          VAN  0.240747
4     sub-01          FPN          DAN  0.243310
...      ...          ...          ...       ...
1810  sub-20  Whole Brain        Motor  0.275531
1811  sub-20  Whole Brain         Aud.  0.271137
1812  sub-20  Whole Brain         Vis.  0.265894
1813  sub-20  Whole Brain        Subc.  0.274130
1814  sub-20  Whole Brain  Whole Brain  0.271711

[1815 rows x 4 columns]
Starting stage 4 **Calculate statistics** at 2021-05-13 10:29:08.277347
     subject         net1   net2   MeanBVC
0     sub-01          FPN    CON  0.241211
1     sub-01          FPN    SAN  0.241168
2     sub-01          FPN    VAN  0.240747
3     sub-01          FPN    DAN  0.243310
4     sub-01          FPN    DMN  0.242254
...      ...          ...    ...       ...
1645  sub-20  Whole Brain    DMN  0.267358
1646  sub-20  Whole Brain  Motor  0.275531
1647  sub-20  Whole Brain   Aud.  0.271137
1648  sub-20  Whole Brain   Vis.  0.265894
1649  sub-20  Whole Brain  Subc.  0.274130

[1650 rows x 4 columns]
    subject         net2   MeanBVC
0    sub-01         Aud.  0.268364
1    sub-01          CON  0.265796
2    sub-01          DAN  0.265091
3    sub-01          DMN  0.266755
4    sub-01          FPN  0.262605
..      ...          ...       ...
160  sub-20          SAN  0.268315
161  sub-20        Subc.  0.266977
162  sub-20          VAN  0.271456
163  sub-20         Vis.  0.259454
164  sub-20  Whole Brain  0.264522

[165 rows x 3 columns]
Anova results for BVC
             df    sum_sq   mean_sq         F    PR(>F)
C(net2)    10.0  0.000566  0.000057  5.038203  0.000002
Residual  154.0  0.001729  0.000011       NaN       NaN
T-test results for BVC
Test Multiple Comparison ttest_rel 
FWER=0.05 method=Holm
alphacSidak=0.00, alphacBonf=0.001
==================================================
group1    group2     stat   pval  pval_corr reject
--------------------------------------------------
  Aud.         CON  4.9194 0.0002    0.0122   True
  Aud.         DAN -1.2574 0.2292       1.0  False
  Aud.         DMN   1.651  0.121       1.0  False
  Aud.         FPN  1.5548 0.1423       1.0  False
  Aud.       Motor  0.0611 0.9521       1.0  False
  Aud.         SAN  0.7029 0.4937       1.0  False
  Aud.       Subc.  0.9669   0.35       1.0  False
  Aud.         VAN -0.2839 0.7806       1.0  False
  Aud.        Vis.  3.5691 0.0031    0.1387  False
  Aud. Whole Brain  2.2183 0.0436       1.0  False
   CON         DAN -4.0652 0.0012    0.0544  False
   CON         DMN  -3.615 0.0028    0.1294  False
   CON         FPN -0.3907 0.7019       1.0  False
   CON       Motor -3.0308  0.009    0.3774  False
   CON         SAN -2.1053 0.0538       1.0  False
   CON       Subc. -1.4555 0.1676       1.0  False
   CON         VAN -2.2396 0.0419       1.0  False
   CON        Vis.  1.1384 0.2741       1.0  False
   CON Whole Brain -1.6991 0.1114       1.0  False
   DAN         DMN  2.2683 0.0397       1.0  False
   DAN         FPN  3.5588 0.0031    0.1387  False
   DAN       Motor  1.5857 0.1351       1.0  False
   DAN         SAN   2.068 0.0576       1.0  False
   DAN       Subc.   1.968 0.0692       1.0  False
   DAN         VAN  0.6919 0.5003       1.0  False
   DAN        Vis.  6.2936    0.0    0.0011   True
   DAN Whole Brain  4.1624  0.001    0.0469   True
   DMN         FPN  0.9954 0.3364       1.0  False
   DMN       Motor -1.3346 0.2033       1.0  False
   DMN         SAN -0.3697 0.7172       1.0  False
   DMN       Subc.  0.0257 0.9799       1.0  False
   DMN         VAN -1.2519 0.2311       1.0  False
   DMN        Vis.  4.1236  0.001    0.0496   True
   DMN Whole Brain  1.3399 0.2016       1.0  False
   FPN       Motor -1.9303 0.0741       1.0  False
   FPN         SAN -1.4763  0.162       1.0  False
   FPN       Subc. -1.2024 0.2492       1.0  False
   FPN         VAN -2.3884 0.0316       1.0  False
   FPN        Vis.  1.6659 0.1179       1.0  False
   FPN Whole Brain -0.6826  0.506       1.0  False
 Motor         SAN  0.7854 0.4453       1.0  False
 Motor       Subc.  1.2364 0.2366       1.0  False
 Motor         VAN -0.4106 0.6876       1.0  False
 Motor        Vis.  4.7403 0.0003    0.0164   True
 Motor Whole Brain  3.2714 0.0056    0.2395  False
   SAN       Subc.   0.282 0.7821       1.0  False
   SAN         VAN -1.2811  0.221       1.0  False
   SAN        Vis.  4.3186 0.0007    0.0361   True
   SAN Whole Brain  1.5229   0.15       1.0  False
 Subc.         VAN -1.0534   0.31       1.0  False
 Subc.        Vis.  2.5288 0.0241    0.9876  False
 Subc. Whole Brain  0.7264 0.4796       1.0  False
   VAN        Vis.  4.2633 0.0008    0.0394   True
   VAN Whole Brain  2.0535 0.0592       1.0  False
  Vis. Whole Brain -4.7813 0.0003    0.0155   True
--------------------------------------------------
Figure saved as RainViolinPlotBVC.png
Figure saved as ViolinPlotBVC.png
Figure saved as BarPlotBVC.png
     subject         net1         net2   MeanGVC
0     sub-01          FPN          FPN  0.227652
1     sub-01          FPN          CON  0.241211
2     sub-01          FPN          SAN  0.241168
3     sub-01          FPN          VAN  0.240747
4     sub-01          FPN          DAN  0.243310
...      ...          ...          ...       ...
1810  sub-20  Whole Brain        Motor  0.275531
1811  sub-20  Whole Brain         Aud.  0.271137
1812  sub-20  Whole Brain         Vis.  0.265894
1813  sub-20  Whole Brain        Subc.  0.274130
1814  sub-20  Whole Brain  Whole Brain  0.271711

[1815 rows x 4 columns]
    subject         net2   MeanGVC
0    sub-01         Aud.  0.266382
1    sub-01          CON  0.263931
2    sub-01          DAN  0.263523
3    sub-01          DMN  0.266625
4    sub-01          FPN  0.260542
..      ...          ...       ...
160  sub-20          SAN  0.267454
161  sub-20        Subc.  0.266327
162  sub-20          VAN  0.268106
163  sub-20         Vis.  0.258281
164  sub-20  Whole Brain  0.264481

[165 rows x 3 columns]
Anova results for GVC
             df    sum_sq   mean_sq         F    PR(>F)
C(net2)    10.0  0.000572  0.000057  4.237636  0.000033
Residual  154.0  0.002077  0.000013       NaN       NaN
T-test results for GVC
Test Multiple Comparison ttest_rel 
FWER=0.05 method=Holm
alphacSidak=0.00, alphacBonf=0.001
==================================================
group1    group2     stat   pval  pval_corr reject
--------------------------------------------------
  Aud.         CON  3.7948  0.002    0.0946  False
  Aud.         DAN -1.7107 0.1092       1.0  False
  Aud.         DMN -0.4444 0.6635       1.0  False
  Aud.         FPN  1.2632 0.2272       1.0  False
  Aud.       Motor -0.9002 0.3832       1.0  False
  Aud.         SAN -0.1029 0.9195       1.0  False
  Aud.       Subc.  0.4231 0.6786       1.0  False
  Aud.         VAN  0.0201 0.9842       1.0  False
  Aud.        Vis.  2.4295 0.0292       1.0  False
  Aud. Whole Brain  -0.008 0.9938       1.0  False
   CON         DAN -4.0604 0.0012    0.0573  False
   CON         DMN -5.4028 0.0001    0.0049   True
   CON         FPN  -0.383 0.7075       1.0  False
   CON       Motor -3.4537 0.0039    0.1783  False
   CON         SAN -2.5029 0.0253       1.0  False
   CON       Subc. -1.5801 0.1364       1.0  False
   CON         VAN -1.6325 0.1249       1.0  False
   CON        Vis.   0.448  0.661       1.0  False
   CON Whole Brain -3.4059 0.0043    0.1918  False
   DAN         DMN  1.4352 0.1732       1.0  False
   DAN         FPN  3.6865 0.0024    0.1148  False
   DAN       Motor  1.1349 0.2755       1.0  False
   DAN         SAN  1.6197 0.1276       1.0  False
   DAN       Subc.  1.9038 0.0777       1.0  False
   DAN         VAN  1.4382 0.1724       1.0  False
   DAN        Vis.  5.5801 0.0001    0.0037   True
   DAN Whole Brain  2.5555 0.0229    0.9836  False
   DMN         FPN  1.7979 0.0938       1.0  False
   DMN       Motor -0.6966 0.4975       1.0  False
   DMN         SAN   0.253  0.804       1.0  False
   DMN       Subc.  0.7615  0.459       1.0  False
   DMN         VAN  0.2824 0.7818       1.0  False
   DMN        Vis.  4.4838 0.0005    0.0263   True
   DMN Whole Brain  0.6671 0.5156       1.0  False
   FPN       Motor -2.4307 0.0291       1.0  False
   FPN         SAN  -2.062 0.0583       1.0  False
   FPN       Subc. -1.3401 0.2015       1.0  False
   FPN         VAN  -1.571 0.1385       1.0  False
   FPN        Vis.  1.0455 0.3135       1.0  False
   FPN Whole Brain -2.1101 0.0533       1.0  False
 Motor         SAN  0.7803 0.4482       1.0  False
 Motor       Subc.  1.6921 0.1128       1.0  False
 Motor         VAN  0.6788 0.5084       1.0  False
 Motor        Vis.  4.6471 0.0004    0.0196   True
 Motor Whole Brain  1.7383 0.1041       1.0  False
   SAN       Subc.  0.5732 0.5756       1.0  False
   SAN         VAN  0.1578 0.8769       1.0  False
   SAN        Vis.  4.1453  0.001    0.0495   True
   SAN Whole Brain  0.1955 0.8478       1.0  False
 Subc.         VAN -0.2934 0.7735       1.0  False
 Subc.        Vis.  2.1095 0.0534       1.0  False
 Subc. Whole Brain -0.6046 0.5551       1.0  False
   VAN        Vis.  2.6979 0.0173    0.7624  False
   VAN Whole Brain -0.0374 0.9707       1.0  False
  Vis. Whole Brain -5.9254    0.0     0.002   True
--------------------------------------------------
Figure saved as RainViolinPlotGVC.png
Figure saved as ViolinPlotGVC45.png
Figure saved as BarPlotGVC45.png
