In flexiblehubs_1job parameters CHUNKLEN=45
Empty DataFrame
Columns: [subject, net1, net2, MeanBVC]
Index: []
Empty DataFrame
Columns: [subject, net1, net2, MeanGVC]
Index: []
Starting stage 3 ** Assign ROIs to networks ** for subject sub-01, chunklen 45 at 2020-12-28 17:16:23.481008
[[None 0.19896111114953738 0.16946477289887077 ... None None
  0.1877763521372563]
 [0.19896111114953738 None 0.21539246059318345 ... None None
  0.1969884457278548]
 [0.1694647728988708 0.21539246059318345 None ... None None
  0.1757474709363884]
 ...
 [None None None ... None None None]
 [None None None ... None None None]
 [0.1877763521372563 0.1969884457278548 0.1757474709363884 ... None None
  None]]
          0         1         2         3    ...   274   275   276       277
0        None  0.198961  0.169465  0.185992  ...  None  None  None  0.187776
1    0.198961      None  0.215392  0.195997  ...  None  None  None  0.196988
2    0.169465  0.215392      None  0.162186  ...  None  None  None  0.175747
3    0.185992  0.195997  0.162186      None  ...  None  None  None  0.161714
4    0.183743  0.201641  0.221074  0.225889  ...  None  None  None  0.172925
..        ...       ...       ...       ...  ...   ...   ...   ...       ...
273      None      None      None      None  ...  None  None  None      None
274      None      None      None      None  ...  None  None  None      None
275      None      None      None      None  ...  None  None  None      None
276      None      None      None      None  ...  None  None  None      None
277  0.187776  0.196988  0.175747  0.161714  ...  None  None  None      None

[278 rows x 278 columns]
Starting stage 3 ** Assign ROIs to networks ** for subject sub-02, chunklen 45 at 2020-12-28 17:16:29.373598
[[None 0.15464843955101307 0.20824816003479427 ... None None
  0.1970243780242441]
 [0.15464843955101307 None 0.1803363996618176 ... None None
  0.18711467270415105]
 [0.20824816003479427 0.1803363996618176 None ... None None
  0.18892033826963636]
 ...
 [None None None ... None None None]
 [None None None ... None None None]
 [0.1970243780242441 0.18711467270415105 0.18892033826963636 ... None
  None None]]
          0         1         2         3    ...   274   275   276       277
0        None  0.154648  0.208248  0.238241  ...  None  None  None  0.197024
1    0.154648      None  0.180336  0.224633  ...  None  None  None  0.187115
2    0.208248  0.180336      None  0.193575  ...  None  None  None   0.18892
3    0.238241  0.224633  0.193575      None  ...  None  None  None  0.123706
4    0.111078  0.100101  0.194997  0.268622  ...  None  None  None    0.2051
..        ...       ...       ...       ...  ...   ...   ...   ...       ...
273   0.24964  0.301093   0.25978  0.202098  ...  None  None  None  0.162355
274      None      None      None      None  ...  None  None  None      None
275      None      None      None      None  ...  None  None  None      None
276      None      None      None      None  ...  None  None  None      None
277  0.197024  0.187115   0.18892  0.123706  ...  None  None  None      None

[278 rows x 278 columns]
Starting stage 3 ** Assign ROIs to networks ** for subject sub-03, chunklen 45 at 2020-12-28 17:16:35.311250
[[None 0.17392767731724645 0.20184221926508691 ... 0.19102077083445385
  0.15594337843219774 0.1558067850474636]
 [0.17392767731724645 None 0.20793143444805232 ... 0.18498425718289294
  0.18525461097643073 0.17291247652162814]
 [0.20184221926508691 0.20793143444805232 None ... 0.16941609077860117
  0.22110744044813113 0.1534574378879343]
 ...
 [0.1910207708344539 0.18498425718289294 0.16941609077860117 ... None
  0.21982780253126077 0.18099055283168497]
 [0.15594337843219772 0.1852546109764307 0.22110744044813113 ...
  0.21982780253126077 None 0.17719767361824743]
 [0.15580678504746356 0.17291247652162814 0.15345743788793434 ...
  0.18099055283168497 0.17719767361824743 None]]
          0         1         2    ...       275       276       277
0        None  0.173928  0.201842  ...  0.191021  0.155943  0.155807
1    0.173928      None  0.207931  ...  0.184984  0.185255  0.172912
2    0.201842  0.207931      None  ...  0.169416  0.221107  0.153457
3    0.216449   0.19551  0.136464  ...  0.162889  0.163277  0.119827
4    0.138822  0.199258  0.203549  ...  0.199712  0.189658  0.155423
..        ...       ...       ...  ...       ...       ...       ...
273   0.19274   0.21927  0.207745  ...  0.281001   0.31522  0.221969
274  0.186922  0.214985  0.209711  ...  0.245117   0.21395  0.209443
275  0.191021  0.184984  0.169416  ...      None  0.219828  0.180991
276  0.155943  0.185255  0.221107  ...  0.219828      None  0.177198
277  0.155807  0.172912  0.153457  ...  0.180991  0.177198      None

[278 rows x 278 columns]
Starting stage 3 ** Assign ROIs to networks ** for subject sub-04, chunklen 45 at 2020-12-28 17:16:41.339667
[[None 0.1574690322835329 0.1463656606792831 ... 0.15246975580471375 None
  0.16173858171865643]
 [0.1574690322835329 None 0.14784184048799828 ... 0.1527691812565183 None
  0.12817414970858923]
 [0.1463656606792831 0.14784184048799826 None ... 0.1337080436064684 None
  0.10687024725888378]
 ...
 [0.15246975580471375 0.1527691812565183 0.1337080436064684 ... None None
  0.1688184075920322]
 [None None None ... None None None]
 [0.16173858171865638 0.12817414970858923 0.10687024725888379 ...
  0.1688184075920322 None None]]
          0         1          2    ...       275   276        277
0        None  0.157469   0.146366  ...   0.15247  None   0.161739
1    0.157469      None   0.147842  ...  0.152769  None   0.128174
2    0.146366  0.147842       None  ...  0.133708  None    0.10687
3    0.178988  0.158855  0.0935258  ...  0.137002  None  0.0499685
4    0.169387  0.162542   0.156553  ...   0.17271  None    0.14842
..        ...       ...        ...  ...       ...   ...        ...
273  0.164441  0.158956   0.131039  ...  0.189853  None   0.184934
274  0.195958  0.196676   0.172809  ...  0.239333  None   0.203569
275   0.15247  0.152769   0.133708  ...      None  None   0.168818
276      None      None       None  ...      None  None       None
277  0.161739  0.128174    0.10687  ...  0.168818  None       None

[278 rows x 278 columns]
Starting stage 3 ** Assign ROIs to networks ** for subject sub-05, chunklen 45 at 2020-12-28 17:16:47.507353
[[None 0.08908116792412177 0.08115673940682162 ... 0.23807712658369948
  0.32090231184427453 0.20840335261731177]
 [0.08908116792412177 None 0.09880460498914286 ... 0.20106790449534176
  0.3588455563529804 0.17264974577057246]
 [0.08115673940682161 0.09880460498914284 None ... 0.15939811347236432
  0.36341401201101675 0.19214672200807328]
 ...
 [0.23807712658369948 0.20106790449534173 0.1593981134723643 ... None
  0.46469588214217983 0.16851613956713415]
 [0.32090231184427453 0.3588455563529804 0.36341401201101664 ...
  0.46469588214217983 None 0.18992652676137628]
 [0.20840335261731183 0.17264974577057246 0.19214672200807328 ...
  0.16851613956713415 0.1899265267613763 None]]
           0          1          2    ...       275       276       277
0         None  0.0890812  0.0811567  ...  0.238077  0.320902  0.208403
1    0.0890812       None  0.0988046  ...  0.201068  0.358846   0.17265
2    0.0811567  0.0988046       None  ...  0.159398  0.363414  0.192147
3     0.184007   0.206711   0.226066  ...  0.293879  0.169722  0.178892
4     0.121251  0.0895379   0.105456  ...  0.243808  0.389328  0.173856
..         ...        ...        ...  ...       ...       ...       ...
273   0.165884   0.227065   0.249507  ...  0.394617  0.301436  0.240633
274   0.150647   0.119883   0.139953  ...  0.254923  0.415987  0.146366
275   0.238077   0.201068   0.159398  ...      None  0.464696  0.168516
276   0.320902   0.358846   0.363414  ...  0.464696      None  0.189927
277   0.208403    0.17265   0.192147  ...  0.168516  0.189927      None

[278 rows x 278 columns]
Starting stage 3 ** Assign ROIs to networks ** for subject sub-06, chunklen 45 at 2020-12-28 17:16:53.702713
[[None 0.13200997700406908 0.18981882426867627 ... None None
  0.21253766964768944]
 [0.1320099770040691 None 0.23781813182481568 ... None None
  0.2502587830763661]
 [0.18981882426867625 0.23781813182481568 None ... None None
  0.21902351255089977]
 ...
 [None None None ... None None None]
 [None None None ... None None None]
 [0.21253766964768941 0.25025878307636606 0.21902351255089975 ... None
  None None]]
          0         1         2         3    ...   274   275   276       277
0        None   0.13201  0.189819  0.245018  ...  None  None  None  0.212538
1     0.13201      None  0.237818   0.28921  ...  None  None  None  0.250259
2    0.189819  0.237818      None  0.157133  ...  None  None  None  0.219024
3    0.245018   0.28921  0.157133      None  ...  None  None  None  0.208639
4    0.200224  0.211552  0.323598  0.294607  ...  None  None  None  0.327551
..        ...       ...       ...       ...  ...   ...   ...   ...       ...
273      None      None      None      None  ...  None  None  None      None
274      None      None      None      None  ...  None  None  None      None
275      None      None      None      None  ...  None  None  None      None
276      None      None      None      None  ...  None  None  None      None
277  0.212538  0.250259  0.219024  0.208639  ...  None  None  None      None

[278 rows x 278 columns]
Starting stage 3 ** Assign ROIs to networks ** for subject sub-09, chunklen 45 at 2020-12-28 17:16:59.487595
[[None 0.19872591569959766 0.1978822321373889 ... 0.26666908885059964
  None 0.2230573444617049]
 [0.19872591569959766 None 0.22099031728291496 ... 0.29228047838178456
  None 0.24629710847227962]
 [0.1978822321373889 0.22099031728291496 None ... 0.2149380821270922 None
  0.19225602072672218]
 ...
 [0.26666908885059964 0.29228047838178456 0.2149380821270922 ... None
  None 0.18722887314517955]
 [None None None ... None None None]
 [0.22305734446170492 0.24629710847227962 0.19225602072672218 ...
  0.18722887314517955 None None]]
          0         1         2         3    ...       274       275   276       277
0        None  0.198726  0.197882  0.201064  ...  0.237801  0.266669  None  0.223057
1    0.198726      None   0.22099  0.248977  ...  0.256829   0.29228  None  0.246297
2    0.197882   0.22099      None  0.185379  ...  0.169275  0.214938  None  0.192256
3    0.201064  0.248977  0.185379      None  ...  0.187108  0.159415  None  0.132691
4    0.206509  0.145675  0.224618  0.232246  ...  0.264998  0.291818  None  0.216701
..        ...       ...       ...       ...  ...       ...       ...   ...       ...
273  0.172087  0.221017  0.221648  0.234224  ...  0.331197  0.376906  None   0.17429
274  0.237801  0.256829  0.169275  0.187108  ...      None  0.230691  None  0.176374
275  0.266669   0.29228  0.214938  0.159415  ...  0.230691      None  None  0.187229
276      None      None      None      None  ...      None      None  None      None
277  0.223057  0.246297  0.192256  0.132691  ...  0.176374  0.187229  None      None

[278 rows x 278 columns]
Starting stage 3 ** Assign ROIs to networks ** for subject sub-10, chunklen 45 at 2020-12-28 17:17:05.489290
[[None 0.23316790366860274 0.18872263121215804 ... 0.17814097025782405
  0.17391784913257624 0.2387153438728532]
 [0.23316790366860277 None 0.199400688704134 ... 0.22728484694467638
  0.2296423629809175 0.2658702651725424]
 [0.18872263121215804 0.199400688704134 None ... 0.18185904365900452
  0.19456561957901078 0.19929076706263807]
 ...
 [0.17814097025782405 0.22728484694467638 0.18185904365900452 ... None
  0.18776813156742006 0.16344106035351177]
 [0.17391784913257624 0.2296423629809175 0.19456561957901078 ...
  0.18776813156742006 None 0.18182916246440525]
 [0.2387153438728532 0.26587026517254236 0.19929076706263807 ...
  0.16344106035351177 0.18182916246440525 None]]
          0         1         2    ...       275       276       277
0        None  0.233168  0.188723  ...  0.178141  0.173918  0.238715
1    0.233168      None  0.199401  ...  0.227285  0.229642   0.26587
2    0.188723  0.199401      None  ...  0.181859  0.194566  0.199291
3    0.222574  0.255109  0.215531  ...   0.17845  0.182473  0.155861
4    0.214845  0.104143  0.181791  ...  0.266143  0.256807  0.248179
..        ...       ...       ...  ...       ...       ...       ...
273  0.177847  0.201396  0.198725  ...  0.335628  0.318063  0.220209
274  0.220924  0.219313  0.202579  ...  0.288263  0.288105  0.185503
275  0.178141  0.227285  0.181859  ...      None  0.187768  0.163441
276  0.173918  0.229642  0.194566  ...  0.187768      None  0.181829
277  0.238715   0.26587  0.199291  ...  0.163441  0.181829      None

[278 rows x 278 columns]
Starting stage 3 ** Assign ROIs to networks ** for subject sub-14, chunklen 45 at 2020-12-28 17:17:11.475215
[[None 0.2451634874644845 0.17484512374368166 ... 0.23679540644784144
  0.2323603699807795 0.20763036652298983]
 [0.24516348746448446 None 0.23599030810685756 ... 0.25015629021561014
  0.23033074502425338 0.20735194025355036]
 [0.17484512374368164 0.23599030810685756 None ... 0.18442388256510805
  0.1773906376935455 0.21429582024165067]
 ...
 [0.23679540644784144 0.25015629021561014 0.18442388256510805 ... None
  0.24034307521804707 0.18594514440335883]
 [0.2323603699807795 0.23033074502425338 0.1773906376935455 ...
  0.24034307521804707 None 0.1850603831187408]
 [0.20763036652298983 0.20735194025355036 0.21429582024165067 ...
  0.18594514440335885 0.1850603831187408 None]]
          0         1         2    ...       275       276       277
0        None  0.245163  0.174845  ...  0.236795   0.23236   0.20763
1    0.245163      None   0.23599  ...  0.250156  0.230331  0.207352
2    0.174845   0.23599      None  ...  0.184424  0.177391  0.214296
3    0.197069   0.22585  0.204352  ...  0.196566  0.171825  0.137298
4    0.217484  0.168636  0.208497  ...  0.234353  0.217707  0.184693
..        ...       ...       ...  ...       ...       ...       ...
273  0.180191  0.202954  0.171357  ...  0.280055  0.298794  0.247236
274  0.183754  0.183863  0.226445  ...  0.291903  0.331839  0.198394
275  0.236795  0.250156  0.184424  ...      None  0.240343  0.185945
276   0.23236  0.230331  0.177391  ...  0.240343      None   0.18506
277   0.20763  0.207352  0.214296  ...  0.185945   0.18506      None

[278 rows x 278 columns]
Starting stage 3 ** Assign ROIs to networks ** for subject sub-15, chunklen 45 at 2020-12-28 17:17:17.507255
[[None 0.16245443573656537 0.172849924402594 ... 0.1905266897368447 None
  0.2008631147187743]
 [0.16245443573656537 None 0.17646900749528338 ... 0.18514993035046398
  None 0.18094649781507544]
 [0.17284992440259397 0.17646900749528335 None ... 0.23888226466427137
  None 0.16431637030149787]
 ...
 [0.1905266897368447 0.18514993035046395 0.23888226466427137 ... None
  None 0.23081923996551038]
 [None None None ... None None None]
 [0.2008631147187743 0.18094649781507544 0.1643163703014979 ...
  0.23081923996551038 None None]]
          0         1         2    ...       275   276        277
0        None  0.162454   0.17285  ...  0.190527  None   0.200863
1    0.162454      None  0.176469  ...   0.18515  None   0.180946
2     0.17285  0.176469      None  ...  0.238882  None   0.164316
3     0.18892  0.196894  0.180433  ...  0.293351  None  0.0924185
4    0.133511  0.123202  0.191595  ...  0.214947  None   0.181132
..        ...       ...       ...  ...       ...   ...        ...
273  0.182862  0.164577  0.196073  ...  0.287247  None   0.185233
274    0.2168  0.197189  0.187036  ...  0.370834  None   0.168105
275  0.190527   0.18515  0.238882  ...      None  None   0.230819
276      None      None      None  ...      None  None       None
277  0.200863  0.180946  0.164316  ...  0.230819  None       None

[278 rows x 278 columns]
Starting stage 3 ** Assign ROIs to networks ** for subject sub-16, chunklen 45 at 2020-12-28 17:17:23.484807
[[None 0.2925202984348631 0.253848605280134 ... 0.3330965877271264
  0.20209706917878717 0.2498031734321778]
 [0.2925202984348631 None 0.29852755362226413 ... 0.2895185275198559
  0.20756219977279575 0.2419976011074308]
 [0.253848605280134 0.2985275536222641 None ... 0.2884168950236325
  0.17750544826176057 0.21246197459881944]
 ...
 [0.3330965877271264 0.2895185275198559 0.2884168950236325 ... None
  0.30858960166132754 0.2737273915415774]
 [0.20209706917878714 0.20756219977279575 0.17750544826176057 ...
  0.30858960166132754 None 0.22645968276803707]
 [0.24980317343217784 0.24199760110743074 0.21246197459881944 ...
  0.2737273915415774 0.22645968276803707 None]]
          0         1         2    ...       275       276       277
0        None   0.29252  0.253849  ...  0.333097  0.202097  0.249803
1     0.29252      None  0.298528  ...  0.289519  0.207562  0.241998
2    0.253849  0.298528      None  ...  0.288417  0.177505  0.212462
3    0.253455  0.241668  0.191014  ...   0.25348  0.194952   0.11044
4    0.252901  0.237735  0.251973  ...  0.304037  0.217485  0.226148
..        ...       ...       ...  ...       ...       ...       ...
273  0.182886  0.214563  0.283512  ...  0.341946  0.374377   0.21741
274  0.203244  0.264647   0.28001  ...  0.348525  0.316126   0.23859
275  0.333097  0.289519  0.288417  ...      None   0.30859  0.273727
276  0.202097  0.207562  0.177505  ...   0.30859      None   0.22646
277  0.249803  0.241998  0.212462  ...  0.273727   0.22646      None

[278 rows x 278 columns]
Starting stage 3 ** Assign ROIs to networks ** for subject sub-17, chunklen 45 at 2020-12-28 17:17:29.516450
[[None 0.2681567925029956 0.21035521212371078 ... 0.17290569689325305
  0.19071497183658212 0.2138055379372774]
 [0.2681567925029956 None 0.22708707687711566 ... 0.25941071255717907
  0.23891716056667778 0.20219545100183395]
 [0.2103552121237108 0.22708707687711566 None ... 0.1980180225703025
  0.2768586817410492 0.22816450037344158]
 ...
 [0.17290569689325305 0.25941071255717907 0.1980180225703025 ... None
  0.23595575803984223 0.1820628300976816]
 [0.19071497183658212 0.23891716056667778 0.2768586817410492 ...
  0.23595575803984223 None 0.1652836792242961]
 [0.2138055379372774 0.20219545100183395 0.22816450037344158 ...
  0.1820628300976816 0.1652836792242961 None]]
          0         1         2    ...       275       276       277
0        None  0.268157  0.210355  ...  0.172906  0.190715  0.213806
1    0.268157      None  0.227087  ...  0.259411  0.238917  0.202195
2    0.210355  0.227087      None  ...  0.198018  0.276859  0.228165
3    0.201062  0.232407  0.209185  ...  0.219023  0.186217  0.123537
4    0.257226  0.221642  0.271395  ...  0.288313  0.264224  0.215704
..        ...       ...       ...  ...       ...       ...       ...
273  0.201416  0.208287  0.268158  ...  0.351042  0.357302  0.240032
274  0.206823  0.245143  0.235587  ...  0.340628   0.23223  0.170113
275  0.172906  0.259411  0.198018  ...      None  0.235956  0.182063
276  0.190715  0.238917  0.276859  ...  0.235956      None  0.165284
277  0.213806  0.202195  0.228165  ...  0.182063  0.165284      None

[278 rows x 278 columns]
Starting stage 3 ** Assign ROIs to networks ** for subject sub-18, chunklen 45 at 2020-12-28 17:17:35.533888
[[None 0.15912373739509478 0.1781196909258002 ... 0.27364414573708123
  0.22887991093344298 0.2429627041083109]
 [0.15912373739509478 None 0.15783303372238178 ... 0.2569266180727536
  0.23970406129489907 0.2180266536487139]
 [0.1781196909258002 0.15783303372238178 None ... 0.1851594737757547
  0.1464782415395452 0.15452281472982932]
 ...
 [0.27364414573708123 0.2569266180727536 0.18515947377575473 ... None
  0.1898071999515669 0.18586450678785268]
 [0.22887991093344298 0.2397040612948991 0.1464782415395452 ...
  0.18980719995156686 None 0.1606029531566734]
 [0.2429627041083109 0.2180266536487139 0.15452281472982932 ...
  0.18586450678785268 0.1606029531566734 None]]
          0         1         2    ...       275       276       277
0        None  0.159124   0.17812  ...  0.273644   0.22888  0.242963
1    0.159124      None  0.157833  ...  0.256927  0.239704  0.218027
2     0.17812  0.157833      None  ...  0.185159  0.146478  0.154523
3    0.204441  0.218407  0.146604  ...  0.156167  0.188573  0.130269
4    0.211149  0.153855  0.173325  ...   0.25142  0.243359  0.153259
..        ...       ...       ...  ...       ...       ...       ...
273  0.213138  0.188065  0.160418  ...  0.247048   0.20185  0.204235
274  0.204971    0.1752  0.165515  ...  0.269992  0.266939  0.180061
275  0.273644  0.256927  0.185159  ...      None  0.189807  0.185865
276   0.22888  0.239704  0.146478  ...  0.189807      None  0.160603
277  0.242963  0.218027  0.154523  ...  0.185865  0.160603      None

[278 rows x 278 columns]
Starting stage 3 ** Assign ROIs to networks ** for subject sub-19, chunklen 45 at 2020-12-28 17:17:41.564274
[[None 0.1342846311451104 0.18775580624396776 ... 0.14790349046771462
  0.18642739613159598 0.1759716987081986]
 [0.1342846311451104 None 0.1996135523162458 ... 0.22745029775045225
  0.19691442654280075 0.21270571892939852]
 [0.18775580624396776 0.1996135523162458 None ... 0.1734384593033503
  0.18032642761046974 0.1831394758901717]
 ...
 [0.14790349046771462 0.22745029775045225 0.1734384593033503 ... None
  0.21947889169344442 0.1923809432240076]
 [0.18642739613159598 0.19691442654280075 0.18032642761046974 ...
  0.2194788916934444 None 0.20052742347095845]
 [0.1759716987081986 0.21270571892939852 0.1831394758901717 ...
  0.1923809432240076 0.20052742347095845 None]]
          0         1         2    ...       275       276       277
0        None  0.134285  0.187756  ...  0.147903  0.186427  0.175972
1    0.134285      None  0.199614  ...   0.22745  0.196914  0.212706
2    0.187756  0.199614      None  ...  0.173438  0.180326  0.183139
3    0.163994  0.211448  0.169175  ...  0.184594  0.148627  0.167772
4    0.131652  0.128637   0.21711  ...  0.228739   0.26666  0.239848
..        ...       ...       ...  ...       ...       ...       ...
273  0.177402  0.189004  0.235122  ...  0.321085  0.308039   0.19723
274  0.176903  0.180282  0.242594  ...  0.333577  0.364008  0.242478
275  0.147903   0.22745  0.173438  ...      None  0.219479  0.192381
276  0.186427  0.196914  0.180326  ...  0.219479      None  0.200527
277  0.175972  0.212706  0.183139  ...  0.192381  0.200527      None

[278 rows x 278 columns]
Starting stage 3 ** Assign ROIs to networks ** for subject sub-20, chunklen 45 at 2020-12-28 17:17:47.576329
[[None 0.1926517098410768 0.2348979683519876 ... 0.278141700625084
  0.24591081808078627 0.2331795432081857]
 [0.1926517098410768 None 0.2320547062480148 ... 0.27784034392536816
  0.2464877522169571 0.17787967702395335]
 [0.23489796835198756 0.2320547062480148 None ... 0.27692703903830185
  0.23126479654490292 0.20133086079916146]
 ...
 [0.278141700625084 0.27784034392536816 0.27692703903830185 ... None
  0.340970553051878 0.2741982614593353]
 [0.2459108180807863 0.2464877522169571 0.23126479654490292 ...
  0.340970553051878 None 0.18773079329773504]
 [0.2331795432081857 0.17787967702395333 0.2013308607991615 ...
  0.27419826145933535 0.18773079329773507 None]]
          0         1         2    ...       275       276       277
0        None  0.192652  0.234898  ...  0.278142  0.245911   0.23318
1    0.192652      None  0.232055  ...   0.27784  0.246488   0.17788
2    0.234898  0.232055      None  ...  0.276927  0.231265  0.201331
3    0.233435   0.25478  0.195795  ...  0.293927  0.236729  0.218183
4    0.191734  0.158023  0.232794  ...  0.283437  0.290947  0.211594
..        ...       ...       ...  ...       ...       ...       ...
273  0.143656  0.199131  0.231819  ...  0.331119  0.354519  0.253737
274  0.153545  0.166399  0.214312  ...  0.329435  0.298245  0.221896
275  0.278142   0.27784  0.276927  ...      None  0.340971  0.274198
276  0.245911  0.246488  0.231265  ...  0.340971      None  0.187731
277   0.23318   0.17788  0.201331  ...  0.274198  0.187731      None

[278 rows x 278 columns]
     subject         net1   net2   MeanBVC
0     sub-01          FPN    CON  0.273604
1     sub-01          FPN    SAN  0.279063
2     sub-01          FPN    VAN  0.270876
3     sub-01          FPN    DAN  0.274682
4     sub-01          FPN    DMN  0.281772
...      ...          ...    ...       ...
1645  sub-20  Whole Brain    DMN  0.301125
1646  sub-20  Whole Brain  Motor  0.294817
1647  sub-20  Whole Brain   Aud.  0.288269
1648  sub-20  Whole Brain   Vis.  0.288252
1649  sub-20  Whole Brain  Subc.  0.294556

[1650 rows x 4 columns]
     subject         net1         net2   MeanGVC
0     sub-01          FPN          FPN  0.271838
1     sub-01          FPN          CON  0.273604
2     sub-01          FPN          SAN  0.279063
3     sub-01          FPN          VAN  0.270876
4     sub-01          FPN          DAN  0.274682
...      ...          ...          ...       ...
1810  sub-20  Whole Brain        Motor  0.294817
1811  sub-20  Whole Brain         Aud.  0.288269
1812  sub-20  Whole Brain         Vis.  0.288252
1813  sub-20  Whole Brain        Subc.  0.294556
1814  sub-20  Whole Brain  Whole Brain  0.299068

[1815 rows x 4 columns]
Starting stage 4 **Calculate statistics** at 2020-12-28 17:17:53.639930
     subject         net1   net2   MeanBVC
0     sub-01          FPN    CON  0.273604
1     sub-01          FPN    SAN  0.279063
2     sub-01          FPN    VAN  0.270876
3     sub-01          FPN    DAN  0.274682
4     sub-01          FPN    DMN  0.281772
...      ...          ...    ...       ...
1645  sub-20  Whole Brain    DMN  0.301125
1646  sub-20  Whole Brain  Motor  0.294817
1647  sub-20  Whole Brain   Aud.  0.288269
1648  sub-20  Whole Brain   Vis.  0.288252
1649  sub-20  Whole Brain  Subc.  0.294556

[1650 rows x 4 columns]
    subject         net2   MeanBVC
0    sub-01         Aud.  0.276454
1    sub-01          CON  0.285942
2    sub-01          DAN  0.284024
3    sub-01          DMN  0.293908
4    sub-01          FPN  0.281717
..      ...          ...       ...
160  sub-20          SAN  0.288804
161  sub-20        Subc.  0.282629
162  sub-20          VAN  0.291631
163  sub-20         Vis.  0.288450
164  sub-20  Whole Brain  0.286765

[165 rows x 3 columns]
Anova results for BVC
             df    sum_sq   mean_sq         F        PR(>F)
C(net2)    10.0  0.001327  0.000133  6.826611  8.951017e-09
Residual  154.0  0.002994  0.000019       NaN           NaN
T-test results for BVC
Test Multiple Comparison ttest_rel 
FWER=0.05 method=Holm
alphacSidak=0.00, alphacBonf=0.001
==================================================
group1    group2     stat   pval  pval_corr reject
--------------------------------------------------
  Aud.         CON  -0.881 0.3932       1.0  False
  Aud.         DAN -3.8674 0.0017     0.081  False
  Aud.         DMN -2.5941 0.0212     0.679  False
  Aud.         FPN -0.7172  0.485       1.0  False
  Aud.       Motor -0.7126 0.4878       1.0  False
  Aud.         SAN -2.5291 0.0241    0.7463  False
  Aud.       Subc. -2.3885 0.0316    0.9151  False
  Aud.         VAN -3.1379 0.0073    0.2805  False
  Aud.        Vis. -3.6654 0.0025     0.112  False
  Aud. Whole Brain -3.0499 0.0087    0.3201  False
   CON         DAN -3.6257 0.0028    0.1184  False
   CON         DMN -3.8737 0.0017     0.081  False
   CON         FPN  0.6172  0.547       1.0  False
   CON       Motor  0.2926 0.7741       1.0  False
   CON         SAN -2.8026 0.0141    0.4938  False
   CON       Subc. -1.6959  0.112       1.0  False
   CON         VAN -4.1891 0.0009    0.0455   True
   CON        Vis. -5.0322 0.0002    0.0101   True
   CON Whole Brain -4.2343 0.0008    0.0425   True
   DAN         DMN -0.0276 0.9783       1.0  False
   DAN         FPN  4.8508 0.0003    0.0136   True
   DAN       Motor  3.6872 0.0024    0.1097  False
   DAN         SAN  1.1367 0.2747       1.0  False
   DAN       Subc.  0.8094 0.4318       1.0  False
   DAN         VAN  0.0905 0.9292       1.0  False
   DAN        Vis. -2.2609 0.0402       1.0  False
   DAN Whole Brain  1.6477 0.1217       1.0  False
   DMN         FPN  3.5064 0.0035    0.1466  False
   DMN       Motor  2.8665 0.0124    0.4477  False
   DMN         SAN  0.9671 0.3499       1.0  False
   DMN       Subc.   0.756 0.4622       1.0  False
   DMN         VAN  0.1117 0.9127       1.0  False
   DMN        Vis. -2.6481 0.0191    0.6494  False
   DMN Whole Brain  1.3035 0.2134       1.0  False
   FPN       Motor -0.2662 0.7939       1.0  False
   FPN         SAN -3.4129 0.0042    0.1723  False
   FPN       Subc. -2.1133  0.053       1.0  False
   FPN         VAN -3.8263 0.0019    0.0852  False
   FPN        Vis.  -4.593 0.0004    0.0217   True
   FPN Whole Brain -4.9022 0.0002    0.0126   True
 Motor         SAN -2.4636 0.0273    0.8196  False
 Motor       Subc. -1.3788 0.1896       1.0  False
 Motor         VAN  -2.644 0.0193    0.6494  False
 Motor        Vis. -4.1131 0.0011    0.0517  False
 Motor Whole Brain  -3.143 0.0072    0.2805  False
   SAN       Subc. -0.0244 0.9809       1.0  False
   SAN         VAN -0.8112 0.4308       1.0  False
   SAN        Vis. -2.1281 0.0516       1.0  False
   SAN Whole Brain -0.3205 0.7533       1.0  False
 Subc.         VAN -0.6819 0.5064       1.0  False
 Subc.        Vis. -1.8054 0.0926       1.0  False
 Subc. Whole Brain -0.1815 0.8586       1.0  False
   VAN        Vis. -1.6819 0.1147       1.0  False
   VAN Whole Brain  0.8687 0.3996       1.0  False
  Vis. Whole Brain  3.3353 0.0049    0.1962  False
--------------------------------------------------
Figure saved as ViolinPlotBVCcorr.png
Figure saved as BarPlotBVCcorr.png
     subject         net1         net2   MeanGVC
0     sub-01          FPN          FPN  0.271838
1     sub-01          FPN          CON  0.273604
2     sub-01          FPN          SAN  0.279063
3     sub-01          FPN          VAN  0.270876
4     sub-01          FPN          DAN  0.274682
...      ...          ...          ...       ...
1810  sub-20  Whole Brain        Motor  0.294817
1811  sub-20  Whole Brain         Aud.  0.288269
1812  sub-20  Whole Brain         Vis.  0.288252
1813  sub-20  Whole Brain        Subc.  0.294556
1814  sub-20  Whole Brain  Whole Brain  0.299068

[1815 rows x 4 columns]
    subject         net2   MeanGVC
0    sub-01         Aud.  0.273838
1    sub-01          CON  0.284405
2    sub-01          DAN  0.281825
3    sub-01          DMN  0.292796
4    sub-01          FPN  0.279456
..      ...          ...       ...
160  sub-20          SAN  0.286364
161  sub-20        Subc.  0.281975
162  sub-20          VAN  0.288908
163  sub-20         Vis.  0.282320
164  sub-20  Whole Brain  0.288416

[165 rows x 3 columns]
Anova results for GVC
             df    sum_sq   mean_sq         F        PR(>F)
C(net2)    10.0  0.001872  0.000187  8.020577  2.417423e-10
Residual  154.0  0.003594  0.000023       NaN           NaN
T-test results for GVC
Test Multiple Comparison ttest_rel 
FWER=0.05 method=Holm
alphacSidak=0.00, alphacBonf=0.001
==================================================
group1    group2     stat   pval  pval_corr reject
--------------------------------------------------
  Aud.         CON -1.9389 0.0729       1.0  False
  Aud.         DAN -4.4907 0.0005    0.0264   True
  Aud.         DMN -3.2441 0.0059    0.2176  False
  Aud.         FPN -1.7585 0.1005       1.0  False
  Aud.       Motor -1.4951 0.1571       1.0  False
  Aud.         SAN  -3.262 0.0057    0.2157  False
  Aud.       Subc. -3.4572 0.0038     0.154  False
  Aud.         VAN -3.8254 0.0019    0.0835  False
  Aud.        Vis. -4.0005 0.0013    0.0605  False
  Aud. Whole Brain -4.0598 0.0012     0.055  False
   CON         DAN -3.2139 0.0062    0.2248  False
   CON         DMN -3.6116 0.0028    0.1161  False
   CON         FPN  1.3461 0.1997       1.0  False
   CON       Motor  0.9899  0.339       1.0  False
   CON         SAN -1.6275 0.1259       1.0  False
   CON       Subc. -1.6111 0.1295       1.0  False
   CON         VAN -2.8741 0.0123    0.4166  False
   CON        Vis. -3.6727 0.0025    0.1054  False
   CON Whole Brain -4.7952 0.0003    0.0151   True
   DAN         DMN -0.4112 0.6871       1.0  False
   DAN         FPN  5.5736 0.0001    0.0037   True
   DAN       Motor  4.2089 0.0009    0.0429   True
   DAN         SAN  1.5867 0.1349       1.0  False
   DAN       Subc.  0.4905 0.6314       1.0  False
   DAN         VAN  0.8542 0.4074       1.0  False
   DAN        Vis. -0.1159 0.9094       1.0  False
   DAN Whole Brain -0.3461 0.7344       1.0  False
   DMN         FPN   3.824 0.0019    0.0835  False
   DMN       Motor   3.298 0.0053     0.206  False
   DMN         SAN  1.4381 0.1724       1.0  False
   DMN       Subc.  0.6792 0.5081       1.0  False
   DMN         VAN   1.047 0.3128       1.0  False
   DMN        Vis.  0.4287 0.6746       1.0  False
   DMN Whole Brain  0.3555 0.7275       1.0  False
   FPN       Motor -0.3698  0.717       1.0  False
   FPN         SAN -3.1097 0.0077    0.2689  False
   FPN       Subc. -2.7823 0.0147    0.4845  False
   FPN         VAN -4.1346  0.001    0.0485   True
   FPN        Vis. -4.2393 0.0008    0.0413   True
   FPN Whole Brain -5.6727 0.0001    0.0032   True
 Motor         SAN -2.3962 0.0311     0.964  False
 Motor       Subc. -1.7395 0.1039       1.0  False
 Motor         VAN -2.6133 0.0204    0.6541  False
 Motor        Vis.  -3.745 0.0022    0.0935  False
 Motor Whole Brain -4.3808 0.0006     0.032   True
   SAN       Subc. -0.5908  0.564       1.0  False
   SAN         VAN  -0.576 0.5738       1.0  False
   SAN        Vis. -1.3839 0.1881       1.0  False
   SAN Whole Brain -1.8194 0.0903       1.0  False
 Subc.         VAN  0.1426 0.8886       1.0  False
 Subc.        Vis. -0.5264 0.6068       1.0  False
 Subc. Whole Brain -0.6652 0.5167       1.0  False
   VAN        Vis. -0.9567 0.3549       1.0  False
   VAN Whole Brain -1.1389 0.2739       1.0  False
  Vis. Whole Brain -0.1883 0.8533       1.0  False
--------------------------------------------------
Figure saved as ViolinPlotGVCcorr45.png
