In flexiblehubs_1jobPoolSubjsSF parameters CHUNKLEN=15
Starting stage 4 **Calculate statistics** at 2021-06-14 17:30:41.566844
     subject         net1   net2   MeanBVC
0     sub-01          FPN    CON  0.396427
1     sub-01          FPN    SAN  0.395287
2     sub-01          FPN    VAN  0.398061
3     sub-01          FPN    DAN  0.395528
4     sub-01          FPN    DMN  0.393401
...      ...          ...    ...       ...
1645  sub-20  Whole Brain    DMN  0.414903
1646  sub-20  Whole Brain  Motor  0.442006
1647  sub-20  Whole Brain   Aud.  0.416457
1648  sub-20  Whole Brain   Vis.  0.428558
1649  sub-20  Whole Brain  Subc.  0.427768

[1650 rows x 4 columns]
    subject         net2   MeanBVC
0    sub-01         Aud.  0.423478
1    sub-01          CON  0.421450
2    sub-01          DAN  0.418837
3    sub-01          DMN  0.419410
4    sub-01          FPN  0.412883
..      ...          ...       ...
160  sub-20          SAN  0.426756
161  sub-20        Subc.  0.417256
162  sub-20          VAN  0.428214
163  sub-20         Vis.  0.418550
164  sub-20  Whole Brain  0.418427

[165 rows x 3 columns]
Anova results for BVC
             df    sum_sq   mean_sq         F        PR(>F)
C(net2)    10.0  0.002477  0.000248  5.535636  5.070949e-07
Residual  154.0  0.006892  0.000045       NaN           NaN
T-test results for BVC
Test Multiple Comparison ttest_rel 
FWER=0.05 method=fdr_bh
alphacSidak=0.00, alphacBonf=0.001
==================================================
group1    group2     stat   pval  pval_corr reject
--------------------------------------------------
  Aud.         CON  2.8032 0.0141    0.0484   True
  Aud.         DAN -2.7679 0.0151    0.0489   True
  Aud.         DMN  1.3759 0.1905    0.2911  False
  Aud.         FPN -0.1487 0.8839    0.9607  False
  Aud.       Motor -2.3816  0.032    0.0703  False
  Aud.         SAN -1.8704 0.0825    0.1463  False
  Aud.       Subc. -0.1397 0.8909    0.9607  False
  Aud.         VAN -2.6653 0.0185    0.0564  False
  Aud.        Vis. -0.2387 0.8148    0.9145  False
  Aud. Whole Brain -0.5271 0.6063    0.7296  False
   CON         DAN -3.7992  0.002    0.0208   True
   CON         DMN  -2.467 0.0271    0.0637  False
   CON         FPN -1.0182 0.3259    0.4371  False
   CON       Motor -3.4912 0.0036    0.0208   True
   CON         SAN -3.2515 0.0058    0.0281   True
   CON       Subc.  -1.356 0.1966    0.2911  False
   CON         VAN -3.7915  0.002    0.0208   True
   CON        Vis. -2.1781  0.047    0.0976  False
   CON Whole Brain -2.5316  0.024    0.0637  False
   DAN         DMN  3.4664 0.0038    0.0208   True
   DAN         FPN  3.8669 0.0017    0.0208   True
   DAN       Motor  1.3596 0.1955    0.2911  False
   DAN         SAN  2.1582 0.0488    0.0976  False
   DAN       Subc.  3.5158 0.0034    0.0208   True
   DAN         VAN -0.5215 0.6102    0.7296  False
   DAN        Vis.  3.7983  0.002    0.0208   True
   DAN Whole Brain  4.3247 0.0007    0.0208   True
   DMN         FPN  -0.533 0.6024    0.7296  False
   DMN       Motor -3.2236 0.0061    0.0281   True
   DMN         SAN -2.9675 0.0102    0.0411   True
   DMN       Subc.  -0.684 0.5052    0.6461  False
   DMN         VAN -3.6698 0.0025    0.0208   True
   DMN        Vis. -1.1788 0.2581     0.364  False
   DMN Whole Brain  -1.838 0.0874    0.1502  False
   FPN       Motor -1.5096 0.1534    0.2557  False
   FPN         SAN -0.9702 0.3484    0.4563  False
   FPN       Subc.  0.0997  0.922    0.9623  False
   FPN         VAN  -2.056 0.0589    0.1118  False
   FPN        Vis.  0.0156 0.9878    0.9878  False
   FPN Whole Brain -0.0857 0.9329    0.9623  False
 Motor         SAN  1.0431 0.3146    0.4326  False
 Motor       Subc.  2.5134 0.0248    0.0637  False
 Motor         VAN -1.3414 0.2011    0.2911  False
 Motor        Vis.   2.455 0.0278    0.0637  False
 Motor Whole Brain  3.6332 0.0027    0.0208   True
   SAN       Subc.  1.4421 0.1713    0.2771  False
   SAN         VAN -2.1483 0.0497    0.0976  False
   SAN        Vis.  1.9381  0.073    0.1339  False
   SAN Whole Brain  2.5039 0.0253    0.0637  False
 Subc.         VAN -2.4853 0.0262    0.0637  False
 Subc.        Vis. -0.0704 0.9448    0.9623  False
 Subc. Whole Brain -0.2603 0.7985    0.9145  False
   VAN        Vis.  2.8498 0.0129    0.0471   True
   VAN Whole Brain  2.9535 0.0105    0.0411   True
  Vis. Whole Brain -0.2438 0.8109    0.9145  False
--------------------------------------------------
Figure saved as RainViolinPlotBVCreg.png
Figure saved as ViolinPlotBVC.png
Figure saved as BarPlotBVC.png
     subject         net1         net2   MeanGVC
0     sub-01          FPN          FPN  0.369709
1     sub-01          FPN          CON  0.396427
2     sub-01          FPN          SAN  0.395287
3     sub-01          FPN          VAN  0.398061
4     sub-01          FPN          DAN  0.395528
...      ...          ...          ...       ...
1810  sub-20  Whole Brain        Motor  0.442006
1811  sub-20  Whole Brain         Aud.  0.416457
1812  sub-20  Whole Brain         Vis.  0.428558
1813  sub-20  Whole Brain        Subc.  0.427768
1814  sub-20  Whole Brain  Whole Brain  0.429963

[1815 rows x 4 columns]
    subject         net2   MeanGVC
0    sub-01         Aud.  0.420305
1    sub-01          CON  0.418565
2    sub-01          DAN  0.416490
3    sub-01          DMN  0.418878
4    sub-01          FPN  0.410196
..      ...          ...       ...
160  sub-20          SAN  0.425250
161  sub-20        Subc.  0.415539
162  sub-20          VAN  0.422653
163  sub-20         Vis.  0.416902
164  sub-20  Whole Brain  0.418437

[165 rows x 3 columns]
Anova results for GVC
             df    sum_sq   mean_sq         F   PR(>F)
C(net2)    10.0  0.002127  0.000213  4.396408  0.00002
Residual  154.0  0.007450  0.000048       NaN      NaN
T-test results for GVC
Test Multiple Comparison ttest_rel 
FWER=0.05 method=fdr_bh
alphacSidak=0.00, alphacBonf=0.001
==================================================
group1    group2     stat   pval  pval_corr reject
--------------------------------------------------
  Aud.         CON  2.4057 0.0305    0.0821  False
  Aud.         DAN -3.0074 0.0094     0.048   True
  Aud.         DMN -0.7814 0.4476     0.547  False
  Aud.         FPN -0.3033 0.7661      0.86  False
  Aud.       Motor -2.9904 0.0097     0.048   True
  Aud.         SAN -2.4825 0.0263    0.0821  False
  Aud.       Subc. -0.5633 0.5821    0.6812  False
  Aud.         VAN -2.0648  0.058    0.1275  False
  Aud.        Vis. -0.8144  0.429    0.5363  False
  Aud. Whole Brain -2.3881 0.0316    0.0821  False
   CON         DAN -3.9493 0.0015     0.016   True
   CON         DMN -4.8168 0.0003    0.0151   True
   CON         FPN -1.1355 0.2752    0.3984  False
   CON       Motor -3.9623 0.0014     0.016   True
   CON         SAN -3.7261 0.0023    0.0207   True
   CON       Subc. -1.6187 0.1278    0.2268  False
   CON         VAN -3.1284 0.0074    0.0452   True
   CON        Vis. -2.8012 0.0141    0.0554  False
   CON Whole Brain -4.1549  0.001     0.016   True
   DAN         DMN  2.8574 0.0127    0.0536  False
   DAN         FPN   3.996 0.0013     0.016   True
   DAN       Motor   1.012 0.3287    0.4511  False
   DAN         SAN   1.811 0.0916    0.1867  False
   DAN       Subc.  3.3421 0.0048    0.0333   True
   DAN         VAN   0.222 0.8276    0.8909  False
   DAN        Vis.  3.3574 0.0047    0.0333   True
   DAN Whole Brain  2.9534 0.0105     0.048   True
   DMN         FPN -0.0791 0.9381    0.9433  False
   DMN       Motor -2.7676 0.0151    0.0554  False
   DMN         SAN -2.3676 0.0328    0.0821  False
   DMN       Subc. -0.1816 0.8585    0.8909  False
   DMN         VAN -2.2167 0.0437    0.1002  False
   DMN        Vis. -0.6163 0.5476    0.6547  False
   DMN Whole Brain -2.3969 0.0311    0.0821  False
   FPN       Motor -1.7831 0.0963    0.1891  False
   FPN         SAN  -1.249 0.2322    0.3451  False
   FPN       Subc. -0.0724 0.9433    0.9433  False
   FPN         VAN -1.4574 0.1671    0.2703  False
   FPN        Vis. -0.2525 0.8044    0.8848  False
   FPN Whole Brain -0.9762 0.3455    0.4511  False
 Motor         SAN  1.0132 0.3281    0.4511  False
 Motor       Subc.   2.729 0.0163     0.056  False
 Motor         VAN -0.3262 0.7491    0.8584  False
 Motor        Vis.  2.4025 0.0307    0.0821  False
 Motor Whole Brain  2.3088 0.0367    0.0878  False
   SAN       Subc.  1.5951  0.133    0.2282  False
   SAN         VAN -0.9614 0.3526    0.4511  False
   SAN        Vis.   1.849 0.0857    0.1812  False
   SAN Whole Brain  0.9689  0.349    0.4511  False
 Subc.         VAN -1.6498 0.1212    0.2222  False
 Subc.        Vis. -0.2012 0.8435    0.8909  False
 Subc. Whole Brain -1.3189 0.2084    0.3274  False
   VAN        Vis.  1.7325 0.1051    0.1994  False
   VAN Whole Brain  1.2709 0.2245     0.343  False
  Vis. Whole Brain -1.5779 0.1369    0.2282  False
--------------------------------------------------
Figure saved as RainViolinPlotGVC.png
