In flexiblehubs_1jobPoolSubjsSF parameters CHUNKLEN=30
Empty DataFrame
Columns: [subject, net1, net2, MeanBVC]
Index: []
Empty DataFrame
Columns: [subject, net1, net2, MeanGVC]
Index: []
Starting stage 3 ** Assign ROIs to networks ** for subject sub-01, chunklen 30 at 2021-05-13 10:08:29.720790
             0            1    ...          276          277
0    1.00045e-15     0.308798  ...     0.357131     0.343738
1       0.318945  1.23915e-15  ...     0.311306     0.283118
2       0.359307     0.359474  ...     0.367868     0.370458
3       0.330962     0.275093  ...     0.361944     0.354769
4       0.332517      0.28834  ...     0.351201       0.3084
..           ...          ...  ...          ...          ...
273     0.367774     0.372088  ...     0.366126     0.354814
274     0.320544     0.302545  ...     0.332224     0.320806
275     0.340001     0.308877  ...     0.330468     0.322436
276     0.369347     0.311188  ...  1.03992e-15       0.3551
277     0.357974     0.269417  ...     0.361393  1.59981e-15

[278 rows x 278 columns]
Starting stage 3 ** Assign ROIs to networks ** for subject sub-02, chunklen 30 at 2021-05-13 10:08:35.685151
             0            1    ...          276         277
0    9.53309e-16     0.294659  ...     0.314899    0.306592
1       0.288436  8.07166e-16  ...     0.289586    0.300409
2       0.343454     0.445431  ...     0.349177    0.376349
3       0.285233     0.290017  ...     0.282716    0.266304
4       0.382152      0.27955  ...     0.282143    0.266286
..           ...          ...  ...          ...         ...
273     0.322373     0.416475  ...     0.322087    0.345046
274     0.330501     0.312701  ...     0.323341     0.33294
275     0.302206     0.300016  ...     0.296881    0.298505
276     0.311342     0.269216  ...  8.67771e-16    0.266397
277     0.304244     0.287583  ...     0.273972  1.5806e-15

[278 rows x 278 columns]
Starting stage 3 ** Assign ROIs to networks ** for subject sub-03, chunklen 30 at 2021-05-13 10:08:41.651220
             0            1    ...          276          277
0    1.26482e-15     0.371018  ...      0.40107     0.335673
1       0.412891  1.45409e-15  ...     0.422805     0.335314
2       0.435728     0.411752  ...     0.409686     0.370129
3       0.361365     0.340481  ...     0.394125     0.297256
4       0.418134     0.335166  ...      0.39121     0.346101
..           ...          ...  ...          ...          ...
273     0.431404     0.401315  ...     0.415153     0.363831
274     0.348402      0.31412  ...     0.345031     0.303849
275     0.412129     0.338853  ...     0.359217     0.326145
276     0.427248     0.419959  ...  1.44875e-15     0.350368
277     0.311791     0.280577  ...     0.314829  1.16497e-15

[278 rows x 278 columns]
Starting stage 3 ** Assign ROIs to networks ** for subject sub-04, chunklen 30 at 2021-05-13 10:08:47.631294
             0            1    ...          276          277
0    8.29346e-16     0.337531  ...     0.460904     0.332714
1       0.346991  9.47442e-16  ...     0.478724     0.314584
2       0.360696     0.425646  ...      0.44244     0.363867
3       0.388305     0.404428  ...     0.505345     0.305893
4       0.447707     0.351096  ...     0.457684     0.309454
..           ...          ...  ...          ...          ...
273      0.36108     0.403488  ...     0.445945     0.343513
274     0.309362     0.349455  ...     0.444261     0.247778
275     0.357829     0.384045  ...     0.467937     0.312115
276     0.368792     0.415982  ...  1.07378e-15     0.304843
277     0.323812     0.296026  ...      0.34494  1.58987e-15

[278 rows x 278 columns]
Starting stage 3 ** Assign ROIs to networks ** for subject sub-05, chunklen 30 at 2021-05-13 10:08:53.679672
             0            1    ...          276          277
0    9.62732e-16     0.246713  ...     0.241513     0.237829
1       0.243525  1.06178e-15  ...     0.358606     0.410759
2       0.268403     0.424938  ...      0.32214     0.416613
3        0.27094     0.447235  ...     0.382661     0.365495
4       0.288754     0.314659  ...      0.27789     0.329048
..           ...          ...  ...          ...          ...
273      0.28157     0.419551  ...     0.318029     0.411054
274     0.267902     0.209548  ...     0.247874      0.21245
275     0.285946     0.292369  ...     0.292315     0.254408
276     0.260498     0.358389  ...  1.01819e-15     0.304095
277     0.228611     0.416031  ...     0.293602  1.45741e-15

[278 rows x 278 columns]
Starting stage 3 ** Assign ROIs to networks ** for subject sub-06, chunklen 30 at 2021-05-13 10:08:59.675698
             0            1    ...          276          277
0    1.44153e-15      0.35495  ...     0.393208     0.383751
1       0.308489  1.30332e-15  ...     0.367238     0.292352
2       0.392435     0.387242  ...     0.377571     0.341684
3       0.414165     0.342416  ...     0.384116     0.368585
4        0.41191      0.31967  ...      0.39235     0.359546
..           ...          ...  ...          ...          ...
273     0.392292     0.369994  ...     0.355945     0.346222
274     0.412779     0.316238  ...     0.378801     0.385851
275     0.414001     0.330736  ...     0.365029     0.336388
276     0.385715     0.374799  ...  1.09023e-15     0.376941
277     0.391604     0.301972  ...     0.360229  1.19342e-15

[278 rows x 278 columns]
Starting stage 3 ** Assign ROIs to networks ** for subject sub-09, chunklen 30 at 2021-05-13 10:09:05.501269
             0          1            2    ...          275          276          277
0    1.23281e-15   0.350189     0.377007  ...     0.365017     0.355698     0.336837
1       0.314478  1.375e-15     0.412808  ...     0.308263     0.338407     0.355128
2       0.391478   0.440562  1.26369e-15  ...     0.402845     0.402024     0.410385
3       0.346436   0.288429     0.329693  ...     0.311505     0.326483     0.272826
4       0.388477   0.331464       0.3555  ...     0.316026     0.347102     0.345889
..           ...        ...          ...  ...          ...          ...          ...
273     0.357264   0.432869     0.475918  ...     0.374706     0.379596     0.384623
274     0.361794   0.341568     0.373183  ...     0.340919     0.350971     0.318307
275     0.337925   0.313797      0.33814  ...  9.60839e-16     0.310224     0.302883
276     0.342158   0.351107      0.35608  ...     0.331326  1.23766e-15     0.337049
277     0.281039   0.336778     0.363815  ...     0.278709     0.296622  1.37464e-15

[278 rows x 278 columns]
Starting stage 3 ** Assign ROIs to networks ** for subject sub-10, chunklen 30 at 2021-05-13 10:09:11.542626
           0            1            2    ...          275          276          277
0    1.441e-15     0.315298      0.32811  ...     0.330986     0.318833     0.357703
1     0.315573  1.09609e-15     0.424618  ...     0.317825     0.311138     0.319418
2      0.36322     0.412809  1.06185e-15  ...      0.36685     0.347742     0.350001
3     0.259194     0.256095     0.269784  ...     0.240617     0.243131     0.252209
4     0.381961     0.307301     0.316408  ...     0.331515     0.314526     0.313914
..         ...          ...          ...  ...          ...          ...          ...
273   0.330354     0.397672     0.421963  ...     0.329096     0.326646     0.338841
274   0.329017     0.387713     0.391996  ...     0.319514     0.313051     0.320103
275    0.31931     0.306648     0.343516  ...  9.30463e-16     0.272913     0.280722
276     0.3014     0.292914     0.298408  ...     0.277666  1.36744e-15     0.346853
277   0.355807     0.303311     0.324019  ...     0.289425     0.351404  1.02791e-15

[278 rows x 278 columns]
Starting stage 3 ** Assign ROIs to networks ** for subject sub-14, chunklen 30 at 2021-05-13 10:09:17.556507
             0            1           2    ...        275          276          277
0    1.77987e-15     0.314323    0.331024  ...   0.332501     0.320762     0.301556
1       0.344843  1.12143e-15      0.3884  ...   0.358056     0.374691     0.336708
2       0.408014     0.429536  1.0733e-15  ...   0.404014     0.419662     0.406017
3       0.299291     0.314047    0.314249  ...   0.275764     0.416159     0.322202
4       0.354746     0.307808    0.313575  ...   0.294207      0.34264     0.322161
..           ...          ...         ...  ...        ...          ...          ...
273     0.379395      0.38566    0.490593  ...   0.386438     0.401487     0.382509
274     0.313112     0.340035    0.353254  ...   0.339294      0.36533     0.322968
275     0.317653     0.326264    0.363821  ...  1.011e-15     0.357235     0.298491
276     0.388943     0.394289    0.398841  ...   0.383586  1.28735e-15     0.387763
277     0.319157     0.338863    0.332316  ...   0.320995     0.396178  1.40842e-15

[278 rows x 278 columns]
Starting stage 3 ** Assign ROIs to networks ** for subject sub-15, chunklen 30 at 2021-05-13 10:09:23.608718
             0            1            2    ...          275         276         277
0    1.23216e-15     0.305293     0.294683  ...     0.327488    0.307458    0.304667
1       0.291519  1.29805e-15       0.3605  ...     0.299349    0.279385    0.316902
2       0.279851     0.360294  1.23124e-15  ...     0.322413    0.261476    0.292173
3       0.336539     0.341789     0.306785  ...     0.315078    0.289283    0.293907
4        0.41652     0.281317       0.2641  ...     0.288319    0.315058    0.298716
..           ...          ...          ...  ...          ...         ...         ...
273     0.364637     0.419325      0.43756  ...     0.392547    0.349299    0.369819
274     0.314933      0.33416     0.358168  ...     0.335326    0.264543    0.297222
275     0.319414     0.314906     0.334639  ...  1.11548e-15    0.254604    0.283433
276     0.278182     0.266391     0.234021  ...     0.258347  8.6235e-16    0.277166
277     0.297983     0.320869     0.277765  ...      0.28154    0.285173  9.9149e-16

[278 rows x 278 columns]
Starting stage 3 ** Assign ROIs to networks ** for subject sub-16, chunklen 30 at 2021-05-13 10:09:29.633040
             0          1            2    ...          275          276          277
0    9.31966e-16   0.416843     0.387537  ...     0.384525     0.445511     0.337194
1       0.399806  9.398e-16     0.469154  ...     0.387867     0.428712     0.370316
2       0.411289   0.454984  1.41887e-15  ...     0.418144     0.444017     0.396715
3       0.424254   0.415437     0.432105  ...     0.379982     0.431221      0.35682
4       0.435814   0.389327     0.371962  ...     0.370475     0.440166     0.327006
..           ...        ...          ...  ...          ...          ...          ...
273     0.398902   0.443005     0.472307  ...     0.402244     0.463716     0.379126
274       0.3284   0.363108     0.375865  ...     0.346268     0.381412     0.291969
275      0.38865   0.374975     0.429982  ...  1.74154e-15      0.43277     0.328014
276     0.456726   0.433812     0.473813  ...     0.432743  1.59245e-15     0.409699
277     0.334813   0.368268     0.373916  ...     0.311749     0.373831  1.14251e-15

[278 rows x 278 columns]
Starting stage 3 ** Assign ROIs to networks ** for subject sub-17, chunklen 30 at 2021-05-13 10:09:35.676415
            0            1    ...          276          277
0    1.1474e-15     0.307679  ...     0.327496      0.34637
1      0.310132  1.38289e-15  ...     0.346568     0.314088
2      0.351199     0.390547  ...     0.370705     0.360769
3      0.313035      0.30031  ...     0.306421     0.320823
4      0.414391     0.301825  ...      0.32295     0.337616
..          ...          ...  ...          ...          ...
273    0.354478     0.387391  ...     0.377518     0.361746
274    0.319631     0.301239  ...      0.30606     0.295492
275    0.374407     0.278943  ...     0.278499     0.302845
276    0.316972     0.309516  ...  9.31615e-16     0.330448
277    0.339002      0.25106  ...      0.29643  1.44288e-15

[278 rows x 278 columns]
Starting stage 3 ** Assign ROIs to networks ** for subject sub-18, chunklen 30 at 2021-05-13 10:09:41.687125
             0           1           2    ...          275          276          277
0    1.05048e-15    0.312477    0.308551  ...     0.354776     0.280318     0.286695
1       0.295338  9.4758e-16    0.383687  ...     0.285271      0.29771     0.281495
2       0.349162    0.395173  8.9582e-16  ...     0.355877     0.342328     0.337142
3       0.304886    0.304019    0.316134  ...     0.330336     0.264986     0.272415
4       0.362923    0.293849    0.289471  ...     0.302227     0.285155     0.311084
..           ...         ...         ...  ...          ...          ...          ...
273     0.383961    0.440637    0.456246  ...     0.393905     0.375295     0.370289
274     0.279938    0.290918    0.310547  ...     0.308321     0.306774     0.316842
275     0.352965    0.292832    0.339555  ...  1.10365e-15     0.285624     0.285765
276     0.264538    0.284012    0.290782  ...     0.257247  9.22103e-16     0.329785
277     0.258051    0.246286    0.258516  ...     0.250005     0.330225  9.49683e-16

[278 rows x 278 columns]
Starting stage 3 ** Assign ROIs to networks ** for subject sub-19, chunklen 30 at 2021-05-13 10:09:47.712563
             0            1    ...          276          277
0    8.21376e-16     0.300005  ...     0.313457     0.343153
1       0.276572  1.19501e-15  ...      0.25481      0.24476
2       0.323469     0.353222  ...     0.283135     0.293885
3       0.315145     0.278644  ...     0.318502     0.341925
4       0.334852     0.243349  ...     0.332237     0.343299
..           ...          ...  ...          ...          ...
273     0.346702     0.339315  ...     0.310868     0.335665
274     0.290151     0.259345  ...     0.278975     0.289691
275     0.280035      0.25204  ...     0.247841     0.275282
276     0.298942     0.279601  ...  1.25733e-15     0.351593
277       0.3231     0.277714  ...      0.34669  1.21093e-15

[278 rows x 278 columns]
Starting stage 3 ** Assign ROIs to networks ** for subject sub-20, chunklen 30 at 2021-05-13 10:09:53.740381
             0            1    ...          276          277
0    1.06685e-15     0.288281  ...     0.529271     0.358181
1       0.295264  9.59038e-16  ...     0.537457     0.329286
2       0.342958     0.371389  ...     0.516624     0.346332
3       0.333811     0.310629  ...     0.663609     0.302482
4       0.329341     0.275759  ...     0.582034     0.309101
..           ...          ...  ...          ...          ...
273     0.344829     0.385338  ...       0.5102     0.341899
274     0.298597     0.298092  ...     0.392354     0.281815
275     0.277877     0.295396  ...     0.572318     0.288585
276     0.419456     0.417674  ...  1.43413e-15     0.436111
277     0.362067     0.326119  ...     0.555049  1.00619e-15

[278 rows x 278 columns]
     subject         net1   net2   MeanBVC
0     sub-01          FPN    CON  0.287515
1     sub-01          FPN    SAN  0.287271
2     sub-01          FPN    VAN  0.287675
3     sub-01          FPN    DAN  0.288425
4     sub-01          FPN    DMN  0.287147
...      ...          ...    ...       ...
1645  sub-20  Whole Brain    DMN  0.309233
1646  sub-20  Whole Brain  Motor  0.323673
1647  sub-20  Whole Brain   Aud.  0.311690
1648  sub-20  Whole Brain   Vis.  0.313402
1649  sub-20  Whole Brain  Subc.  0.318510

[1650 rows x 4 columns]
     subject         net1         net2   MeanGVC
0     sub-01          FPN          FPN  0.269788
1     sub-01          FPN          CON  0.287515
2     sub-01          FPN          SAN  0.287271
3     sub-01          FPN          VAN  0.287675
4     sub-01          FPN          DAN  0.288425
...      ...          ...          ...       ...
1810  sub-20  Whole Brain        Motor  0.323673
1811  sub-20  Whole Brain         Aud.  0.311690
1812  sub-20  Whole Brain         Vis.  0.313402
1813  sub-20  Whole Brain        Subc.  0.318510
1814  sub-20  Whole Brain  Whole Brain  0.317580

[1815 rows x 4 columns]
Starting stage 4 **Calculate statistics** at 2021-05-13 10:09:59.837212
     subject         net1   net2   MeanBVC
0     sub-01          FPN    CON  0.287515
1     sub-01          FPN    SAN  0.287271
2     sub-01          FPN    VAN  0.287675
3     sub-01          FPN    DAN  0.288425
4     sub-01          FPN    DMN  0.287147
...      ...          ...    ...       ...
1645  sub-20  Whole Brain    DMN  0.309233
1646  sub-20  Whole Brain  Motor  0.323673
1647  sub-20  Whole Brain   Aud.  0.311690
1648  sub-20  Whole Brain   Vis.  0.313402
1649  sub-20  Whole Brain  Subc.  0.318510

[1650 rows x 4 columns]
    subject         net2   MeanBVC
0    sub-01         Aud.  0.315727
1    sub-01          CON  0.313673
2    sub-01          DAN  0.312548
3    sub-01          DMN  0.313758
4    sub-01          FPN  0.308566
..      ...          ...       ...
160  sub-20          SAN  0.317551
161  sub-20        Subc.  0.313406
162  sub-20          VAN  0.320402
163  sub-20         Vis.  0.308970
164  sub-20  Whole Brain  0.312047

[165 rows x 3 columns]
Anova results for BVC
             df    sum_sq   mean_sq         F    PR(>F)
C(net2)    10.0  0.000802  0.000080  4.578369  0.000011
Residual  154.0  0.002699  0.000018       NaN       NaN
T-test results for BVC
Test Multiple Comparison ttest_rel 
FWER=0.05 method=Holm
alphacSidak=0.00, alphacBonf=0.001
==================================================
group1    group2     stat   pval  pval_corr reject
--------------------------------------------------
  Aud.         CON  3.7645 0.0021    0.1088  False
  Aud.         DAN -2.1084 0.0535       1.0  False
  Aud.         DMN  1.4196 0.1776       1.0  False
  Aud.         FPN  0.5731 0.5757       1.0  False
  Aud.       Motor -1.5206 0.1506       1.0  False
  Aud.         SAN -0.2732 0.7887       1.0  False
  Aud.       Subc.  0.2052 0.8404       1.0  False
  Aud.         VAN -1.5217 0.1503       1.0  False
  Aud.        Vis.  1.8761 0.0816       1.0  False
  Aud. Whole Brain  0.8606 0.4039       1.0  False
   CON         DAN -3.7337 0.0022    0.1112  False
   CON         DMN -3.7632 0.0021    0.1088  False
   CON         FPN -0.7405 0.4712       1.0  False
   CON       Motor -3.3996 0.0043    0.1986  False
   CON         SAN -2.3488  0.034       1.0  False
   CON       Subc. -1.5292 0.1485       1.0  False
   CON         VAN -3.1037 0.0078    0.3499  False
   CON        Vis. -0.3087 0.7621       1.0  False
   CON Whole Brain -2.1068 0.0537       1.0  False
   DAN         DMN  2.8331 0.0133    0.5713  False
   DAN         FPN  3.5817  0.003    0.1443  False
   DAN       Motor  1.4203 0.1774       1.0  False
   DAN         SAN  2.1108 0.0533       1.0  False
   DAN       Subc.  2.4707 0.0269       1.0  False
   DAN         VAN   0.067 0.9476       1.0  False
   DAN        Vis.  5.3669 0.0001    0.0055   True
   DAN Whole Brain  4.1003 0.0011    0.0584  False
   DMN         FPN  0.1096 0.9143       1.0  False
   DMN       Motor -2.3987 0.0309       1.0  False
   DMN         SAN -1.2891 0.2183       1.0  False
   DMN       Subc. -0.4601 0.6525       1.0  False
   DMN         VAN -2.4887  0.026       1.0  False
   DMN        Vis.  1.5962 0.1328       1.0  False
   DMN Whole Brain -0.3133 0.7586       1.0  False
   FPN       Motor -1.7549 0.1011       1.0  False
   FPN         SAN -0.9678 0.3496       1.0  False
   FPN       Subc. -0.7213 0.4826       1.0  False
   FPN         VAN -2.1366 0.0508       1.0  False
   FPN        Vis.  0.8361 0.4171       1.0  False
   FPN Whole Brain -0.3051 0.7648       1.0  False
 Motor         SAN  1.0918 0.2934       1.0  False
 Motor       Subc.  1.8289 0.0888       1.0  False
 Motor         VAN -0.8274 0.4219       1.0  False
 Motor        Vis.   3.827 0.0018     0.098  False
 Motor Whole Brain  3.6909 0.0024    0.1186  False
   SAN       Subc.  0.4832 0.6364       1.0  False
   SAN         VAN -2.0188 0.0631       1.0  False
   SAN        Vis.   2.912 0.0114    0.5003  False
   SAN Whole Brain  1.4428 0.1711       1.0  False
 Subc.         VAN -1.6865 0.1139       1.0  False
 Subc.        Vis.  1.4713 0.1633       1.0  False
 Subc. Whole Brain  0.4504 0.6593       1.0  False
   VAN        Vis.  3.5175 0.0034    0.1605  False
   VAN Whole Brain  2.5398 0.0236    0.9668  False
  Vis. Whole Brain -2.7819 0.0147    0.6171  False
--------------------------------------------------
