In flexiblehubs_1jobPoolSubjsSF parameters CHUNKLEN=15
Empty DataFrame
Columns: [subject, net1, net2, MeanBVC]
Index: []
Empty DataFrame
Columns: [subject, net1, net2, MeanGVC]
Index: []
Starting stage 3 ** Assign ROIs to networks ** for subject sub-01, chunklen 15 at 2021-05-24 22:16:36.890386
[[None 0.27933854544684916 0.2931490220318513 ... None None
  0.303951283775377]
 [0.27933854544684916 None 0.3260654868267713 ... None None
  0.30395556344265956]
 [0.2931490220318513 0.3260654868267713 None ... None None
  0.3159720758718989]
 ...
 [None None None ... None None None]
 [None None None ... None None None]
 [0.303951283775377 0.30395556344265956 0.3159720758718988 ... None None
  None]]
          0         1         2         3    ...   274   275   276       277
0        None  0.279339  0.293149  0.326717  ...  None  None  None  0.303951
1    0.279339      None  0.326065  0.325885  ...  None  None  None  0.303956
2    0.293149  0.326065      None  0.289722  ...  None  None  None  0.315972
3    0.326717  0.325885  0.289722      None  ...  None  None  None  0.284414
4    0.286707  0.243331  0.312555  0.348061  ...  None  None  None  0.299809
..        ...       ...       ...       ...  ...   ...   ...   ...       ...
273      None      None      None      None  ...  None  None  None      None
274      None      None      None      None  ...  None  None  None      None
275      None      None      None      None  ...  None  None  None      None
276      None      None      None      None  ...  None  None  None      None
277  0.303951  0.303956  0.315972  0.284414  ...  None  None  None      None

[278 rows x 278 columns]
Starting stage 3 ** Assign ROIs to networks ** for subject sub-02, chunklen 15 at 2021-05-24 22:16:42.835546
[[None 0.2060918289499957 0.2877614254266788 ... None None
  0.31966195460021135]
 [0.2060918289499957 None 0.2673118053726992 ... None None
  0.3112300029147107]
 [0.2877614254266788 0.2673118053726992 None ... None None
  0.29137776109053737]
 ...
 [None None None ... None None None]
 [None None None ... None None None]
 [0.31966195460021135 0.3112300029147107 0.2913777610905373 ... None None
  None]]
          0         1         2         3    ...   274   275   276       277
0        None  0.206092  0.287761  0.326548  ...  None  None  None  0.319662
1    0.206092      None  0.267312  0.324953  ...  None  None  None   0.31123
2    0.287761  0.267312      None  0.298077  ...  None  None  None  0.291378
3    0.326548  0.324953  0.298077      None  ...  None  None  None  0.215115
4    0.189377  0.131333  0.286413  0.368398  ...  None  None  None  0.338326
..        ...       ...       ...       ...  ...   ...   ...   ...       ...
273  0.315263  0.338161  0.335029  0.311763  ...  None  None  None  0.256933
274      None      None      None      None  ...  None  None  None      None
275      None      None      None      None  ...  None  None  None      None
276      None      None      None      None  ...  None  None  None      None
277  0.319662   0.31123  0.291378  0.215115  ...  None  None  None      None

[278 rows x 278 columns]
Starting stage 3 ** Assign ROIs to networks ** for subject sub-03, chunklen 15 at 2021-05-24 22:16:48.807332
[[None 0.2818200585528385 0.3047590113039181 ... 0.2763714616540406
  0.25801624827038705 0.2373442967129651]
 [0.2818200585528385 None 0.297044866135029 ... 0.30783629475874663
  0.2765489071132725 0.26318005349753265]
 [0.3047590113039181 0.297044866135029 None ... 0.28015237587299113
  0.31753691968033204 0.26407311044527654]
 ...
 [0.2763714616540406 0.30783629475874663 0.28015237587299113 ... None
  0.26579351094683146 0.26987636281741845]
 [0.25801624827038705 0.2765489071132725 0.317536919680332 ...
  0.2657935109468315 None 0.24893705970756916]
 [0.2373442967129651 0.26318005349753265 0.26407311044527654 ...
  0.26987636281741845 0.24893705970756913 None]]
          0         1         2    ...       275       276       277
0        None   0.28182  0.304759  ...  0.276371  0.258016  0.237344
1     0.28182      None  0.297045  ...  0.307836  0.276549   0.26318
2    0.304759  0.297045      None  ...  0.280152  0.317537  0.264073
3    0.306161   0.29029   0.22199  ...  0.283656  0.236848  0.203836
4     0.26598  0.250718  0.302612  ...  0.318991  0.267624  0.249408
..        ...       ...       ...  ...       ...       ...       ...
273  0.281071  0.316541  0.301243  ...  0.326745  0.348567  0.301681
274  0.270765  0.311432  0.324399  ...  0.307743  0.249657  0.239558
275  0.276371  0.307836  0.280152  ...      None  0.265794  0.269876
276  0.258016  0.276549  0.317537  ...  0.265794      None  0.248937
277  0.237344   0.26318  0.264073  ...  0.269876  0.248937      None

[278 rows x 278 columns]
Starting stage 3 ** Assign ROIs to networks ** for subject sub-04, chunklen 15 at 2021-05-24 22:16:54.864768
[[None 0.20151470119982065 0.23861263605135735 ... 0.2439312498439619
  None 0.2559146149928144]
 [0.2015147011998206 None 0.24194632114186715 ... 0.2508596608205232 None
  0.25501919438377524]
 [0.23861263605135732 0.24194632114186718 None ... 0.2401376309178952
  None 0.16807065946497624]
 ...
 [0.24393124984396194 0.2508596608205232 0.24013763091789517 ... None
  None 0.22190863787888335]
 [None None None ... None None None]
 [0.2559146149928144 0.25501919438377524 0.1680706594649762 ...
  0.22190863787888335 None None]]
          0         1         2    ...       275   276        277
0        None  0.201515  0.238613  ...  0.243931  None   0.255915
1    0.201515      None  0.241946  ...   0.25086  None   0.255019
2    0.238613  0.241946      None  ...  0.240138  None   0.168071
3     0.29884  0.289908   0.17803  ...  0.247555  None  0.0886222
4    0.226298  0.210789  0.261097  ...  0.255419  None   0.255394
..        ...       ...       ...  ...       ...   ...        ...
273  0.227857  0.248571  0.237889  ...  0.240568  None   0.241581
274  0.225129  0.282141  0.225713  ...   0.28747  None   0.242308
275  0.243931   0.25086  0.240138  ...      None  None   0.221909
276      None      None      None  ...      None  None       None
277  0.255915  0.255019  0.168071  ...  0.221909  None       None

[278 rows x 278 columns]
Starting stage 3 ** Assign ROIs to networks ** for subject sub-05, chunklen 15 at 2021-05-24 22:17:00.863698
[[None 0.10760334205038463 0.10664965985900955 ... 0.27906923808291323
  0.2698540322647919 0.30223033245264946]
 [0.10760334205038463 None 0.13916746254533488 ... 0.2617636729412401
  0.2746103930521505 0.27355526277319797]
 [0.10664965985900957 0.13916746254533488 None ... 0.2088907468566477
  0.2937830077944713 0.2809792369301078]
 ...
 [0.27906923808291323 0.2617636729412401 0.2088907468566477 ... None
  0.3758540783910843 0.2709427328389093]
 [0.2698540322647919 0.2746103930521505 0.2937830077944713 ...
  0.3758540783910843 None 0.28658179890129304]
 [0.30223033245264946 0.27355526277319797 0.2809792369301078 ...
  0.27094273283890924 0.28658179890129304 None]]
          0         1         2    ...       275       276       277
0        None  0.107603   0.10665  ...  0.279069  0.269854   0.30223
1    0.107603      None  0.139167  ...  0.261764   0.27461  0.273555
2     0.10665  0.139167      None  ...  0.208891  0.293783  0.280979
3       0.276  0.285047  0.315796  ...  0.335736  0.234188  0.279074
4    0.168149  0.128867  0.170615  ...  0.304648  0.314303  0.285808
..        ...       ...       ...  ...       ...       ...       ...
273  0.250285  0.297323   0.27838  ...   0.32698  0.279704  0.311153
274  0.215877  0.182545  0.203684  ...  0.259567   0.31669  0.251687
275  0.279069  0.261764  0.208891  ...      None  0.375854  0.270943
276  0.269854   0.27461  0.293783  ...  0.375854      None  0.286582
277   0.30223  0.273555  0.280979  ...  0.270943  0.286582      None

[278 rows x 278 columns]
Starting stage 3 ** Assign ROIs to networks ** for subject sub-06, chunklen 15 at 2021-05-24 22:17:06.964812
[[None 0.19212453132094887 0.2773019609193705 ... None None
  0.29601117290074247]
 [0.19212453132094887 None 0.3330972261271936 ... None None
  0.31291637359583785]
 [0.2773019609193705 0.3330972261271936 None ... None None
  0.29950158204151833]
 ...
 [None None None ... None None None]
 [None None None ... None None None]
 [0.29601117290074247 0.31291637359583785 0.29950158204151833 ... None
  None None]]
          0         1         2         3    ...   274   275   276       277
0        None  0.192125  0.277302   0.33348  ...  None  None  None  0.296011
1    0.192125      None  0.333097  0.360003  ...  None  None  None  0.312916
2    0.277302  0.333097      None  0.237464  ...  None  None  None  0.299502
3     0.33348  0.360003  0.237464      None  ...  None  None  None  0.281285
4    0.286216  0.304834  0.411097  0.392447  ...  None  None  None  0.428661
..        ...       ...       ...       ...  ...   ...   ...   ...       ...
273      None      None      None      None  ...  None  None  None      None
274      None      None      None      None  ...  None  None  None      None
275      None      None      None      None  ...  None  None  None      None
276      None      None      None      None  ...  None  None  None      None
277  0.296011  0.312916  0.299502  0.281285  ...  None  None  None      None

[278 rows x 278 columns]
Starting stage 3 ** Assign ROIs to networks ** for subject sub-09, chunklen 15 at 2021-05-24 22:17:12.799484
[[None 0.26015230446517396 0.3107569507312458 ... 0.3427033670750951 None
  0.3183050610908861]
 [0.26015230446517396 None 0.31170540393977225 ... 0.3729674109383085
  None 0.3289032699201736]
 [0.31075695073124576 0.3117054039397722 None ... 0.31732942148783544
  None 0.2896367777889709]
 ...
 [0.3427033670750951 0.3729674109383085 0.31732942148783544 ... None None
  0.32818125028246165]
 [None None None ... None None None]
 [0.3183050610908861 0.3289032699201736 0.2896367777889709 ...
  0.32818125028246165 None None]]
          0         1         2         3    ...       274       275   276       277
0        None  0.260152  0.310757  0.298598  ...  0.320672  0.342703  None  0.318305
1    0.260152      None  0.311705  0.350765  ...  0.355547  0.372967  None  0.328903
2    0.310757  0.311705      None  0.298695  ...   0.32657  0.317329  None  0.289637
3    0.298598  0.350765  0.298695      None  ...  0.314301  0.245487  None  0.250571
4    0.274265   0.21245  0.320488  0.337299  ...    0.3379  0.335816  None  0.316957
..        ...       ...       ...       ...  ...       ...       ...   ...       ...
273  0.268309  0.313102  0.313792   0.33737  ...    0.3525  0.356869  None  0.299869
274  0.320672  0.355547   0.32657  0.314301  ...      None  0.255596  None  0.306077
275  0.342703  0.372967  0.317329  0.245487  ...  0.255596      None  None  0.328181
276      None      None      None      None  ...      None      None  None      None
277  0.318305  0.328903  0.289637  0.250571  ...  0.306077  0.328181  None      None

[278 rows x 278 columns]
Starting stage 3 ** Assign ROIs to networks ** for subject sub-10, chunklen 15 at 2021-05-24 22:17:18.834038
[[None 0.2828496482886436 0.2950585821693508 ... 0.2767535301496339
  0.30290327025549957 0.3301503923041505]
 [0.2828496482886436 None 0.3044580309426677 ... 0.32158198256765824
  0.32007769502643996 0.33149791467088924]
 [0.2950585821693508 0.3044580309426677 None ... 0.26706494174597334
  0.3041850271109271 0.2886709814572079]
 ...
 [0.2767535301496339 0.32158198256765824 0.26706494174597334 ... None
  0.24419506543784683 0.23976634395574042]
 [0.30290327025549957 0.32007769502643996 0.3041850271109271 ...
  0.24419506543784683 None 0.21120862664180587]
 [0.3301503923041505 0.33149791467088924 0.2886709814572079 ...
  0.23976634395574042 0.21120862664180587 None]]
          0         1         2    ...       275       276       277
0        None   0.28285  0.295059  ...  0.276754  0.302903   0.33015
1     0.28285      None  0.304458  ...  0.321582  0.320078  0.331498
2    0.295059  0.304458      None  ...  0.267065  0.304185  0.288671
3    0.350177  0.339273   0.30822  ...  0.266396  0.280363  0.241224
4    0.296088  0.202816  0.297692  ...  0.323125  0.334623  0.343536
..        ...       ...       ...  ...       ...       ...       ...
273  0.259771  0.310735   0.32115  ...  0.347118   0.36171   0.34983
274  0.342999  0.310754  0.312259  ...  0.322129  0.324989  0.308655
275  0.276754  0.321582  0.267065  ...      None  0.244195  0.239766
276  0.302903  0.320078  0.304185  ...  0.244195      None  0.211209
277   0.33015  0.331498  0.288671  ...  0.239766  0.211209      None

[278 rows x 278 columns]
Starting stage 3 ** Assign ROIs to networks ** for subject sub-14, chunklen 15 at 2021-05-24 22:17:24.900720
[[None 0.32760610276982227 0.28487029294724553 ... 0.3351139666274999
  0.34322912522900056 0.31108346971505024]
 [0.3276061027698223 None 0.29339098636795574 ... 0.32434174733326654
  0.3276106057459139 0.30214239493526257]
 [0.28487029294724553 0.29339098636795574 None ... 0.29198483757174615
  0.3344441664089774 0.36952462197743885]
 ...
 [0.3351139666274999 0.32434174733326654 0.2919848375717461 ... None
  0.32069144981054803 0.3317586360466228]
 [0.34322912522900056 0.3276106057459139 0.3344441664089774 ...
  0.32069144981054803 None 0.33773672993018594]
 [0.31108346971505024 0.30214239493526257 0.36952462197743885 ...
  0.3317586360466228 0.33773672993018594 None]]
          0         1         2    ...       275       276       277
0        None  0.327606   0.28487  ...  0.335114  0.343229  0.311083
1    0.327606      None  0.293391  ...  0.324342  0.327611  0.302142
2     0.28487  0.293391      None  ...  0.291985  0.334444  0.369525
3    0.326261  0.319403  0.326923  ...  0.319099  0.308507  0.247519
4    0.306356  0.257737   0.31373  ...  0.345798  0.344011   0.31424
..        ...       ...       ...  ...       ...       ...       ...
273  0.323721  0.323453  0.337382  ...  0.335992  0.374375  0.364739
274   0.30058  0.302352  0.355951  ...  0.342407  0.374359  0.299241
275  0.335114  0.324342  0.291985  ...      None  0.320691  0.331759
276  0.343229  0.327611  0.334444  ...  0.320691      None  0.337737
277  0.311083  0.302142  0.369525  ...  0.331759  0.337737      None

[278 rows x 278 columns]
Starting stage 3 ** Assign ROIs to networks ** for subject sub-15, chunklen 15 at 2021-05-24 22:17:31.000362
[[None 0.2365615197175226 0.28577505443186746 ... 0.3171772020778758 None
  0.3063918660391592]
 [0.2365615197175226 None 0.2901849859293618 ... 0.31339799810529556 None
  0.2871512968123136]
 [0.28577505443186746 0.2901849859293618 None ... 0.33193605824971845
  None 0.26044342984769847]
 ...
 [0.3171772020778758 0.31339799810529556 0.33193605824971845 ... None
  None 0.31283191274387223]
 [None None None ... None None None]
 [0.30639186603915924 0.2871512968123136 0.26044342984769847 ...
  0.31283191274387223 None None]]
          0         1         2         3    ...       274       275   276       277
0        None  0.236562  0.285775  0.314946  ...   0.33543  0.317177  None  0.306392
1    0.236562      None  0.290185  0.304914  ...  0.312205  0.313398  None  0.287151
2    0.285775  0.290185      None  0.277821  ...  0.273226  0.331936  None  0.260443
3    0.314946  0.304914  0.277821      None  ...  0.271523  0.359456  None  0.156992
4    0.228588  0.174563  0.302329  0.313133  ...  0.308184  0.321743  None  0.276236
..        ...       ...       ...       ...  ...       ...       ...   ...       ...
273  0.296018  0.271692  0.292729  0.301121  ...   0.30652  0.316461  None  0.302738
274   0.33543  0.312205  0.273226  0.271523  ...      None  0.381245  None  0.267123
275  0.317177  0.313398  0.331936  0.359456  ...  0.381245      None  None  0.312832
276      None      None      None      None  ...      None      None  None      None
277  0.306392  0.287151  0.260443  0.156992  ...  0.267123  0.312832  None      None

[278 rows x 278 columns]
Starting stage 3 ** Assign ROIs to networks ** for subject sub-16, chunklen 15 at 2021-05-24 22:17:37.038410
[[None 0.35772749090553324 0.3470378282772849 ... 0.40329961133524783
  0.30876503342037837 0.3304866140357333]
 [0.35772749090553324 None 0.41108699249099606 ... 0.3853616755896594
  0.3285912184277657 0.3377211887739823]
 [0.3470378282772849 0.41108699249099606 None ... 0.38509801700148993
  0.2780163692387913 0.32751519681235447]
 ...
 [0.40329961133524783 0.3853616755896594 0.38509801700148993 ... None
  0.35355293096653995 0.35197436043985014]
 [0.30876503342037837 0.3285912184277656 0.2780163692387913 ...
  0.35355293096653995 None 0.29666727424914763]
 [0.3304866140357334 0.3377211887739823 0.32751519681235447 ...
  0.35197436043985014 0.29666727424914763 None]]
          0         1         2    ...       275       276       277
0        None  0.357727  0.347038  ...    0.4033  0.308765  0.330487
1    0.357727      None  0.411087  ...  0.385362  0.328591  0.337721
2    0.347038  0.411087      None  ...  0.385098  0.278016  0.327515
3    0.343785  0.359598  0.312026  ...  0.353087  0.281778  0.187686
4    0.339548  0.288256  0.379246  ...  0.392531  0.332808  0.343592
..        ...       ...       ...  ...       ...       ...       ...
273  0.312325  0.333608  0.374124  ...  0.366736  0.366389  0.310678
274  0.318437  0.357689  0.392844  ...  0.401775  0.354243  0.309534
275    0.4033  0.385362  0.385098  ...      None  0.353553  0.351974
276  0.308765  0.328591  0.278016  ...  0.353553      None  0.296667
277  0.330487  0.337721  0.327515  ...  0.351974  0.296667      None

[278 rows x 278 columns]
Starting stage 3 ** Assign ROIs to networks ** for subject sub-17, chunklen 15 at 2021-05-24 22:17:43.097196
[[None 0.32371126550935864 0.30814023596861 ... 0.2715124124701886
  0.29204394737856354 0.3021619368143111]
 [0.32371126550935864 None 0.3399484650467362 ... 0.35164309214422884
  0.34693670970709206 0.3271311850227536]
 [0.30814023596861 0.3399484650467362 None ... 0.3255702425967663
  0.3730277857178179 0.33429862480217926]
 ...
 [0.2715124124701886 0.35164309214422884 0.3255702425967663 ... None
  0.26825795564822535 0.2978572374363153]
 [0.29204394737856354 0.34693670970709206 0.3730277857178179 ...
  0.26825795564822535 None 0.25980387231685304]
 [0.3021619368143111 0.3271311850227536 0.33429862480217926 ...
  0.2978572374363153 0.25980387231685304 None]]
          0         1         2    ...       275       276       277
0        None  0.323711   0.30814  ...  0.271512  0.292044  0.302162
1    0.323711      None  0.339948  ...  0.351643  0.346937  0.327131
2     0.30814  0.339948      None  ...   0.32557  0.373028  0.334299
3    0.304206  0.337365  0.315802  ...  0.334859  0.312033  0.205702
4    0.330405  0.231595  0.358004  ...  0.335423  0.335401  0.316725
..        ...       ...       ...  ...       ...       ...       ...
273  0.324534  0.313297  0.351725  ...  0.378954  0.385825  0.376675
274  0.296517   0.33441  0.314984  ...  0.359727  0.267881   0.21635
275  0.271512  0.351643   0.32557  ...      None  0.268258  0.297857
276  0.292044  0.346937  0.373028  ...  0.268258      None  0.259804
277  0.302162  0.327131  0.334299  ...  0.297857  0.259804      None

[278 rows x 278 columns]
Starting stage 3 ** Assign ROIs to networks ** for subject sub-18, chunklen 15 at 2021-05-24 22:17:49.188286
[[None 0.24526590179815655 0.2755348301010199 ... 0.36185757704214866
  0.3276352138542868 0.3083721328225645]
 [0.24526590179815655 None 0.28887602557150777 ... 0.3330252314436174
  0.34332738647374134 0.29651509599969295]
 [0.2755348301010199 0.28887602557150777 None ... 0.28320684448682004
  0.2767789017840668 0.2703334170497491]
 ...
 [0.36185757704214866 0.3330252314436174 0.28320684448682004 ... None
  0.23114096920580793 0.2774122934520663]
 [0.32763521385428684 0.34332738647374134 0.2767789017840668 ...
  0.23114096920580793 None 0.28246061047870286]
 [0.3083721328225645 0.2965150959996929 0.2703334170497491 ...
  0.2774122934520663 0.28246061047870286 None]]
          0         1         2    ...       275       276       277
0        None  0.245266  0.275535  ...  0.361858  0.327635  0.308372
1    0.245266      None  0.288876  ...  0.333025  0.343327  0.296515
2    0.275535  0.288876      None  ...  0.283207  0.276779  0.270333
3    0.325543  0.332892  0.237614  ...  0.251199  0.293894  0.241468
4    0.289325   0.22632  0.290641  ...  0.332831  0.332711   0.25998
..        ...       ...       ...  ...       ...       ...       ...
273  0.329765  0.289866  0.304756  ...  0.286955  0.269975  0.312237
274  0.321509  0.273533   0.30705  ...  0.286334  0.291672  0.253833
275  0.361858  0.333025  0.283207  ...      None  0.231141  0.277412
276  0.327635  0.343327  0.276779  ...  0.231141      None  0.282461
277  0.308372  0.296515  0.270333  ...  0.277412  0.282461      None

[278 rows x 278 columns]
Starting stage 3 ** Assign ROIs to networks ** for subject sub-19, chunklen 15 at 2021-05-24 22:17:55.277130
[[None 0.2164809764534613 0.26686352236268107 ... 0.24102997424102557
  0.29563117325323274 0.274154974837748]
 [0.2164809764534613 None 0.29020952535133004 ... 0.30389497343469246
  0.3148291839499572 0.28630259691666315]
 [0.266863522362681 0.29020952535133004 None ... 0.2802055478705648
  0.27010184325961295 0.2560532136444449]
 ...
 [0.24102997424102557 0.30389497343469246 0.28020554787056484 ... None
  0.29225014849714015 0.2895660496422892]
 [0.29563117325323274 0.3148291839499572 0.27010184325961295 ...
  0.29225014849714015 None 0.26677509873194044]
 [0.274154974837748 0.28630259691666315 0.2560532136444449 ...
  0.2895660496422892 0.26677509873194044 None]]
          0         1         2    ...       275       276       277
0        None  0.216481  0.266864  ...   0.24103  0.295631  0.274155
1    0.216481      None   0.29021  ...  0.303895  0.314829  0.286303
2    0.266864   0.29021      None  ...  0.280206  0.270102  0.256053
3    0.292416  0.320997  0.265148  ...  0.283078  0.279512  0.245386
4    0.254106  0.213648  0.321931  ...  0.320613  0.367026  0.340084
..        ...       ...       ...  ...       ...       ...       ...
273  0.269747  0.292539  0.330718  ...  0.326651  0.340073  0.292426
274  0.302916  0.305844  0.336218  ...  0.343467  0.380516  0.349009
275   0.24103  0.303895  0.280206  ...      None   0.29225  0.289566
276  0.295631  0.314829  0.270102  ...   0.29225      None  0.266775
277  0.274155  0.286303  0.256053  ...  0.289566  0.266775      None

[278 rows x 278 columns]
Starting stage 3 ** Assign ROIs to networks ** for subject sub-20, chunklen 15 at 2021-05-24 22:18:01.377393
[[None 0.2595503680971451 0.3420303753216646 ... 0.39443463684789615
  0.38759865622525325 0.3485919930367]
 [0.2595503680971451 None 0.31634852000602476 ... 0.34823210097399304
  0.37053327601917974 0.3216214421609581]
 [0.3420303753216646 0.31634852000602476 None ... 0.369305494598091
  0.35518845452175546 0.3389931236296262]
 ...
 [0.3944346368478962 0.34823210097399304 0.369305494598091 ... None
  0.3476411737347391 0.36594017728644446]
 [0.38759865622525325 0.3705332760191798 0.35518845452175546 ...
  0.3476411737347391 None 0.26922919778652155]
 [0.3485919930367 0.3216214421609581 0.3389931236296262 ...
  0.36594017728644446 0.26922919778652155 None]]
          0         1         2    ...       275       276       277
0        None   0.25955   0.34203  ...  0.394435  0.387599  0.348592
1     0.25955      None  0.316349  ...  0.348232  0.370533  0.321621
2     0.34203  0.316349      None  ...  0.369305  0.355188  0.338993
3    0.372107  0.399353  0.338961  ...  0.383442  0.332524  0.324118
4    0.311771  0.247683  0.347883  ...   0.37167  0.395803  0.349583
..        ...       ...       ...  ...       ...       ...       ...
273  0.293929  0.300713  0.332742  ...  0.335138  0.378569  0.377499
274  0.272326  0.284826  0.338414  ...  0.374947   0.34678  0.355489
275  0.394435  0.348232  0.369305  ...      None  0.347641   0.36594
276  0.387599  0.370533  0.355188  ...  0.347641      None  0.269229
277  0.348592  0.321621  0.338993  ...   0.36594  0.269229      None

[278 rows x 278 columns]
     subject         net1   net2   MeanBVC
0     sub-01          FPN    CON  0.317859
1     sub-01          FPN    SAN  0.318935
2     sub-01          FPN    VAN  0.307821
3     sub-01          FPN    DAN  0.317955
4     sub-01          FPN    DMN  0.317345
...      ...          ...    ...       ...
1645  sub-20  Whole Brain    DMN  0.335962
1646  sub-20  Whole Brain  Motor  0.341700
1647  sub-20  Whole Brain   Aud.  0.345135
1648  sub-20  Whole Brain   Vis.  0.334546
1649  sub-20  Whole Brain  Subc.  0.318447

[1650 rows x 4 columns]
     subject         net1         net2   MeanGVC
0     sub-01          FPN          FPN  0.315454
1     sub-01          FPN          CON  0.317859
2     sub-01          FPN          SAN  0.318935
3     sub-01          FPN          VAN  0.307821
4     sub-01          FPN          DAN  0.317955
...      ...          ...          ...       ...
1810  sub-20  Whole Brain        Motor  0.341700
1811  sub-20  Whole Brain         Aud.  0.345135
1812  sub-20  Whole Brain         Vis.  0.334546
1813  sub-20  Whole Brain        Subc.  0.318447
1814  sub-20  Whole Brain  Whole Brain  0.337777

[1815 rows x 4 columns]
Starting stage 4 **Calculate statistics** at 2021-05-24 22:18:07.508139
     subject         net1   net2   MeanBVC
0     sub-01          FPN    CON  0.317859
1     sub-01          FPN    SAN  0.318935
2     sub-01          FPN    VAN  0.307821
3     sub-01          FPN    DAN  0.317955
4     sub-01          FPN    DMN  0.317345
...      ...          ...    ...       ...
1645  sub-20  Whole Brain    DMN  0.335962
1646  sub-20  Whole Brain  Motor  0.341700
1647  sub-20  Whole Brain   Aud.  0.345135
1648  sub-20  Whole Brain   Vis.  0.334546
1649  sub-20  Whole Brain  Subc.  0.318447

[1650 rows x 4 columns]
    subject         net2   MeanBVC
0    sub-01         Aud.  0.321249
1    sub-01          CON  0.323405
2    sub-01          DAN  0.322076
3    sub-01          DMN  0.323170
4    sub-01          FPN  0.319277
..      ...          ...       ...
160  sub-20          SAN  0.325277
161  sub-20        Subc.  0.298563
162  sub-20          VAN  0.331988
163  sub-20         Vis.  0.325455
164  sub-20  Whole Brain  0.319259

[165 rows x 3 columns]
Anova results for BVC
             df    sum_sq   mean_sq        F        PR(>F)
C(net2)    10.0  0.001764  0.000176  8.97217  1.487178e-11
Residual  154.0  0.003028  0.000020      NaN           NaN
T-test results for BVC
Test Multiple Comparison ttest_rel 
FWER=0.05 method=Holm
alphacSidak=0.00, alphacBonf=0.001
==================================================
group1    group2     stat   pval  pval_corr reject
--------------------------------------------------
  Aud.         CON  3.7479 0.0022    0.1038  False
  Aud.         DAN  0.1121 0.9123       1.0  False
  Aud.         DMN  2.0767 0.0567       1.0  False
  Aud.         FPN  1.3839  0.188       1.0  False
  Aud.       Motor  1.5184 0.1512       1.0  False
  Aud.         SAN  2.1094 0.0534       1.0  False
  Aud.       Subc.  3.3874 0.0044    0.1946  False
  Aud.         VAN -0.0519 0.9593       1.0  False
  Aud.        Vis.  -1.544 0.1449       1.0  False
  Aud. Whole Brain  2.4635 0.0273    0.8471  False
   CON         DAN -3.3225  0.005    0.2113  False
   CON         DMN -2.4143   0.03     0.871  False
   CON         FPN -3.7219 0.0023     0.107  False
   CON       Motor -2.7933 0.0144    0.4886  False
   CON         SAN -2.1046 0.0539       1.0  False
   CON       Subc.  1.5477  0.144       1.0  False
   CON         VAN -3.3421 0.0048    0.2081  False
   CON        Vis. -4.0588 0.0012    0.0598  False
   CON Whole Brain -2.6034 0.0208    0.6877  False
   DAN         DMN  4.0224 0.0013     0.063  False
   DAN         FPN  1.2616 0.2277       1.0  False
   DAN       Motor  1.5126 0.1526       1.0  False
   DAN         SAN  2.8723 0.0123    0.4672  False
   DAN       Subc.  3.6934 0.0024    0.1108  False
   DAN         VAN -0.1624 0.8733       1.0  False
   DAN        Vis. -3.5886  0.003    0.1334  False
   DAN Whole Brain   3.829 0.0018    0.0903  False
   DMN         FPN -1.5722 0.1382       1.0  False
   DMN       Motor -0.5591 0.5849       1.0  False
   DMN         SAN  0.6803 0.5074       1.0  False
   DMN       Subc.  2.8156 0.0138    0.4835  False
   DMN         VAN -1.9625 0.0699       1.0  False
   DMN        Vis. -4.8352 0.0003    0.0145   True
   DMN Whole Brain  0.6582 0.5211       1.0  False
   FPN       Motor   0.507   0.62       1.0  False
   FPN         SAN  1.8756 0.0817       1.0  False
   FPN       Subc.  2.9894 0.0098    0.3902  False
   FPN         VAN -1.3275 0.2056       1.0  False
   FPN        Vis. -2.8715 0.0123    0.4672  False
   FPN Whole Brain  2.0354 0.0612       1.0  False
 Motor         SAN  1.4931 0.1576       1.0  False
 Motor       Subc.  2.5635 0.0225    0.7206  False
 Motor         VAN -1.4161 0.1786       1.0  False
 Motor        Vis. -2.9105 0.0114    0.4447  False
 Motor Whole Brain  1.0526 0.3104       1.0  False
   SAN       Subc.  2.3658  0.033    0.9228  False
   SAN         VAN  -2.439 0.0286    0.8593  False
   SAN        Vis. -4.2794 0.0008    0.0397   True
   SAN Whole Brain -0.4278 0.6753       1.0  False
 Subc.         VAN -2.8276 0.0134    0.4835  False
 Subc.        Vis. -4.3069 0.0007    0.0384   True
 Subc. Whole Brain -3.0247 0.0091    0.3729  False
   VAN        Vis. -2.1235  0.052       1.0  False
   VAN Whole Brain  2.0833  0.056       1.0  False
  Vis. Whole Brain  4.3853 0.0006    0.0336   True
--------------------------------------------------
