In flexiblehubs_1jobPoolSubjsSF parameters CHUNKLEN=15
Empty DataFrame
Columns: [subject, net1, net2, MeanBVC]
Index: []
Empty DataFrame
Columns: [subject, net1, net2, MeanGVC]
Index: []
Starting stage 3 ** Assign ROIs to networks ** for subject sub-01, chunklen 15 at 2021-05-13 09:27:57.861075
             0           1    ...          276          277
0    1.34698e-15    0.418668  ...     0.444645     0.411505
1       0.417632  1.3628e-15  ...     0.413019     0.413396
2       0.455765    0.456838  ...     0.460792     0.461562
3       0.423487    0.399609  ...     0.458942     0.436943
4       0.420038    0.411772  ...     0.455357     0.404076
..           ...         ...  ...          ...          ...
273     0.453093    0.451268  ...     0.474169     0.437879
274     0.461015    0.403335  ...     0.441695     0.459844
275     0.457915    0.407225  ...     0.443815     0.404638
276     0.442185    0.414995  ...  1.24959e-15     0.434571
277       0.4281    0.413027  ...     0.456451  1.32159e-15

[278 rows x 278 columns]
Starting stage 3 ** Assign ROIs to networks ** for subject sub-02, chunklen 15 at 2021-05-13 09:28:03.811843
             0           1    ...          276          277
0    1.43616e-15    0.398848  ...     0.386017     0.391567
1       0.405633  1.4414e-15  ...     0.398501     0.405833
2       0.459761    0.498024  ...      0.44876      0.46825
3       0.396224    0.389667  ...     0.397073     0.361151
4       0.464381    0.396244  ...     0.389192     0.391306
..           ...         ...  ...          ...          ...
273     0.432808    0.472047  ...     0.413496     0.446135
274     0.467967    0.431181  ...     0.442358     0.455965
275     0.453339    0.426241  ...     0.424561     0.428612
276     0.401846    0.384969  ...  1.21818e-15     0.371375
277      0.37662    0.389208  ...     0.355967  1.27827e-15

[278 rows x 278 columns]
Starting stage 3 ** Assign ROIs to networks ** for subject sub-03, chunklen 15 at 2021-05-13 09:28:09.769108
             0            1    ...          276          277
0    1.59184e-15     0.450466  ...     0.487184     0.402564
1       0.487402  1.53836e-15  ...     0.526306     0.430426
2       0.520624     0.473991  ...     0.520668      0.45475
3       0.426633     0.450309  ...     0.501687     0.375634
4       0.446187     0.435617  ...     0.473454     0.409498
..           ...          ...  ...          ...          ...
273     0.518692      0.44877  ...     0.513274     0.460655
274     0.423149     0.436009  ...     0.449922     0.391425
275     0.474483     0.444636  ...     0.449422     0.403678
276     0.523736     0.495005  ...  1.42729e-15      0.43723
277     0.390035     0.381413  ...     0.416179  1.53267e-15

[278 rows x 278 columns]
Starting stage 3 ** Assign ROIs to networks ** for subject sub-04, chunklen 15 at 2021-05-13 09:28:15.782919
             0            1    ...          276         277
0    1.37015e-15     0.413067  ...     0.522255    0.383055
1       0.408347  1.37111e-15  ...     0.540287    0.375951
2       0.437428      0.47434  ...     0.535218    0.426493
3        0.42317     0.456768  ...     0.572381    0.357231
4       0.462287     0.426889  ...     0.527158    0.379763
..           ...          ...  ...          ...         ...
273     0.444292     0.461603  ...     0.521632    0.418928
274     0.366533      0.42483  ...     0.511157    0.334027
275     0.417176     0.437052  ...     0.530139    0.371247
276     0.423292     0.473216  ...  1.30165e-15    0.373953
277      0.37006     0.362049  ...     0.440769  1.3096e-15

[278 rows x 278 columns]
Starting stage 3 ** Assign ROIs to networks ** for subject sub-05, chunklen 15 at 2021-05-13 09:28:21.864450
             0            1    ...          276          277
0    1.16818e-15     0.349335  ...     0.341839      0.33005
1       0.335245  1.40142e-15  ...     0.428724     0.446282
2       0.344821     0.452438  ...     0.391275     0.442354
3       0.341544     0.480603  ...     0.445222     0.411757
4       0.371682     0.398407  ...     0.385476     0.409605
..           ...          ...  ...          ...          ...
273     0.366165     0.451278  ...     0.385567     0.440585
274     0.349828      0.30819  ...     0.351704     0.305126
275     0.360468     0.353887  ...     0.362616     0.314965
276     0.345354     0.414166  ...  1.29366e-15     0.374644
277     0.308827     0.452147  ...     0.369331  1.22835e-15

[278 rows x 278 columns]
Starting stage 3 ** Assign ROIs to networks ** for subject sub-06, chunklen 15 at 2021-05-13 09:28:28.163922
             0            1    ...          276          277
0    1.32611e-15     0.447798  ...     0.500039     0.431312
1       0.445069  1.35808e-15  ...     0.498108     0.393477
2       0.496466     0.438612  ...     0.472897     0.420348
3       0.525695     0.421367  ...     0.463333     0.444694
4       0.515421     0.419962  ...     0.468644     0.434857
..           ...          ...  ...          ...          ...
273     0.506805      0.43174  ...     0.452288     0.433458
274     0.562605     0.434146  ...     0.485647     0.475354
275     0.562734     0.435701  ...     0.489418     0.437571
276      0.52641     0.473374  ...  1.42096e-15     0.443338
277      0.47335     0.387153  ...     0.440854  1.53165e-15

[278 rows x 278 columns]
Starting stage 3 ** Assign ROIs to networks ** for subject sub-09, chunklen 15 at 2021-05-13 09:28:34.523491
             0            1    ...          276          277
0    1.20131e-15     0.486708  ...      0.46886     0.453875
1       0.451695  1.15217e-15  ...     0.466992     0.448406
2        0.51379     0.509973  ...     0.496919     0.509274
3       0.475037      0.41725  ...     0.442713     0.389561
4       0.430886     0.469955  ...      0.45499     0.439856
..           ...          ...  ...          ...          ...
273     0.482657     0.499618  ...     0.471748     0.478926
274     0.494454     0.438362  ...     0.466713     0.441366
275      0.47887     0.412916  ...     0.416897     0.396741
276     0.442601     0.448613  ...  1.25704e-15     0.410217
277     0.401931     0.424453  ...     0.379059  1.39717e-15

[278 rows x 278 columns]
Starting stage 3 ** Assign ROIs to networks ** for subject sub-10, chunklen 15 at 2021-05-13 09:28:40.533714
             0            1    ...          276          277
0    1.28937e-15     0.456253  ...     0.401728     0.417566
1       0.447567  1.22661e-15  ...     0.441648     0.445634
2       0.456565     0.490542  ...     0.451054     0.450989
3       0.361752     0.402956  ...     0.343015     0.339374
4       0.466017     0.493076  ...     0.421953     0.432266
..           ...          ...  ...          ...          ...
273     0.465841     0.459167  ...     0.443717      0.45176
274     0.468215     0.463247  ...     0.448946     0.439557
275      0.43226     0.460003  ...     0.381318     0.385395
276     0.383504     0.437003  ...  1.23705e-15     0.410222
277     0.427579     0.446747  ...     0.417188  1.43975e-15

[278 rows x 278 columns]
Starting stage 3 ** Assign ROIs to networks ** for subject sub-14, chunklen 15 at 2021-05-13 09:28:46.547962
             0            1    ...          276          277
0    1.28972e-15     0.432078  ...     0.468732     0.432996
1       0.445855  1.16317e-15  ...     0.497993     0.465768
2       0.489791     0.525767  ...     0.530186     0.506039
3        0.44229     0.447805  ...     0.544806     0.430381
4       0.424343      0.43566  ...     0.506323     0.435666
..           ...          ...  ...          ...          ...
273     0.485467     0.476339  ...     0.511056     0.490649
274     0.434138     0.469395  ...       0.4882     0.457912
275     0.437627     0.438291  ...     0.478984     0.429223
276     0.491399     0.487239  ...  1.54623e-15     0.472715
277     0.432733     0.453055  ...     0.510659  1.32005e-15

[278 rows x 278 columns]
Starting stage 3 ** Assign ROIs to networks ** for subject sub-15, chunklen 15 at 2021-05-13 09:28:52.578923
             0            1    ...          276          277
0    1.22731e-15     0.432204  ...     0.406903     0.393068
1       0.423502  1.63626e-15  ...     0.406277     0.430034
2       0.416469       0.4457  ...     0.380001     0.398741
3       0.425045      0.44614  ...     0.372851     0.371757
4       0.458088     0.414883  ...     0.427181     0.392383
..           ...          ...  ...          ...          ...
273      0.49814     0.480079  ...     0.462058     0.480308
274     0.449811     0.442885  ...     0.386971     0.411465
275      0.42995     0.456465  ...      0.38165      0.37697
276     0.377495      0.39699  ...  1.34522e-15     0.367597
277      0.39044     0.434346  ...     0.385706  1.28918e-15

[278 rows x 278 columns]
Starting stage 3 ** Assign ROIs to networks ** for subject sub-16, chunklen 15 at 2021-05-13 09:28:58.612695
            0            1            2    ...          275          276         277
0    1.3941e-15     0.526895     0.559903  ...     0.473811     0.613325    0.412177
1      0.481723  1.49174e-15     0.600659  ...      0.49362     0.574293    0.448962
2      0.511427     0.561997  1.48598e-15  ...     0.535242     0.576374    0.482569
3      0.522139     0.588065     0.583721  ...     0.541164      0.67408    0.455125
4      0.475918     0.524327     0.559194  ...     0.491627     0.610688    0.421931
..          ...          ...          ...  ...          ...          ...         ...
273    0.509623     0.548745     0.503501  ...     0.537563     0.581881    0.481688
274    0.436338      0.49542     0.509291  ...      0.47306     0.549421    0.382943
275    0.485923     0.496601     0.593264  ...  1.27998e-15     0.583066    0.436921
276     0.54124     0.572038     0.590932  ...     0.539382  1.20648e-15    0.508922
277    0.409959     0.482274     0.520492  ...     0.421313     0.584496  1.2391e-15

[278 rows x 278 columns]
Starting stage 3 ** Assign ROIs to networks ** for subject sub-17, chunklen 15 at 2021-05-13 09:29:04.627981
             0            1    ...          276          277
0    1.29694e-15     0.423683  ...     0.420125     0.430139
1       0.416923  1.35684e-15  ...     0.442632     0.414638
2       0.454281     0.468698  ...      0.45387     0.441046
3        0.37907     0.413869  ...     0.383385     0.394455
4       0.456706     0.446008  ...     0.446987     0.445414
..           ...          ...  ...          ...          ...
273     0.466226     0.464683  ...     0.461381     0.443208
274     0.444051     0.422954  ...     0.429964     0.412388
275     0.464162     0.394058  ...     0.382214     0.397902
276     0.402293     0.402879  ...  1.32966e-15      0.38616
277     0.409365     0.363709  ...     0.388214  1.39572e-15

[278 rows x 278 columns]
Starting stage 3 ** Assign ROIs to networks ** for subject sub-18, chunklen 15 at 2021-05-13 09:29:10.666439
             0            1    ...          276          277
0    1.45466e-15     0.442963  ...     0.387625     0.399383
1       0.437247  1.37437e-15  ...     0.412421     0.416101
2       0.436042     0.488549  ...     0.442824     0.448318
3       0.403273     0.424168  ...     0.351077     0.363548
4       0.424488       0.4231  ...     0.389158     0.397261
..           ...          ...  ...          ...          ...
273     0.479718     0.535701  ...     0.468157     0.481537
274     0.406261     0.423823  ...      0.40752     0.419564
275     0.436513     0.452393  ...     0.380076     0.387699
276     0.373442     0.395335  ...  1.20446e-15     0.399671
277     0.360422     0.371819  ...     0.382859  1.32035e-15

[278 rows x 278 columns]
Starting stage 3 ** Assign ROIs to networks ** for subject sub-19, chunklen 15 at 2021-05-13 09:29:16.720991
             0          1            2    ...          275          276          277
0    1.35266e-15    0.37324     0.405046  ...        0.399     0.383333     0.388854
1       0.343774  1.331e-15     0.393966  ...     0.328135     0.347717     0.332127
2        0.39568   0.397875  1.21422e-15  ...     0.401673     0.380694     0.380505
3       0.379388   0.361374     0.365392  ...      0.38164     0.386424      0.38778
4       0.405637   0.339604     0.362549  ...     0.378577     0.381592     0.393802
..           ...        ...          ...  ...          ...          ...          ...
273     0.413743   0.399046     0.440389  ...     0.417882     0.397456     0.400252
274     0.376328    0.34463     0.370745  ...     0.390929     0.375729     0.361805
275     0.384259   0.355835     0.409812  ...  1.36365e-15     0.348798     0.377047
276     0.378003   0.375137       0.3619  ...     0.376007  1.36918e-15     0.405177
277     0.386629   0.360755     0.379916  ...     0.378313     0.399676  1.15243e-15

[278 rows x 278 columns]
Starting stage 3 ** Assign ROIs to networks ** for subject sub-20, chunklen 15 at 2021-05-13 09:29:22.788529
             0            1    ...          276          277
0    1.53855e-15      0.42094  ...     0.883563     0.418745
1       0.413313  1.35243e-15  ...     0.718138     0.422902
2       0.440629     0.445628  ...     0.776161     0.434683
3       0.439042     0.396198  ...     0.881717     0.404429
4       0.409437     0.392736  ...     0.847557      0.39704
..           ...          ...  ...          ...          ...
273     0.455181     0.449777  ...     0.788267     0.448045
274     0.450443     0.404791  ...     0.814966     0.393563
275     0.439227     0.398235  ...     0.967009     0.403835
276     0.498814     0.520461  ...  1.60105e-15     0.506462
277     0.423172     0.429784  ...     0.738746  1.64803e-15

[278 rows x 278 columns]
     subject         net1   net2   MeanBVC
0     sub-01          FPN    CON  0.396427
1     sub-01          FPN    SAN  0.395287
2     sub-01          FPN    VAN  0.398061
3     sub-01          FPN    DAN  0.395528
4     sub-01          FPN    DMN  0.393401
...      ...          ...    ...       ...
1645  sub-20  Whole Brain    DMN  0.414903
1646  sub-20  Whole Brain  Motor  0.442006
1647  sub-20  Whole Brain   Aud.  0.416457
1648  sub-20  Whole Brain   Vis.  0.428558
1649  sub-20  Whole Brain  Subc.  0.427768

[1650 rows x 4 columns]
     subject         net1         net2   MeanGVC
0     sub-01          FPN          FPN  0.369709
1     sub-01          FPN          CON  0.396427
2     sub-01          FPN          SAN  0.395287
3     sub-01          FPN          VAN  0.398061
4     sub-01          FPN          DAN  0.395528
...      ...          ...          ...       ...
1810  sub-20  Whole Brain        Motor  0.442006
1811  sub-20  Whole Brain         Aud.  0.416457
1812  sub-20  Whole Brain         Vis.  0.428558
1813  sub-20  Whole Brain        Subc.  0.427768
1814  sub-20  Whole Brain  Whole Brain  0.429963

[1815 rows x 4 columns]
Starting stage 4 **Calculate statistics** at 2021-05-13 09:29:28.888011
     subject         net1   net2   MeanBVC
0     sub-01          FPN    CON  0.396427
1     sub-01          FPN    SAN  0.395287
2     sub-01          FPN    VAN  0.398061
3     sub-01          FPN    DAN  0.395528
4     sub-01          FPN    DMN  0.393401
...      ...          ...    ...       ...
1645  sub-20  Whole Brain    DMN  0.414903
1646  sub-20  Whole Brain  Motor  0.442006
1647  sub-20  Whole Brain   Aud.  0.416457
1648  sub-20  Whole Brain   Vis.  0.428558
1649  sub-20  Whole Brain  Subc.  0.427768

[1650 rows x 4 columns]
    subject         net2   MeanBVC
0    sub-01         Aud.  0.423478
1    sub-01          CON  0.421450
2    sub-01          DAN  0.418837
3    sub-01          DMN  0.419410
4    sub-01          FPN  0.412883
..      ...          ...       ...
160  sub-20          SAN  0.426756
161  sub-20        Subc.  0.417256
162  sub-20          VAN  0.428214
163  sub-20         Vis.  0.418550
164  sub-20  Whole Brain  0.418427

[165 rows x 3 columns]
Anova results for BVC
             df    sum_sq   mean_sq         F        PR(>F)
C(net2)    10.0  0.002477  0.000248  5.535636  5.070949e-07
Residual  154.0  0.006892  0.000045       NaN           NaN
T-test results for BVC
Test Multiple Comparison ttest_rel 
FWER=0.05 method=Holm
alphacSidak=0.00, alphacBonf=0.001
==================================================
group1    group2     stat   pval  pval_corr reject
--------------------------------------------------
  Aud.         CON  2.8032 0.0141    0.5637  False
  Aud.         DAN -2.7679 0.0151     0.589  False
  Aud.         DMN  1.3759 0.1905       1.0  False
  Aud.         FPN -0.1487 0.8839       1.0  False
  Aud.       Motor -2.3816  0.032    0.9912  False
  Aud.         SAN -1.8704 0.0825       1.0  False
  Aud.       Subc. -0.1397 0.8909       1.0  False
  Aud.         VAN -2.6653 0.0185    0.7017  False
  Aud.        Vis. -0.2387 0.8148       1.0  False
  Aud. Whole Brain -0.5271 0.6063       1.0  False
   CON         DAN -3.7992  0.002    0.1036  False
   CON         DMN  -2.467 0.0271    0.8957  False
   CON         FPN -1.0182 0.3259       1.0  False
   CON       Motor -3.4912 0.0036    0.1691  False
   CON         SAN -3.2515 0.0058    0.2608  False
   CON       Subc.  -1.356 0.1966       1.0  False
   CON         VAN -3.7915  0.002    0.1036  False
   CON        Vis. -2.1781  0.047       1.0  False
   CON Whole Brain -2.5316  0.024    0.8865  False
   DAN         DMN  3.4664 0.0038    0.1738  False
   DAN         FPN  3.8669 0.0017    0.0923  False
   DAN       Motor  1.3596 0.1955       1.0  False
   DAN         SAN  2.1582 0.0488       1.0  False
   DAN       Subc.  3.5158 0.0034    0.1644  False
   DAN         VAN -0.5215 0.6102       1.0  False
   DAN        Vis.  3.7983  0.002    0.1036  False
   DAN Whole Brain  4.3247 0.0007    0.0385   True
   DMN         FPN  -0.533 0.6024       1.0  False
   DMN       Motor -3.2236 0.0061    0.2696  False
   DMN         SAN -2.9675 0.0102     0.438  False
   DMN       Subc.  -0.684 0.5052       1.0  False
   DMN         VAN -3.6698 0.0025    0.1262  False
   DMN        Vis. -1.1788 0.2581       1.0  False
   DMN Whole Brain  -1.838 0.0874       1.0  False
   FPN       Motor -1.5096 0.1534       1.0  False
   FPN         SAN -0.9702 0.3484       1.0  False
   FPN       Subc.  0.0997  0.922       1.0  False
   FPN         VAN  -2.056 0.0589       1.0  False
   FPN        Vis.  0.0156 0.9878       1.0  False
   FPN Whole Brain -0.0857 0.9329       1.0  False
 Motor         SAN  1.0431 0.3146       1.0  False
 Motor       Subc.  2.5134 0.0248    0.8934  False
 Motor         VAN -1.3414 0.2011       1.0  False
 Motor        Vis.   2.455 0.0278    0.8957  False
 Motor Whole Brain  3.6332 0.0027     0.133  False
   SAN       Subc.  1.4421 0.1713       1.0  False
   SAN         VAN -2.1483 0.0497       1.0  False
   SAN        Vis.  1.9381  0.073       1.0  False
   SAN Whole Brain  2.5039 0.0253    0.8934  False
 Subc.         VAN -2.4853 0.0262    0.8934  False
 Subc.        Vis. -0.0704 0.9448       1.0  False
 Subc. Whole Brain -0.2603 0.7985       1.0  False
   VAN        Vis.  2.8498 0.0129    0.5271  False
   VAN Whole Brain  2.9535 0.0105    0.4399  False
  Vis. Whole Brain -0.2438 0.8109       1.0  False
--------------------------------------------------
Figure saved as RainViolinPlotBVC.png
Figure saved as ViolinPlotBVC.png
Figure saved as BarPlotBVC.png
     subject         net1         net2   MeanGVC
0     sub-01          FPN          FPN  0.369709
1     sub-01          FPN          CON  0.396427
2     sub-01          FPN          SAN  0.395287
3     sub-01          FPN          VAN  0.398061
4     sub-01          FPN          DAN  0.395528
...      ...          ...          ...       ...
1810  sub-20  Whole Brain        Motor  0.442006
1811  sub-20  Whole Brain         Aud.  0.416457
1812  sub-20  Whole Brain         Vis.  0.428558
1813  sub-20  Whole Brain        Subc.  0.427768
1814  sub-20  Whole Brain  Whole Brain  0.429963

[1815 rows x 4 columns]
    subject         net2   MeanGVC
0    sub-01         Aud.  0.420305
1    sub-01          CON  0.418565
2    sub-01          DAN  0.416490
3    sub-01          DMN  0.418878
4    sub-01          FPN  0.410196
..      ...          ...       ...
160  sub-20          SAN  0.425250
161  sub-20        Subc.  0.415539
162  sub-20          VAN  0.422653
163  sub-20         Vis.  0.416902
164  sub-20  Whole Brain  0.418437

[165 rows x 3 columns]
Anova results for GVC
             df    sum_sq   mean_sq         F   PR(>F)
C(net2)    10.0  0.002127  0.000213  4.396408  0.00002
Residual  154.0  0.007450  0.000048       NaN      NaN
T-test results for GVC
Test Multiple Comparison ttest_rel 
FWER=0.05 method=Holm
alphacSidak=0.00, alphacBonf=0.001
==================================================
group1    group2     stat   pval  pval_corr reject
--------------------------------------------------
  Aud.         CON  2.4057 0.0305       1.0  False
  Aud.         DAN -3.0074 0.0094     0.433  False
  Aud.         DMN -0.7814 0.4476       1.0  False
  Aud.         FPN -0.3033 0.7661       1.0  False
  Aud.       Motor -2.9904 0.0097    0.4381  False
  Aud.         SAN -2.4825 0.0263       1.0  False
  Aud.       Subc. -0.5633 0.5821       1.0  False
  Aud.         VAN -2.0648  0.058       1.0  False
  Aud.        Vis. -0.8144  0.429       1.0  False
  Aud. Whole Brain -2.3881 0.0316       1.0  False
   CON         DAN -3.9493 0.0015    0.0741  False
   CON         DMN -4.8168 0.0003    0.0151   True
   CON         FPN -1.1355 0.2752       1.0  False
   CON       Motor -3.9623 0.0014    0.0737  False
   CON         SAN -3.7261 0.0023    0.1129  False
   CON       Subc. -1.6187 0.1278       1.0  False
   CON         VAN -3.1284 0.0074    0.3479  False
   CON        Vis. -2.8012 0.0141    0.5942  False
   CON Whole Brain -4.1549  0.001    0.0525  False
   DAN         DMN  2.8574 0.0127    0.5446  False
   DAN         FPN   3.996 0.0013    0.0703  False
   DAN       Motor   1.012 0.3287       1.0  False
   DAN         SAN   1.811 0.0916       1.0  False
   DAN       Subc.  3.3421 0.0048    0.2323  False
   DAN         VAN   0.222 0.8276       1.0  False
   DAN        Vis.  3.3574 0.0047      0.23  False
   DAN Whole Brain  2.9534 0.0105    0.4609  False
   DMN         FPN -0.0791 0.9381       1.0  False
   DMN       Motor -2.7676 0.0151    0.6197  False
   DMN         SAN -2.3676 0.0328       1.0  False
   DMN       Subc. -0.1816 0.8585       1.0  False
   DMN         VAN -2.2167 0.0437       1.0  False
   DMN        Vis. -0.6163 0.5476       1.0  False
   DMN Whole Brain -2.3969 0.0311       1.0  False
   FPN       Motor -1.7831 0.0963       1.0  False
   FPN         SAN  -1.249 0.2322       1.0  False
   FPN       Subc. -0.0724 0.9433       1.0  False
   FPN         VAN -1.4574 0.1671       1.0  False
   FPN        Vis. -0.2525 0.8044       1.0  False
   FPN Whole Brain -0.9762 0.3455       1.0  False
 Motor         SAN  1.0132 0.3281       1.0  False
 Motor       Subc.   2.729 0.0163    0.6522  False
 Motor         VAN -0.3262 0.7491       1.0  False
 Motor        Vis.  2.4025 0.0307       1.0  False
 Motor Whole Brain  2.3088 0.0367       1.0  False
   SAN       Subc.  1.5951  0.133       1.0  False
   SAN         VAN -0.9614 0.3526       1.0  False
   SAN        Vis.   1.849 0.0857       1.0  False
   SAN Whole Brain  0.9689  0.349       1.0  False
 Subc.         VAN -1.6498 0.1212       1.0  False
 Subc.        Vis. -0.2012 0.8435       1.0  False
 Subc. Whole Brain -1.3189 0.2084       1.0  False
   VAN        Vis.  1.7325 0.1051       1.0  False
   VAN Whole Brain  1.2709 0.2245       1.0  False
  Vis. Whole Brain -1.5779 0.1369       1.0  False
--------------------------------------------------
Figure saved as RainViolinPlotGVC.png
Figure saved as ViolinPlotGVC15.png
Figure saved as BarPlotGVC15.png
